2025-09-25 20:54:29,531 - INFO - (message)s
2025-09-25 20:54:29,715 - INFO - (message)s
2025-09-25 20:55:01,394 - INFO - (message)s
2025-09-25 20:55:01,769 - INFO - (message)s
2025-09-25 20:55:01,769 - INFO - (message)s
2025-09-25 20:55:01,769 - INFO - (message)s
2025-09-25 20:57:04,443 - INFO - --------------------------- pre_model/BERT ---------------------------
2025-09-25 20:57:04,606 - INFO - Using GPU: NVIDIA GeForce RTX 3090
2025-09-25 20:57:36,436 - INFO - -----------------  0  -----------------
2025-09-25 20:59:59,078 - INFO - Epoch 1, Loss: 1.15006438187427
2025-09-25 20:59:59,079 - INFO - 
--- eval ---
2025-09-25 21:00:01,386 - INFO - 
--- 璇勪及鎸囨爣 ---
2025-09-25 21:00:01,386 - INFO - 鍑嗙‘鐜?(Accuracy)              : 73.21%
2025-09-25 21:00:01,386 - INFO - 鍔犳潈鏌ュ噯鐜?(Weighted Precision): 0.7435
2025-09-25 21:00:01,386 - INFO - 鍔犳潈鏌ュ叏鐜?(Weighted Recall)   : 0.7321
2025-09-25 21:00:01,386 - INFO - 鍔犳潈F1鍒嗘暟 (Weighted F1-score) : 0.7229
2025-09-25 21:00:01,386 - INFO - --- 鍒嗙被鎶ュ憡 (Classification Report) ---
2025-09-25 21:00:01,386 - INFO -               precision    recall  f1-score   support

           0       0.90      0.77      0.83        79
           1       0.84      0.70      0.77        70
           2       0.52      0.88      0.65        49
           3       0.00      0.00      0.00        11

    accuracy                           0.73       209
   macro avg       0.56      0.59      0.56       209
weighted avg       0.74      0.73      0.72       209

2025-09-25 21:00:01,386 - INFO - 
--- 娣锋穯鐭╅樀 (Confusion Matrix) ---
2025-09-25 21:00:01,935 - INFO - New best model saved with F1: 0.7229
2025-09-25 21:02:26,421 - INFO - Epoch 2, Loss: 0.7680707898818784
2025-09-25 21:02:26,422 - INFO - 
--- eval ---
2025-09-25 21:02:28,658 - INFO - 
--- 璇勪及鎸囨爣 ---
2025-09-25 21:02:28,658 - INFO - 鍑嗙‘鐜?(Accuracy)              : 73.21%
2025-09-25 21:02:28,658 - INFO - 鍔犳潈鏌ュ噯鐜?(Weighted Precision): 0.7038
2025-09-25 21:02:28,658 - INFO - 鍔犳潈鏌ュ叏鐜?(Weighted Recall)   : 0.7321
2025-09-25 21:02:28,658 - INFO - 鍔犳潈F1鍒嗘暟 (Weighted F1-score) : 0.7104
2025-09-25 21:02:28,658 - INFO - --- 鍒嗙被鎶ュ憡 (Classification Report) ---
2025-09-25 21:02:28,658 - INFO -               precision    recall  f1-score   support

           0       0.77      0.89      0.82        79
           1       0.80      0.63      0.70        70
           2       0.62      0.80      0.70        49
           3       0.00      0.00      0.00        11

    accuracy                           0.73       209
   macro avg       0.55      0.58      0.56       209
weighted avg       0.70      0.73      0.71       209

2025-09-25 21:02:28,658 - INFO - 
--- 娣锋穯鐭╅樀 (Confusion Matrix) ---
2025-09-25 21:02:31,361 - INFO - New best model saved with F1: 0.7104
2025-09-25 21:04:52,963 - INFO - Epoch 3, Loss: 0.7209153692329339
2025-09-25 21:04:52,963 - INFO - 
--- eval ---
2025-09-25 21:04:55,078 - INFO - 
--- 璇勪及鎸囨爣 ---
2025-09-25 21:04:55,078 - INFO - 鍑嗙‘鐜?(Accuracy)              : 69.38%
2025-09-25 21:04:55,078 - INFO - 鍔犳潈鏌ュ噯鐜?(Weighted Precision): 0.7098
2025-09-25 21:04:55,078 - INFO - 鍔犳潈鏌ュ叏鐜?(Weighted Recall)   : 0.6938
2025-09-25 21:04:55,078 - INFO - 鍔犳潈F1鍒嗘暟 (Weighted F1-score) : 0.6645
2025-09-25 21:04:55,078 - INFO - --- 鍒嗙被鎶ュ憡 (Classification Report) ---
2025-09-25 21:04:55,078 - INFO -               precision    recall  f1-score   support

           0       0.60      0.94      0.73        79
           1       0.81      0.73      0.77        70
           2       0.91      0.41      0.56        49
           3       0.00      0.00      0.00        11

    accuracy                           0.69       209
   macro avg       0.58      0.52      0.51       209
weighted avg       0.71      0.69      0.66       209

2025-09-25 21:04:55,078 - INFO - 
--- 娣锋穯鐭╅樀 (Confusion Matrix) ---
2025-09-25 21:04:57,282 - INFO - New best model saved with F1: 0.6645
2025-09-25 21:07:18,368 - INFO - Epoch 4, Loss: 0.7008521355615527
2025-09-25 21:07:18,368 - INFO - 
--- eval ---
2025-09-25 21:07:20,576 - INFO - 
--- 璇勪及鎸囨爣 ---
2025-09-25 21:07:20,576 - INFO - 鍑嗙‘鐜?(Accuracy)              : 76.08%
2025-09-25 21:07:20,577 - INFO - 鍔犳潈鏌ュ噯鐜?(Weighted Precision): 0.7408
2025-09-25 21:07:20,577 - INFO - 鍔犳潈鏌ュ叏鐜?(Weighted Recall)   : 0.7608
2025-09-25 21:07:20,577 - INFO - 鍔犳潈F1鍒嗘暟 (Weighted F1-score) : 0.7405
2025-09-25 21:07:20,577 - INFO - --- 鍒嗙被鎶ュ憡 (Classification Report) ---
2025-09-25 21:07:20,577 - INFO -               precision    recall  f1-score   support

           0       0.90      0.70      0.79        79
           1       0.72      0.90      0.80        70
           2       0.68      0.84      0.75        49
           3       0.00      0.00      0.00        11

    accuracy                           0.76       209
   macro avg       0.58      0.61      0.58       209
weighted avg       0.74      0.76      0.74       209

2025-09-25 21:07:20,577 - INFO - 
--- 娣锋穯鐭╅樀 (Confusion Matrix) ---
2025-09-25 21:07:22,797 - INFO - New best model saved with F1: 0.7405
2025-09-25 21:09:44,814 - INFO - Epoch 5, Loss: 0.7061342847612656
2025-09-25 21:09:44,814 - INFO - 
--- eval ---
2025-09-25 21:09:46,965 - INFO - 
--- 璇勪及鎸囨爣 ---
2025-09-25 21:09:46,965 - INFO - 鍑嗙‘鐜?(Accuracy)              : 72.25%
2025-09-25 21:09:46,965 - INFO - 鍔犳潈鏌ュ噯鐜?(Weighted Precision): 0.7425
2025-09-25 21:09:46,965 - INFO - 鍔犳潈鏌ュ叏鐜?(Weighted Recall)   : 0.7225
2025-09-25 21:09:46,965 - INFO - 鍔犳潈F1鍒嗘暟 (Weighted F1-score) : 0.7111
2025-09-25 21:09:46,965 - INFO - --- 鍒嗙被鎶ュ憡 (Classification Report) ---
2025-09-25 21:09:46,965 - INFO -               precision    recall  f1-score   support

           0       0.85      0.81      0.83        79
           1       0.90      0.61      0.73        70
           2       0.51      0.90      0.65        49
           3       0.00      0.00      0.00        11

    accuracy                           0.72       209
   macro avg       0.57      0.58      0.55       209
weighted avg       0.74      0.72      0.71       209

2025-09-25 21:09:46,965 - INFO - 
--- 娣锋穯鐭╅樀 (Confusion Matrix) ---
2025-09-25 21:09:49,133 - INFO - New best model saved with F1: 0.7111
2025-09-25 21:12:10,733 - INFO - Epoch 6, Loss: 0.6946833681716931
2025-09-25 21:12:10,734 - INFO - 
--- eval ---
2025-09-25 21:12:12,890 - INFO - 
--- 璇勪及鎸囨爣 ---
2025-09-25 21:12:12,890 - INFO - 鍑嗙‘鐜?(Accuracy)              : 66.99%
2025-09-25 21:12:12,890 - INFO - 鍔犳潈鏌ュ噯鐜?(Weighted Precision): 0.7312
2025-09-25 21:12:12,890 - INFO - 鍔犳潈鏌ュ叏鐜?(Weighted Recall)   : 0.6699
2025-09-25 21:12:12,890 - INFO - 鍔犳潈F1鍒嗘暟 (Weighted F1-score) : 0.6670
2025-09-25 21:12:12,890 - INFO - --- 鍒嗙被鎶ュ憡 (Classification Report) ---
2025-09-25 21:12:12,890 - INFO -               precision    recall  f1-score   support

           0       0.89      0.68      0.77        79
           1       0.87      0.59      0.70        70
           2       0.45      0.92      0.60        49
           3       0.00      0.00      0.00        11

    accuracy                           0.67       209
   macro avg       0.55      0.55      0.52       209
weighted avg       0.73      0.67      0.67       209

2025-09-25 21:12:12,890 - INFO - 
--- 娣锋穯鐭╅樀 (Confusion Matrix) ---
2025-09-25 21:12:15,158 - INFO - New best model saved with F1: 0.6670
2025-09-25 21:14:36,684 - INFO - Epoch 7, Loss: 0.6587453260774316
2025-09-25 21:14:36,684 - INFO - 
--- eval ---
2025-09-25 21:14:38,789 - INFO - 
--- 璇勪及鎸囨爣 ---
2025-09-25 21:14:38,789 - INFO - 鍑嗙‘鐜?(Accuracy)              : 78.95%
2025-09-25 21:14:38,789 - INFO - 鍔犳潈鏌ュ噯鐜?(Weighted Precision): 0.7593
2025-09-25 21:14:38,789 - INFO - 鍔犳潈鏌ュ叏鐜?(Weighted Recall)   : 0.7895
2025-09-25 21:14:38,789 - INFO - 鍔犳潈F1鍒嗘暟 (Weighted F1-score) : 0.7707
2025-09-25 21:14:38,789 - INFO - --- 鍒嗙被鎶ュ憡 (Classification Report) ---
2025-09-25 21:14:38,789 - INFO -               precision    recall  f1-score   support

           0       0.90      0.81      0.85        79
           1       0.78      0.86      0.82        70
           2       0.67      0.84      0.75        49
           3       0.00      0.00      0.00        11

    accuracy                           0.79       209
   macro avg       0.59      0.63      0.60       209
weighted avg       0.76      0.79      0.77       209

2025-09-25 21:14:38,789 - INFO - 
--- 娣锋穯鐭╅樀 (Confusion Matrix) ---
2025-09-25 21:14:41,603 - INFO - New best model saved with F1: 0.7707
2025-09-25 21:17:02,459 - INFO - Epoch 8, Loss: 0.6432555404680422
2025-09-25 21:17:02,460 - INFO - 
--- eval ---
2025-09-25 21:17:04,550 - INFO - 
--- 璇勪及鎸囨爣 ---
2025-09-25 21:17:04,550 - INFO - 鍑嗙‘鐜?(Accuracy)              : 73.68%
2025-09-25 21:17:04,550 - INFO - 鍔犳潈鏌ュ噯鐜?(Weighted Precision): 0.7355
2025-09-25 21:17:04,550 - INFO - 鍔犳潈鏌ュ叏鐜?(Weighted Recall)   : 0.7368
2025-09-25 21:17:04,550 - INFO - 鍔犳潈F1鍒嗘暟 (Weighted F1-score) : 0.7207
2025-09-25 21:17:04,550 - INFO - --- 鍒嗙被鎶ュ憡 (Classification Report) ---
2025-09-25 21:17:04,550 - INFO -               precision    recall  f1-score   support

           0       0.82      0.89      0.85        79
           1       0.85      0.59      0.69        70
           2       0.59      0.88      0.70        49
           3       0.00      0.00      0.00        11

    accuracy                           0.74       209
   macro avg       0.57      0.59      0.56       209
weighted avg       0.74      0.74      0.72       209

2025-09-25 21:17:04,550 - INFO - 
--- 娣锋穯鐭╅樀 (Confusion Matrix) ---
2025-09-25 21:17:07,581 - INFO - New best model saved with F1: 0.7207
2025-09-25 21:19:29,808 - INFO - Epoch 9, Loss: 0.627807083077047
2025-09-25 21:19:29,808 - INFO - 
--- eval ---
2025-09-25 21:19:31,966 - INFO - 
--- 璇勪及鎸囨爣 ---
2025-09-25 21:19:31,966 - INFO - 鍑嗙‘鐜?(Accuracy)              : 76.08%
2025-09-25 21:19:31,966 - INFO - 鍔犳潈鏌ュ噯鐜?(Weighted Precision): 0.7461
2025-09-25 21:19:31,966 - INFO - 鍔犳潈鏌ュ叏鐜?(Weighted Recall)   : 0.7608
2025-09-25 21:19:31,966 - INFO - 鍔犳潈F1鍒嗘暟 (Weighted F1-score) : 0.7425
2025-09-25 21:19:31,966 - INFO - --- 鍒嗙被鎶ュ憡 (Classification Report) ---
2025-09-25 21:19:31,966 - INFO -               precision    recall  f1-score   support

           0       0.85      0.89      0.87        79
           1       0.85      0.66      0.74        70
           2       0.59      0.88      0.70        49
           3       0.00      0.00      0.00        11

    accuracy                           0.76       209
   macro avg       0.57      0.61      0.58       209
weighted avg       0.75      0.76      0.74       209

2025-09-25 21:19:31,966 - INFO - 
--- 娣锋穯鐭╅樀 (Confusion Matrix) ---
2025-09-25 21:19:34,165 - INFO - New best model saved with F1: 0.7425
2025-09-25 21:21:58,432 - INFO - Epoch 10, Loss: 0.5741883056250467
2025-09-25 21:21:58,433 - INFO - 
--- eval ---
2025-09-25 21:22:00,684 - INFO - 
--- 璇勪及鎸囨爣 ---
2025-09-25 21:22:00,684 - INFO - 鍑嗙‘鐜?(Accuracy)              : 77.99%
2025-09-25 21:22:00,684 - INFO - 鍔犳潈鏌ュ噯鐜?(Weighted Precision): 0.7494
2025-09-25 21:22:00,684 - INFO - 鍔犳潈鏌ュ叏鐜?(Weighted Recall)   : 0.7799
2025-09-25 21:22:00,684 - INFO - 鍔犳潈F1鍒嗘暟 (Weighted F1-score) : 0.7611
2025-09-25 21:22:00,684 - INFO - --- 鍒嗙被鎶ュ憡 (Classification Report) ---
2025-09-25 21:22:00,684 - INFO -               precision    recall  f1-score   support

           0       0.84      0.89      0.86        79
           1       0.84      0.76      0.80        70
           2       0.63      0.82      0.71        49
           3       0.00      0.00      0.00        11

    accuracy                           0.78       209
   macro avg       0.58      0.61      0.59       209
weighted avg       0.75      0.78      0.76       209

2025-09-25 21:22:00,684 - INFO - 
--- 娣锋穯鐭╅樀 (Confusion Matrix) ---
2025-09-25 21:22:02,891 - INFO - New best model saved with F1: 0.7611
2025-09-25 21:22:02,891 - INFO - 
--- testing ---
2025-09-25 21:22:22,229 - INFO - 
--- 璇勪及鎸囨爣 ---
2025-09-25 21:22:22,229 - INFO - 鍑嗙‘鐜?(Accuracy)              : 81.61%
2025-09-25 21:22:22,230 - INFO - 鍔犳潈鏌ュ噯鐜?(Weighted Precision): 0.7651
2025-09-25 21:22:22,230 - INFO - 鍔犳潈鏌ュ叏鐜?(Weighted Recall)   : 0.8161
2025-09-25 21:22:22,230 - INFO - 鍔犳潈F1鍒嗘暟 (Weighted F1-score) : 0.7884
2025-09-25 21:22:22,230 - INFO - --- 鍒嗙被鎶ュ憡 (Classification Report) ---
2025-09-25 21:22:22,230 - INFO -               precision    recall  f1-score   support

           0       0.88      0.87      0.88       682
           1       0.82      0.87      0.85       610
           2       0.73      0.89      0.80       466
           3       0.00      0.00      0.00       129

    accuracy                           0.82      1887
   macro avg       0.61      0.66      0.63      1887
weighted avg       0.77      0.82      0.79      1887

2025-09-25 21:22:22,230 - INFO - 
--- 娣锋穯鐭╅樀 (Confusion Matrix) ---
2025-09-25 21:22:22,231 - INFO - -----------------  1  -----------------
2025-09-25 21:24:51,679 - INFO - Epoch 1, Loss: 0.9287059038962706
2025-09-25 21:24:51,679 - INFO - 
--- eval ---
2025-09-25 21:24:53,994 - INFO - 
--- 璇勪及鎸囨爣 ---
2025-09-25 21:24:53,994 - INFO - 鍑嗙‘鐜?(Accuracy)              : 76.56%
2025-09-25 21:24:53,994 - INFO - 鍔犳潈鏌ュ噯鐜?(Weighted Precision): 0.7326
2025-09-25 21:24:53,994 - INFO - 鍔犳潈鏌ュ叏鐜?(Weighted Recall)   : 0.7656
2025-09-25 21:24:53,994 - INFO - 鍔犳潈F1鍒嗘暟 (Weighted F1-score) : 0.7426
2025-09-25 21:24:53,994 - INFO - --- 鍒嗙被鎶ュ憡 (Classification Report) ---
2025-09-25 21:24:53,994 - INFO -               precision    recall  f1-score   support

           0       0.73      0.94      0.82        79
           1       0.84      0.73      0.78        70
           2       0.76      0.71      0.74        49
           3       0.00      0.00      0.00        11

    accuracy                           0.77       209
   macro avg       0.58      0.59      0.58       209
weighted avg       0.73      0.77      0.74       209

2025-09-25 21:24:53,995 - INFO - 
--- 娣锋穯鐭╅樀 (Confusion Matrix) ---
2025-09-25 21:24:56,214 - INFO - New best model saved with F1: 0.7426
2025-09-25 21:27:21,290 - INFO - Epoch 2, Loss: 0.8275012931500385
2025-09-25 21:27:21,290 - INFO - 
--- eval ---
2025-09-25 21:27:23,547 - INFO - 
--- 璇勪及鎸囨爣 ---
2025-09-25 21:27:23,547 - INFO - 鍑嗙‘鐜?(Accuracy)              : 70.81%
2025-09-25 21:27:23,547 - INFO - 鍔犳潈鏌ュ噯鐜?(Weighted Precision): 0.7417
2025-09-25 21:27:23,547 - INFO - 鍔犳潈鏌ュ叏鐜?(Weighted Recall)   : 0.7081
2025-09-25 21:27:23,548 - INFO - 鍔犳潈F1鍒嗘暟 (Weighted F1-score) : 0.6976
2025-09-25 21:27:23,548 - INFO - --- 鍒嗙被鎶ュ憡 (Classification Report) ---
2025-09-25 21:27:23,548 - INFO -               precision    recall  f1-score   support

           0       0.85      0.81      0.83        79
           1       0.91      0.57      0.70        70
           2       0.49      0.90      0.63        49
           3       0.00      0.00      0.00        11

    accuracy                           0.71       209
   macro avg       0.56      0.57      0.54       209
weighted avg       0.74      0.71      0.70       209

2025-09-25 21:27:23,548 - INFO - 
--- 娣锋穯鐭╅樀 (Confusion Matrix) ---
2025-09-25 21:27:25,781 - INFO - New best model saved with F1: 0.6976
2025-09-25 21:29:50,803 - INFO - Epoch 3, Loss: 0.824132646987933
2025-09-25 21:29:50,803 - INFO - 
--- eval ---
2025-09-25 21:29:53,023 - INFO - 
--- 璇勪及鎸囨爣 ---
2025-09-25 21:29:53,023 - INFO - 鍑嗙‘鐜?(Accuracy)              : 45.93%
2025-09-25 21:29:53,023 - INFO - 鍔犳潈鏌ュ噯鐜?(Weighted Precision): 0.7244
2025-09-25 21:29:53,023 - INFO - 鍔犳潈鏌ュ叏鐜?(Weighted Recall)   : 0.4593
2025-09-25 21:29:53,023 - INFO - 鍔犳潈F1鍒嗘暟 (Weighted F1-score) : 0.3883
2025-09-25 21:29:53,023 - INFO - --- 鍒嗙被鎶ュ憡 (Classification Report) ---
2025-09-25 21:29:53,023 - INFO -               precision    recall  f1-score   support

           0       0.96      0.29      0.45        79
           1       0.38      0.99      0.55        70
           2       1.00      0.08      0.15        49
           3       0.00      0.00      0.00        11

    accuracy                           0.46       209
   macro avg       0.58      0.34      0.29       209
weighted avg       0.72      0.46      0.39       209

2025-09-25 21:29:53,023 - INFO - 
--- 娣锋穯鐭╅樀 (Confusion Matrix) ---
2025-09-25 21:29:55,335 - INFO - New best model saved with F1: 0.3883
2025-09-25 21:32:18,710 - INFO - Epoch 4, Loss: 0.8863065882762468
2025-09-25 21:32:18,710 - INFO - 
--- eval ---
2025-09-25 21:32:20,913 - INFO - 
--- 璇勪及鎸囨爣 ---
2025-09-25 21:32:20,913 - INFO - 鍑嗙‘鐜?(Accuracy)              : 69.86%
2025-09-25 21:32:20,913 - INFO - 鍔犳潈鏌ュ噯鐜?(Weighted Precision): 0.7586
2025-09-25 21:32:20,913 - INFO - 鍔犳潈鏌ュ叏鐜?(Weighted Recall)   : 0.6986
2025-09-25 21:32:20,914 - INFO - 鍔犳潈F1鍒嗘暟 (Weighted F1-score) : 0.6792
2025-09-25 21:32:20,914 - INFO - --- 鍒嗙被鎶ュ憡 (Classification Report) ---
2025-09-25 21:32:20,914 - INFO -               precision    recall  f1-score   support

           0       0.93      0.70      0.80        79
           1       0.54      0.99      0.70        70
           2       0.96      0.45      0.61        49
           3       0.00      0.00      0.00        11

    accuracy                           0.70       209
   macro avg       0.61      0.53      0.53       209
weighted avg       0.76      0.70      0.68       209

2025-09-25 21:32:20,914 - INFO - 
--- 娣锋穯鐭╅樀 (Confusion Matrix) ---
2025-09-25 21:32:23,187 - INFO - New best model saved with F1: 0.6792
2025-09-25 21:34:46,517 - INFO - Epoch 5, Loss: 0.9025179669991428
2025-09-25 21:34:46,518 - INFO - 
--- eval ---
2025-09-25 21:34:48,695 - INFO - 
--- 璇勪及鎸囨爣 ---
2025-09-25 21:34:48,695 - INFO - 鍑嗙‘鐜?(Accuracy)              : 65.55%
2025-09-25 21:34:48,695 - INFO - 鍔犳潈鏌ュ噯鐜?(Weighted Precision): 0.6934
2025-09-25 21:34:48,695 - INFO - 鍔犳潈鏌ュ叏鐜?(Weighted Recall)   : 0.6555
2025-09-25 21:34:48,695 - INFO - 鍔犳潈F1鍒嗘暟 (Weighted F1-score) : 0.6277
2025-09-25 21:34:48,695 - INFO - --- 鍒嗙被鎶ュ憡 (Classification Report) ---
2025-09-25 21:34:48,695 - INFO -               precision    recall  f1-score   support

           0       0.56      0.97      0.71        79
           1       0.87      0.49      0.62        70
           2       0.81      0.53      0.64        49
           3       0.00      0.00      0.00        11

    accuracy                           0.66       209
   macro avg       0.56      0.50      0.49       209
weighted avg       0.69      0.66      0.63       209

2025-09-25 21:34:48,695 - INFO - 
--- 娣锋穯鐭╅樀 (Confusion Matrix) ---
2025-09-25 21:34:50,916 - INFO - New best model saved with F1: 0.6277
2025-09-25 21:37:14,341 - INFO - Epoch 6, Loss: 0.8945710875970476
2025-09-25 21:37:14,342 - INFO - 
--- eval ---
2025-09-25 21:37:16,492 - INFO - 
--- 璇勪及鎸囨爣 ---
2025-09-25 21:37:16,492 - INFO - 鍑嗙‘鐜?(Accuracy)              : 65.55%
2025-09-25 21:37:16,492 - INFO - 鍔犳潈鏌ュ噯鐜?(Weighted Precision): 0.7311
2025-09-25 21:37:16,492 - INFO - 鍔犳潈鏌ュ叏鐜?(Weighted Recall)   : 0.6555
2025-09-25 21:37:16,492 - INFO - 鍔犳潈F1鍒嗘暟 (Weighted F1-score) : 0.6539
2025-09-25 21:37:16,492 - INFO - --- 鍒嗙被鎶ュ憡 (Classification Report) ---
2025-09-25 21:37:16,492 - INFO -               precision    recall  f1-score   support

           0       0.89      0.68      0.77        79
           1       0.88      0.54      0.67        70
           2       0.43      0.92      0.58        49
           3       0.00      0.00      0.00        11

    accuracy                           0.66       209
   macro avg       0.55      0.54      0.51       209
weighted avg       0.73      0.66      0.65       209

2025-09-25 21:37:16,492 - INFO - 
--- 娣锋穯鐭╅樀 (Confusion Matrix) ---
2025-09-25 21:37:18,695 - INFO - New best model saved with F1: 0.6539
2025-09-25 21:39:40,373 - INFO - Epoch 7, Loss: 0.9337703750219221
2025-09-25 21:39:40,374 - INFO - 
--- eval ---
2025-09-25 21:39:42,505 - INFO - 
--- 璇勪及鎸囨爣 ---
2025-09-25 21:39:42,505 - INFO - 鍑嗙‘鐜?(Accuracy)              : 44.98%
2025-09-25 21:39:42,505 - INFO - 鍔犳潈鏌ュ噯鐜?(Weighted Precision): 0.4897
2025-09-25 21:39:42,505 - INFO - 鍔犳潈鏌ュ叏鐜?(Weighted Recall)   : 0.4498
2025-09-25 21:39:42,505 - INFO - 鍔犳潈F1鍒嗘暟 (Weighted F1-score) : 0.3627
2025-09-25 21:39:42,505 - INFO - --- 鍒嗙被鎶ュ憡 (Classification Report) ---
2025-09-25 21:39:42,505 - INFO -               precision    recall  f1-score   support

           0       0.96      0.32      0.48        79
           1       0.38      0.99      0.55        70
           2       0.00      0.00      0.00        49
           3       0.00      0.00      0.00        11

    accuracy                           0.45       209
   macro avg       0.33      0.33      0.26       209
weighted avg       0.49      0.45      0.36       209

2025-09-25 21:39:42,505 - INFO - 
--- 娣锋穯鐭╅樀 (Confusion Matrix) ---
2025-09-25 21:39:44,832 - INFO - New best model saved with F1: 0.3627
2025-09-25 21:42:05,732 - INFO - Epoch 8, Loss: 0.9460854834201289
2025-09-25 21:42:05,732 - INFO - 
--- eval ---
2025-09-25 21:42:07,814 - INFO - 
--- 璇勪及鎸囨爣 ---
2025-09-25 21:42:07,814 - INFO - 鍑嗙‘鐜?(Accuracy)              : 79.90%
2025-09-25 21:42:07,814 - INFO - 鍔犳潈鏌ュ噯鐜?(Weighted Precision): 0.7591
2025-09-25 21:42:07,814 - INFO - 鍔犳潈鏌ュ叏鐜?(Weighted Recall)   : 0.7990
2025-09-25 21:42:07,814 - INFO - 鍔犳潈F1鍒嗘暟 (Weighted F1-score) : 0.7763
2025-09-25 21:42:07,814 - INFO - --- 鍒嗙被鎶ュ憡 (Classification Report) ---
2025-09-25 21:42:07,814 - INFO -               precision    recall  f1-score   support

           0       0.83      0.89      0.86        79
           1       0.76      0.89      0.82        70
           2       0.81      0.71      0.76        49
           3       0.00      0.00      0.00        11

    accuracy                           0.80       209
   macro avg       0.60      0.62      0.61       209
weighted avg       0.76      0.80      0.78       209

2025-09-25 21:42:07,814 - INFO - 
--- 娣锋穯鐭╅樀 (Confusion Matrix) ---
2025-09-25 21:42:10,011 - INFO - New best model saved with F1: 0.7763
2025-09-25 21:44:30,257 - INFO - Epoch 9, Loss: 0.8775924821597298
2025-09-25 21:44:30,257 - INFO - 
--- eval ---
2025-09-25 21:44:32,359 - INFO - 
--- 璇勪及鎸囨爣 ---
2025-09-25 21:44:32,359 - INFO - 鍑嗙‘鐜?(Accuracy)              : 65.07%
2025-09-25 21:44:32,359 - INFO - 鍔犳潈鏌ュ噯鐜?(Weighted Precision): 0.7004
2025-09-25 21:44:32,359 - INFO - 鍔犳潈鏌ュ叏鐜?(Weighted Recall)   : 0.6507
2025-09-25 21:44:32,359 - INFO - 鍔犳潈F1鍒嗘暟 (Weighted F1-score) : 0.5570
2025-09-25 21:44:32,359 - INFO - --- 鍒嗙被鎶ュ憡 (Classification Report) ---
2025-09-25 21:44:32,359 - INFO -               precision    recall  f1-score   support

           0       0.59      0.89      0.71        79
           1       0.73      0.91      0.81        70
           2       1.00      0.04      0.08        49
           3       0.00      0.00      0.00        11

    accuracy                           0.65       209
   macro avg       0.58      0.46      0.40       209
weighted avg       0.70      0.65      0.56       209

2025-09-25 21:44:32,359 - INFO - 
--- 娣锋穯鐭╅樀 (Confusion Matrix) ---
2025-09-25 21:44:34,575 - INFO - New best model saved with F1: 0.5570
2025-09-25 21:46:56,903 - INFO - Epoch 10, Loss: 0.779353545382132
2025-09-25 21:46:56,904 - INFO - 
--- eval ---
2025-09-25 21:46:58,999 - INFO - 
--- 璇勪及鎸囨爣 ---
2025-09-25 21:46:58,999 - INFO - 鍑嗙‘鐜?(Accuracy)              : 77.51%
2025-09-25 21:46:58,999 - INFO - 鍔犳潈鏌ュ噯鐜?(Weighted Precision): 0.7507
2025-09-25 21:46:58,999 - INFO - 鍔犳潈鏌ュ叏鐜?(Weighted Recall)   : 0.7751
2025-09-25 21:46:58,999 - INFO - 鍔犳潈F1鍒嗘暟 (Weighted F1-score) : 0.7585
2025-09-25 21:46:58,999 - INFO - --- 鍒嗙被鎶ュ憡 (Classification Report) ---
2025-09-25 21:46:58,999 - INFO -               precision    recall  f1-score   support

           0       0.88      0.85      0.86        79
           1       0.82      0.77      0.79        70
           2       0.61      0.84      0.71        49
           3       0.00      0.00      0.00        11

    accuracy                           0.78       209
   macro avg       0.58      0.61      0.59       209
weighted avg       0.75      0.78      0.76       209

2025-09-25 21:46:58,999 - INFO - 
--- 娣锋穯鐭╅樀 (Confusion Matrix) ---
2025-09-25 21:47:01,866 - INFO - New best model saved with F1: 0.7585
2025-09-25 21:47:01,866 - INFO - 
--- testing ---
2025-09-25 21:47:20,355 - INFO - 
--- 璇勪及鎸囨爣 ---
2025-09-25 21:47:20,355 - INFO - 鍑嗙‘鐜?(Accuracy)              : 79.17%
2025-09-25 21:47:20,355 - INFO - 鍔犳潈鏌ュ噯鐜?(Weighted Precision): 0.7485
2025-09-25 21:47:20,355 - INFO - 鍔犳潈鏌ュ叏鐜?(Weighted Recall)   : 0.7917
2025-09-25 21:47:20,355 - INFO - 鍔犳潈F1鍒嗘暟 (Weighted F1-score) : 0.7660
2025-09-25 21:47:20,355 - INFO - --- 鍒嗙被鎶ュ憡 (Classification Report) ---
2025-09-25 21:47:20,356 - INFO -               precision    recall  f1-score   support

           0       0.88      0.82      0.85       682
           1       0.81      0.84      0.83       610
           2       0.68      0.89      0.77       466
           3       0.00      0.00      0.00       129

    accuracy                           0.79      1887
   macro avg       0.59      0.64      0.61      1887
weighted avg       0.75      0.79      0.77      1887

2025-09-25 21:47:20,356 - INFO - 
--- 娣锋穯鐭╅樀 (Confusion Matrix) ---
2025-09-25 21:47:20,357 - INFO - -----------------  2  -----------------
2025-09-25 21:49:50,120 - INFO - Epoch 1, Loss: 1.294182892620953
2025-09-25 21:49:50,121 - INFO - 
--- eval ---
2025-09-25 21:49:52,305 - INFO - 
--- 璇勪及鎸囨爣 ---
2025-09-25 21:49:52,305 - INFO - 鍑嗙‘鐜?(Accuracy)              : 48.80%
2025-09-25 21:49:52,305 - INFO - 鍔犳潈鏌ュ噯鐜?(Weighted Precision): 0.4989
2025-09-25 21:49:52,305 - INFO - 鍔犳潈鏌ュ叏鐜?(Weighted Recall)   : 0.4880
2025-09-25 21:49:52,305 - INFO - 鍔犳潈F1鍒嗘暟 (Weighted F1-score) : 0.4094
2025-09-25 21:49:52,305 - INFO - --- 鍒嗙被鎶ュ憡 (Classification Report) ---
2025-09-25 21:49:52,305 - INFO -               precision    recall  f1-score   support

           0       0.97      0.42      0.58        79
           1       0.39      0.99      0.56        70
           2       0.00      0.00      0.00        49
           3       0.00      0.00      0.00        11

    accuracy                           0.49       209
   macro avg       0.34      0.35      0.29       209
weighted avg       0.50      0.49      0.41       209

2025-09-25 21:49:52,305 - INFO - 
--- 娣锋穯鐭╅樀 (Confusion Matrix) ---
2025-09-25 21:49:54,570 - INFO - New best model saved with F1: 0.4094
2025-09-25 21:52:17,562 - INFO - Epoch 2, Loss: 1.0160854432269248
2025-09-25 21:52:17,562 - INFO - 
--- eval ---
2025-09-25 21:52:19,693 - INFO - 
--- 璇勪及鎸囨爣 ---
2025-09-25 21:52:19,693 - INFO - 鍑嗙‘鐜?(Accuracy)              : 29.19%
2025-09-25 21:52:19,693 - INFO - 鍔犳潈鏌ュ噯鐜?(Weighted Precision): 0.7712
2025-09-25 21:52:19,693 - INFO - 鍔犳潈鏌ュ叏鐜?(Weighted Recall)   : 0.2919
2025-09-25 21:52:19,693 - INFO - 鍔犳潈F1鍒嗘暟 (Weighted F1-score) : 0.1985
2025-09-25 21:52:19,693 - INFO - --- 鍒嗙被鎶ュ憡 (Classification Report) ---
2025-09-25 21:52:19,693 - INFO -               precision    recall  f1-score   support

           0       1.00      0.05      0.10        79
           1       1.00      0.11      0.21        70
           2       0.25      1.00      0.40        49
           3       0.00      0.00      0.00        11

    accuracy                           0.29       209
   macro avg       0.56      0.29      0.17       209
weighted avg       0.77      0.29      0.20       209

2025-09-25 21:52:19,693 - INFO - 
--- 娣锋穯鐭╅樀 (Confusion Matrix) ---
2025-09-25 21:52:22,031 - INFO - New best model saved with F1: 0.1985
2025-09-25 21:54:44,690 - INFO - Epoch 3, Loss: 1.0861227996647358
2025-09-25 21:54:44,691 - INFO - 
--- eval ---
2025-09-25 21:54:46,805 - INFO - 
--- 璇勪及鎸囨爣 ---
2025-09-25 21:54:46,805 - INFO - 鍑嗙‘鐜?(Accuracy)              : 28.23%
2025-09-25 21:54:46,805 - INFO - 鍔犳潈鏌ュ噯鐜?(Weighted Precision): 0.4357
2025-09-25 21:54:46,805 - INFO - 鍔犳潈鏌ュ叏鐜?(Weighted Recall)   : 0.2823
2025-09-25 21:54:46,805 - INFO - 鍔犳潈F1鍒嗘暟 (Weighted F1-score) : 0.1776
2025-09-25 21:54:46,805 - INFO - --- 鍒嗙被鎶ュ憡 (Classification Report) ---
2025-09-25 21:54:46,805 - INFO -               precision    recall  f1-score   support

           0       1.00      0.13      0.22        79
           1       0.00      0.00      0.00        70
           2       0.25      1.00      0.40        49
           3       0.00      0.00      0.00        11

    accuracy                           0.28       209
   macro avg       0.31      0.28      0.15       209
weighted avg       0.44      0.28      0.18       209

2025-09-25 21:54:46,805 - INFO - 
--- 娣锋穯鐭╅樀 (Confusion Matrix) ---
2025-09-25 21:54:48,975 - INFO - New best model saved with F1: 0.1776
2025-09-25 21:57:10,987 - INFO - Epoch 4, Loss: 1.1759949859743024
2025-09-25 21:57:10,987 - INFO - 
--- eval ---
2025-09-25 21:57:13,056 - INFO - 
--- 璇勪及鎸囨爣 ---
2025-09-25 21:57:13,056 - INFO - 鍑嗙‘鐜?(Accuracy)              : 48.80%
2025-09-25 21:57:13,056 - INFO - 鍔犳潈鏌ュ噯鐜?(Weighted Precision): 0.4111
2025-09-25 21:57:13,056 - INFO - 鍔犳潈鏌ュ叏鐜?(Weighted Recall)   : 0.4880
2025-09-25 21:57:13,056 - INFO - 鍔犳潈F1鍒嗘暟 (Weighted F1-score) : 0.3873
2025-09-25 21:57:13,056 - INFO - --- 鍒嗙被鎶ュ憡 (Classification Report) ---
2025-09-25 21:57:13,056 - INFO -               precision    recall  f1-score   support

           0       0.44      0.99      0.61        79
           1       0.73      0.34      0.47        70
           2       0.00      0.00      0.00        49
           3       0.00      0.00      0.00        11

    accuracy                           0.49       209
   macro avg       0.29      0.33      0.27       209
weighted avg       0.41      0.49      0.39       209

2025-09-25 21:57:13,056 - INFO - 
--- 娣锋穯鐭╅樀 (Confusion Matrix) ---
2025-09-25 21:57:15,509 - INFO - New best model saved with F1: 0.3873
2025-09-25 21:59:35,200 - INFO - Epoch 5, Loss: 1.152028614496873
2025-09-25 21:59:35,201 - INFO - 
--- eval ---
2025-09-25 21:59:37,213 - INFO - 
--- 璇勪及鎸囨爣 ---
2025-09-25 21:59:37,213 - INFO - 鍑嗙‘鐜?(Accuracy)              : 61.72%
2025-09-25 21:59:37,213 - INFO - 鍔犳潈鏌ュ噯鐜?(Weighted Precision): 0.4759
2025-09-25 21:59:37,213 - INFO - 鍔犳潈鏌ュ叏鐜?(Weighted Recall)   : 0.6172
2025-09-25 21:59:37,213 - INFO - 鍔犳潈F1鍒嗘暟 (Weighted F1-score) : 0.5254
2025-09-25 21:59:37,213 - INFO - --- 鍒嗙被鎶ュ憡 (Classification Report) ---
2025-09-25 21:59:37,213 - INFO -               precision    recall  f1-score   support

           0       0.82      0.82      0.82        79
           1       0.49      0.91      0.64        70
           2       0.00      0.00      0.00        49
           3       0.00      0.00      0.00        11

    accuracy                           0.62       209
   macro avg       0.33      0.43      0.37       209
weighted avg       0.48      0.62      0.53       209

2025-09-25 21:59:37,213 - INFO - 
--- 娣锋穯鐭╅樀 (Confusion Matrix) ---
2025-09-25 21:59:39,398 - INFO - New best model saved with F1: 0.5254
2025-09-25 22:01:57,174 - INFO - Epoch 6, Loss: 1.156710819481245
2025-09-25 22:01:57,175 - INFO - 
--- eval ---
2025-09-25 22:01:59,189 - INFO - 
--- 璇勪及鎸囨爣 ---
2025-09-25 22:01:59,189 - INFO - 鍑嗙‘鐜?(Accuracy)              : 56.94%
2025-09-25 22:01:59,189 - INFO - 鍔犳潈鏌ュ噯鐜?(Weighted Precision): 0.4984
2025-09-25 22:01:59,189 - INFO - 鍔犳潈鏌ュ叏鐜?(Weighted Recall)   : 0.5694
2025-09-25 22:01:59,189 - INFO - 鍔犳潈F1鍒嗘暟 (Weighted F1-score) : 0.4911
2025-09-25 22:01:59,189 - INFO - --- 鍒嗙被鎶ュ憡 (Classification Report) ---
2025-09-25 22:01:59,189 - INFO -               precision    recall  f1-score   support

           0       0.93      0.65      0.76        79
           1       0.44      0.97      0.61        70
           2       0.00      0.00      0.00        49
           3       0.00      0.00      0.00        11

    accuracy                           0.57       209
   macro avg       0.34      0.40      0.34       209
weighted avg       0.50      0.57      0.49       209

2025-09-25 22:01:59,189 - INFO - 
--- 娣锋穯鐭╅樀 (Confusion Matrix) ---
2025-09-25 22:02:01,439 - INFO - New best model saved with F1: 0.4911
2025-09-25 22:04:19,451 - INFO - Epoch 7, Loss: 1.157162283419394
2025-09-25 22:04:19,451 - INFO - 
--- eval ---
2025-09-25 22:04:21,538 - INFO - 
--- 璇勪及鎸囨爣 ---
2025-09-25 22:04:21,538 - INFO - 鍑嗙‘鐜?(Accuracy)              : 59.33%
2025-09-25 22:04:21,538 - INFO - 鍔犳潈鏌ュ噯鐜?(Weighted Precision): 0.4640
2025-09-25 22:04:21,538 - INFO - 鍔犳潈鏌ュ叏鐜?(Weighted Recall)   : 0.5933
2025-09-25 22:04:21,538 - INFO - 鍔犳潈F1鍒嗘暟 (Weighted F1-score) : 0.5076
2025-09-25 22:04:21,538 - INFO - --- 鍒嗙被鎶ュ憡 (Classification Report) ---
2025-09-25 22:04:21,538 - INFO -               precision    recall  f1-score   support

           0       0.82      0.80      0.81        79
           1       0.46      0.87      0.60        70
           2       0.00      0.00      0.00        49
           3       0.00      0.00      0.00        11

    accuracy                           0.59       209
   macro avg       0.32      0.42      0.35       209
weighted avg       0.46      0.59      0.51       209

2025-09-25 22:04:21,538 - INFO - 
--- 娣锋穯鐭╅樀 (Confusion Matrix) ---
2025-09-25 22:04:23,726 - INFO - New best model saved with F1: 0.5076
2025-09-25 22:06:40,562 - INFO - Epoch 8, Loss: 1.1496418434517834
2025-09-25 22:06:40,562 - INFO - 
--- eval ---
2025-09-25 22:06:42,626 - INFO - 
--- 璇勪及鎸囨爣 ---
2025-09-25 22:06:42,626 - INFO - 鍑嗙‘鐜?(Accuracy)              : 37.80%
2025-09-25 22:06:42,626 - INFO - 鍔犳潈鏌ュ噯鐜?(Weighted Precision): 0.1429
2025-09-25 22:06:42,626 - INFO - 鍔犳潈鏌ュ叏鐜?(Weighted Recall)   : 0.3780
2025-09-25 22:06:42,626 - INFO - 鍔犳潈F1鍒嗘暟 (Weighted F1-score) : 0.2074
2025-09-25 22:06:42,626 - INFO - --- 鍒嗙被鎶ュ憡 (Classification Report) ---
2025-09-25 22:06:42,626 - INFO -               precision    recall  f1-score   support

           0       0.38      1.00      0.55        79
           1       0.00      0.00      0.00        70
           2       0.00      0.00      0.00        49
           3       0.00      0.00      0.00        11

    accuracy                           0.38       209
   macro avg       0.09      0.25      0.14       209
weighted avg       0.14      0.38      0.21       209

2025-09-25 22:06:42,626 - INFO - 
--- 娣锋穯鐭╅樀 (Confusion Matrix) ---
2025-09-25 22:06:44,840 - INFO - New best model saved with F1: 0.2074
2025-09-25 22:09:02,409 - INFO - Epoch 9, Loss: 1.1234821087492057
2025-09-25 22:09:02,409 - INFO - 
--- eval ---
2025-09-25 22:09:04,478 - INFO - 
--- 璇勪及鎸囨爣 ---
2025-09-25 22:09:04,478 - INFO - 鍑嗙‘鐜?(Accuracy)              : 47.37%
2025-09-25 22:09:04,478 - INFO - 鍔犳潈鏌ュ噯鐜?(Weighted Precision): 0.3778
2025-09-25 22:09:04,478 - INFO - 鍔犳潈鏌ュ叏鐜?(Weighted Recall)   : 0.4737
2025-09-25 22:09:04,478 - INFO - 鍔犳潈F1鍒嗘暟 (Weighted F1-score) : 0.3704
2025-09-25 22:09:04,478 - INFO - --- 鍒嗙被鎶ュ憡 (Classification Report) ---
2025-09-25 22:09:04,478 - INFO -               precision    recall  f1-score   support

           0       0.44      0.97      0.61        79
           1       0.63      0.31      0.42        70
           2       0.00      0.00      0.00        49
           3       0.00      0.00      0.00        11

    accuracy                           0.47       209
   macro avg       0.27      0.32      0.26       209
weighted avg       0.38      0.47      0.37       209

2025-09-25 22:09:04,478 - INFO - 
--- 娣锋穯鐭╅樀 (Confusion Matrix) ---
2025-09-25 22:09:06,656 - INFO - New best model saved with F1: 0.3704
2025-09-25 22:11:24,027 - INFO - Epoch 10, Loss: 1.052114285626053
2025-09-25 22:11:24,027 - INFO - 
--- eval ---
2025-09-25 22:11:26,066 - INFO - 
--- 璇勪及鎸囨爣 ---
2025-09-25 22:11:26,066 - INFO - 鍑嗙‘鐜?(Accuracy)              : 74.16%
2025-09-25 22:11:26,066 - INFO - 鍔犳潈鏌ュ噯鐜?(Weighted Precision): 0.7304
2025-09-25 22:11:26,066 - INFO - 鍔犳潈鏌ュ叏鐜?(Weighted Recall)   : 0.7416
2025-09-25 22:11:26,066 - INFO - 鍔犳潈F1鍒嗘暟 (Weighted F1-score) : 0.7211
2025-09-25 22:11:26,066 - INFO - --- 鍒嗙被鎶ュ憡 (Classification Report) ---
2025-09-25 22:11:26,066 - INFO -               precision    recall  f1-score   support

           0       0.85      0.81      0.83        79
           1       0.62      0.90      0.74        70
           2       0.85      0.57      0.68        49
           3       0.00      0.00      0.00        11

    accuracy                           0.74       209
   macro avg       0.58      0.57      0.56       209
weighted avg       0.73      0.74      0.72       209

2025-09-25 22:11:26,066 - INFO - 
--- 娣锋穯鐭╅樀 (Confusion Matrix) ---
2025-09-25 22:11:28,273 - INFO - New best model saved with F1: 0.7211
2025-09-25 22:11:28,274 - INFO - 
--- testing ---
2025-09-25 22:11:46,299 - INFO - 
--- 璇勪及鎸囨爣 ---
2025-09-25 22:11:46,299 - INFO - 鍑嗙‘鐜?(Accuracy)              : 73.34%
2025-09-25 22:11:46,299 - INFO - 鍔犳潈鏌ュ噯鐜?(Weighted Precision): 0.7156
2025-09-25 22:11:46,299 - INFO - 鍔犳潈鏌ュ叏鐜?(Weighted Recall)   : 0.7334
2025-09-25 22:11:46,299 - INFO - 鍔犳潈F1鍒嗘暟 (Weighted F1-score) : 0.7105
2025-09-25 22:11:46,299 - INFO - --- 鍒嗙被鎶ュ憡 (Classification Report) ---
2025-09-25 22:11:46,299 - INFO -               precision    recall  f1-score   support

           0       0.83      0.80      0.82       682
           1       0.60      0.88      0.72       610
           2       0.90      0.64      0.75       466
           3       0.00      0.00      0.00       129

    accuracy                           0.73      1887
   macro avg       0.58      0.58      0.57      1887
weighted avg       0.72      0.73      0.71      1887

2025-09-25 22:11:46,299 - INFO - 
--- 娣锋穯鐭╅樀 (Confusion Matrix) ---
2025-09-25 22:11:46,301 - INFO - -----------------  3  -----------------
2025-09-25 22:14:09,378 - INFO - Epoch 1, Loss: 1.2559291811939937
2025-09-25 22:14:09,378 - INFO - 
--- eval ---
2025-09-25 22:14:11,449 - INFO - 
--- 璇勪及鎸囨爣 ---
2025-09-25 22:14:11,450 - INFO - 鍑嗙‘鐜?(Accuracy)              : 45.45%
2025-09-25 22:14:11,450 - INFO - 鍔犳潈鏌ュ噯鐜?(Weighted Precision): 0.5379
2025-09-25 22:14:11,450 - INFO - 鍔犳潈鏌ュ叏鐜?(Weighted Recall)   : 0.4545
2025-09-25 22:14:11,450 - INFO - 鍔犳潈F1鍒嗘暟 (Weighted F1-score) : 0.4236
2025-09-25 22:14:11,450 - INFO - --- 鍒嗙被鎶ュ憡 (Classification Report) ---
2025-09-25 22:14:11,450 - INFO -               precision    recall  f1-score   support

           0       0.96      0.54      0.69        79
           1       0.30      0.10      0.15        70
           2       0.32      0.92      0.47        49
           3       0.00      0.00      0.00        11

    accuracy                           0.45       209
   macro avg       0.39      0.39      0.33       209
weighted avg       0.54      0.45      0.42       209

2025-09-25 22:14:11,450 - INFO - 
--- 娣锋穯鐭╅樀 (Confusion Matrix) ---
2025-09-25 22:14:13,672 - INFO - New best model saved with F1: 0.4236
2025-09-25 22:16:30,751 - INFO - Epoch 2, Loss: 1.0369010482446042
2025-09-25 22:16:30,751 - INFO - 
--- eval ---
2025-09-25 22:16:32,837 - INFO - 
--- 璇勪及鎸囨爣 ---
2025-09-25 22:16:32,837 - INFO - 鍑嗙‘鐜?(Accuracy)              : 56.46%
2025-09-25 22:16:32,837 - INFO - 鍔犳潈鏌ュ噯鐜?(Weighted Precision): 0.4858
2025-09-25 22:16:32,837 - INFO - 鍔犳潈鏌ュ叏鐜?(Weighted Recall)   : 0.5646
2025-09-25 22:16:32,837 - INFO - 鍔犳潈F1鍒嗘暟 (Weighted F1-score) : 0.4857
2025-09-25 22:16:32,837 - INFO - --- 鍒嗙被鎶ュ憡 (Classification Report) ---
2025-09-25 22:16:32,837 - INFO -               precision    recall  f1-score   support

           0       0.89      0.65      0.75        79
           1       0.44      0.96      0.60        70
           2       0.00      0.00      0.00        49
           3       0.00      0.00      0.00        11

    accuracy                           0.56       209
   macro avg       0.33      0.40      0.34       209
weighted avg       0.49      0.56      0.49       209

2025-09-25 22:16:32,837 - INFO - 
--- 娣锋穯鐭╅樀 (Confusion Matrix) ---
2025-09-25 22:16:35,163 - INFO - New best model saved with F1: 0.4857
2025-09-25 22:18:52,416 - INFO - Epoch 3, Loss: 1.0748796738148514
2025-09-25 22:18:52,416 - INFO - 
--- eval ---
2025-09-25 22:18:54,446 - INFO - 
--- 璇勪及鎸囨爣 ---
2025-09-25 22:18:54,446 - INFO - 鍑嗙‘鐜?(Accuracy)              : 51.20%
2025-09-25 22:18:54,447 - INFO - 鍔犳潈鏌ュ噯鐜?(Weighted Precision): 0.3746
2025-09-25 22:18:54,447 - INFO - 鍔犳潈鏌ュ叏鐜?(Weighted Recall)   : 0.5120
2025-09-25 22:18:54,447 - INFO - 鍔犳潈F1鍒嗘暟 (Weighted F1-score) : 0.4142
2025-09-25 22:18:54,447 - INFO - --- 鍒嗙被鎶ュ憡 (Classification Report) ---
2025-09-25 22:18:54,447 - INFO -               precision    recall  f1-score   support

           0       0.78      0.80      0.79        79
           1       0.00      0.00      0.00        70
           2       0.34      0.90      0.50        49
           3       0.00      0.00      0.00        11

    accuracy                           0.51       209
   macro avg       0.28      0.42      0.32       209
weighted avg       0.37      0.51      0.41       209

2025-09-25 22:18:54,447 - INFO - 
--- 娣锋穯鐭╅樀 (Confusion Matrix) ---
2025-09-25 22:18:56,621 - INFO - New best model saved with F1: 0.4142
2025-09-25 22:21:14,499 - INFO - Epoch 4, Loss: 1.070875619994659
2025-09-25 22:21:14,500 - INFO - 
--- eval ---
2025-09-25 22:21:16,521 - INFO - 
--- 璇勪及鎸囨爣 ---
2025-09-25 22:21:16,521 - INFO - 鍑嗙‘鐜?(Accuracy)              : 46.41%
2025-09-25 22:21:16,521 - INFO - 鍔犳潈鏌ュ噯鐜?(Weighted Precision): 0.4092
2025-09-25 22:21:16,521 - INFO - 鍔犳潈鏌ュ叏鐜?(Weighted Recall)   : 0.4641
2025-09-25 22:21:16,521 - INFO - 鍔犳潈F1鍒嗘暟 (Weighted F1-score) : 0.3908
2025-09-25 22:21:16,521 - INFO - --- 鍒嗙被鎶ュ憡 (Classification Report) ---
2025-09-25 22:21:16,521 - INFO -               precision    recall  f1-score   support

           0       0.89      0.65      0.75        79
           1       0.00      0.00      0.00        70
           2       0.30      0.94      0.46        49
           3       0.00      0.00      0.00        11

    accuracy                           0.46       209
   macro avg       0.30      0.40      0.30       209
weighted avg       0.41      0.46      0.39       209

2025-09-25 22:21:16,521 - INFO - 
--- 娣锋穯鐭╅樀 (Confusion Matrix) ---
2025-09-25 22:21:18,765 - INFO - New best model saved with F1: 0.3908
2025-09-25 22:23:35,329 - INFO - Epoch 5, Loss: 1.0772768698291841
2025-09-25 22:23:35,330 - INFO - 
--- eval ---
2025-09-25 22:23:37,333 - INFO - 
--- 璇勪及鎸囨爣 ---
2025-09-25 22:23:37,333 - INFO - 鍑嗙‘鐜?(Accuracy)              : 53.11%
2025-09-25 22:23:37,333 - INFO - 鍔犳潈鏌ュ噯鐜?(Weighted Precision): 0.6126
2025-09-25 22:23:37,333 - INFO - 鍔犳潈鏌ュ叏鐜?(Weighted Recall)   : 0.5311
2025-09-25 22:23:37,333 - INFO - 鍔犳潈F1鍒嗘暟 (Weighted F1-score) : 0.4495
2025-09-25 22:23:37,333 - INFO - --- 鍒嗙被鎶ュ憡 (Classification Report) ---
2025-09-25 22:23:37,333 - INFO -               precision    recall  f1-score   support

           0       0.65      0.90      0.76        79
           1       0.39      0.56      0.46        70
           2       1.00      0.02      0.04        49
           3       0.00      0.00      0.00        11

    accuracy                           0.53       209
   macro avg       0.51      0.37      0.31       209
weighted avg       0.61      0.53      0.45       209

2025-09-25 22:23:37,333 - INFO - 
--- 娣锋穯鐭╅樀 (Confusion Matrix) ---
2025-09-25 22:23:39,515 - INFO - New best model saved with F1: 0.4495
2025-09-25 22:25:55,233 - INFO - Epoch 6, Loss: 1.0836047354866476
2025-09-25 22:25:55,233 - INFO - 
--- eval ---
2025-09-25 22:25:57,242 - INFO - 
--- 璇勪及鎸囨爣 ---
2025-09-25 22:25:57,242 - INFO - 鍑嗙‘鐜?(Accuracy)              : 45.93%
2025-09-25 22:25:57,243 - INFO - 鍔犳潈鏌ュ噯鐜?(Weighted Precision): 0.4344
2025-09-25 22:25:57,243 - INFO - 鍔犳潈鏌ュ叏鐜?(Weighted Recall)   : 0.4593
2025-09-25 22:25:57,243 - INFO - 鍔犳潈F1鍒嗘暟 (Weighted F1-score) : 0.3875
2025-09-25 22:25:57,243 - INFO - --- 鍒嗙被鎶ュ憡 (Classification Report) ---
2025-09-25 22:25:57,243 - INFO -               precision    recall  f1-score   support

           0       0.96      0.59      0.73        79
           1       0.00      0.00      0.00        70
           2       0.31      1.00      0.47        49
           3       0.00      0.00      0.00        11

    accuracy                           0.46       209
   macro avg       0.32      0.40      0.30       209
weighted avg       0.43      0.46      0.39       209

2025-09-25 22:25:57,243 - INFO - 
--- 娣锋穯鐭╅樀 (Confusion Matrix) ---
2025-09-25 22:25:59,449 - INFO - New best model saved with F1: 0.3875
2025-09-25 22:28:15,414 - INFO - Epoch 7, Loss: 1.084327166279157
2025-09-25 22:28:15,414 - INFO - 
--- eval ---
2025-09-25 22:28:17,409 - INFO - 
--- 璇勪及鎸囨爣 ---
2025-09-25 22:28:17,409 - INFO - 鍑嗙‘鐜?(Accuracy)              : 45.93%
2025-09-25 22:28:17,409 - INFO - 鍔犳潈鏌ュ噯鐜?(Weighted Precision): 0.4022
2025-09-25 22:28:17,409 - INFO - 鍔犳潈鏌ュ叏鐜?(Weighted Recall)   : 0.4593
2025-09-25 22:28:17,409 - INFO - 鍔犳潈F1鍒嗘暟 (Weighted F1-score) : 0.3869
2025-09-25 22:28:17,409 - INFO - --- 鍒嗙被鎶ュ憡 (Classification Report) ---
2025-09-25 22:28:17,409 - INFO -               precision    recall  f1-score   support

           0       0.88      0.65      0.74        79
           1       0.00      0.00      0.00        70
           2       0.30      0.92      0.45        49
           3       0.00      0.00      0.00        11

    accuracy                           0.46       209
   macro avg       0.29      0.39      0.30       209
weighted avg       0.40      0.46      0.39       209

2025-09-25 22:28:17,409 - INFO - 
--- 娣锋穯鐭╅樀 (Confusion Matrix) ---
2025-09-25 22:28:19,672 - INFO - New best model saved with F1: 0.3869
2025-09-25 22:30:36,022 - INFO - Epoch 8, Loss: 1.0628810328206206
2025-09-25 22:30:36,022 - INFO - 
--- eval ---
2025-09-25 22:30:38,040 - INFO - 
--- 璇勪及鎸囨爣 ---
2025-09-25 22:30:38,040 - INFO - 鍑嗙‘鐜?(Accuracy)              : 57.42%
2025-09-25 22:30:38,040 - INFO - 鍔犳潈鏌ュ噯鐜?(Weighted Precision): 0.6018
2025-09-25 22:30:38,040 - INFO - 鍔犳潈鏌ュ叏鐜?(Weighted Recall)   : 0.5742
2025-09-25 22:30:38,040 - INFO - 鍔犳潈F1鍒嗘暟 (Weighted F1-score) : 0.5072
2025-09-25 22:30:38,040 - INFO - --- 鍒嗙被鎶ュ憡 (Classification Report) ---
2025-09-25 22:30:38,040 - INFO -               precision    recall  f1-score   support

           0       0.88      0.66      0.75        79
           1       0.45      0.94      0.61        70
           2       0.50      0.04      0.08        49
           3       0.00      0.00      0.00        11

    accuracy                           0.57       209
   macro avg       0.46      0.41      0.36       209
weighted avg       0.60      0.57      0.51       209

2025-09-25 22:30:38,040 - INFO - 
--- 娣锋穯鐭╅樀 (Confusion Matrix) ---
2025-09-25 22:30:40,392 - INFO - New best model saved with F1: 0.5072
2025-09-25 22:32:57,813 - INFO - Epoch 9, Loss: 1.0493869337868067
2025-09-25 22:32:57,814 - INFO - 
--- eval ---
2025-09-25 22:32:59,828 - INFO - 
--- 璇勪及鎸囨爣 ---
2025-09-25 22:32:59,829 - INFO - 鍑嗙‘鐜?(Accuracy)              : 60.29%
2025-09-25 22:32:59,829 - INFO - 鍔犳潈鏌ュ噯鐜?(Weighted Precision): 0.5781
2025-09-25 22:32:59,829 - INFO - 鍔犳潈鏌ュ叏鐜?(Weighted Recall)   : 0.6029
2025-09-25 22:32:59,829 - INFO - 鍔犳潈F1鍒嗘暟 (Weighted F1-score) : 0.5631
2025-09-25 22:32:59,829 - INFO - --- 鍒嗙被鎶ュ憡 (Classification Report) ---
2025-09-25 22:32:59,829 - INFO -               precision    recall  f1-score   support

           0       0.69      0.84      0.75        79
           1       0.60      0.30      0.40        70
           2       0.50      0.80      0.61        49
           3       0.00      0.00      0.00        11

    accuracy                           0.60       209
   macro avg       0.45      0.48      0.44       209
weighted avg       0.58      0.60      0.56       209

2025-09-25 22:32:59,829 - INFO - 
--- 娣锋穯鐭╅樀 (Confusion Matrix) ---
2025-09-25 22:33:02,011 - INFO - New best model saved with F1: 0.5631
2025-09-25 22:35:21,460 - INFO - Epoch 10, Loss: 0.9985510812086218
2025-09-25 22:35:21,461 - INFO - 
--- eval ---
2025-09-25 22:35:23,554 - INFO - 
--- 璇勪及鎸囨爣 ---
2025-09-25 22:35:23,554 - INFO - 鍑嗙‘鐜?(Accuracy)              : 61.72%
2025-09-25 22:35:23,554 - INFO - 鍔犳潈鏌ュ噯鐜?(Weighted Precision): 0.6180
2025-09-25 22:35:23,555 - INFO - 鍔犳潈鏌ュ叏鐜?(Weighted Recall)   : 0.6172
2025-09-25 22:35:23,555 - INFO - 鍔犳潈F1鍒嗘暟 (Weighted F1-score) : 0.6013
2025-09-25 22:35:23,555 - INFO - --- 鍒嗙被鎶ュ憡 (Classification Report) ---
2025-09-25 22:35:23,555 - INFO -               precision    recall  f1-score   support

           0       0.82      0.76      0.79        79
           1       0.60      0.43      0.50        70
           2       0.45      0.80      0.58        49
           3       0.00      0.00      0.00        11

    accuracy                           0.62       209
   macro avg       0.47      0.50      0.47       209
weighted avg       0.62      0.62      0.60       209

2025-09-25 22:35:23,555 - INFO - 
--- 娣锋穯鐭╅樀 (Confusion Matrix) ---
2025-09-25 22:35:25,840 - INFO - New best model saved with F1: 0.6013
2025-09-25 22:35:25,840 - INFO - 
--- testing ---
2025-09-25 22:35:44,195 - INFO - 
--- 璇勪及鎸囨爣 ---
2025-09-25 22:35:44,196 - INFO - 鍑嗙‘鐜?(Accuracy)              : 61.10%
2025-09-25 22:35:44,196 - INFO - 鍔犳潈鏌ュ噯鐜?(Weighted Precision): 0.5888
2025-09-25 22:35:44,196 - INFO - 鍔犳潈鏌ュ叏鐜?(Weighted Recall)   : 0.6110
2025-09-25 22:35:44,196 - INFO - 鍔犳潈F1鍒嗘暟 (Weighted F1-score) : 0.5882
2025-09-25 22:35:44,196 - INFO - --- 鍒嗙被鎶ュ憡 (Classification Report) ---
2025-09-25 22:35:44,196 - INFO -               precision    recall  f1-score   support

           0       0.78      0.74      0.76       682
           1       0.57      0.45      0.50       610
           2       0.49      0.80      0.61       466
           3       0.00      0.00      0.00       129

    accuracy                           0.61      1887
   macro avg       0.46      0.50      0.47      1887
weighted avg       0.59      0.61      0.59      1887

2025-09-25 22:35:44,196 - INFO - 
--- 娣锋穯鐭╅樀 (Confusion Matrix) ---
2025-09-25 22:35:44,197 - INFO - -----------------  4  -----------------
2025-09-25 22:38:10,575 - INFO - Epoch 1, Loss: 1.1940746926793866
2025-09-25 22:38:10,576 - INFO - 
--- eval ---
2025-09-25 22:38:12,719 - INFO - 
--- 璇勪及鎸囨爣 ---
2025-09-25 22:38:12,719 - INFO - 鍑嗙‘鐜?(Accuracy)              : 61.72%
2025-09-25 22:38:12,719 - INFO - 鍔犳潈鏌ュ噯鐜?(Weighted Precision): 0.6105
2025-09-25 22:38:12,719 - INFO - 鍔犳潈鏌ュ叏鐜?(Weighted Recall)   : 0.6172
2025-09-25 22:38:12,720 - INFO - 鍔犳潈F1鍒嗘暟 (Weighted F1-score) : 0.6015
2025-09-25 22:38:12,720 - INFO - --- 鍒嗙被鎶ュ憡 (Classification Report) ---
2025-09-25 22:38:12,720 - INFO -               precision    recall  f1-score   support

           0       0.80      0.71      0.75        79
           1       0.50      0.74      0.60        70
           2       0.60      0.43      0.50        49
           3       0.00      0.00      0.00        11

    accuracy                           0.62       209
   macro avg       0.47      0.47      0.46       209
weighted avg       0.61      0.62      0.60       209

2025-09-25 22:38:12,720 - INFO - 
--- 娣锋穯鐭╅樀 (Confusion Matrix) ---
2025-09-25 22:38:14,925 - INFO - New best model saved with F1: 0.6015
2025-09-25 22:40:38,018 - INFO - Epoch 2, Loss: 0.981440065294699
2025-09-25 22:40:38,018 - INFO - 
--- eval ---
2025-09-25 22:40:40,180 - INFO - 
--- 璇勪及鎸囨爣 ---
2025-09-25 22:40:40,180 - INFO - 鍑嗙‘鐜?(Accuracy)              : 64.11%
2025-09-25 22:40:40,180 - INFO - 鍔犳潈鏌ュ噯鐜?(Weighted Precision): 0.6404
2025-09-25 22:40:40,180 - INFO - 鍔犳潈鏌ュ叏鐜?(Weighted Recall)   : 0.6411
2025-09-25 22:40:40,180 - INFO - 鍔犳潈F1鍒嗘暟 (Weighted F1-score) : 0.6286
2025-09-25 22:40:40,180 - INFO - --- 鍒嗙被鎶ュ憡 (Classification Report) ---
2025-09-25 22:40:40,180 - INFO -               precision    recall  f1-score   support

           0       0.84      0.71      0.77        79
           1       0.62      0.54      0.58        70
           2       0.49      0.82      0.62        49
           3       0.00      0.00      0.00        11

    accuracy                           0.64       209
   macro avg       0.49      0.52      0.49       209
weighted avg       0.64      0.64      0.63       209

2025-09-25 22:40:40,180 - INFO - 
--- 娣锋穯鐭╅樀 (Confusion Matrix) ---
2025-09-25 22:40:42,973 - INFO - New best model saved with F1: 0.6286
2025-09-25 22:43:06,903 - INFO - Epoch 3, Loss: 1.0153558586839757
2025-09-25 22:43:06,904 - INFO - 
--- eval ---
2025-09-25 22:43:09,031 - INFO - 
--- 璇勪及鎸囨爣 ---
2025-09-25 22:43:09,031 - INFO - 鍑嗙‘鐜?(Accuracy)              : 46.89%
2025-09-25 22:43:09,031 - INFO - 鍔犳潈鏌ュ噯鐜?(Weighted Precision): 0.4047
2025-09-25 22:43:09,031 - INFO - 鍔犳潈鏌ュ叏鐜?(Weighted Recall)   : 0.4689
2025-09-25 22:43:09,031 - INFO - 鍔犳潈F1鍒嗘暟 (Weighted F1-score) : 0.3948
2025-09-25 22:43:09,031 - INFO - --- 鍒嗙被鎶ュ憡 (Classification Report) ---
2025-09-25 22:43:09,031 - INFO -               precision    recall  f1-score   support

           0       0.88      0.67      0.76        79
           1       0.00      0.00      0.00        70
           2       0.30      0.92      0.45        49
           3       0.00      0.00      0.00        11

    accuracy                           0.47       209
   macro avg       0.30      0.40      0.30       209
weighted avg       0.40      0.47      0.39       209

2025-09-25 22:43:09,031 - INFO - 
--- 娣锋穯鐭╅樀 (Confusion Matrix) ---
2025-09-25 22:43:11,231 - INFO - New best model saved with F1: 0.3948
2025-09-25 22:45:34,931 - INFO - Epoch 4, Loss: 0.9957487944002245
2025-09-25 22:45:34,931 - INFO - 
--- eval ---
2025-09-25 22:45:37,143 - INFO - 
--- 璇勪及鎸囨爣 ---
2025-09-25 22:45:37,143 - INFO - 鍑嗙‘鐜?(Accuracy)              : 54.55%
2025-09-25 22:45:37,143 - INFO - 鍔犳潈鏌ュ噯鐜?(Weighted Precision): 0.3382
2025-09-25 22:45:37,143 - INFO - 鍔犳潈鏌ュ叏鐜?(Weighted Recall)   : 0.5455
2025-09-25 22:45:37,143 - INFO - 鍔犳潈F1鍒嗘暟 (Weighted F1-score) : 0.4165
2025-09-25 22:45:37,143 - INFO - --- 鍒嗙被鎶ュ憡 (Classification Report) ---
2025-09-25 22:45:37,143 - INFO -               precision    recall  f1-score   support

           0       0.60      0.90      0.72        79
           1       0.00      0.00      0.00        70
           2       0.47      0.88      0.61        49
           3       0.00      0.00      0.00        11

    accuracy                           0.55       209
   macro avg       0.27      0.44      0.33       209
weighted avg       0.34      0.55      0.42       209

2025-09-25 22:45:37,143 - INFO - 
--- 娣锋穯鐭╅樀 (Confusion Matrix) ---
2025-09-25 22:45:39,366 - INFO - New best model saved with F1: 0.4165
2025-09-25 22:48:03,535 - INFO - Epoch 5, Loss: 1.016582357946759
2025-09-25 22:48:03,536 - INFO - 
--- eval ---
2025-09-25 22:48:05,742 - INFO - 
--- 璇勪及鎸囨爣 ---
2025-09-25 22:48:05,742 - INFO - 鍑嗙‘鐜?(Accuracy)              : 60.29%
2025-09-25 22:48:05,742 - INFO - 鍔犳潈鏌ュ噯鐜?(Weighted Precision): 0.5643
2025-09-25 22:48:05,742 - INFO - 鍔犳潈鏌ュ叏鐜?(Weighted Recall)   : 0.6029
2025-09-25 22:48:05,742 - INFO - 鍔犳潈F1鍒嗘暟 (Weighted F1-score) : 0.5809
2025-09-25 22:48:05,742 - INFO - --- 鍒嗙被鎶ュ憡 (Classification Report) ---
2025-09-25 22:48:05,742 - INFO -               precision    recall  f1-score   support

           0       0.69      0.82      0.75        79
           1       0.51      0.53      0.52        70
           2       0.56      0.49      0.52        49
           3       0.00      0.00      0.00        11

    accuracy                           0.60       209
   macro avg       0.44      0.46      0.45       209
weighted avg       0.56      0.60      0.58       209

2025-09-25 22:48:05,742 - INFO - 
--- 娣锋穯鐭╅樀 (Confusion Matrix) ---
2025-09-25 22:48:07,945 - INFO - New best model saved with F1: 0.5809
2025-09-25 22:50:31,875 - INFO - Epoch 6, Loss: 0.9838132926938581
2025-09-25 22:50:31,875 - INFO - 
--- eval ---
2025-09-25 22:50:34,027 - INFO - 
--- 璇勪及鎸囨爣 ---
2025-09-25 22:50:34,027 - INFO - 鍑嗙‘鐜?(Accuracy)              : 56.46%
2025-09-25 22:50:34,027 - INFO - 鍔犳潈鏌ュ噯鐜?(Weighted Precision): 0.6282
2025-09-25 22:50:34,027 - INFO - 鍔犳潈鏌ュ叏鐜?(Weighted Recall)   : 0.5646
2025-09-25 22:50:34,027 - INFO - 鍔犳潈F1鍒嗘暟 (Weighted F1-score) : 0.5564
2025-09-25 22:50:34,027 - INFO - --- 鍒嗙被鎶ュ憡 (Classification Report) ---
2025-09-25 22:50:34,027 - INFO -               precision    recall  f1-score   support

           0       0.94      0.58      0.72        79
           1       0.53      0.40      0.46        70
           2       0.41      0.90      0.56        49
           3       0.00      0.00      0.00        11

    accuracy                           0.56       209
   macro avg       0.47      0.47      0.43       209
weighted avg       0.63      0.56      0.56       209

2025-09-25 22:50:34,027 - INFO - 
--- 娣锋穯鐭╅樀 (Confusion Matrix) ---
2025-09-25 22:50:36,329 - INFO - New best model saved with F1: 0.5564
2025-09-25 22:52:58,340 - INFO - Epoch 7, Loss: 0.971041989628396
2025-09-25 22:52:58,340 - INFO - 
--- eval ---
2025-09-25 22:53:00,372 - INFO - 
--- 璇勪及鎸囨爣 ---
2025-09-25 22:53:00,373 - INFO - 鍑嗙‘鐜?(Accuracy)              : 64.11%
2025-09-25 22:53:00,373 - INFO - 鍔犳潈鏌ュ噯鐜?(Weighted Precision): 0.6605
2025-09-25 22:53:00,373 - INFO - 鍔犳潈鏌ュ叏鐜?(Weighted Recall)   : 0.6411
2025-09-25 22:53:00,373 - INFO - 鍔犳潈F1鍒嗘暟 (Weighted F1-score) : 0.6312
2025-09-25 22:53:00,373 - INFO - --- 鍒嗙被鎶ュ憡 (Classification Report) ---
2025-09-25 22:53:00,373 - INFO -               precision    recall  f1-score   support

           0       0.91      0.65      0.76        79
           1       0.59      0.59      0.59        70
           2       0.50      0.86      0.63        49
           3       0.00      0.00      0.00        11

    accuracy                           0.64       209
   macro avg       0.50      0.52      0.49       209
weighted avg       0.66      0.64      0.63       209

2025-09-25 22:53:00,373 - INFO - 
--- 娣锋穯鐭╅樀 (Confusion Matrix) ---
2025-09-25 22:53:02,559 - INFO - New best model saved with F1: 0.6312
2025-09-25 22:55:22,442 - INFO - Epoch 8, Loss: 0.9722735909075518
2025-09-25 22:55:22,442 - INFO - 
--- eval ---
2025-09-25 22:55:24,480 - INFO - 
--- 璇勪及鎸囨爣 ---
2025-09-25 22:55:24,480 - INFO - 鍑嗙‘鐜?(Accuracy)              : 55.98%
2025-09-25 22:55:24,480 - INFO - 鍔犳潈鏌ュ噯鐜?(Weighted Precision): 0.5351
2025-09-25 22:55:24,480 - INFO - 鍔犳潈鏌ュ叏鐜?(Weighted Recall)   : 0.5598
2025-09-25 22:55:24,480 - INFO - 鍔犳潈F1鍒嗘暟 (Weighted F1-score) : 0.5167
2025-09-25 22:55:24,480 - INFO - --- 鍒嗙被鎶ュ憡 (Classification Report) ---
2025-09-25 22:55:24,480 - INFO -               precision    recall  f1-score   support

           0       0.70      0.82      0.76        79
           1       0.44      0.63      0.51        70
           2       0.53      0.16      0.25        49
           3       0.00      0.00      0.00        11

    accuracy                           0.56       209
   macro avg       0.42      0.40      0.38       209
weighted avg       0.54      0.56      0.52       209

2025-09-25 22:55:24,480 - INFO - 
--- 娣锋穯鐭╅樀 (Confusion Matrix) ---
2025-09-25 22:55:26,701 - INFO - New best model saved with F1: 0.5167
2025-09-25 22:57:44,799 - INFO - Epoch 9, Loss: 0.9494603119449678
2025-09-25 22:57:44,799 - INFO - 
--- eval ---
2025-09-25 22:57:46,841 - INFO - 
--- 璇勪及鎸囨爣 ---
2025-09-25 22:57:46,841 - INFO - 鍑嗙‘鐜?(Accuracy)              : 66.03%
2025-09-25 22:57:46,841 - INFO - 鍔犳潈鏌ュ噯鐜?(Weighted Precision): 0.6594
2025-09-25 22:57:46,841 - INFO - 鍔犳潈鏌ュ叏鐜?(Weighted Recall)   : 0.6603
2025-09-25 22:57:46,841 - INFO - 鍔犳潈F1鍒嗘暟 (Weighted F1-score) : 0.6431
2025-09-25 22:57:46,842 - INFO - --- 鍒嗙被鎶ュ憡 (Classification Report) ---
2025-09-25 22:57:46,842 - INFO -               precision    recall  f1-score   support

           0       0.81      0.78      0.79        79
           1       0.71      0.50      0.59        70
           2       0.49      0.84      0.62        49
           3       0.00      0.00      0.00        11

    accuracy                           0.66       209
   macro avg       0.50      0.53      0.50       209
weighted avg       0.66      0.66      0.64       209

2025-09-25 22:57:46,842 - INFO - 
--- 娣锋穯鐭╅樀 (Confusion Matrix) ---
2025-09-25 22:57:49,039 - INFO - New best model saved with F1: 0.6431
2025-09-25 23:00:07,223 - INFO - Epoch 10, Loss: 0.916129882964823
2025-09-25 23:00:07,223 - INFO - 
--- eval ---
2025-09-25 23:00:09,296 - INFO - 
--- 璇勪及鎸囨爣 ---
2025-09-25 23:00:09,297 - INFO - 鍑嗙‘鐜?(Accuracy)              : 66.99%
2025-09-25 23:00:09,297 - INFO - 鍔犳潈鏌ュ噯鐜?(Weighted Precision): 0.6445
2025-09-25 23:00:09,297 - INFO - 鍔犳潈鏌ュ叏鐜?(Weighted Recall)   : 0.6699
2025-09-25 23:00:09,297 - INFO - 鍔犳潈F1鍒嗘暟 (Weighted F1-score) : 0.6548
2025-09-25 23:00:09,297 - INFO - --- 鍒嗙被鎶ュ憡 (Classification Report) ---
2025-09-25 23:00:09,297 - INFO -               precision    recall  f1-score   support

           0       0.81      0.78      0.79        79
           1       0.64      0.63      0.63        70
           2       0.54      0.69      0.61        49
           3       0.00      0.00      0.00        11

    accuracy                           0.67       209
   macro avg       0.50      0.53      0.51       209
weighted avg       0.64      0.67      0.65       209

2025-09-25 23:00:09,297 - INFO - 
--- 娣锋穯鐭╅樀 (Confusion Matrix) ---
2025-09-25 23:00:11,473 - INFO - New best model saved with F1: 0.6548
2025-09-25 23:00:11,473 - INFO - 
--- testing ---
2025-09-25 23:00:29,545 - INFO - 
--- 璇勪及鎸囨爣 ---
2025-09-25 23:00:29,545 - INFO - 鍑嗙‘鐜?(Accuracy)              : 64.44%
2025-09-25 23:00:29,545 - INFO - 鍔犳潈鏌ュ噯鐜?(Weighted Precision): 0.6044
2025-09-25 23:00:29,545 - INFO - 鍔犳潈鏌ュ叏鐜?(Weighted Recall)   : 0.6444
2025-09-25 23:00:29,545 - INFO - 鍔犳潈F1鍒嗘暟 (Weighted F1-score) : 0.6230
2025-09-25 23:00:29,545 - INFO - --- 鍒嗙被鎶ュ憡 (Classification Report) ---
2025-09-25 23:00:29,545 - INFO -               precision    recall  f1-score   support

           0       0.77      0.78      0.77       682
           1       0.59      0.61      0.60       610
           2       0.56      0.68      0.61       466
           3       0.00      0.00      0.00       129

    accuracy                           0.64      1887
   macro avg       0.48      0.52      0.50      1887
weighted avg       0.60      0.64      0.62      1887

2025-09-25 23:00:29,545 - INFO - 
--- 娣锋穯鐭╅樀 (Confusion Matrix) ---
2025-09-25 23:00:29,548 - INFO - 

==================== 瀹為獙鏈€缁堢粨鏋?(5娆¤繍琛? ====================

2025-09-25 23:00:29,548 - INFO - 妯″瀷瀹為檯鎬ц兘 (Mean 卤 Std Dev):
2025-09-25 23:00:29,548 - INFO - ----------------------------------------------------------------------
2025-09-25 23:00:29,549 - INFO -   - Accuracy             : 0.7193 卤 0.0802
2025-09-25 23:00:29,549 - INFO -   - Weighted Precision   : 0.6845 卤 0.0736
2025-09-25 23:00:29,549 - INFO -   - Weighted Recall      : 0.7193 卤 0.0802
2025-09-25 23:00:29,549 - INFO -   - Weighted F1-score    : 0.6952 卤 0.0782
2025-09-25 23:00:29,549 - INFO - ----------------------------------------------------------------------
2025-09-25 23:00:29,549 - INFO - 
============================================================
2025-09-25 23:00:29,549 - INFO - --------------------------- pre_model/GraphCodeBERT ---------------------------
2025-09-25 23:00:29,549 - INFO - Using GPU: NVIDIA GeForce RTX 3090

