2025-09-26 08:08:56,330 - INFO - --------------------------- pre_model/GraphCodeBERT ---------------------------
2025-09-26 08:08:56,534 - INFO - Using GPU: NVIDIA GeForce RTX 3090
2025-09-26 08:10:44,092 - INFO - -----------------  0  -----------------
2025-09-26 08:15:33,482 - INFO - Epoch 1, Loss: 1.08819652704242
2025-09-26 08:15:33,482 - INFO - 
--- eval ---
2025-09-26 08:15:37,484 - INFO - 
--- 璇勪及鎸囨爣 ---
2025-09-26 08:15:37,484 - INFO - 鍑嗙‘鐜?(Accuracy)              : 78.95%
2025-09-26 08:15:37,484 - INFO - 鍔犳潈鏌ュ噯鐜?(Weighted Precision): 0.7743
2025-09-26 08:15:37,484 - INFO - 鍔犳潈鏌ュ叏鐜?(Weighted Recall)   : 0.7895
2025-09-26 08:15:37,484 - INFO - 鍔犳潈F1鍒嗘暟 (Weighted F1-score) : 0.7697
2025-09-26 08:15:37,484 - INFO - --- 鍒嗙被鎶ュ憡 (Classification Report) ---
2025-09-26 08:15:37,484 - INFO -               precision    recall  f1-score   support

           0       0.94      0.77      0.85        79
           1       0.68      0.97      0.80        70
           2       0.82      0.73      0.77        49
           3       0.00      0.00      0.00        11

    accuracy                           0.79       209
   macro avg       0.61      0.62      0.61       209
weighted avg       0.77      0.79      0.77       209

2025-09-26 08:15:37,485 - INFO - 
--- 娣锋穯鐭╅樀 (Confusion Matrix) ---
2025-09-26 08:15:38,205 - INFO - New best model saved with F1: 0.7697
2025-09-26 08:20:17,099 - INFO - Epoch 2, Loss: 0.45011005265253223
2025-09-26 08:20:17,099 - INFO - 
--- eval ---
2025-09-26 08:20:21,211 - INFO - 
--- 璇勪及鎸囨爣 ---
2025-09-26 08:20:21,211 - INFO - 鍑嗙‘鐜?(Accuracy)              : 81.82%
2025-09-26 08:20:21,211 - INFO - 鍔犳潈鏌ュ噯鐜?(Weighted Precision): 0.8333
2025-09-26 08:20:21,211 - INFO - 鍔犳潈鏌ュ叏鐜?(Weighted Recall)   : 0.8182
2025-09-26 08:20:21,211 - INFO - 鍔犳潈F1鍒嗘暟 (Weighted F1-score) : 0.8229
2025-09-26 08:20:21,211 - INFO - --- 鍒嗙被鎶ュ憡 (Classification Report) ---
2025-09-26 08:20:21,212 - INFO -               precision    recall  f1-score   support

           0       0.91      0.81      0.86        79
           1       0.86      0.86      0.86        70
           2       0.75      0.80      0.77        49
           3       0.47      0.73      0.57        11

    accuracy                           0.82       209
   macro avg       0.75      0.80      0.76       209
weighted avg       0.83      0.82      0.82       209

2025-09-26 08:20:21,212 - INFO - 
--- 娣锋穯鐭╅樀 (Confusion Matrix) ---
2025-09-26 08:20:23,928 - INFO - New best model saved with F1: 0.8229
2025-09-26 08:25:02,060 - INFO - Epoch 3, Loss: 0.4253284676172436
2025-09-26 08:25:02,060 - INFO - 
--- eval ---
2025-09-26 08:25:06,102 - INFO - 
--- 璇勪及鎸囨爣 ---
2025-09-26 08:25:06,102 - INFO - 鍑嗙‘鐜?(Accuracy)              : 83.25%
2025-09-26 08:25:06,102 - INFO - 鍔犳潈鏌ュ噯鐜?(Weighted Precision): 0.8607
2025-09-26 08:25:06,102 - INFO - 鍔犳潈鏌ュ叏鐜?(Weighted Recall)   : 0.8325
2025-09-26 08:25:06,103 - INFO - 鍔犳潈F1鍒嗘暟 (Weighted F1-score) : 0.8423
2025-09-26 08:25:06,103 - INFO - --- 鍒嗙被鎶ュ憡 (Classification Report) ---
2025-09-26 08:25:06,103 - INFO -               precision    recall  f1-score   support

           0       0.91      0.90      0.90        79
           1       0.92      0.81      0.86        70
           2       0.81      0.78      0.79        49
           3       0.36      0.73      0.48        11

    accuracy                           0.83       209
   macro avg       0.75      0.80      0.76       209
weighted avg       0.86      0.83      0.84       209

2025-09-26 08:25:06,103 - INFO - 
--- 娣锋穯鐭╅樀 (Confusion Matrix) ---
2025-09-26 08:25:09,524 - INFO - New best model saved with F1: 0.8423
2025-09-26 08:29:47,204 - INFO - Epoch 4, Loss: 0.4161494637898845
2025-09-26 08:29:47,204 - INFO - 
--- eval ---
2025-09-26 08:29:51,375 - INFO - 
--- 璇勪及鎸囨爣 ---
2025-09-26 08:29:51,375 - INFO - 鍑嗙‘鐜?(Accuracy)              : 83.73%
2025-09-26 08:29:51,375 - INFO - 鍔犳潈鏌ュ噯鐜?(Weighted Precision): 0.8620
2025-09-26 08:29:51,375 - INFO - 鍔犳潈鏌ュ叏鐜?(Weighted Recall)   : 0.8373
2025-09-26 08:29:51,375 - INFO - 鍔犳潈F1鍒嗘暟 (Weighted F1-score) : 0.8453
2025-09-26 08:29:51,376 - INFO - --- 鍒嗙被鎶ュ憡 (Classification Report) ---
2025-09-26 08:29:51,376 - INFO -               precision    recall  f1-score   support

           0       0.92      0.89      0.90        79
           1       0.88      0.83      0.85        70
           2       0.84      0.78      0.81        49
           3       0.41      0.82      0.55        11

    accuracy                           0.84       209
   macro avg       0.76      0.83      0.78       209
weighted avg       0.86      0.84      0.85       209

2025-09-26 08:29:51,376 - INFO - 
--- 娣锋穯鐭╅樀 (Confusion Matrix) ---
2025-09-26 08:29:54,045 - INFO - New best model saved with F1: 0.8453
2025-09-26 08:34:31,997 - INFO - Epoch 5, Loss: 0.4092499166255318
2025-09-26 08:34:31,997 - INFO - 
--- eval ---
2025-09-26 08:34:36,108 - INFO - 
--- 璇勪及鎸囨爣 ---
2025-09-26 08:34:36,108 - INFO - 鍑嗙‘鐜?(Accuracy)              : 88.04%
2025-09-26 08:34:36,108 - INFO - 鍔犳潈鏌ュ噯鐜?(Weighted Precision): 0.8808
2025-09-26 08:34:36,108 - INFO - 鍔犳潈鏌ュ叏鐜?(Weighted Recall)   : 0.8804
2025-09-26 08:34:36,108 - INFO - 鍔犳潈F1鍒嗘暟 (Weighted F1-score) : 0.8805
2025-09-26 08:34:36,108 - INFO - --- 鍒嗙被鎶ュ憡 (Classification Report) ---
2025-09-26 08:34:36,108 - INFO -               precision    recall  f1-score   support

           0       0.92      0.91      0.92        79
           1       0.90      0.90      0.90        70
           2       0.84      0.86      0.85        49
           3       0.64      0.64      0.64        11

    accuracy                           0.88       209
   macro avg       0.82      0.83      0.83       209
weighted avg       0.88      0.88      0.88       209

2025-09-26 08:34:36,109 - INFO - 
--- 娣锋穯鐭╅樀 (Confusion Matrix) ---
2025-09-26 08:34:38,830 - INFO - New best model saved with F1: 0.8805
2025-09-26 08:39:17,167 - INFO - Epoch 6, Loss: 0.39365883428661236
2025-09-26 08:39:17,167 - INFO - 
--- eval ---
2025-09-26 08:39:21,254 - INFO - 
--- 璇勪及鎸囨爣 ---
2025-09-26 08:39:21,254 - INFO - 鍑嗙‘鐜?(Accuracy)              : 85.65%
2025-09-26 08:39:21,254 - INFO - 鍔犳潈鏌ュ噯鐜?(Weighted Precision): 0.8598
2025-09-26 08:39:21,254 - INFO - 鍔犳潈鏌ュ叏鐜?(Weighted Recall)   : 0.8565
2025-09-26 08:39:21,254 - INFO - 鍔犳潈F1鍒嗘暟 (Weighted F1-score) : 0.8523
2025-09-26 08:39:21,254 - INFO - --- 鍒嗙被鎶ュ憡 (Classification Report) ---
2025-09-26 08:39:21,255 - INFO -               precision    recall  f1-score   support

           0       0.87      0.95      0.91        79
           1       0.95      0.81      0.88        70
           2       0.75      0.88      0.81        49
           3       0.67      0.36      0.47        11

    accuracy                           0.86       209
   macro avg       0.81      0.75      0.77       209
weighted avg       0.86      0.86      0.85       209

2025-09-26 08:39:21,255 - INFO - 
--- 娣锋穯鐭╅樀 (Confusion Matrix) ---
2025-09-26 08:39:23,966 - INFO - New best model saved with F1: 0.8523
2025-09-26 08:43:58,695 - INFO - Epoch 7, Loss: 0.387229936553494
2025-09-26 08:43:58,695 - INFO - 
--- eval ---
2025-09-26 08:44:02,797 - INFO - 
--- 璇勪及鎸囨爣 ---
2025-09-26 08:44:02,797 - INFO - 鍑嗙‘鐜?(Accuracy)              : 86.60%
2025-09-26 08:44:02,797 - INFO - 鍔犳潈鏌ュ噯鐜?(Weighted Precision): 0.8660
2025-09-26 08:44:02,797 - INFO - 鍔犳潈鏌ュ叏鐜?(Weighted Recall)   : 0.8660
2025-09-26 08:44:02,797 - INFO - 鍔犳潈F1鍒嗘暟 (Weighted F1-score) : 0.8660
2025-09-26 08:44:02,798 - INFO - --- 鍒嗙被鎶ュ憡 (Classification Report) ---
2025-09-26 08:44:02,798 - INFO -               precision    recall  f1-score   support

           0       0.91      0.91      0.91        79
           1       0.89      0.89      0.89        70
           2       0.84      0.84      0.84        49
           3       0.55      0.55      0.55        11

    accuracy                           0.87       209
   macro avg       0.79      0.79      0.79       209
weighted avg       0.87      0.87      0.87       209

2025-09-26 08:44:02,798 - INFO - 
--- 娣锋穯鐭╅樀 (Confusion Matrix) ---
2025-09-26 08:44:05,537 - INFO - New best model saved with F1: 0.8660
2025-09-26 08:48:43,373 - INFO - Epoch 8, Loss: 0.37084043591611965
2025-09-26 08:48:43,373 - INFO - 
--- eval ---
2025-09-26 08:48:47,456 - INFO - 
--- 璇勪及鎸囨爣 ---
2025-09-26 08:48:47,456 - INFO - 鍑嗙‘鐜?(Accuracy)              : 82.78%
2025-09-26 08:48:47,456 - INFO - 鍔犳潈鏌ュ噯鐜?(Weighted Precision): 0.8371
2025-09-26 08:48:47,456 - INFO - 鍔犳潈鏌ュ叏鐜?(Weighted Recall)   : 0.8278
2025-09-26 08:48:47,457 - INFO - 鍔犳潈F1鍒嗘暟 (Weighted F1-score) : 0.8258
2025-09-26 08:48:47,457 - INFO - --- 鍒嗙被鎶ュ憡 (Classification Report) ---
2025-09-26 08:48:47,457 - INFO -               precision    recall  f1-score   support

           0       0.87      0.92      0.90        79
           1       0.95      0.76      0.84        70
           2       0.70      0.88      0.78        49
           3       0.50      0.36      0.42        11

    accuracy                           0.83       209
   macro avg       0.76      0.73      0.73       209
weighted avg       0.84      0.83      0.83       209

2025-09-26 08:48:47,457 - INFO - 
--- 娣锋穯鐭╅樀 (Confusion Matrix) ---
2025-09-26 08:48:50,590 - INFO - New best model saved with F1: 0.8258
2025-09-26 08:53:27,698 - INFO - Epoch 9, Loss: 0.3593031584712817
2025-09-26 08:53:27,698 - INFO - 
--- eval ---
2025-09-26 08:53:31,712 - INFO - 
--- 璇勪及鎸囨爣 ---
2025-09-26 08:53:31,712 - INFO - 鍑嗙‘鐜?(Accuracy)              : 86.60%
2025-09-26 08:53:31,712 - INFO - 鍔犳潈鏌ュ噯鐜?(Weighted Precision): 0.8660
2025-09-26 08:53:31,712 - INFO - 鍔犳潈鏌ュ叏鐜?(Weighted Recall)   : 0.8660
2025-09-26 08:53:31,712 - INFO - 鍔犳潈F1鍒嗘暟 (Weighted F1-score) : 0.8657
2025-09-26 08:53:31,712 - INFO - --- 鍒嗙被鎶ュ憡 (Classification Report) ---
2025-09-26 08:53:31,712 - INFO -               precision    recall  f1-score   support

           0       0.91      0.90      0.90        79
           1       0.90      0.89      0.89        70
           2       0.81      0.86      0.83        49
           3       0.60      0.55      0.57        11

    accuracy                           0.87       209
   macro avg       0.80      0.80      0.80       209
weighted avg       0.87      0.87      0.87       209

2025-09-26 08:53:31,713 - INFO - 
--- 娣锋穯鐭╅樀 (Confusion Matrix) ---
2025-09-26 08:53:34,458 - INFO - New best model saved with F1: 0.8657
2025-09-26 08:58:12,874 - INFO - Epoch 10, Loss: 0.3575638875683307
2025-09-26 08:58:12,874 - INFO - 
--- eval ---
2025-09-26 08:58:17,032 - INFO - 
--- 璇勪及鎸囨爣 ---
2025-09-26 08:58:17,032 - INFO - 鍑嗙‘鐜?(Accuracy)              : 87.56%
2025-09-26 08:58:17,033 - INFO - 鍔犳潈鏌ュ噯鐜?(Weighted Precision): 0.8715
2025-09-26 08:58:17,033 - INFO - 鍔犳潈鏌ュ叏鐜?(Weighted Recall)   : 0.8756
2025-09-26 08:58:17,033 - INFO - 鍔犳潈F1鍒嗘暟 (Weighted F1-score) : 0.8727
2025-09-26 08:58:17,033 - INFO - --- 鍒嗙被鎶ュ憡 (Classification Report) ---
2025-09-26 08:58:17,033 - INFO -               precision    recall  f1-score   support

           0       0.90      0.94      0.92        79
           1       0.89      0.90      0.89        70
           2       0.85      0.84      0.85        49
           3       0.62      0.45      0.53        11

    accuracy                           0.88       209
   macro avg       0.82      0.78      0.80       209
weighted avg       0.87      0.88      0.87       209

2025-09-26 08:58:17,033 - INFO - 
--- 娣锋穯鐭╅樀 (Confusion Matrix) ---
2025-09-26 08:58:19,719 - INFO - New best model saved with F1: 0.8727
2025-09-26 08:58:19,720 - INFO - 
--- testing ---
2025-09-26 08:58:56,733 - INFO - 
--- 璇勪及鎸囨爣 ---
2025-09-26 08:58:56,733 - INFO - 鍑嗙‘鐜?(Accuracy)              : 87.92%
2025-09-26 08:58:56,733 - INFO - 鍔犳潈鏌ュ噯鐜?(Weighted Precision): 0.8765
2025-09-26 08:58:56,733 - INFO - 鍔犳潈鏌ュ叏鐜?(Weighted Recall)   : 0.8792
2025-09-26 08:58:56,734 - INFO - 鍔犳潈F1鍒嗘暟 (Weighted F1-score) : 0.8762
2025-09-26 08:58:56,734 - INFO - --- 鍒嗙被鎶ュ憡 (Classification Report) ---
2025-09-26 08:58:56,734 - INFO -               precision    recall  f1-score   support

           0       0.90      0.92      0.91       682
           1       0.87      0.92      0.89       610
           2       0.89      0.86      0.88       466
           3       0.73      0.52      0.61       129

    accuracy                           0.88      1887
   macro avg       0.85      0.81      0.82      1887
weighted avg       0.88      0.88      0.88      1887

2025-09-26 08:58:56,734 - INFO - 
--- 娣锋穯鐭╅樀 (Confusion Matrix) ---
2025-09-26 08:58:56,735 - INFO - -----------------  1  -----------------
2025-09-26 09:03:41,056 - INFO - Epoch 1, Loss: 0.4688477009866581
2025-09-26 09:03:41,057 - INFO - 
--- eval ---
2025-09-26 09:03:44,461 - INFO - 
--- 璇勪及鎸囨爣 ---
2025-09-26 09:03:44,462 - INFO - 鍑嗙‘鐜?(Accuracy)              : 81.34%
2025-09-26 09:03:44,462 - INFO - 鍔犳潈鏌ュ噯鐜?(Weighted Precision): 0.8136
2025-09-26 09:03:44,462 - INFO - 鍔犳潈鏌ュ叏鐜?(Weighted Recall)   : 0.8134
2025-09-26 09:03:44,462 - INFO - 鍔犳潈F1鍒嗘暟 (Weighted F1-score) : 0.8039
2025-09-26 09:03:44,462 - INFO - --- 鍒嗙被鎶ュ憡 (Classification Report) ---
2025-09-26 09:03:44,462 - INFO -               precision    recall  f1-score   support

           0       0.93      0.81      0.86        79
           1       0.75      0.96      0.84        70
           2       0.79      0.76      0.77        49
           3       0.50      0.18      0.27        11

    accuracy                           0.81       209
   macro avg       0.74      0.68      0.69       209
weighted avg       0.81      0.81      0.80       209

2025-09-26 09:03:44,462 - INFO - 
--- 娣锋穯鐭╅樀 (Confusion Matrix) ---
2025-09-26 09:03:47,263 - INFO - New best model saved with F1: 0.8039
2025-09-26 09:07:46,721 - INFO - Epoch 2, Loss: 0.47700279604702933
2025-09-26 09:07:46,722 - INFO - 
--- eval ---
2025-09-26 09:07:50,085 - INFO - 
--- 璇勪及鎸囨爣 ---
2025-09-26 09:07:50,085 - INFO - 鍑嗙‘鐜?(Accuracy)              : 76.56%
2025-09-26 09:07:50,086 - INFO - 鍔犳潈鏌ュ噯鐜?(Weighted Precision): 0.7759
2025-09-26 09:07:50,086 - INFO - 鍔犳潈鏌ュ叏鐜?(Weighted Recall)   : 0.7656
2025-09-26 09:07:50,086 - INFO - 鍔犳潈F1鍒嗘暟 (Weighted F1-score) : 0.7460
2025-09-26 09:07:50,086 - INFO - --- 鍒嗙被鎶ュ憡 (Classification Report) ---
2025-09-26 09:07:50,086 - INFO -               precision    recall  f1-score   support

           0       0.74      0.99      0.84        79
           1       0.91      0.61      0.74        70
           2       0.70      0.78      0.74        49
           3       0.50      0.09      0.15        11

    accuracy                           0.77       209
   macro avg       0.71      0.62      0.62       209
weighted avg       0.78      0.77      0.75       209

2025-09-26 09:07:50,086 - INFO - 
--- 娣锋穯鐭╅樀 (Confusion Matrix) ---
2025-09-26 09:07:52,828 - INFO - New best model saved with F1: 0.7460
2025-09-26 09:11:40,749 - INFO - Epoch 3, Loss: 0.46154477730320365
2025-09-26 09:11:40,750 - INFO - 
--- eval ---
2025-09-26 09:11:44,034 - INFO - 
--- 璇勪及鎸囨爣 ---
2025-09-26 09:11:44,035 - INFO - 鍑嗙‘鐜?(Accuracy)              : 74.64%
2025-09-26 09:11:44,035 - INFO - 鍔犳潈鏌ュ噯鐜?(Weighted Precision): 0.8122
2025-09-26 09:11:44,035 - INFO - 鍔犳潈鏌ュ叏鐜?(Weighted Recall)   : 0.7464
2025-09-26 09:11:44,035 - INFO - 鍔犳潈F1鍒嗘暟 (Weighted F1-score) : 0.7099
2025-09-26 09:11:44,035 - INFO - --- 鍒嗙被鎶ュ憡 (Classification Report) ---
2025-09-26 09:11:44,035 - INFO -               precision    recall  f1-score   support

           0       0.66      0.99      0.79        79
           1       0.82      0.86      0.84        70
           2       1.00      0.35      0.52        49
           3       1.00      0.09      0.17        11

    accuracy                           0.75       209
   macro avg       0.87      0.57      0.58       209
weighted avg       0.81      0.75      0.71       209

2025-09-26 09:11:44,035 - INFO - 
--- 娣锋穯鐭╅樀 (Confusion Matrix) ---
2025-09-26 09:11:46,815 - INFO - New best model saved with F1: 0.7099
2025-09-26 09:16:21,898 - INFO - Epoch 4, Loss: 0.44547600134768905
2025-09-26 09:16:21,898 - INFO - 
--- eval ---
2025-09-26 09:16:26,011 - INFO - 
--- 璇勪及鎸囨爣 ---
2025-09-26 09:16:26,011 - INFO - 鍑嗙‘鐜?(Accuracy)              : 85.65%
2025-09-26 09:16:26,011 - INFO - 鍔犳潈鏌ュ噯鐜?(Weighted Precision): 0.8512
2025-09-26 09:16:26,012 - INFO - 鍔犳潈鏌ュ叏鐜?(Weighted Recall)   : 0.8565
2025-09-26 09:16:26,012 - INFO - 鍔犳潈F1鍒嗘暟 (Weighted F1-score) : 0.8500
2025-09-26 09:16:26,012 - INFO - --- 鍒嗙被鎶ュ憡 (Classification Report) ---
2025-09-26 09:16:26,012 - INFO -               precision    recall  f1-score   support

           0       0.90      0.94      0.92        79
           1       0.90      0.87      0.88        70
           2       0.76      0.84      0.80        49
           3       0.60      0.27      0.38        11

    accuracy                           0.86       209
   macro avg       0.79      0.73      0.74       209
weighted avg       0.85      0.86      0.85       209

2025-09-26 09:16:26,012 - INFO - 
--- 娣锋穯鐭╅樀 (Confusion Matrix) ---
2025-09-26 09:16:28,808 - INFO - New best model saved with F1: 0.8500
2025-09-26 09:21:06,056 - INFO - Epoch 5, Loss: 0.44852839697462815
2025-09-26 09:21:06,056 - INFO - 
--- eval ---
2025-09-26 09:21:10,154 - INFO - 
--- 璇勪及鎸囨爣 ---
2025-09-26 09:21:10,155 - INFO - 鍑嗙‘鐜?(Accuracy)              : 85.17%
2025-09-26 09:21:10,155 - INFO - 鍔犳潈鏌ュ噯鐜?(Weighted Precision): 0.8488
2025-09-26 09:21:10,155 - INFO - 鍔犳潈鏌ュ叏鐜?(Weighted Recall)   : 0.8517
2025-09-26 09:21:10,155 - INFO - 鍔犳潈F1鍒嗘暟 (Weighted F1-score) : 0.8495
2025-09-26 09:21:10,155 - INFO - --- 鍒嗙被鎶ュ憡 (Classification Report) ---
2025-09-26 09:21:10,155 - INFO -               precision    recall  f1-score   support

           0       0.90      0.94      0.92        79
           1       0.89      0.84      0.87        70
           2       0.79      0.84      0.81        49
           3       0.44      0.36      0.40        11

    accuracy                           0.85       209
   macro avg       0.76      0.74      0.75       209
weighted avg       0.85      0.85      0.85       209

2025-09-26 09:21:10,155 - INFO - 
--- 娣锋穯鐭╅樀 (Confusion Matrix) ---
2025-09-26 09:21:12,822 - INFO - New best model saved with F1: 0.8495
2025-09-26 09:25:51,209 - INFO - Epoch 6, Loss: 0.43213634370990534
2025-09-26 09:25:51,209 - INFO - 
--- eval ---
2025-09-26 09:25:55,409 - INFO - 
--- 璇勪及鎸囨爣 ---
2025-09-26 09:25:55,409 - INFO - 鍑嗙‘鐜?(Accuracy)              : 87.08%
2025-09-26 09:25:55,409 - INFO - 鍔犳潈鏌ュ噯鐜?(Weighted Precision): 0.8654
2025-09-26 09:25:55,409 - INFO - 鍔犳潈鏌ュ叏鐜?(Weighted Recall)   : 0.8708
2025-09-26 09:25:55,409 - INFO - 鍔犳潈F1鍒嗘暟 (Weighted F1-score) : 0.8654
2025-09-26 09:25:55,410 - INFO - --- 鍒嗙被鎶ュ憡 (Classification Report) ---
2025-09-26 09:25:55,410 - INFO -               precision    recall  f1-score   support

           0       0.89      0.95      0.92        79
           1       0.90      0.90      0.90        70
           2       0.82      0.82      0.82        49
           3       0.67      0.36      0.47        11

    accuracy                           0.87       209
   macro avg       0.82      0.76      0.78       209
weighted avg       0.87      0.87      0.87       209

2025-09-26 09:25:55,410 - INFO - 
--- 娣锋穯鐭╅樀 (Confusion Matrix) ---
2025-09-26 09:25:58,067 - INFO - New best model saved with F1: 0.8654
2025-09-26 09:30:36,746 - INFO - Epoch 7, Loss: 0.4237700639113029
2025-09-26 09:30:36,746 - INFO - 
--- eval ---
2025-09-26 09:30:40,923 - INFO - 
--- 璇勪及鎸囨爣 ---
2025-09-26 09:30:40,924 - INFO - 鍑嗙‘鐜?(Accuracy)              : 84.69%
2025-09-26 09:30:40,924 - INFO - 鍔犳潈鏌ュ噯鐜?(Weighted Precision): 0.8524
2025-09-26 09:30:40,924 - INFO - 鍔犳潈鏌ュ叏鐜?(Weighted Recall)   : 0.8469
2025-09-26 09:30:40,924 - INFO - 鍔犳潈F1鍒嗘暟 (Weighted F1-score) : 0.8487
2025-09-26 09:30:40,924 - INFO - --- 鍒嗙被鎶ュ憡 (Classification Report) ---
2025-09-26 09:30:40,924 - INFO -               precision    recall  f1-score   support

           0       0.91      0.92      0.92        79
           1       0.86      0.87      0.87        70
           2       0.84      0.76      0.80        49
           3       0.43      0.55      0.48        11

    accuracy                           0.85       209
   macro avg       0.76      0.77      0.76       209
weighted avg       0.85      0.85      0.85       209

2025-09-26 09:30:40,924 - INFO - 
--- 娣锋穯鐭╅樀 (Confusion Matrix) ---
2025-09-26 09:30:43,668 - INFO - New best model saved with F1: 0.8487
2025-09-26 09:35:22,564 - INFO - Epoch 8, Loss: 0.40746365170286714
2025-09-26 09:35:22,564 - INFO - 
--- eval ---
2025-09-26 09:35:26,648 - INFO - 
--- 璇勪及鎸囨爣 ---
2025-09-26 09:35:26,648 - INFO - 鍑嗙‘鐜?(Accuracy)              : 86.12%
2025-09-26 09:35:26,648 - INFO - 鍔犳潈鏌ュ噯鐜?(Weighted Precision): 0.8582
2025-09-26 09:35:26,648 - INFO - 鍔犳潈鏌ュ叏鐜?(Weighted Recall)   : 0.8612
2025-09-26 09:35:26,648 - INFO - 鍔犳潈F1鍒嗘暟 (Weighted F1-score) : 0.8570
2025-09-26 09:35:26,648 - INFO - --- 鍒嗙被鎶ュ憡 (Classification Report) ---
2025-09-26 09:35:26,648 - INFO -               precision    recall  f1-score   support

           0       0.91      0.90      0.90        79
           1       0.89      0.91      0.90        70
           2       0.77      0.84      0.80        49
           3       0.67      0.36      0.47        11

    accuracy                           0.86       209
   macro avg       0.81      0.75      0.77       209
weighted avg       0.86      0.86      0.86       209

2025-09-26 09:35:26,649 - INFO - 
--- 娣锋穯鐭╅樀 (Confusion Matrix) ---
2025-09-26 09:35:29,350 - INFO - New best model saved with F1: 0.8570
2025-09-26 09:40:07,563 - INFO - Epoch 9, Loss: 0.39642390999425614
2025-09-26 09:40:07,563 - INFO - 
--- eval ---
2025-09-26 09:40:11,650 - INFO - 
--- 璇勪及鎸囨爣 ---
2025-09-26 09:40:11,650 - INFO - 鍑嗙‘鐜?(Accuracy)              : 84.69%
2025-09-26 09:40:11,651 - INFO - 鍔犳潈鏌ュ噯鐜?(Weighted Precision): 0.8450
2025-09-26 09:40:11,651 - INFO - 鍔犳潈鏌ュ叏鐜?(Weighted Recall)   : 0.8469
2025-09-26 09:40:11,651 - INFO - 鍔犳潈F1鍒嗘暟 (Weighted F1-score) : 0.8457
2025-09-26 09:40:11,651 - INFO - --- 鍒嗙被鎶ュ憡 (Classification Report) ---
2025-09-26 09:40:11,651 - INFO -               precision    recall  f1-score   support

           0       0.91      0.90      0.90        79
           1       0.86      0.90      0.88        70
           2       0.79      0.78      0.78        49
           3       0.50      0.45      0.48        11

    accuracy                           0.85       209
   macro avg       0.77      0.76      0.76       209
weighted avg       0.85      0.85      0.85       209

2025-09-26 09:40:11,651 - INFO - 
--- 娣锋穯鐭╅樀 (Confusion Matrix) ---
2025-09-26 09:40:14,394 - INFO - New best model saved with F1: 0.8457
2025-09-26 09:44:53,553 - INFO - Epoch 10, Loss: 0.3832467746300002
2025-09-26 09:44:53,553 - INFO - 
--- eval ---
2025-09-26 09:44:57,676 - INFO - 
--- 璇勪及鎸囨爣 ---
2025-09-26 09:44:57,676 - INFO - 鍑嗙‘鐜?(Accuracy)              : 87.08%
2025-09-26 09:44:57,677 - INFO - 鍔犳潈鏌ュ噯鐜?(Weighted Precision): 0.8668
2025-09-26 09:44:57,677 - INFO - 鍔犳潈鏌ュ叏鐜?(Weighted Recall)   : 0.8708
2025-09-26 09:44:57,677 - INFO - 鍔犳潈F1鍒嗘暟 (Weighted F1-score) : 0.8679
2025-09-26 09:44:57,677 - INFO - --- 鍒嗙被鎶ュ憡 (Classification Report) ---
2025-09-26 09:44:57,677 - INFO -               precision    recall  f1-score   support

           0       0.91      0.92      0.92        79
           1       0.88      0.91      0.90        70
           2       0.83      0.82      0.82        49
           3       0.62      0.45      0.53        11

    accuracy                           0.87       209
   macro avg       0.81      0.78      0.79       209
weighted avg       0.87      0.87      0.87       209

2025-09-26 09:44:57,677 - INFO - 
--- 娣锋穯鐭╅樀 (Confusion Matrix) ---
2025-09-26 09:45:00,372 - INFO - New best model saved with F1: 0.8679
2025-09-26 09:45:00,373 - INFO - 
--- testing ---
2025-09-26 09:45:37,559 - INFO - 
--- 璇勪及鎸囨爣 ---
2025-09-26 09:45:37,559 - INFO - 鍑嗙‘鐜?(Accuracy)              : 87.23%
2025-09-26 09:45:37,559 - INFO - 鍔犳潈鏌ュ噯鐜?(Weighted Precision): 0.8702
2025-09-26 09:45:37,560 - INFO - 鍔犳潈鏌ュ叏鐜?(Weighted Recall)   : 0.8723
2025-09-26 09:45:37,560 - INFO - 鍔犳潈F1鍒嗘暟 (Weighted F1-score) : 0.8694
2025-09-26 09:45:37,560 - INFO - --- 鍒嗙被鎶ュ憡 (Classification Report) ---
2025-09-26 09:45:37,560 - INFO -               precision    recall  f1-score   support

           0       0.90      0.91      0.90       682
           1       0.86      0.92      0.89       610
           2       0.88      0.85      0.87       466
           3       0.75      0.53      0.62       129

    accuracy                           0.87      1887
   macro avg       0.85      0.80      0.82      1887
weighted avg       0.87      0.87      0.87      1887

2025-09-26 09:45:37,560 - INFO - 
--- 娣锋穯鐭╅樀 (Confusion Matrix) ---
2025-09-26 09:45:37,562 - INFO - -----------------  2  -----------------
2025-09-26 09:50:30,363 - INFO - Epoch 1, Loss: 0.6085628202927658
2025-09-26 09:50:30,363 - INFO - 
--- eval ---
2025-09-26 09:50:34,468 - INFO - 
--- 璇勪及鎸囨爣 ---
2025-09-26 09:50:34,468 - INFO - 鍑嗙‘鐜?(Accuracy)              : 80.86%
2025-09-26 09:50:34,468 - INFO - 鍔犳潈鏌ュ噯鐜?(Weighted Precision): 0.8190
2025-09-26 09:50:34,468 - INFO - 鍔犳潈鏌ュ叏鐜?(Weighted Recall)   : 0.8086
2025-09-26 09:50:34,468 - INFO - 鍔犳潈F1鍒嗘暟 (Weighted F1-score) : 0.8112
2025-09-26 09:50:34,468 - INFO - --- 鍒嗙被鎶ュ憡 (Classification Report) ---
2025-09-26 09:50:34,468 - INFO -               precision    recall  f1-score   support

           0       0.92      0.82      0.87        79
           1       0.78      0.89      0.83        70
           2       0.80      0.73      0.77        49
           3       0.43      0.55      0.48        11

    accuracy                           0.81       209
   macro avg       0.73      0.75      0.74       209
weighted avg       0.82      0.81      0.81       209

2025-09-26 09:50:34,469 - INFO - 
--- 娣锋穯鐭╅樀 (Confusion Matrix) ---
2025-09-26 09:50:37,194 - INFO - New best model saved with F1: 0.8112
2025-09-26 09:55:20,515 - INFO - Epoch 2, Loss: 0.4908201490328008
2025-09-26 09:55:20,516 - INFO - 
--- eval ---
2025-09-26 09:55:24,654 - INFO - 
--- 璇勪及鎸囨爣 ---
2025-09-26 09:55:24,654 - INFO - 鍑嗙‘鐜?(Accuracy)              : 81.82%
2025-09-26 09:55:24,654 - INFO - 鍔犳潈鏌ュ噯鐜?(Weighted Precision): 0.8285
2025-09-26 09:55:24,655 - INFO - 鍔犳潈鏌ュ叏鐜?(Weighted Recall)   : 0.8182
2025-09-26 09:55:24,655 - INFO - 鍔犳潈F1鍒嗘暟 (Weighted F1-score) : 0.7949
2025-09-26 09:55:24,655 - INFO - --- 鍒嗙被鎶ュ憡 (Classification Report) ---
2025-09-26 09:55:24,655 - INFO -               precision    recall  f1-score   support

           0       0.80      0.97      0.88        79
           1       0.83      0.91      0.87        70
           2       0.83      0.59      0.69        49
           3       1.00      0.09      0.17        11

    accuracy                           0.82       209
   macro avg       0.87      0.64      0.65       209
weighted avg       0.83      0.82      0.79       209

2025-09-26 09:55:24,655 - INFO - 
--- 娣锋穯鐭╅樀 (Confusion Matrix) ---
2025-09-26 09:55:27,449 - INFO - New best model saved with F1: 0.7949
2025-09-26 10:00:10,102 - INFO - Epoch 3, Loss: 0.45519199860860515
2025-09-26 10:00:10,103 - INFO - 
--- eval ---
2025-09-26 10:00:14,330 - INFO - 
--- 璇勪及鎸囨爣 ---
2025-09-26 10:00:14,330 - INFO - 鍑嗙‘鐜?(Accuracy)              : 86.60%
2025-09-26 10:00:14,330 - INFO - 鍔犳潈鏌ュ噯鐜?(Weighted Precision): 0.8651
2025-09-26 10:00:14,330 - INFO - 鍔犳潈鏌ュ叏鐜?(Weighted Recall)   : 0.8660
2025-09-26 10:00:14,330 - INFO - 鍔犳潈F1鍒嗘暟 (Weighted F1-score) : 0.8655
2025-09-26 10:00:14,330 - INFO - --- 鍒嗙被鎶ュ憡 (Classification Report) ---
2025-09-26 10:00:14,331 - INFO -               precision    recall  f1-score   support

           0       0.91      0.91      0.91        79
           1       0.90      0.90      0.90        70
           2       0.80      0.82      0.81        49
           3       0.60      0.55      0.57        11

    accuracy                           0.87       209
   macro avg       0.80      0.79      0.80       209
weighted avg       0.87      0.87      0.87       209

2025-09-26 10:00:14,331 - INFO - 
--- 娣锋穯鐭╅樀 (Confusion Matrix) ---
2025-09-26 10:00:16,992 - INFO - New best model saved with F1: 0.8655
2025-09-26 10:05:00,246 - INFO - Epoch 4, Loss: 0.4569589769759891
2025-09-26 10:05:00,246 - INFO - 
--- eval ---
2025-09-26 10:05:04,391 - INFO - 
--- 璇勪及鎸囨爣 ---
2025-09-26 10:05:04,391 - INFO - 鍑嗙‘鐜?(Accuracy)              : 82.78%
2025-09-26 10:05:04,392 - INFO - 鍔犳潈鏌ュ噯鐜?(Weighted Precision): 0.8265
2025-09-26 10:05:04,392 - INFO - 鍔犳潈鏌ュ叏鐜?(Weighted Recall)   : 0.8278
2025-09-26 10:05:04,392 - INFO - 鍔犳潈F1鍒嗘暟 (Weighted F1-score) : 0.8186
2025-09-26 10:05:04,392 - INFO - --- 鍒嗙被鎶ュ憡 (Classification Report) ---
2025-09-26 10:05:04,392 - INFO -               precision    recall  f1-score   support

           0       0.80      0.99      0.89        79
           1       0.90      0.77      0.83        70
           2       0.81      0.78      0.79        49
           3       0.60      0.27      0.38        11

    accuracy                           0.83       209
   macro avg       0.78      0.70      0.72       209
weighted avg       0.83      0.83      0.82       209

2025-09-26 10:05:04,392 - INFO - 
--- 娣锋穯鐭╅樀 (Confusion Matrix) ---
2025-09-26 10:05:07,058 - INFO - New best model saved with F1: 0.8186
2025-09-26 10:09:47,975 - INFO - Epoch 5, Loss: 0.45416818621257943
2025-09-26 10:09:47,975 - INFO - 
--- eval ---
2025-09-26 10:09:52,072 - INFO - 
--- 璇勪及鎸囨爣 ---
2025-09-26 10:09:52,073 - INFO - 鍑嗙‘鐜?(Accuracy)              : 85.17%
2025-09-26 10:09:52,073 - INFO - 鍔犳潈鏌ュ噯鐜?(Weighted Precision): 0.8392
2025-09-26 10:09:52,073 - INFO - 鍔犳潈鏌ュ叏鐜?(Weighted Recall)   : 0.8517
2025-09-26 10:09:52,073 - INFO - 鍔犳潈F1鍒嗘暟 (Weighted F1-score) : 0.8407
2025-09-26 10:09:52,073 - INFO - --- 鍒嗙被鎶ュ憡 (Classification Report) ---
2025-09-26 10:09:52,073 - INFO -               precision    recall  f1-score   support

           0       0.87      0.96      0.92        79
           1       0.88      0.87      0.88        70
           2       0.80      0.80      0.80        49
           3       0.50      0.18      0.27        11

    accuracy                           0.85       209
   macro avg       0.76      0.70      0.71       209
weighted avg       0.84      0.85      0.84       209

2025-09-26 10:09:52,073 - INFO - 
--- 娣锋穯鐭╅樀 (Confusion Matrix) ---
2025-09-26 10:09:54,829 - INFO - New best model saved with F1: 0.8407
2025-09-26 10:14:33,534 - INFO - Epoch 6, Loss: 0.4475965510256394
2025-09-26 10:14:33,535 - INFO - 
--- eval ---
2025-09-26 10:14:37,592 - INFO - 
--- 璇勪及鎸囨爣 ---
2025-09-26 10:14:37,592 - INFO - 鍑嗙‘鐜?(Accuracy)              : 86.60%
2025-09-26 10:14:37,592 - INFO - 鍔犳潈鏌ュ噯鐜?(Weighted Precision): 0.8651
2025-09-26 10:14:37,592 - INFO - 鍔犳潈鏌ュ叏鐜?(Weighted Recall)   : 0.8660
2025-09-26 10:14:37,592 - INFO - 鍔犳潈F1鍒嗘暟 (Weighted F1-score) : 0.8655
2025-09-26 10:14:37,592 - INFO - --- 鍒嗙被鎶ュ憡 (Classification Report) ---
2025-09-26 10:14:37,592 - INFO -               precision    recall  f1-score   support

           0       0.91      0.91      0.91        79
           1       0.90      0.90      0.90        70
           2       0.80      0.82      0.81        49
           3       0.60      0.55      0.57        11

    accuracy                           0.87       209
   macro avg       0.80      0.79      0.80       209
weighted avg       0.87      0.87      0.87       209

2025-09-26 10:14:37,593 - INFO - 
--- 娣锋穯鐭╅樀 (Confusion Matrix) ---
2025-09-26 10:14:40,313 - INFO - New best model saved with F1: 0.8655
2025-09-26 10:19:16,406 - INFO - Epoch 7, Loss: 0.42586775835043467
2025-09-26 10:19:16,407 - INFO - 
--- eval ---
2025-09-26 10:19:19,959 - INFO - 
--- 璇勪及鎸囨爣 ---
2025-09-26 10:19:19,960 - INFO - 鍑嗙‘鐜?(Accuracy)              : 78.95%
2025-09-26 10:19:19,960 - INFO - 鍔犳潈鏌ュ噯鐜?(Weighted Precision): 0.7520
2025-09-26 10:19:19,960 - INFO - 鍔犳潈鏌ュ叏鐜?(Weighted Recall)   : 0.7895
2025-09-26 10:19:19,960 - INFO - 鍔犳潈F1鍒嗘暟 (Weighted F1-score) : 0.7628
2025-09-26 10:19:19,960 - INFO - --- 鍒嗙被鎶ュ憡 (Classification Report) ---
2025-09-26 10:19:19,960 - INFO -               precision    recall  f1-score   support

           0       0.75      0.97      0.85        79
           1       0.84      0.83      0.83        70
           2       0.79      0.61      0.69        49
           3       0.00      0.00      0.00        11

    accuracy                           0.79       209
   macro avg       0.60      0.60      0.59       209
weighted avg       0.75      0.79      0.76       209

2025-09-26 10:19:19,960 - INFO - 
--- 娣锋穯鐭╅樀 (Confusion Matrix) ---
2025-09-26 10:19:22,651 - INFO - New best model saved with F1: 0.7628
2025-09-26 10:23:25,292 - INFO - Epoch 8, Loss: 0.42553859912589487
2025-09-26 10:23:25,293 - INFO - 
--- eval ---
2025-09-26 10:23:28,916 - INFO - 
--- 璇勪及鎸囨爣 ---
2025-09-26 10:23:28,916 - INFO - 鍑嗙‘鐜?(Accuracy)              : 84.21%
2025-09-26 10:23:28,916 - INFO - 鍔犳潈鏌ュ噯鐜?(Weighted Precision): 0.8427
2025-09-26 10:23:28,916 - INFO - 鍔犳潈鏌ュ叏鐜?(Weighted Recall)   : 0.8421
2025-09-26 10:23:28,916 - INFO - 鍔犳潈F1鍒嗘暟 (Weighted F1-score) : 0.8417
2025-09-26 10:23:28,917 - INFO - --- 鍒嗙被鎶ュ憡 (Classification Report) ---
2025-09-26 10:23:28,917 - INFO -               precision    recall  f1-score   support

           0       0.92      0.86      0.89        79
           1       0.85      0.90      0.88        70
           2       0.78      0.82      0.80        49
           3       0.50      0.45      0.48        11

    accuracy                           0.84       209
   macro avg       0.76      0.76      0.76       209
weighted avg       0.84      0.84      0.84       209

2025-09-26 10:23:28,917 - INFO - 
--- 娣锋穯鐭╅樀 (Confusion Matrix) ---
2025-09-26 10:23:31,626 - INFO - New best model saved with F1: 0.8417
2025-09-26 10:27:23,806 - INFO - Epoch 9, Loss: 0.41010612462117685
2025-09-26 10:27:23,806 - INFO - 
--- eval ---
2025-09-26 10:27:27,116 - INFO - 
--- 璇勪及鎸囨爣 ---
2025-09-26 10:27:27,116 - INFO - 鍑嗙‘鐜?(Accuracy)              : 85.17%
2025-09-26 10:27:27,117 - INFO - 鍔犳潈鏌ュ噯鐜?(Weighted Precision): 0.8558
2025-09-26 10:27:27,117 - INFO - 鍔犳潈鏌ュ叏鐜?(Weighted Recall)   : 0.8517
2025-09-26 10:27:27,117 - INFO - 鍔犳潈F1鍒嗘暟 (Weighted F1-score) : 0.8535
2025-09-26 10:27:27,117 - INFO - --- 鍒嗙被鎶ュ憡 (Classification Report) ---
2025-09-26 10:27:27,117 - INFO -               precision    recall  f1-score   support

           0       0.91      0.91      0.91        79
           1       0.90      0.87      0.88        70
           2       0.80      0.80      0.80        49
           3       0.46      0.55      0.50        11

    accuracy                           0.85       209
   macro avg       0.77      0.78      0.77       209
weighted avg       0.86      0.85      0.85       209

2025-09-26 10:27:27,117 - INFO - 
--- 娣锋穯鐭╅樀 (Confusion Matrix) ---
2025-09-26 10:27:29,867 - INFO - New best model saved with F1: 0.8535
2025-09-26 10:32:04,570 - INFO - Epoch 10, Loss: 0.39914909391085696
2025-09-26 10:32:04,570 - INFO - 
--- eval ---
2025-09-26 10:32:08,760 - INFO - 
--- 璇勪及鎸囨爣 ---
2025-09-26 10:32:08,761 - INFO - 鍑嗙‘鐜?(Accuracy)              : 86.12%
2025-09-26 10:32:08,761 - INFO - 鍔犳潈鏌ュ噯鐜?(Weighted Precision): 0.8581
2025-09-26 10:32:08,761 - INFO - 鍔犳潈鏌ュ叏鐜?(Weighted Recall)   : 0.8612
2025-09-26 10:32:08,761 - INFO - 鍔犳潈F1鍒嗘暟 (Weighted F1-score) : 0.8593
2025-09-26 10:32:08,761 - INFO - --- 鍒嗙被鎶ュ憡 (Classification Report) ---
2025-09-26 10:32:08,761 - INFO -               precision    recall  f1-score   support

           0       0.91      0.91      0.91        79
           1       0.89      0.91      0.90        70
           2       0.80      0.80      0.80        49
           3       0.56      0.45      0.50        11

    accuracy                           0.86       209
   macro avg       0.79      0.77      0.78       209
weighted avg       0.86      0.86      0.86       209

2025-09-26 10:32:08,761 - INFO - 
--- 娣锋穯鐭╅樀 (Confusion Matrix) ---
2025-09-26 10:32:11,483 - INFO - New best model saved with F1: 0.8593
2025-09-26 10:32:11,484 - INFO - 
--- testing ---
2025-09-26 10:32:48,582 - INFO - 
--- 璇勪及鎸囨爣 ---
2025-09-26 10:32:48,582 - INFO - 鍑嗙‘鐜?(Accuracy)              : 87.39%
2025-09-26 10:32:48,583 - INFO - 鍔犳潈鏌ュ噯鐜?(Weighted Precision): 0.8720
2025-09-26 10:32:48,583 - INFO - 鍔犳潈鏌ュ叏鐜?(Weighted Recall)   : 0.8739
2025-09-26 10:32:48,583 - INFO - 鍔犳潈F1鍒嗘暟 (Weighted F1-score) : 0.8714
2025-09-26 10:32:48,583 - INFO - --- 鍒嗙被鎶ュ憡 (Classification Report) ---
2025-09-26 10:32:48,583 - INFO -               precision    recall  f1-score   support

           0       0.91      0.90      0.90       682
           1       0.86      0.93      0.89       610
           2       0.88      0.86      0.87       466
           3       0.74      0.54      0.63       129

    accuracy                           0.87      1887
   macro avg       0.85      0.81      0.82      1887
weighted avg       0.87      0.87      0.87      1887

2025-09-26 10:32:48,583 - INFO - 
--- 娣锋穯鐭╅樀 (Confusion Matrix) ---
2025-09-26 10:32:48,585 - INFO - -----------------  3  -----------------
2025-09-26 10:37:37,916 - INFO - Epoch 1, Loss: 0.7643753178417683
2025-09-26 10:37:37,916 - INFO - 
--- eval ---
2025-09-26 10:37:42,022 - INFO - 
--- 璇勪及鎸囨爣 ---
2025-09-26 10:37:42,022 - INFO - 鍑嗙‘鐜?(Accuracy)              : 81.34%
2025-09-26 10:37:42,022 - INFO - 鍔犳潈鏌ュ噯鐜?(Weighted Precision): 0.8574
2025-09-26 10:37:42,023 - INFO - 鍔犳潈鏌ュ叏鐜?(Weighted Recall)   : 0.8134
2025-09-26 10:37:42,023 - INFO - 鍔犳潈F1鍒嗘暟 (Weighted F1-score) : 0.8282
2025-09-26 10:37:42,023 - INFO - --- 鍒嗙被鎶ュ憡 (Classification Report) ---
2025-09-26 10:37:42,023 - INFO -               precision    recall  f1-score   support

           0       0.91      0.91      0.91        79
           1       0.92      0.80      0.85        70
           2       0.81      0.69      0.75        49
           3       0.30      0.73      0.42        11

    accuracy                           0.81       209
   macro avg       0.73      0.78      0.73       209
weighted avg       0.86      0.81      0.83       209

2025-09-26 10:37:42,023 - INFO - 
--- 娣锋穯鐭╅樀 (Confusion Matrix) ---
2025-09-26 10:37:44,709 - INFO - New best model saved with F1: 0.8282
2025-09-26 10:42:22,947 - INFO - Epoch 2, Loss: 0.4802092252834852
2025-09-26 10:42:22,947 - INFO - 
--- eval ---
2025-09-26 10:42:27,078 - INFO - 
--- 璇勪及鎸囨爣 ---
2025-09-26 10:42:27,078 - INFO - 鍑嗙‘鐜?(Accuracy)              : 85.17%
2025-09-26 10:42:27,078 - INFO - 鍔犳潈鏌ュ噯鐜?(Weighted Precision): 0.8492
2025-09-26 10:42:27,078 - INFO - 鍔犳潈鏌ュ叏鐜?(Weighted Recall)   : 0.8517
2025-09-26 10:42:27,079 - INFO - 鍔犳潈F1鍒嗘暟 (Weighted F1-score) : 0.8500
2025-09-26 10:42:27,079 - INFO - --- 鍒嗙被鎶ュ憡 (Classification Report) ---
2025-09-26 10:42:27,079 - INFO -               precision    recall  f1-score   support

           0       0.91      0.91      0.91        79
           1       0.90      0.89      0.89        70
           2       0.77      0.82      0.79        49
           3       0.44      0.36      0.40        11

    accuracy                           0.85       209
   macro avg       0.76      0.74      0.75       209
weighted avg       0.85      0.85      0.85       209

2025-09-26 10:42:27,079 - INFO - 
--- 娣锋穯鐭╅樀 (Confusion Matrix) ---
2025-09-26 10:42:29,818 - INFO - New best model saved with F1: 0.8500
2025-09-26 10:47:07,171 - INFO - Epoch 3, Loss: 0.4639491577316197
2025-09-26 10:47:07,171 - INFO - 
--- eval ---
2025-09-26 10:47:11,303 - INFO - 
--- 璇勪及鎸囨爣 ---
2025-09-26 10:47:11,303 - INFO - 鍑嗙‘鐜?(Accuracy)              : 86.60%
2025-09-26 10:47:11,303 - INFO - 鍔犳潈鏌ュ噯鐜?(Weighted Precision): 0.8651
2025-09-26 10:47:11,304 - INFO - 鍔犳潈鏌ュ叏鐜?(Weighted Recall)   : 0.8660
2025-09-26 10:47:11,304 - INFO - 鍔犳潈F1鍒嗘暟 (Weighted F1-score) : 0.8655
2025-09-26 10:47:11,304 - INFO - --- 鍒嗙被鎶ュ憡 (Classification Report) ---
2025-09-26 10:47:11,304 - INFO -               precision    recall  f1-score   support

           0       0.91      0.91      0.91        79
           1       0.90      0.90      0.90        70
           2       0.80      0.82      0.81        49
           3       0.60      0.55      0.57        11

    accuracy                           0.87       209
   macro avg       0.80      0.79      0.80       209
weighted avg       0.87      0.87      0.87       209

2025-09-26 10:47:11,304 - INFO - 
--- 娣锋穯鐭╅樀 (Confusion Matrix) ---
2025-09-26 10:47:14,157 - INFO - New best model saved with F1: 0.8655
2025-09-26 10:51:55,047 - INFO - Epoch 4, Loss: 0.4607842938998848
2025-09-26 10:51:55,048 - INFO - 
--- eval ---
2025-09-26 10:51:59,071 - INFO - 
--- 璇勪及鎸囨爣 ---
2025-09-26 10:51:59,072 - INFO - 鍑嗙‘鐜?(Accuracy)              : 85.65%
2025-09-26 10:51:59,072 - INFO - 鍔犳潈鏌ュ噯鐜?(Weighted Precision): 0.8566
2025-09-26 10:51:59,072 - INFO - 鍔犳潈鏌ュ叏鐜?(Weighted Recall)   : 0.8565
2025-09-26 10:51:59,072 - INFO - 鍔犳潈F1鍒嗘暟 (Weighted F1-score) : 0.8565
2025-09-26 10:51:59,072 - INFO - --- 鍒嗙被鎶ュ憡 (Classification Report) ---
2025-09-26 10:51:59,072 - INFO -               precision    recall  f1-score   support

           0       0.91      0.90      0.90        79
           1       0.89      0.90      0.89        70
           2       0.80      0.80      0.80        49
           3       0.55      0.55      0.55        11

    accuracy                           0.86       209
   macro avg       0.78      0.79      0.78       209
weighted avg       0.86      0.86      0.86       209

2025-09-26 10:51:59,073 - INFO - 
--- 娣锋穯鐭╅樀 (Confusion Matrix) ---
2025-09-26 10:52:01,778 - INFO - New best model saved with F1: 0.8565
2025-09-26 10:56:44,215 - INFO - Epoch 5, Loss: 0.44525167425741363
2025-09-26 10:56:44,215 - INFO - 
--- eval ---
2025-09-26 10:56:48,277 - INFO - 
--- 璇勪及鎸囨爣 ---
2025-09-26 10:56:48,277 - INFO - 鍑嗙‘鐜?(Accuracy)              : 86.12%
2025-09-26 10:56:48,277 - INFO - 鍔犳潈鏌ュ噯鐜?(Weighted Precision): 0.8590
2025-09-26 10:56:48,277 - INFO - 鍔犳潈鏌ュ叏鐜?(Weighted Recall)   : 0.8612
2025-09-26 10:56:48,277 - INFO - 鍔犳潈F1鍒嗘暟 (Weighted F1-score) : 0.8574
2025-09-26 10:56:48,277 - INFO - --- 鍒嗙被鎶ュ憡 (Classification Report) ---
2025-09-26 10:56:48,278 - INFO -               precision    recall  f1-score   support

           0       0.91      0.91      0.91        79
           1       0.90      0.90      0.90        70
           2       0.76      0.84      0.80        49
           3       0.67      0.36      0.47        11

    accuracy                           0.86       209
   macro avg       0.81      0.75      0.77       209
weighted avg       0.86      0.86      0.86       209

2025-09-26 10:56:48,278 - INFO - 
--- 娣锋穯鐭╅樀 (Confusion Matrix) ---
2025-09-26 10:56:51,010 - INFO - New best model saved with F1: 0.8574
2025-09-26 11:01:29,378 - INFO - Epoch 6, Loss: 0.44089004370304785
2025-09-26 11:01:29,378 - INFO - 
--- eval ---
2025-09-26 11:01:33,477 - INFO - 
--- 璇勪及鎸囨爣 ---
2025-09-26 11:01:33,477 - INFO - 鍑嗙‘鐜?(Accuracy)              : 84.69%
2025-09-26 11:01:33,477 - INFO - 鍔犳潈鏌ュ噯鐜?(Weighted Precision): 0.8458
2025-09-26 11:01:33,478 - INFO - 鍔犳潈鏌ュ叏鐜?(Weighted Recall)   : 0.8469
2025-09-26 11:01:33,478 - INFO - 鍔犳潈F1鍒嗘暟 (Weighted F1-score) : 0.8456
2025-09-26 11:01:33,478 - INFO - --- 鍒嗙被鎶ュ憡 (Classification Report) ---
2025-09-26 11:01:33,478 - INFO -               precision    recall  f1-score   support

           0       0.91      0.91      0.91        79
           1       0.90      0.86      0.88        70
           2       0.76      0.84      0.80        49
           3       0.44      0.36      0.40        11

    accuracy                           0.85       209
   macro avg       0.75      0.74      0.75       209
weighted avg       0.85      0.85      0.85       209

2025-09-26 11:01:33,478 - INFO - 
--- 娣锋穯鐭╅樀 (Confusion Matrix) ---
2025-09-26 11:01:36,281 - INFO - New best model saved with F1: 0.8456
2025-09-26 11:06:16,601 - INFO - Epoch 7, Loss: 0.43887221955639477
2025-09-26 11:06:16,601 - INFO - 
--- eval ---
2025-09-26 11:06:20,677 - INFO - 
--- 璇勪及鎸囨爣 ---
2025-09-26 11:06:20,677 - INFO - 鍑嗙‘鐜?(Accuracy)              : 84.69%
2025-09-26 11:06:20,677 - INFO - 鍔犳潈鏌ュ噯鐜?(Weighted Precision): 0.8391
2025-09-26 11:06:20,677 - INFO - 鍔犳潈鏌ュ叏鐜?(Weighted Recall)   : 0.8469
2025-09-26 11:06:20,678 - INFO - 鍔犳潈F1鍒嗘暟 (Weighted F1-score) : 0.8383
2025-09-26 11:06:20,678 - INFO - --- 鍒嗙被鎶ュ憡 (Classification Report) ---
2025-09-26 11:06:20,678 - INFO -               precision    recall  f1-score   support

           0       0.91      0.91      0.91        79
           1       0.89      0.89      0.89        70
           2       0.73      0.84      0.78        49
           3       0.50      0.18      0.27        11

    accuracy                           0.85       209
   macro avg       0.76      0.70      0.71       209
weighted avg       0.84      0.85      0.84       209

2025-09-26 11:06:20,678 - INFO - 
--- 娣锋穯鐭╅樀 (Confusion Matrix) ---
2025-09-26 11:06:23,510 - INFO - New best model saved with F1: 0.8383
2025-09-26 11:11:06,062 - INFO - Epoch 8, Loss: 0.4338579360362191
2025-09-26 11:11:06,063 - INFO - 
--- eval ---
2025-09-26 11:11:10,281 - INFO - 
--- 璇勪及鎸囨爣 ---
2025-09-26 11:11:10,281 - INFO - 鍑嗙‘鐜?(Accuracy)              : 83.73%
2025-09-26 11:11:10,282 - INFO - 鍔犳潈鏌ュ噯鐜?(Weighted Precision): 0.8329
2025-09-26 11:11:10,282 - INFO - 鍔犳潈鏌ュ叏鐜?(Weighted Recall)   : 0.8373
2025-09-26 11:11:10,282 - INFO - 鍔犳潈F1鍒嗘暟 (Weighted F1-score) : 0.8327
2025-09-26 11:11:10,282 - INFO - --- 鍒嗙被鎶ュ憡 (Classification Report) ---
2025-09-26 11:11:10,282 - INFO -               precision    recall  f1-score   support

           0       0.84      0.94      0.89        79
           1       0.89      0.84      0.87        70
           2       0.79      0.78      0.78        49
           3       0.57      0.36      0.44        11

    accuracy                           0.84       209
   macro avg       0.77      0.73      0.75       209
weighted avg       0.83      0.84      0.83       209

2025-09-26 11:11:10,282 - INFO - 
--- 娣锋穯鐭╅樀 (Confusion Matrix) ---
2025-09-26 11:11:14,260 - INFO - New best model saved with F1: 0.8327
2025-09-26 11:15:57,607 - INFO - Epoch 9, Loss: 0.4377225700011051
2025-09-26 11:15:57,608 - INFO - 
--- eval ---
2025-09-26 11:16:01,883 - INFO - 
--- 璇勪及鎸囨爣 ---
2025-09-26 11:16:01,883 - INFO - 鍑嗙‘鐜?(Accuracy)              : 85.65%
2025-09-26 11:16:01,883 - INFO - 鍔犳潈鏌ュ噯鐜?(Weighted Precision): 0.8601
2025-09-26 11:16:01,883 - INFO - 鍔犳潈鏌ュ叏鐜?(Weighted Recall)   : 0.8565
2025-09-26 11:16:01,883 - INFO - 鍔犳潈F1鍒嗘暟 (Weighted F1-score) : 0.8580
2025-09-26 11:16:01,884 - INFO - --- 鍒嗙被鎶ュ憡 (Classification Report) ---
2025-09-26 11:16:01,884 - INFO -               precision    recall  f1-score   support

           0       0.91      0.92      0.92        79
           1       0.90      0.87      0.88        70
           2       0.81      0.80      0.80        49
           3       0.46      0.55      0.50        11

    accuracy                           0.86       209
   macro avg       0.77      0.78      0.78       209
weighted avg       0.86      0.86      0.86       209

2025-09-26 11:16:01,884 - INFO - 
--- 娣锋穯鐭╅樀 (Confusion Matrix) ---
2025-09-26 11:16:04,656 - INFO - New best model saved with F1: 0.8580
2025-09-26 11:20:47,983 - INFO - Epoch 10, Loss: 0.4144417331249642
2025-09-26 11:20:47,983 - INFO - 
--- eval ---
2025-09-26 11:20:52,150 - INFO - 
--- 璇勪及鎸囨爣 ---
2025-09-26 11:20:52,150 - INFO - 鍑嗙‘鐜?(Accuracy)              : 85.65%
2025-09-26 11:20:52,150 - INFO - 鍔犳潈鏌ュ噯鐜?(Weighted Precision): 0.8575
2025-09-26 11:20:52,151 - INFO - 鍔犳潈鏌ュ叏鐜?(Weighted Recall)   : 0.8565
2025-09-26 11:20:52,151 - INFO - 鍔犳潈F1鍒嗘暟 (Weighted F1-score) : 0.8568
2025-09-26 11:20:52,151 - INFO - --- 鍒嗙被鎶ュ憡 (Classification Report) ---
2025-09-26 11:20:52,151 - INFO -               precision    recall  f1-score   support

           0       0.90      0.92      0.91        79
           1       0.90      0.89      0.89        70
           2       0.81      0.78      0.79        49
           3       0.50      0.55      0.52        11

    accuracy                           0.86       209
   macro avg       0.78      0.78      0.78       209
weighted avg       0.86      0.86      0.86       209

2025-09-26 11:20:52,151 - INFO - 
--- 娣锋穯鐭╅樀 (Confusion Matrix) ---
2025-09-26 11:20:54,880 - INFO - New best model saved with F1: 0.8568
2025-09-26 11:20:54,880 - INFO - 
--- testing ---
2025-09-26 11:21:32,652 - INFO - 
--- 璇勪及鎸囨爣 ---
2025-09-26 11:21:32,652 - INFO - 鍑嗙‘鐜?(Accuracy)              : 87.07%
2025-09-26 11:21:32,653 - INFO - 鍔犳潈鏌ュ噯鐜?(Weighted Precision): 0.8685
2025-09-26 11:21:32,653 - INFO - 鍔犳潈鏌ュ叏鐜?(Weighted Recall)   : 0.8707
2025-09-26 11:21:32,653 - INFO - 鍔犳潈F1鍒嗘暟 (Weighted F1-score) : 0.8688
2025-09-26 11:21:32,653 - INFO - --- 鍒嗙被鎶ュ憡 (Classification Report) ---
2025-09-26 11:21:32,653 - INFO -               precision    recall  f1-score   support

           0       0.89      0.90      0.90       682
           1       0.87      0.92      0.89       610
           2       0.88      0.85      0.86       466
           3       0.70      0.57      0.63       129

    accuracy                           0.87      1887
   macro avg       0.84      0.81      0.82      1887
weighted avg       0.87      0.87      0.87      1887

2025-09-26 11:21:32,653 - INFO - 
--- 娣锋穯鐭╅樀 (Confusion Matrix) ---
2025-09-26 11:21:32,655 - INFO - -----------------  4  -----------------
2025-09-26 11:26:27,149 - INFO - Epoch 1, Loss: 0.8607295332293884
2025-09-26 11:26:27,149 - INFO - 
--- eval ---
2025-09-26 11:26:31,271 - INFO - 
--- 璇勪及鎸囨爣 ---
2025-09-26 11:26:31,271 - INFO - 鍑嗙‘鐜?(Accuracy)              : 83.25%
2025-09-26 11:26:31,271 - INFO - 鍔犳潈鏌ュ噯鐜?(Weighted Precision): 0.8319
2025-09-26 11:26:31,271 - INFO - 鍔犳潈鏌ュ叏鐜?(Weighted Recall)   : 0.8325
2025-09-26 11:26:31,271 - INFO - 鍔犳潈F1鍒嗘暟 (Weighted F1-score) : 0.8306
2025-09-26 11:26:31,271 - INFO - --- 鍒嗙被鎶ュ憡 (Classification Report) ---
2025-09-26 11:26:31,272 - INFO -               precision    recall  f1-score   support

           0       0.91      0.86      0.88        79
           1       0.81      0.89      0.84        70
           2       0.80      0.80      0.80        49
           3       0.62      0.45      0.53        11

    accuracy                           0.83       209
   macro avg       0.78      0.75      0.76       209
weighted avg       0.83      0.83      0.83       209

2025-09-26 11:26:31,272 - INFO - 
--- 娣锋穯鐭╅樀 (Confusion Matrix) ---
2025-09-26 11:26:34,163 - INFO - New best model saved with F1: 0.8306
2025-09-26 11:31:17,603 - INFO - Epoch 2, Loss: 0.49217659876578385
2025-09-26 11:31:17,603 - INFO - 
--- eval ---
2025-09-26 11:31:21,811 - INFO - 
--- 璇勪及鎸囨爣 ---
2025-09-26 11:31:21,811 - INFO - 鍑嗙‘鐜?(Accuracy)              : 83.25%
2025-09-26 11:31:21,812 - INFO - 鍔犳潈鏌ュ噯鐜?(Weighted Precision): 0.8265
2025-09-26 11:31:21,812 - INFO - 鍔犳潈鏌ュ叏鐜?(Weighted Recall)   : 0.8325
2025-09-26 11:31:21,812 - INFO - 鍔犳潈F1鍒嗘暟 (Weighted F1-score) : 0.8202
2025-09-26 11:31:21,812 - INFO - --- 鍒嗙被鎶ュ憡 (Classification Report) ---
2025-09-26 11:31:21,812 - INFO -               precision    recall  f1-score   support

           0       0.91      0.91      0.91        79
           1       0.88      0.86      0.87        70
           2       0.68      0.84      0.75        49
           3       0.50      0.09      0.15        11

    accuracy                           0.83       209
   macro avg       0.74      0.67      0.67       209
weighted avg       0.83      0.83      0.82       209

2025-09-26 11:31:21,812 - INFO - 
--- 娣锋穯鐭╅樀 (Confusion Matrix) ---
2025-09-26 11:31:24,538 - INFO - New best model saved with F1: 0.8202
2025-09-26 11:36:05,920 - INFO - Epoch 3, Loss: 0.4720814707597681
2025-09-26 11:36:05,920 - INFO - 
--- eval ---
2025-09-26 11:36:09,415 - INFO - 
--- 璇勪及鎸囨爣 ---
2025-09-26 11:36:09,415 - INFO - 鍑嗙‘鐜?(Accuracy)              : 84.21%
2025-09-26 11:36:09,416 - INFO - 鍔犳潈鏌ュ噯鐜?(Weighted Precision): 0.8531
2025-09-26 11:36:09,416 - INFO - 鍔犳潈鏌ュ叏鐜?(Weighted Recall)   : 0.8421
2025-09-26 11:36:09,416 - INFO - 鍔犳潈F1鍒嗘暟 (Weighted F1-score) : 0.8464
2025-09-26 11:36:09,416 - INFO - --- 鍒嗙被鎶ュ憡 (Classification Report) ---
2025-09-26 11:36:09,416 - INFO -               precision    recall  f1-score   support

           0       0.91      0.90      0.90        79
           1       0.89      0.84      0.87        70
           2       0.80      0.80      0.80        49
           3       0.44      0.64      0.52        11

    accuracy                           0.84       209
   macro avg       0.76      0.79      0.77       209
weighted avg       0.85      0.84      0.85       209

2025-09-26 11:36:09,416 - INFO - 
--- 娣锋穯鐭╅樀 (Confusion Matrix) ---
2025-09-26 11:36:12,141 - INFO - New best model saved with F1: 0.8464
2025-09-26 11:40:16,178 - INFO - Epoch 4, Loss: 0.46712391127473096
2025-09-26 11:40:16,178 - INFO - 
--- eval ---
2025-09-26 11:40:19,634 - INFO - 
--- 璇勪及鎸囨爣 ---
2025-09-26 11:40:19,634 - INFO - 鍑嗙‘鐜?(Accuracy)              : 86.12%
2025-09-26 11:40:19,634 - INFO - 鍔犳潈鏌ュ噯鐜?(Weighted Precision): 0.8688
2025-09-26 11:40:19,634 - INFO - 鍔犳潈鏌ュ叏鐜?(Weighted Recall)   : 0.8612
2025-09-26 11:40:19,634 - INFO - 鍔犳潈F1鍒嗘暟 (Weighted F1-score) : 0.8535
2025-09-26 11:40:19,634 - INFO - --- 鍒嗙被鎶ュ憡 (Classification Report) ---
2025-09-26 11:40:19,634 - INFO -               precision    recall  f1-score   support

           0       0.91      0.91      0.91        79
           1       0.88      0.91      0.90        70
           2       0.76      0.84      0.80        49
           3       1.00      0.27      0.43        11

    accuracy                           0.86       209
   macro avg       0.89      0.73      0.76       209
weighted avg       0.87      0.86      0.85       209

2025-09-26 11:40:19,635 - INFO - 
--- 娣锋穯鐭╅樀 (Confusion Matrix) ---
2025-09-26 11:40:22,403 - INFO - New best model saved with F1: 0.8535
2025-09-26 11:44:16,073 - INFO - Epoch 5, Loss: 0.45769019392653815
2025-09-26 11:44:16,073 - INFO - 
--- eval ---
2025-09-26 11:44:19,417 - INFO - 
--- 璇勪及鎸囨爣 ---
2025-09-26 11:44:19,417 - INFO - 鍑嗙‘鐜?(Accuracy)              : 84.69%
2025-09-26 11:44:19,417 - INFO - 鍔犳潈鏌ュ噯鐜?(Weighted Precision): 0.8425
2025-09-26 11:44:19,417 - INFO - 鍔犳潈鏌ュ叏鐜?(Weighted Recall)   : 0.8469
2025-09-26 11:44:19,417 - INFO - 鍔犳潈F1鍒嗘暟 (Weighted F1-score) : 0.8435
2025-09-26 11:44:19,418 - INFO - --- 鍒嗙被鎶ュ憡 (Classification Report) ---
2025-09-26 11:44:19,418 - INFO -               precision    recall  f1-score   support

           0       0.88      0.94      0.91        79
           1       0.86      0.89      0.87        70
           2       0.82      0.73      0.77        49
           3       0.56      0.45      0.50        11

    accuracy                           0.85       209
   macro avg       0.78      0.75      0.76       209
weighted avg       0.84      0.85      0.84       209

2025-09-26 11:44:19,418 - INFO - 
--- 娣锋穯鐭╅樀 (Confusion Matrix) ---
2025-09-26 11:44:22,373 - INFO - New best model saved with F1: 0.8435
2025-09-26 11:48:59,769 - INFO - Epoch 6, Loss: 0.4475080271135845
2025-09-26 11:48:59,769 - INFO - 
--- eval ---
2025-09-26 11:49:03,928 - INFO - 
--- 璇勪及鎸囨爣 ---
2025-09-26 11:49:03,929 - INFO - 鍑嗙‘鐜?(Accuracy)              : 84.21%
2025-09-26 11:49:03,929 - INFO - 鍔犳潈鏌ュ噯鐜?(Weighted Precision): 0.8401
2025-09-26 11:49:03,929 - INFO - 鍔犳潈鏌ュ叏鐜?(Weighted Recall)   : 0.8421
2025-09-26 11:49:03,929 - INFO - 鍔犳潈F1鍒嗘暟 (Weighted F1-score) : 0.8406
2025-09-26 11:49:03,929 - INFO - --- 鍒嗙被鎶ュ憡 (Classification Report) ---
2025-09-26 11:49:03,929 - INFO -               precision    recall  f1-score   support

           0       0.91      0.89      0.90        79
           1       0.84      0.89      0.86        70
           2       0.80      0.80      0.80        49
           3       0.56      0.45      0.50        11

    accuracy                           0.84       209
   macro avg       0.77      0.76      0.76       209
weighted avg       0.84      0.84      0.84       209

2025-09-26 11:49:03,929 - INFO - 
--- 娣锋穯鐭╅樀 (Confusion Matrix) ---
2025-09-26 11:49:06,625 - INFO - New best model saved with F1: 0.8406
2025-09-26 11:53:51,871 - INFO - Epoch 7, Loss: 0.4539722199156101
2025-09-26 11:53:51,871 - INFO - 
--- eval ---
2025-09-26 11:53:56,042 - INFO - 
--- 璇勪及鎸囨爣 ---
2025-09-26 11:53:56,043 - INFO - 鍑嗙‘鐜?(Accuracy)              : 83.73%
2025-09-26 11:53:56,043 - INFO - 鍔犳潈鏌ュ噯鐜?(Weighted Precision): 0.8360
2025-09-26 11:53:56,043 - INFO - 鍔犳潈鏌ュ叏鐜?(Weighted Recall)   : 0.8373
2025-09-26 11:53:56,043 - INFO - 鍔犳潈F1鍒嗘暟 (Weighted F1-score) : 0.8333
2025-09-26 11:53:56,043 - INFO - --- 鍒嗙被鎶ュ憡 (Classification Report) ---
2025-09-26 11:53:56,043 - INFO -               precision    recall  f1-score   support

           0       0.91      0.91      0.91        79
           1       0.89      0.84      0.87        70
           2       0.71      0.84      0.77        49
           3       0.50      0.27      0.35        11

    accuracy                           0.84       209
   macro avg       0.75      0.72      0.72       209
weighted avg       0.84      0.84      0.83       209

2025-09-26 11:53:56,044 - INFO - 
--- 娣锋穯鐭╅樀 (Confusion Matrix) ---
2025-09-26 11:53:58,807 - INFO - New best model saved with F1: 0.8333
2025-09-26 11:58:44,999 - INFO - Epoch 8, Loss: 0.4523736209566005
2025-09-26 11:58:45,000 - INFO - 
--- eval ---
2025-09-26 11:58:49,213 - INFO - 
--- 璇勪及鎸囨爣 ---
2025-09-26 11:58:49,214 - INFO - 鍑嗙‘鐜?(Accuracy)              : 83.73%
2025-09-26 11:58:49,214 - INFO - 鍔犳潈鏌ュ噯鐜?(Weighted Precision): 0.8399
2025-09-26 11:58:49,214 - INFO - 鍔犳潈鏌ュ叏鐜?(Weighted Recall)   : 0.8373
2025-09-26 11:58:49,214 - INFO - 鍔犳潈F1鍒嗘暟 (Weighted F1-score) : 0.8385
2025-09-26 11:58:49,214 - INFO - --- 鍒嗙被鎶ュ憡 (Classification Report) ---
2025-09-26 11:58:49,214 - INFO -               precision    recall  f1-score   support

           0       0.91      0.89      0.90        79
           1       0.86      0.86      0.86        70
           2       0.78      0.80      0.79        49
           3       0.50      0.55      0.52        11

    accuracy                           0.84       209
   macro avg       0.76      0.77      0.77       209
weighted avg       0.84      0.84      0.84       209

2025-09-26 11:58:49,214 - INFO - 
--- 娣锋穯鐭╅樀 (Confusion Matrix) ---
2025-09-26 11:58:52,314 - INFO - New best model saved with F1: 0.8385
2025-09-26 12:03:38,724 - INFO - Epoch 9, Loss: 0.4421426358273606
2025-09-26 12:03:38,725 - INFO - 
--- eval ---
2025-09-26 12:03:42,886 - INFO - 
--- 璇勪及鎸囨爣 ---
2025-09-26 12:03:42,886 - INFO - 鍑嗙‘鐜?(Accuracy)              : 85.17%
2025-09-26 12:03:42,886 - INFO - 鍔犳潈鏌ュ噯鐜?(Weighted Precision): 0.8493
2025-09-26 12:03:42,886 - INFO - 鍔犳潈鏌ュ叏鐜?(Weighted Recall)   : 0.8517
2025-09-26 12:03:42,886 - INFO - 鍔犳潈F1鍒嗘暟 (Weighted F1-score) : 0.8459
2025-09-26 12:03:42,886 - INFO - --- 鍒嗙被鎶ュ憡 (Classification Report) ---
2025-09-26 12:03:42,887 - INFO -               precision    recall  f1-score   support

           0       0.89      0.94      0.91        79
           1       0.86      0.89      0.87        70
           2       0.78      0.78      0.78        49
           3       0.80      0.36      0.50        11

    accuracy                           0.85       209
   macro avg       0.83      0.74      0.77       209
weighted avg       0.85      0.85      0.85       209

2025-09-26 12:03:42,887 - INFO - 
--- 娣锋穯鐭╅樀 (Confusion Matrix) ---
2025-09-26 12:03:45,665 - INFO - New best model saved with F1: 0.8459
2025-09-26 12:08:32,904 - INFO - Epoch 10, Loss: 0.42751481595869156
2025-09-26 12:08:32,904 - INFO - 
--- eval ---
2025-09-26 12:08:37,138 - INFO - 
--- 璇勪及鎸囨爣 ---
2025-09-26 12:08:37,138 - INFO - 鍑嗙‘鐜?(Accuracy)              : 85.17%
2025-09-26 12:08:37,139 - INFO - 鍔犳潈鏌ュ噯鐜?(Weighted Precision): 0.8479
2025-09-26 12:08:37,139 - INFO - 鍔犳潈鏌ュ叏鐜?(Weighted Recall)   : 0.8517
2025-09-26 12:08:37,139 - INFO - 鍔犳潈F1鍒嗘暟 (Weighted F1-score) : 0.8493
2025-09-26 12:08:37,139 - INFO - --- 鍒嗙被鎶ュ憡 (Classification Report) ---
2025-09-26 12:08:37,139 - INFO -               precision    recall  f1-score   support

           0       0.90      0.92      0.91        79
           1       0.86      0.89      0.87        70
           2       0.81      0.78      0.79        49
           3       0.56      0.45      0.50        11

    accuracy                           0.85       209
   macro avg       0.78      0.76      0.77       209
weighted avg       0.85      0.85      0.85       209

2025-09-26 12:08:37,139 - INFO - 
--- 娣锋穯鐭╅樀 (Confusion Matrix) ---
2025-09-26 12:08:39,823 - INFO - New best model saved with F1: 0.8493
2025-09-26 12:08:39,823 - INFO - 
--- testing ---
2025-09-26 12:09:17,841 - INFO - 
--- 璇勪及鎸囨爣 ---
2025-09-26 12:09:17,841 - INFO - 鍑嗙‘鐜?(Accuracy)              : 85.90%
2025-09-26 12:09:17,841 - INFO - 鍔犳潈鏌ュ噯鐜?(Weighted Precision): 0.8568
2025-09-26 12:09:17,841 - INFO - 鍔犳潈鏌ュ叏鐜?(Weighted Recall)   : 0.8590
2025-09-26 12:09:17,842 - INFO - 鍔犳潈F1鍒嗘暟 (Weighted F1-score) : 0.8522
2025-09-26 12:09:17,842 - INFO - --- 鍒嗙被鎶ュ憡 (Classification Report) ---
2025-09-26 12:09:17,842 - INFO -               precision    recall  f1-score   support

           0       0.89      0.90      0.90       682
           1       0.83      0.94      0.88       610
           2       0.88      0.83      0.85       466
           3       0.75      0.37      0.50       129

    accuracy                           0.86      1887
   macro avg       0.84      0.76      0.78      1887
weighted avg       0.86      0.86      0.85      1887

2025-09-26 12:09:17,842 - INFO - 
--- 娣锋穯鐭╅樀 (Confusion Matrix) ---
2025-09-26 12:09:17,846 - INFO - 

==================== 瀹為獙鏈€缁堢粨鏋?(5娆¤繍琛? ====================

2025-09-26 12:09:17,846 - INFO - 妯″瀷瀹為檯鎬ц兘 (Mean 卤 Std Dev):
2025-09-26 12:09:17,846 - INFO - ----------------------------------------------------------------------
2025-09-26 12:09:17,846 - INFO -   - Accuracy             : 0.8710 卤 0.0066
2025-09-26 12:09:17,846 - INFO -   - Weighted Precision   : 0.8688 卤 0.0065
2025-09-26 12:09:17,846 - INFO -   - Weighted Recall      : 0.8710 卤 0.0066
2025-09-26 12:09:17,846 - INFO -   - Weighted F1-score    : 0.8676 卤 0.0081
2025-09-26 12:09:17,847 - INFO - ----------------------------------------------------------------------
2025-09-26 12:09:17,847 - INFO - 
============================================================
2025-09-26 12:09:17,847 - INFO - --------------------------- pre_model/T5 ---------------------------
2025-09-26 12:09:17,847 - INFO - Using GPU: NVIDIA GeForce RTX 3090

