2025-10-02 13:21:05,519 - INFO - Using GPU: NVIDIA GeForce RTX 3090
2025-10-02 13:21:51,004 - INFO - -----------------  0  -----------------
2025-10-02 13:24:20,207 - INFO - Epoch 1, Loss: 0.999034855901294
2025-10-02 13:24:20,208 - INFO - 
--- eval ---
2025-10-02 13:24:22,327 - INFO - 
--- 璇勪及鎸囨爣 ---
2025-10-02 13:24:22,327 - INFO - 鍑嗙‘鐜?(Accuracy)              : 78.95%
2025-10-02 13:24:22,328 - INFO - 鍔犳潈鏌ュ噯鐜?(Weighted Precision): 0.8003
2025-10-02 13:24:22,328 - INFO - 鍔犳潈鏌ュ叏鐜?(Weighted Recall)   : 0.7895
2025-10-02 13:24:22,328 - INFO - 鍔犳潈F1鍒嗘暟 (Weighted F1-score) : 0.7883
2025-10-02 13:24:22,328 - INFO - --- 鍒嗙被鎶ュ憡 (Classification Report) ---
2025-10-02 13:24:22,328 - INFO -               precision    recall  f1-score   support

           0       0.81      0.96      0.88        79
           1       0.93      0.73      0.82        70
           2       0.73      0.71      0.72        49
           3       0.25      0.27      0.26        11

    accuracy                           0.79       209
   macro avg       0.68      0.67      0.67       209
weighted avg       0.80      0.79      0.79       209

2025-10-02 13:24:22,328 - INFO - 
--- 娣锋穯鐭╅樀 (Confusion Matrix) ---
2025-10-02 13:24:23,035 - INFO - New best model saved with F1: 0.7883
2025-10-02 13:26:48,136 - INFO - Epoch 2, Loss: 0.37170380005366443
2025-10-02 13:26:48,136 - INFO - 
--- eval ---
2025-10-02 13:26:50,257 - INFO - 
--- 璇勪及鎸囨爣 ---
2025-10-02 13:26:50,257 - INFO - 鍑嗙‘鐜?(Accuracy)              : 87.56%
2025-10-02 13:26:50,257 - INFO - 鍔犳潈鏌ュ噯鐜?(Weighted Precision): 0.8730
2025-10-02 13:26:50,257 - INFO - 鍔犳潈鏌ュ叏鐜?(Weighted Recall)   : 0.8756
2025-10-02 13:26:50,257 - INFO - 鍔犳潈F1鍒嗘暟 (Weighted F1-score) : 0.8673
2025-10-02 13:26:50,257 - INFO - --- 鍒嗙被鎶ュ憡 (Classification Report) ---
2025-10-02 13:26:50,257 - INFO -               precision    recall  f1-score   support

           0       0.92      0.90      0.91        79
           1       0.85      0.96      0.90        70
           2       0.86      0.86      0.86        49
           3       0.75      0.27      0.40        11

    accuracy                           0.88       209
   macro avg       0.84      0.75      0.77       209
weighted avg       0.87      0.88      0.87       209

2025-10-02 13:26:50,257 - INFO - 
--- 娣锋穯鐭╅樀 (Confusion Matrix) ---
2025-10-02 13:26:52,892 - INFO - New best model saved with F1: 0.8673
2025-10-02 13:29:19,032 - INFO - Epoch 3, Loss: 0.33303425375730167
2025-10-02 13:29:19,033 - INFO - 
--- eval ---
2025-10-02 13:29:21,164 - INFO - 
--- 璇勪及鎸囨爣 ---
2025-10-02 13:29:21,164 - INFO - 鍑嗙‘鐜?(Accuracy)              : 87.08%
2025-10-02 13:29:21,164 - INFO - 鍔犳潈鏌ュ噯鐜?(Weighted Precision): 0.8840
2025-10-02 13:29:21,164 - INFO - 鍔犳潈鏌ュ叏鐜?(Weighted Recall)   : 0.8708
2025-10-02 13:29:21,164 - INFO - 鍔犳潈F1鍒嗘暟 (Weighted F1-score) : 0.8709
2025-10-02 13:29:21,164 - INFO - --- 鍒嗙被鎶ュ憡 (Classification Report) ---
2025-10-02 13:29:21,164 - INFO -               precision    recall  f1-score   support

           0       0.87      1.00      0.93        79
           1       0.92      0.87      0.90        70
           2       0.95      0.71      0.81        49
           3       0.47      0.64      0.54        11

    accuracy                           0.87       209
   macro avg       0.80      0.81      0.79       209
weighted avg       0.88      0.87      0.87       209

2025-10-02 13:29:21,164 - INFO - 
--- 娣锋穯鐭╅樀 (Confusion Matrix) ---
2025-10-02 13:29:23,753 - INFO - New best model saved with F1: 0.8709
2025-10-02 13:31:50,036 - INFO - Epoch 4, Loss: 0.3375414334050398
2025-10-02 13:31:50,037 - INFO - 
--- eval ---
2025-10-02 13:31:52,166 - INFO - 
--- 璇勪及鎸囨爣 ---
2025-10-02 13:31:52,166 - INFO - 鍑嗙‘鐜?(Accuracy)              : 89.95%
2025-10-02 13:31:52,166 - INFO - 鍔犳潈鏌ュ噯鐜?(Weighted Precision): 0.8939
2025-10-02 13:31:52,166 - INFO - 鍔犳潈鏌ュ叏鐜?(Weighted Recall)   : 0.8995
2025-10-02 13:31:52,166 - INFO - 鍔犳潈F1鍒嗘暟 (Weighted F1-score) : 0.8938
2025-10-02 13:31:52,166 - INFO - --- 鍒嗙被鎶ュ憡 (Classification Report) ---
2025-10-02 13:31:52,166 - INFO -               precision    recall  f1-score   support

           0       0.91      0.97      0.94        79
           1       0.90      0.91      0.91        70
           2       0.91      0.88      0.90        49
           3       0.67      0.36      0.47        11

    accuracy                           0.90       209
   macro avg       0.85      0.78      0.80       209
weighted avg       0.89      0.90      0.89       209

2025-10-02 13:31:52,166 - INFO - 
--- 娣锋穯鐭╅樀 (Confusion Matrix) ---
2025-10-02 13:31:54,745 - INFO - New best model saved with F1: 0.8938
2025-10-02 13:34:21,289 - INFO - Epoch 5, Loss: 0.3360787394671135
2025-10-02 13:34:21,289 - INFO - 
--- eval ---
2025-10-02 13:34:23,419 - INFO - 
--- 璇勪及鎸囨爣 ---
2025-10-02 13:34:23,419 - INFO - 鍑嗙‘鐜?(Accuracy)              : 86.12%
2025-10-02 13:34:23,419 - INFO - 鍔犳潈鏌ュ噯鐜?(Weighted Precision): 0.8678
2025-10-02 13:34:23,419 - INFO - 鍔犳潈鏌ュ叏鐜?(Weighted Recall)   : 0.8612
2025-10-02 13:34:23,419 - INFO - 鍔犳潈F1鍒嗘暟 (Weighted F1-score) : 0.8613
2025-10-02 13:34:23,419 - INFO - --- 鍒嗙被鎶ュ憡 (Classification Report) ---
2025-10-02 13:34:23,419 - INFO -               precision    recall  f1-score   support

           0       0.89      0.94      0.91        79
           1       0.95      0.80      0.87        70
           2       0.79      0.90      0.84        49
           3       0.55      0.55      0.55        11

    accuracy                           0.86       209
   macro avg       0.79      0.80      0.79       209
weighted avg       0.87      0.86      0.86       209

2025-10-02 13:34:23,419 - INFO - 
--- 娣锋穯鐭╅樀 (Confusion Matrix) ---
2025-10-02 13:34:26,154 - INFO - New best model saved with F1: 0.8613
2025-10-02 13:36:52,361 - INFO - Epoch 6, Loss: 0.36399432099074297
2025-10-02 13:36:52,362 - INFO - 
--- eval ---
2025-10-02 13:36:54,487 - INFO - 
--- 璇勪及鎸囨爣 ---
2025-10-02 13:36:54,487 - INFO - 鍑嗙‘鐜?(Accuracy)              : 87.08%
2025-10-02 13:36:54,487 - INFO - 鍔犳潈鏌ュ噯鐜?(Weighted Precision): 0.8677
2025-10-02 13:36:54,487 - INFO - 鍔犳潈鏌ュ叏鐜?(Weighted Recall)   : 0.8708
2025-10-02 13:36:54,487 - INFO - 鍔犳潈F1鍒嗘暟 (Weighted F1-score) : 0.8684
2025-10-02 13:36:54,488 - INFO - --- 鍒嗙被鎶ュ憡 (Classification Report) ---
2025-10-02 13:36:54,488 - INFO -               precision    recall  f1-score   support

           0       0.91      0.91      0.91        79
           1       0.89      0.90      0.89        70
           2       0.82      0.86      0.84        49
           3       0.62      0.45      0.53        11

    accuracy                           0.87       209
   macro avg       0.81      0.78      0.79       209
weighted avg       0.87      0.87      0.87       209

2025-10-02 13:36:54,488 - INFO - 
--- 娣锋穯鐭╅樀 (Confusion Matrix) ---
2025-10-02 13:36:57,137 - INFO - New best model saved with F1: 0.8684
2025-10-02 13:39:23,124 - INFO - Epoch 7, Loss: 0.35162105409160643
2025-10-02 13:39:23,125 - INFO - 
--- eval ---
2025-10-02 13:39:25,247 - INFO - 
--- 璇勪及鎸囨爣 ---
2025-10-02 13:39:25,247 - INFO - 鍑嗙‘鐜?(Accuracy)              : 88.04%
2025-10-02 13:39:25,247 - INFO - 鍔犳潈鏌ュ噯鐜?(Weighted Precision): 0.8755
2025-10-02 13:39:25,247 - INFO - 鍔犳潈鏌ュ叏鐜?(Weighted Recall)   : 0.8804
2025-10-02 13:39:25,247 - INFO - 鍔犳潈F1鍒嗘暟 (Weighted F1-score) : 0.8740
2025-10-02 13:39:25,248 - INFO - --- 鍒嗙被鎶ュ憡 (Classification Report) ---
2025-10-02 13:39:25,248 - INFO -               precision    recall  f1-score   support

           0       0.88      0.97      0.92        79
           1       0.90      0.91      0.91        70
           2       0.89      0.80      0.84        49
           3       0.67      0.36      0.47        11

    accuracy                           0.88       209
   macro avg       0.83      0.76      0.78       209
weighted avg       0.88      0.88      0.87       209

2025-10-02 13:39:25,248 - INFO - 
--- 娣锋穯鐭╅樀 (Confusion Matrix) ---
2025-10-02 13:39:28,682 - INFO - New best model saved with F1: 0.8740
2025-10-02 13:41:53,422 - INFO - Epoch 8, Loss: 0.352391942759924
2025-10-02 13:41:53,422 - INFO - 
--- eval ---
2025-10-02 13:41:55,540 - INFO - 
--- 璇勪及鎸囨爣 ---
2025-10-02 13:41:55,540 - INFO - 鍑嗙‘鐜?(Accuracy)              : 88.04%
2025-10-02 13:41:55,540 - INFO - 鍔犳潈鏌ュ噯鐜?(Weighted Precision): 0.8791
2025-10-02 13:41:55,540 - INFO - 鍔犳潈鏌ュ叏鐜?(Weighted Recall)   : 0.8804
2025-10-02 13:41:55,540 - INFO - 鍔犳潈F1鍒嗘暟 (Weighted F1-score) : 0.8751
2025-10-02 13:41:55,540 - INFO - --- 鍒嗙被鎶ュ憡 (Classification Report) ---
2025-10-02 13:41:55,540 - INFO -               precision    recall  f1-score   support

           0       0.91      0.92      0.92        79
           1       0.90      0.91      0.91        70
           2       0.81      0.88      0.84        49
           3       0.80      0.36      0.50        11

    accuracy                           0.88       209
   macro avg       0.86      0.77      0.79       209
weighted avg       0.88      0.88      0.88       209

2025-10-02 13:41:55,540 - INFO - 
--- 娣锋穯鐭╅樀 (Confusion Matrix) ---
2025-10-02 13:41:58,096 - INFO - New best model saved with F1: 0.8751
2025-10-02 13:44:23,467 - INFO - Epoch 9, Loss: 0.3352747475568607
2025-10-02 13:44:23,468 - INFO - 
--- eval ---
2025-10-02 13:44:25,584 - INFO - 
--- 璇勪及鎸囨爣 ---
2025-10-02 13:44:25,584 - INFO - 鍑嗙‘鐜?(Accuracy)              : 87.08%
2025-10-02 13:44:25,584 - INFO - 鍔犳潈鏌ュ噯鐜?(Weighted Precision): 0.8739
2025-10-02 13:44:25,584 - INFO - 鍔犳潈鏌ュ叏鐜?(Weighted Recall)   : 0.8708
2025-10-02 13:44:25,584 - INFO - 鍔犳潈F1鍒嗘暟 (Weighted F1-score) : 0.8718
2025-10-02 13:44:25,584 - INFO - --- 鍒嗙被鎶ュ憡 (Classification Report) ---
2025-10-02 13:44:25,584 - INFO -               precision    recall  f1-score   support

           0       0.91      0.94      0.93        79
           1       0.92      0.86      0.89        70
           2       0.82      0.86      0.84        49
           3       0.50      0.55      0.52        11

    accuracy                           0.87       209
   macro avg       0.79      0.80      0.79       209
weighted avg       0.87      0.87      0.87       209

2025-10-02 13:44:25,584 - INFO - 
--- 娣锋穯鐭╅樀 (Confusion Matrix) ---
2025-10-02 13:44:28,419 - INFO - New best model saved with F1: 0.8718
2025-10-02 13:46:53,097 - INFO - Epoch 10, Loss: 0.31101722327925363
2025-10-02 13:46:53,098 - INFO - 
--- eval ---
2025-10-02 13:46:55,219 - INFO - 
--- 璇勪及鎸囨爣 ---
2025-10-02 13:46:55,219 - INFO - 鍑嗙‘鐜?(Accuracy)              : 86.60%
2025-10-02 13:46:55,219 - INFO - 鍔犳潈鏌ュ噯鐜?(Weighted Precision): 0.8688
2025-10-02 13:46:55,219 - INFO - 鍔犳潈鏌ュ叏鐜?(Weighted Recall)   : 0.8660
2025-10-02 13:46:55,219 - INFO - 鍔犳潈F1鍒嗘暟 (Weighted F1-score) : 0.8670
2025-10-02 13:46:55,219 - INFO - --- 鍒嗙被鎶ュ憡 (Classification Report) ---
2025-10-02 13:46:55,219 - INFO -               precision    recall  f1-score   support

           0       0.91      0.92      0.92        79
           1       0.91      0.86      0.88        70
           2       0.82      0.86      0.84        49
           3       0.50      0.55      0.52        11

    accuracy                           0.87       209
   macro avg       0.79      0.80      0.79       209
weighted avg       0.87      0.87      0.87       209

2025-10-02 13:46:55,220 - INFO - 
--- 娣锋穯鐭╅樀 (Confusion Matrix) ---
2025-10-02 13:46:57,815 - INFO - New best model saved with F1: 0.8670
2025-10-02 13:46:57,816 - INFO - 
--- testing ---
2025-10-02 13:47:16,914 - INFO - 
--- 璇勪及鎸囨爣 ---
2025-10-02 13:47:16,914 - INFO - 鍑嗙‘鐜?(Accuracy)              : 89.93%
2025-10-02 13:47:16,914 - INFO - 鍔犳潈鏌ュ噯鐜?(Weighted Precision): 0.8982
2025-10-02 13:47:16,914 - INFO - 鍔犳潈鏌ュ叏鐜?(Weighted Recall)   : 0.8993
2025-10-02 13:47:16,914 - INFO - 鍔犳潈F1鍒嗘暟 (Weighted F1-score) : 0.8985
2025-10-02 13:47:16,914 - INFO - --- 鍒嗙被鎶ュ憡 (Classification Report) ---
2025-10-02 13:47:16,914 - INFO -               precision    recall  f1-score   support

           0       0.92      0.92      0.92       682
           1       0.90      0.92      0.91       610
           2       0.91      0.91      0.91       466
           3       0.76      0.67      0.71       129

    accuracy                           0.90      1887
   macro avg       0.87      0.85      0.86      1887
weighted avg       0.90      0.90      0.90      1887

2025-10-02 13:47:16,914 - INFO - 
--- 娣锋穯鐭╅樀 (Confusion Matrix) ---
2025-10-02 13:47:16,916 - INFO - -----------------  1  -----------------
2025-10-02 13:49:47,491 - INFO - Epoch 1, Loss: 0.39868283635644497
2025-10-02 13:49:47,491 - INFO - 
--- eval ---
2025-10-02 13:49:49,615 - INFO - 
--- 璇勪及鎸囨爣 ---
2025-10-02 13:49:49,615 - INFO - 鍑嗙‘鐜?(Accuracy)              : 81.34%
2025-10-02 13:49:49,615 - INFO - 鍔犳潈鏌ュ噯鐜?(Weighted Precision): 0.8283
2025-10-02 13:49:49,615 - INFO - 鍔犳潈鏌ュ叏鐜?(Weighted Recall)   : 0.8134
2025-10-02 13:49:49,615 - INFO - 鍔犳潈F1鍒嗘暟 (Weighted F1-score) : 0.8185
2025-10-02 13:49:49,615 - INFO - --- 鍒嗙被鎶ュ憡 (Classification Report) ---
2025-10-02 13:49:49,615 - INFO -               precision    recall  f1-score   support

           0       0.92      0.82      0.87        79
           1       0.84      0.87      0.85        70
           2       0.77      0.76      0.76        49
           3       0.41      0.64      0.50        11

    accuracy                           0.81       209
   macro avg       0.73      0.77      0.75       209
weighted avg       0.83      0.81      0.82       209

2025-10-02 13:49:49,615 - INFO - 
--- 娣锋穯鐭╅樀 (Confusion Matrix) ---
2025-10-02 13:49:52,191 - INFO - New best model saved with F1: 0.8185
2025-10-02 13:52:18,074 - INFO - Epoch 2, Loss: 0.4243766516895989
2025-10-02 13:52:18,074 - INFO - 
--- eval ---
2025-10-02 13:52:20,199 - INFO - 
--- 璇勪及鎸囨爣 ---
2025-10-02 13:52:20,199 - INFO - 鍑嗙‘鐜?(Accuracy)              : 82.30%
2025-10-02 13:52:20,199 - INFO - 鍔犳潈鏌ュ噯鐜?(Weighted Precision): 0.8485
2025-10-02 13:52:20,199 - INFO - 鍔犳潈鏌ュ叏鐜?(Weighted Recall)   : 0.8230
2025-10-02 13:52:20,199 - INFO - 鍔犳潈F1鍒嗘暟 (Weighted F1-score) : 0.8312
2025-10-02 13:52:20,199 - INFO - --- 鍒嗙被鎶ュ憡 (Classification Report) ---
2025-10-02 13:52:20,199 - INFO -               precision    recall  f1-score   support

           0       0.91      0.87      0.89        79
           1       0.90      0.81      0.86        70
           2       0.77      0.76      0.76        49
           3       0.41      0.82      0.55        11

    accuracy                           0.82       209
   macro avg       0.75      0.82      0.76       209
weighted avg       0.85      0.82      0.83       209

2025-10-02 13:52:20,200 - INFO - 
--- 娣锋穯鐭╅樀 (Confusion Matrix) ---
2025-10-02 13:52:22,794 - INFO - New best model saved with F1: 0.8312
2025-10-02 13:54:48,269 - INFO - Epoch 3, Loss: 0.4212106445034223
2025-10-02 13:54:48,270 - INFO - 
--- eval ---
2025-10-02 13:54:50,402 - INFO - 
--- 璇勪及鎸囨爣 ---
2025-10-02 13:54:50,403 - INFO - 鍑嗙‘鐜?(Accuracy)              : 81.34%
2025-10-02 13:54:50,403 - INFO - 鍔犳潈鏌ュ噯鐜?(Weighted Precision): 0.8219
2025-10-02 13:54:50,403 - INFO - 鍔犳潈鏌ュ叏鐜?(Weighted Recall)   : 0.8134
2025-10-02 13:54:50,403 - INFO - 鍔犳潈F1鍒嗘暟 (Weighted F1-score) : 0.8133
2025-10-02 13:54:50,403 - INFO - --- 鍒嗙被鎶ュ憡 (Classification Report) ---
2025-10-02 13:54:50,403 - INFO -               precision    recall  f1-score   support

           0       0.93      0.81      0.86        79
           1       0.84      0.83      0.83        70
           2       0.71      0.90      0.79        49
           3       0.44      0.36      0.40        11

    accuracy                           0.81       209
   macro avg       0.73      0.73      0.72       209
weighted avg       0.82      0.81      0.81       209

2025-10-02 13:54:50,403 - INFO - 
--- 娣锋穯鐭╅樀 (Confusion Matrix) ---
2025-10-02 13:54:53,177 - INFO - New best model saved with F1: 0.8133
2025-10-02 13:57:18,968 - INFO - Epoch 4, Loss: 0.42185342800575215
2025-10-02 13:57:18,968 - INFO - 
--- eval ---
2025-10-02 13:57:21,082 - INFO - 
--- 璇勪及鎸囨爣 ---
2025-10-02 13:57:21,082 - INFO - 鍑嗙‘鐜?(Accuracy)              : 87.08%
2025-10-02 13:57:21,082 - INFO - 鍔犳潈鏌ュ噯鐜?(Weighted Precision): 0.8647
2025-10-02 13:57:21,082 - INFO - 鍔犳潈鏌ュ叏鐜?(Weighted Recall)   : 0.8708
2025-10-02 13:57:21,082 - INFO - 鍔犳潈F1鍒嗘暟 (Weighted F1-score) : 0.8622
2025-10-02 13:57:21,082 - INFO - --- 鍒嗙被鎶ュ憡 (Classification Report) ---
2025-10-02 13:57:21,082 - INFO -               precision    recall  f1-score   support

           0       0.87      1.00      0.93        79
           1       0.92      0.84      0.88        70
           2       0.84      0.84      0.84        49
           3       0.60      0.27      0.38        11

    accuracy                           0.87       209
   macro avg       0.81      0.74      0.76       209
weighted avg       0.86      0.87      0.86       209

2025-10-02 13:57:21,082 - INFO - 
--- 娣锋穯鐭╅樀 (Confusion Matrix) ---
2025-10-02 13:57:23,638 - INFO - New best model saved with F1: 0.8622
2025-10-02 13:59:49,380 - INFO - Epoch 5, Loss: 0.389169141135842
2025-10-02 13:59:49,380 - INFO - 
--- eval ---
2025-10-02 13:59:51,497 - INFO - 
--- 璇勪及鎸囨爣 ---
2025-10-02 13:59:51,498 - INFO - 鍑嗙‘鐜?(Accuracy)              : 84.21%
2025-10-02 13:59:51,498 - INFO - 鍔犳潈鏌ュ噯鐜?(Weighted Precision): 0.8656
2025-10-02 13:59:51,498 - INFO - 鍔犳潈鏌ュ叏鐜?(Weighted Recall)   : 0.8421
2025-10-02 13:59:51,498 - INFO - 鍔犳潈F1鍒嗘暟 (Weighted F1-score) : 0.8498
2025-10-02 13:59:51,498 - INFO - --- 鍒嗙被鎶ュ憡 (Classification Report) ---
2025-10-02 13:59:51,498 - INFO -               precision    recall  f1-score   support

           0       0.91      0.92      0.92        79
           1       0.92      0.84      0.88        70
           2       0.82      0.73      0.77        49
           3       0.38      0.73      0.50        11

    accuracy                           0.84       209
   macro avg       0.76      0.81      0.77       209
weighted avg       0.87      0.84      0.85       209

2025-10-02 13:59:51,498 - INFO - 
--- 娣锋穯鐭╅樀 (Confusion Matrix) ---
2025-10-02 13:59:54,030 - INFO - New best model saved with F1: 0.8498
2025-10-02 14:02:19,417 - INFO - Epoch 6, Loss: 0.3814449273597668
2025-10-02 14:02:19,418 - INFO - 
--- eval ---
2025-10-02 14:02:21,528 - INFO - 
--- 璇勪及鎸囨爣 ---
2025-10-02 14:02:21,528 - INFO - 鍑嗙‘鐜?(Accuracy)              : 88.04%
2025-10-02 14:02:21,528 - INFO - 鍔犳潈鏌ュ噯鐜?(Weighted Precision): 0.8802
2025-10-02 14:02:21,528 - INFO - 鍔犳潈鏌ュ叏鐜?(Weighted Recall)   : 0.8804
2025-10-02 14:02:21,528 - INFO - 鍔犳潈F1鍒嗘暟 (Weighted F1-score) : 0.8758
2025-10-02 14:02:21,529 - INFO - --- 鍒嗙被鎶ュ憡 (Classification Report) ---
2025-10-02 14:02:21,529 - INFO -               precision    recall  f1-score   support

           0       0.87      0.97      0.92        79
           1       0.90      0.89      0.89        70
           2       0.89      0.82      0.85        49
           3       0.83      0.45      0.59        11

    accuracy                           0.88       209
   macro avg       0.87      0.78      0.81       209
weighted avg       0.88      0.88      0.88       209

2025-10-02 14:02:21,529 - INFO - 
--- 娣锋穯鐭╅樀 (Confusion Matrix) ---
2025-10-02 14:02:24,279 - INFO - New best model saved with F1: 0.8758
2025-10-02 14:04:49,194 - INFO - Epoch 7, Loss: 0.3717059304319882
2025-10-02 14:04:49,194 - INFO - 
--- eval ---
2025-10-02 14:04:51,314 - INFO - 
--- 璇勪及鎸囨爣 ---
2025-10-02 14:04:51,314 - INFO - 鍑嗙‘鐜?(Accuracy)              : 85.17%
2025-10-02 14:04:51,314 - INFO - 鍔犳潈鏌ュ噯鐜?(Weighted Precision): 0.8463
2025-10-02 14:04:51,314 - INFO - 鍔犳潈鏌ュ叏鐜?(Weighted Recall)   : 0.8517
2025-10-02 14:04:51,314 - INFO - 鍔犳潈F1鍒嗘暟 (Weighted F1-score) : 0.8418
2025-10-02 14:04:51,314 - INFO - --- 鍒嗙被鎶ュ憡 (Classification Report) ---
2025-10-02 14:04:51,314 - INFO -               precision    recall  f1-score   support

           0       0.87      0.96      0.92        79
           1       0.93      0.81      0.87        70
           2       0.75      0.88      0.81        49
           3       0.50      0.18      0.27        11

    accuracy                           0.85       209
   macro avg       0.77      0.71      0.72       209
weighted avg       0.85      0.85      0.84       209

2025-10-02 14:04:51,314 - INFO - 
--- 娣锋穯鐭╅樀 (Confusion Matrix) ---
2025-10-02 14:04:54,978 - INFO - New best model saved with F1: 0.8418
2025-10-02 14:07:19,537 - INFO - Epoch 8, Loss: 0.37064769757862864
2025-10-02 14:07:19,537 - INFO - 
--- eval ---
2025-10-02 14:07:21,651 - INFO - 
--- 璇勪及鎸囨爣 ---
2025-10-02 14:07:21,651 - INFO - 鍑嗙‘鐜?(Accuracy)              : 88.04%
2025-10-02 14:07:21,651 - INFO - 鍔犳潈鏌ュ噯鐜?(Weighted Precision): 0.8771
2025-10-02 14:07:21,651 - INFO - 鍔犳潈鏌ュ叏鐜?(Weighted Recall)   : 0.8804
2025-10-02 14:07:21,651 - INFO - 鍔犳潈F1鍒嗘暟 (Weighted F1-score) : 0.8740
2025-10-02 14:07:21,651 - INFO - --- 鍒嗙被鎶ュ憡 (Classification Report) ---
2025-10-02 14:07:21,651 - INFO -               precision    recall  f1-score   support

           0       0.87      1.00      0.93        79
           1       0.92      0.84      0.88        70
           2       0.88      0.86      0.87        49
           3       0.67      0.36      0.47        11

    accuracy                           0.88       209
   macro avg       0.83      0.77      0.79       209
weighted avg       0.88      0.88      0.87       209

2025-10-02 14:07:21,651 - INFO - 
--- 娣锋穯鐭╅樀 (Confusion Matrix) ---
2025-10-02 14:07:24,972 - INFO - New best model saved with F1: 0.8740
2025-10-02 14:09:49,795 - INFO - Epoch 9, Loss: 0.3564268519928423
2025-10-02 14:09:49,796 - INFO - 
--- eval ---
2025-10-02 14:09:51,906 - INFO - 
--- 璇勪及鎸囨爣 ---
2025-10-02 14:09:51,906 - INFO - 鍑嗙‘鐜?(Accuracy)              : 83.73%
2025-10-02 14:09:51,906 - INFO - 鍔犳潈鏌ュ噯鐜?(Weighted Precision): 0.8431
2025-10-02 14:09:51,906 - INFO - 鍔犳潈鏌ュ叏鐜?(Weighted Recall)   : 0.8373
2025-10-02 14:09:51,906 - INFO - 鍔犳潈F1鍒嗘暟 (Weighted F1-score) : 0.8398
2025-10-02 14:09:51,906 - INFO - --- 鍒嗙被鎶ュ憡 (Classification Report) ---
2025-10-02 14:09:51,906 - INFO -               precision    recall  f1-score   support

           0       0.91      0.89      0.90        79
           1       0.90      0.87      0.88        70
           2       0.75      0.78      0.76        49
           3       0.46      0.55      0.50        11

    accuracy                           0.84       209
   macro avg       0.75      0.77      0.76       209
weighted avg       0.84      0.84      0.84       209

2025-10-02 14:09:51,906 - INFO - 
--- 娣锋穯鐭╅樀 (Confusion Matrix) ---
2025-10-02 14:09:54,592 - INFO - New best model saved with F1: 0.8398
2025-10-02 14:12:18,688 - INFO - Epoch 10, Loss: 0.34590025162141697
2025-10-02 14:12:18,688 - INFO - 
--- eval ---
2025-10-02 14:12:20,801 - INFO - 
--- 璇勪及鎸囨爣 ---
2025-10-02 14:12:20,801 - INFO - 鍑嗙‘鐜?(Accuracy)              : 86.12%
2025-10-02 14:12:20,802 - INFO - 鍔犳潈鏌ュ噯鐜?(Weighted Precision): 0.8577
2025-10-02 14:12:20,802 - INFO - 鍔犳潈鏌ュ叏鐜?(Weighted Recall)   : 0.8612
2025-10-02 14:12:20,802 - INFO - 鍔犳潈F1鍒嗘暟 (Weighted F1-score) : 0.8590
2025-10-02 14:12:20,802 - INFO - --- 鍒嗙被鎶ュ憡 (Classification Report) ---
2025-10-02 14:12:20,802 - INFO -               precision    recall  f1-score   support

           0       0.89      0.94      0.91        79
           1       0.88      0.87      0.88        70
           2       0.83      0.82      0.82        49
           3       0.56      0.45      0.50        11

    accuracy                           0.86       209
   macro avg       0.79      0.77      0.78       209
weighted avg       0.86      0.86      0.86       209

2025-10-02 14:12:20,802 - INFO - 
--- 娣锋穯鐭╅樀 (Confusion Matrix) ---
2025-10-02 14:12:23,361 - INFO - New best model saved with F1: 0.8590
2025-10-02 14:12:23,361 - INFO - 
--- testing ---
2025-10-02 14:12:42,405 - INFO - 
--- 璇勪及鎸囨爣 ---
2025-10-02 14:12:42,406 - INFO - 鍑嗙‘鐜?(Accuracy)              : 89.03%
2025-10-02 14:12:42,406 - INFO - 鍔犳潈鏌ュ噯鐜?(Weighted Precision): 0.8886
2025-10-02 14:12:42,406 - INFO - 鍔犳潈鏌ュ叏鐜?(Weighted Recall)   : 0.8903
2025-10-02 14:12:42,406 - INFO - 鍔犳潈F1鍒嗘暟 (Weighted F1-score) : 0.8882
2025-10-02 14:12:42,406 - INFO - --- 鍒嗙被鎶ュ憡 (Classification Report) ---
2025-10-02 14:12:42,406 - INFO -               precision    recall  f1-score   support

           0       0.90      0.93      0.92       682
           1       0.88      0.93      0.91       610
           2       0.92      0.86      0.89       466
           3       0.74      0.58      0.65       129

    accuracy                           0.89      1887
   macro avg       0.86      0.83      0.84      1887
weighted avg       0.89      0.89      0.89      1887

2025-10-02 14:12:42,406 - INFO - 
--- 娣锋穯鐭╅樀 (Confusion Matrix) ---
2025-10-02 14:12:42,407 - INFO - -----------------  2  -----------------
2025-10-02 14:15:12,474 - INFO - Epoch 1, Loss: 0.5025273243914924
2025-10-02 14:15:12,475 - INFO - 
--- eval ---
2025-10-02 14:15:14,587 - INFO - 
--- 璇勪及鎸囨爣 ---
2025-10-02 14:15:14,587 - INFO - 鍑嗙‘鐜?(Accuracy)              : 83.73%
2025-10-02 14:15:14,587 - INFO - 鍔犳潈鏌ュ噯鐜?(Weighted Precision): 0.8041
2025-10-02 14:15:14,587 - INFO - 鍔犳潈鏌ュ叏鐜?(Weighted Recall)   : 0.8373
2025-10-02 14:15:14,587 - INFO - 鍔犳潈F1鍒嗘暟 (Weighted F1-score) : 0.8105
2025-10-02 14:15:14,588 - INFO - --- 鍒嗙被鎶ュ憡 (Classification Report) ---
2025-10-02 14:15:14,588 - INFO -               precision    recall  f1-score   support

           0       0.86      0.97      0.91        79
           1       0.78      0.94      0.85        70
           2       0.94      0.65      0.77        49
           3       0.00      0.00      0.00        11

    accuracy                           0.84       209
   macro avg       0.64      0.64      0.63       209
weighted avg       0.80      0.84      0.81       209

2025-10-02 14:15:14,588 - INFO - 
--- 娣锋穯鐭╅樀 (Confusion Matrix) ---
2025-10-02 14:15:17,291 - INFO - New best model saved with F1: 0.8105
2025-10-02 14:17:42,097 - INFO - Epoch 2, Loss: 0.4448454049263709
2025-10-02 14:17:42,097 - INFO - 
--- eval ---
2025-10-02 14:17:44,208 - INFO - 
--- 璇勪及鎸囨爣 ---
2025-10-02 14:17:44,208 - INFO - 鍑嗙‘鐜?(Accuracy)              : 83.25%
2025-10-02 14:17:44,208 - INFO - 鍔犳潈鏌ュ噯鐜?(Weighted Precision): 0.8294
2025-10-02 14:17:44,208 - INFO - 鍔犳潈鏌ュ叏鐜?(Weighted Recall)   : 0.8325
2025-10-02 14:17:44,208 - INFO - 鍔犳潈F1鍒嗘暟 (Weighted F1-score) : 0.8248
2025-10-02 14:17:44,208 - INFO - --- 鍒嗙被鎶ュ憡 (Classification Report) ---
2025-10-02 14:17:44,208 - INFO -               precision    recall  f1-score   support

           0       0.92      0.86      0.89        79
           1       0.86      0.87      0.87        70
           2       0.72      0.88      0.79        49
           3       0.50      0.18      0.27        11

    accuracy                           0.83       209
   macro avg       0.75      0.70      0.70       209
weighted avg       0.83      0.83      0.82       209

2025-10-02 14:17:44,208 - INFO - 
--- 娣锋穯鐭╅樀 (Confusion Matrix) ---
2025-10-02 14:17:46,859 - INFO - New best model saved with F1: 0.8248
2025-10-02 14:20:12,326 - INFO - Epoch 3, Loss: 0.44902649488500956
2025-10-02 14:20:12,327 - INFO - 
--- eval ---
2025-10-02 14:20:14,438 - INFO - 
--- 璇勪及鎸囨爣 ---
2025-10-02 14:20:14,438 - INFO - 鍑嗙‘鐜?(Accuracy)              : 81.82%
2025-10-02 14:20:14,438 - INFO - 鍔犳潈鏌ュ噯鐜?(Weighted Precision): 0.8461
2025-10-02 14:20:14,438 - INFO - 鍔犳潈鏌ュ叏鐜?(Weighted Recall)   : 0.8182
2025-10-02 14:20:14,438 - INFO - 鍔犳潈F1鍒嗘暟 (Weighted F1-score) : 0.8245
2025-10-02 14:20:14,438 - INFO - --- 鍒嗙被鎶ュ憡 (Classification Report) ---
2025-10-02 14:20:14,438 - INFO -               precision    recall  f1-score   support

           0       0.92      0.89      0.90        79
           1       0.95      0.74      0.83        70
           2       0.70      0.90      0.79        49
           3       0.33      0.45      0.38        11

    accuracy                           0.82       209
   macro avg       0.72      0.75      0.73       209
weighted avg       0.85      0.82      0.82       209

2025-10-02 14:20:14,438 - INFO - 
--- 娣锋穯鐭╅樀 (Confusion Matrix) ---
2025-10-02 14:20:17,078 - INFO - New best model saved with F1: 0.8245
2025-10-02 14:22:40,932 - INFO - Epoch 4, Loss: 0.4341365045143498
2025-10-02 14:22:40,933 - INFO - 
--- eval ---
2025-10-02 14:22:43,042 - INFO - 
--- 璇勪及鎸囨爣 ---
2025-10-02 14:22:43,043 - INFO - 鍑嗙‘鐜?(Accuracy)              : 76.56%
2025-10-02 14:22:43,043 - INFO - 鍔犳潈鏌ュ噯鐜?(Weighted Precision): 0.8016
2025-10-02 14:22:43,043 - INFO - 鍔犳潈鏌ュ叏鐜?(Weighted Recall)   : 0.7656
2025-10-02 14:22:43,043 - INFO - 鍔犳潈F1鍒嗘暟 (Weighted F1-score) : 0.7587
2025-10-02 14:22:43,043 - INFO - --- 鍒嗙被鎶ュ憡 (Classification Report) ---
2025-10-02 14:22:43,043 - INFO -               precision    recall  f1-score   support

           0       0.69      1.00      0.81        79
           1       0.91      0.60      0.72        70
           2       0.89      0.69      0.78        49
           3       0.50      0.45      0.48        11

    accuracy                           0.77       209
   macro avg       0.75      0.69      0.70       209
weighted avg       0.80      0.77      0.76       209

2025-10-02 14:22:43,043 - INFO - 
--- 娣锋穯鐭╅樀 (Confusion Matrix) ---
2025-10-02 14:22:45,637 - INFO - New best model saved with F1: 0.7587
2025-10-02 14:25:09,594 - INFO - Epoch 5, Loss: 0.40450622125230484
2025-10-02 14:25:09,595 - INFO - 
--- eval ---
2025-10-02 14:25:11,720 - INFO - 
--- 璇勪及鎸囨爣 ---
2025-10-02 14:25:11,720 - INFO - 鍑嗙‘鐜?(Accuracy)              : 81.82%
2025-10-02 14:25:11,720 - INFO - 鍔犳潈鏌ュ噯鐜?(Weighted Precision): 0.7919
2025-10-02 14:25:11,721 - INFO - 鍔犳潈鏌ュ叏鐜?(Weighted Recall)   : 0.8182
2025-10-02 14:25:11,721 - INFO - 鍔犳潈F1鍒嗘暟 (Weighted F1-score) : 0.7972
2025-10-02 14:25:11,721 - INFO - --- 鍒嗙被鎶ュ憡 (Classification Report) ---
2025-10-02 14:25:11,721 - INFO -               precision    recall  f1-score   support

           0       0.92      0.86      0.89        79
           1       0.71      0.96      0.82        70
           2       0.88      0.73      0.80        49
           3       0.00      0.00      0.00        11

    accuracy                           0.82       209
   macro avg       0.63      0.64      0.63       209
weighted avg       0.79      0.82      0.80       209

2025-10-02 14:25:11,721 - INFO - 
--- 娣锋穯鐭╅樀 (Confusion Matrix) ---
2025-10-02 14:25:14,589 - INFO - New best model saved with F1: 0.7972
2025-10-02 14:27:38,457 - INFO - Epoch 6, Loss: 0.42150280218620123
2025-10-02 14:27:38,457 - INFO - 
--- eval ---
2025-10-02 14:27:40,587 - INFO - 
--- 璇勪及鎸囨爣 ---
2025-10-02 14:27:40,587 - INFO - 鍑嗙‘鐜?(Accuracy)              : 84.21%
2025-10-02 14:27:40,587 - INFO - 鍔犳潈鏌ュ噯鐜?(Weighted Precision): 0.8289
2025-10-02 14:27:40,587 - INFO - 鍔犳潈鏌ュ叏鐜?(Weighted Recall)   : 0.8421
2025-10-02 14:27:40,587 - INFO - 鍔犳潈F1鍒嗘暟 (Weighted F1-score) : 0.8249
2025-10-02 14:27:40,587 - INFO - --- 鍒嗙被鎶ュ憡 (Classification Report) ---
2025-10-02 14:27:40,587 - INFO -               precision    recall  f1-score   support

           0       0.84      1.00      0.91        79
           1       0.89      0.81      0.85        70
           2       0.80      0.80      0.80        49
           3       0.50      0.09      0.15        11

    accuracy                           0.84       209
   macro avg       0.76      0.68      0.68       209
weighted avg       0.83      0.84      0.82       209

2025-10-02 14:27:40,587 - INFO - 
--- 娣锋穯鐭╅樀 (Confusion Matrix) ---
2025-10-02 14:27:43,139 - INFO - New best model saved with F1: 0.8249
2025-10-02 14:30:09,007 - INFO - Epoch 7, Loss: 0.3931191627003155
2025-10-02 14:30:09,008 - INFO - 
--- eval ---
2025-10-02 14:30:11,134 - INFO - 
--- 璇勪及鎸囨爣 ---
2025-10-02 14:30:11,134 - INFO - 鍑嗙‘鐜?(Accuracy)              : 82.78%
2025-10-02 14:30:11,135 - INFO - 鍔犳潈鏌ュ噯鐜?(Weighted Precision): 0.8307
2025-10-02 14:30:11,135 - INFO - 鍔犳潈鏌ュ叏鐜?(Weighted Recall)   : 0.8278
2025-10-02 14:30:11,135 - INFO - 鍔犳潈F1鍒嗘暟 (Weighted F1-score) : 0.8267
2025-10-02 14:30:11,135 - INFO - --- 鍒嗙被鎶ュ憡 (Classification Report) ---
2025-10-02 14:30:11,135 - INFO -               precision    recall  f1-score   support

           0       0.91      0.87      0.89        79
           1       0.88      0.83      0.85        70
           2       0.71      0.86      0.78        49
           3       0.50      0.36      0.42        11

    accuracy                           0.83       209
   macro avg       0.75      0.73      0.74       209
weighted avg       0.83      0.83      0.83       209

2025-10-02 14:30:11,135 - INFO - 
--- 娣锋穯鐭╅樀 (Confusion Matrix) ---
2025-10-02 14:30:13,841 - INFO - New best model saved with F1: 0.8267
2025-10-02 14:32:40,606 - INFO - Epoch 8, Loss: 0.3915875294927532
2025-10-02 14:32:40,607 - INFO - 
--- eval ---
2025-10-02 14:32:42,757 - INFO - 
--- 璇勪及鎸囨爣 ---
2025-10-02 14:32:42,757 - INFO - 鍑嗙‘鐜?(Accuracy)              : 84.21%
2025-10-02 14:32:42,757 - INFO - 鍔犳潈鏌ュ噯鐜?(Weighted Precision): 0.8583
2025-10-02 14:32:42,757 - INFO - 鍔犳潈鏌ュ叏鐜?(Weighted Recall)   : 0.8421
2025-10-02 14:32:42,757 - INFO - 鍔犳潈F1鍒嗘暟 (Weighted F1-score) : 0.8422
2025-10-02 14:32:42,757 - INFO - --- 鍒嗙被鎶ュ憡 (Classification Report) ---
2025-10-02 14:32:42,758 - INFO -               precision    recall  f1-score   support

           0       0.82      0.99      0.90        79
           1       0.92      0.80      0.85        70
           2       0.92      0.71      0.80        49
           3       0.47      0.64      0.54        11

    accuracy                           0.84       209
   macro avg       0.78      0.78      0.77       209
weighted avg       0.86      0.84      0.84       209

2025-10-02 14:32:42,758 - INFO - 
--- 娣锋穯鐭╅樀 (Confusion Matrix) ---
2025-10-02 14:32:45,466 - INFO - New best model saved with F1: 0.8422
2025-10-02 14:35:12,953 - INFO - Epoch 9, Loss: 0.37088470834191717
2025-10-02 14:35:12,953 - INFO - 
--- eval ---
2025-10-02 14:35:15,132 - INFO - 
--- 璇勪及鎸囨爣 ---
2025-10-02 14:35:15,132 - INFO - 鍑嗙‘鐜?(Accuracy)              : 84.21%
2025-10-02 14:35:15,132 - INFO - 鍔犳潈鏌ュ噯鐜?(Weighted Precision): 0.8455
2025-10-02 14:35:15,132 - INFO - 鍔犳潈鏌ュ叏鐜?(Weighted Recall)   : 0.8421
2025-10-02 14:35:15,132 - INFO - 鍔犳潈F1鍒嗘暟 (Weighted F1-score) : 0.8371
2025-10-02 14:35:15,132 - INFO - --- 鍒嗙被鎶ュ憡 (Classification Report) ---
2025-10-02 14:35:15,132 - INFO -               precision    recall  f1-score   support

           0       0.88      0.95      0.91        79
           1       0.95      0.79      0.86        70
           2       0.72      0.88      0.79        49
           3       0.50      0.27      0.35        11

    accuracy                           0.84       209
   macro avg       0.76      0.72      0.73       209
weighted avg       0.85      0.84      0.84       209

2025-10-02 14:35:15,132 - INFO - 
--- 娣锋穯鐭╅樀 (Confusion Matrix) ---
2025-10-02 14:35:17,687 - INFO - New best model saved with F1: 0.8371
2025-10-02 14:37:45,326 - INFO - Epoch 10, Loss: 0.353176163582533
2025-10-02 14:37:45,326 - INFO - 
--- eval ---
2025-10-02 14:37:47,467 - INFO - 
--- 璇勪及鎸囨爣 ---
2025-10-02 14:37:47,467 - INFO - 鍑嗙‘鐜?(Accuracy)              : 86.12%
2025-10-02 14:37:47,467 - INFO - 鍔犳潈鏌ュ噯鐜?(Weighted Precision): 0.8570
2025-10-02 14:37:47,467 - INFO - 鍔犳潈鏌ュ叏鐜?(Weighted Recall)   : 0.8612
2025-10-02 14:37:47,468 - INFO - 鍔犳潈F1鍒嗘暟 (Weighted F1-score) : 0.8584
2025-10-02 14:37:47,468 - INFO - --- 鍒嗙被鎶ュ憡 (Classification Report) ---
2025-10-02 14:37:47,468 - INFO -               precision    recall  f1-score   support

           0       0.91      0.92      0.92        79
           1       0.90      0.89      0.89        70
           2       0.79      0.84      0.81        49
           3       0.50      0.36      0.42        11

    accuracy                           0.86       209
   macro avg       0.77      0.75      0.76       209
weighted avg       0.86      0.86      0.86       209

2025-10-02 14:37:47,468 - INFO - 
--- 娣锋穯鐭╅樀 (Confusion Matrix) ---
2025-10-02 14:37:50,142 - INFO - New best model saved with F1: 0.8584
2025-10-02 14:37:50,142 - INFO - 
--- testing ---
2025-10-02 14:38:09,417 - INFO - 
--- 璇勪及鎸囨爣 ---
2025-10-02 14:38:09,417 - INFO - 鍑嗙‘鐜?(Accuracy)              : 89.03%
2025-10-02 14:38:09,417 - INFO - 鍔犳潈鏌ュ噯鐜?(Weighted Precision): 0.8897
2025-10-02 14:38:09,417 - INFO - 鍔犳潈鏌ュ叏鐜?(Weighted Recall)   : 0.8903
2025-10-02 14:38:09,417 - INFO - 鍔犳潈F1鍒嗘暟 (Weighted F1-score) : 0.8874
2025-10-02 14:38:09,417 - INFO - --- 鍒嗙被鎶ュ憡 (Classification Report) ---
2025-10-02 14:38:09,417 - INFO -               precision    recall  f1-score   support

           0       0.91      0.92      0.92       682
           1       0.87      0.94      0.90       610
           2       0.91      0.87      0.89       466
           3       0.84      0.55      0.66       129

    accuracy                           0.89      1887
   macro avg       0.88      0.82      0.84      1887
weighted avg       0.89      0.89      0.89      1887

2025-10-02 14:38:09,418 - INFO - 
--- 娣锋穯鐭╅樀 (Confusion Matrix) ---
2025-10-02 14:38:09,419 - INFO - -----------------  3  -----------------
2025-10-02 14:40:40,903 - INFO - Epoch 1, Loss: 0.5605721697789537
2025-10-02 14:40:40,903 - INFO - 
--- eval ---
2025-10-02 14:40:43,027 - INFO - 
--- 璇勪及鎸囨爣 ---
2025-10-02 14:40:43,028 - INFO - 鍑嗙‘鐜?(Accuracy)              : 78.47%
2025-10-02 14:40:43,028 - INFO - 鍔犳潈鏌ュ噯鐜?(Weighted Precision): 0.8135
2025-10-02 14:40:43,028 - INFO - 鍔犳潈鏌ュ叏鐜?(Weighted Recall)   : 0.7847
2025-10-02 14:40:43,028 - INFO - 鍔犳潈F1鍒嗘暟 (Weighted F1-score) : 0.7874
2025-10-02 14:40:43,028 - INFO - --- 鍒嗙被鎶ュ憡 (Classification Report) ---
2025-10-02 14:40:43,028 - INFO -               precision    recall  f1-score   support

           0       0.91      0.77      0.84        79
           1       0.92      0.79      0.85        70
           2       0.61      0.92      0.73        49
           3       0.38      0.27      0.32        11

    accuracy                           0.78       209
   macro avg       0.70      0.69      0.68       209
weighted avg       0.81      0.78      0.79       209

2025-10-02 14:40:43,028 - INFO - 
--- 娣锋穯鐭╅樀 (Confusion Matrix) ---
2025-10-02 14:40:45,691 - INFO - New best model saved with F1: 0.7874
2025-10-02 14:43:11,705 - INFO - Epoch 2, Loss: 0.47349302817951716
2025-10-02 14:43:11,705 - INFO - 
--- eval ---
2025-10-02 14:43:13,822 - INFO - 
--- 璇勪及鎸囨爣 ---
2025-10-02 14:43:13,822 - INFO - 鍑嗙‘鐜?(Accuracy)              : 85.65%
2025-10-02 14:43:13,822 - INFO - 鍔犳潈鏌ュ噯鐜?(Weighted Precision): 0.8637
2025-10-02 14:43:13,822 - INFO - 鍔犳潈鏌ュ叏鐜?(Weighted Recall)   : 0.8565
2025-10-02 14:43:13,822 - INFO - 鍔犳潈F1鍒嗘暟 (Weighted F1-score) : 0.8547
2025-10-02 14:43:13,822 - INFO - --- 鍒嗙被鎶ュ憡 (Classification Report) ---
2025-10-02 14:43:13,822 - INFO -               precision    recall  f1-score   support

           0       0.87      1.00      0.93        79
           1       0.95      0.76      0.84        70
           2       0.82      0.84      0.83        49
           3       0.50      0.55      0.52        11

    accuracy                           0.86       209
   macro avg       0.78      0.78      0.78       209
weighted avg       0.86      0.86      0.85       209

2025-10-02 14:43:13,823 - INFO - 
--- 娣锋穯鐭╅樀 (Confusion Matrix) ---
2025-10-02 14:43:16,503 - INFO - New best model saved with F1: 0.8547
2025-10-02 14:45:41,957 - INFO - Epoch 3, Loss: 0.43544783462995507
2025-10-02 14:45:41,957 - INFO - 
--- eval ---
2025-10-02 14:45:44,068 - INFO - 
--- 璇勪及鎸囨爣 ---
2025-10-02 14:45:44,069 - INFO - 鍑嗙‘鐜?(Accuracy)              : 83.73%
2025-10-02 14:45:44,069 - INFO - 鍔犳潈鏌ュ噯鐜?(Weighted Precision): 0.8364
2025-10-02 14:45:44,069 - INFO - 鍔犳潈鏌ュ叏鐜?(Weighted Recall)   : 0.8373
2025-10-02 14:45:44,069 - INFO - 鍔犳潈F1鍒嗘暟 (Weighted F1-score) : 0.8326
2025-10-02 14:45:44,069 - INFO - --- 鍒嗙被鎶ュ憡 (Classification Report) ---
2025-10-02 14:45:44,069 - INFO -               precision    recall  f1-score   support

           0       0.88      0.94      0.91        79
           1       0.92      0.79      0.85        70
           2       0.74      0.88      0.80        49
           3       0.43      0.27      0.33        11

    accuracy                           0.84       209
   macro avg       0.74      0.72      0.72       209
weighted avg       0.84      0.84      0.83       209

2025-10-02 14:45:44,069 - INFO - 
--- 娣锋穯鐭╅樀 (Confusion Matrix) ---
2025-10-02 14:45:46,634 - INFO - New best model saved with F1: 0.8326
2025-10-02 14:48:10,783 - INFO - Epoch 4, Loss: 0.43058938922640544
2025-10-02 14:48:10,784 - INFO - 
--- eval ---
2025-10-02 14:48:12,891 - INFO - 
--- 璇勪及鎸囨爣 ---
2025-10-02 14:48:12,891 - INFO - 鍑嗙‘鐜?(Accuracy)              : 84.21%
2025-10-02 14:48:12,891 - INFO - 鍔犳潈鏌ュ噯鐜?(Weighted Precision): 0.8310
2025-10-02 14:48:12,891 - INFO - 鍔犳潈鏌ュ叏鐜?(Weighted Recall)   : 0.8421
2025-10-02 14:48:12,891 - INFO - 鍔犳潈F1鍒嗘暟 (Weighted F1-score) : 0.8248
2025-10-02 14:48:12,892 - INFO - --- 鍒嗙被鎶ュ憡 (Classification Report) ---
2025-10-02 14:48:12,892 - INFO -               precision    recall  f1-score   support

           0       0.81      1.00      0.90        79
           1       0.89      0.83      0.86        70
           2       0.84      0.78      0.81        49
           3       0.50      0.09      0.15        11

    accuracy                           0.84       209
   macro avg       0.76      0.67      0.68       209
weighted avg       0.83      0.84      0.82       209

2025-10-02 14:48:12,892 - INFO - 
--- 娣锋穯鐭╅樀 (Confusion Matrix) ---
2025-10-02 14:48:15,568 - INFO - New best model saved with F1: 0.8248
2025-10-02 14:50:40,599 - INFO - Epoch 5, Loss: 0.42296276292672347
2025-10-02 14:50:40,599 - INFO - 
--- eval ---
2025-10-02 14:50:42,715 - INFO - 
--- 璇勪及鎸囨爣 ---
2025-10-02 14:50:42,715 - INFO - 鍑嗙‘鐜?(Accuracy)              : 84.21%
2025-10-02 14:50:42,715 - INFO - 鍔犳潈鏌ュ噯鐜?(Weighted Precision): 0.8322
2025-10-02 14:50:42,715 - INFO - 鍔犳潈鏌ュ叏鐜?(Weighted Recall)   : 0.8421
2025-10-02 14:50:42,715 - INFO - 鍔犳潈F1鍒嗘暟 (Weighted F1-score) : 0.8344
2025-10-02 14:50:42,716 - INFO - --- 鍒嗙被鎶ュ憡 (Classification Report) ---
2025-10-02 14:50:42,716 - INFO -               precision    recall  f1-score   support

           0       0.91      0.91      0.91        79
           1       0.87      0.87      0.87        70
           2       0.75      0.84      0.79        49
           3       0.40      0.18      0.25        11

    accuracy                           0.84       209
   macro avg       0.73      0.70      0.71       209
weighted avg       0.83      0.84      0.83       209

2025-10-02 14:50:42,716 - INFO - 
--- 娣锋穯鐭╅樀 (Confusion Matrix) ---
2025-10-02 14:50:45,353 - INFO - New best model saved with F1: 0.8344
2025-10-02 14:53:10,215 - INFO - Epoch 6, Loss: 0.40882565051901576
2025-10-02 14:53:10,216 - INFO - 
--- eval ---
2025-10-02 14:53:12,322 - INFO - 
--- 璇勪及鎸囨爣 ---
2025-10-02 14:53:12,322 - INFO - 鍑嗙‘鐜?(Accuracy)              : 85.17%
2025-10-02 14:53:12,322 - INFO - 鍔犳潈鏌ュ噯鐜?(Weighted Precision): 0.8461
2025-10-02 14:53:12,322 - INFO - 鍔犳潈鏌ュ叏鐜?(Weighted Recall)   : 0.8517
2025-10-02 14:53:12,322 - INFO - 鍔犳潈F1鍒嗘暟 (Weighted F1-score) : 0.8481
2025-10-02 14:53:12,322 - INFO - --- 鍒嗙被鎶ュ憡 (Classification Report) ---
2025-10-02 14:53:12,322 - INFO -               precision    recall  f1-score   support

           0       0.91      0.91      0.91        79
           1       0.86      0.91      0.89        70
           2       0.79      0.78      0.78        49
           3       0.50      0.36      0.42        11

    accuracy                           0.85       209
   macro avg       0.77      0.74      0.75       209
weighted avg       0.85      0.85      0.85       209

2025-10-02 14:53:12,322 - INFO - 
--- 娣锋穯鐭╅樀 (Confusion Matrix) ---
2025-10-02 14:53:14,990 - INFO - New best model saved with F1: 0.8481
2025-10-02 14:55:39,572 - INFO - Epoch 7, Loss: 0.3999217352251601
2025-10-02 14:55:39,572 - INFO - 
--- eval ---
2025-10-02 14:55:41,681 - INFO - 
--- 璇勪及鎸囨爣 ---
2025-10-02 14:55:41,681 - INFO - 鍑嗙‘鐜?(Accuracy)              : 83.25%
2025-10-02 14:55:41,681 - INFO - 鍔犳潈鏌ュ噯鐜?(Weighted Precision): 0.8274
2025-10-02 14:55:41,681 - INFO - 鍔犳潈鏌ュ叏鐜?(Weighted Recall)   : 0.8325
2025-10-02 14:55:41,681 - INFO - 鍔犳潈F1鍒嗘暟 (Weighted F1-score) : 0.8140
2025-10-02 14:55:41,681 - INFO - --- 鍒嗙被鎶ュ憡 (Classification Report) ---
2025-10-02 14:55:41,681 - INFO -               precision    recall  f1-score   support

           0       0.83      0.97      0.90        79
           1       0.80      0.90      0.85        70
           2       0.94      0.67      0.79        49
           3       0.50      0.09      0.15        11

    accuracy                           0.83       209
   macro avg       0.77      0.66      0.67       209
weighted avg       0.83      0.83      0.81       209

2025-10-02 14:55:41,681 - INFO - 
--- 娣锋穯鐭╅樀 (Confusion Matrix) ---
2025-10-02 14:55:44,367 - INFO - New best model saved with F1: 0.8140
2025-10-02 14:58:08,284 - INFO - Epoch 8, Loss: 0.3879046410358712
2025-10-02 14:58:08,285 - INFO - 
--- eval ---
2025-10-02 14:58:10,391 - INFO - 
--- 璇勪及鎸囨爣 ---
2025-10-02 14:58:10,392 - INFO - 鍑嗙‘鐜?(Accuracy)              : 85.65%
2025-10-02 14:58:10,392 - INFO - 鍔犳潈鏌ュ噯鐜?(Weighted Precision): 0.8665
2025-10-02 14:58:10,392 - INFO - 鍔犳潈鏌ュ叏鐜?(Weighted Recall)   : 0.8565
2025-10-02 14:58:10,392 - INFO - 鍔犳潈F1鍒嗘暟 (Weighted F1-score) : 0.8394
2025-10-02 14:58:10,392 - INFO - --- 鍒嗙被鎶ュ憡 (Classification Report) ---
2025-10-02 14:58:10,392 - INFO -               precision    recall  f1-score   support

           0       0.88      0.96      0.92        79
           1       0.89      0.83      0.86        70
           2       0.77      0.90      0.83        49
           3       1.00      0.09      0.17        11

    accuracy                           0.86       209
   macro avg       0.89      0.69      0.69       209
weighted avg       0.87      0.86      0.84       209

2025-10-02 14:58:10,392 - INFO - 
--- 娣锋穯鐭╅樀 (Confusion Matrix) ---
2025-10-02 14:58:13,070 - INFO - New best model saved with F1: 0.8394
2025-10-02 15:00:37,790 - INFO - Epoch 9, Loss: 0.37038064418737987
2025-10-02 15:00:37,791 - INFO - 
--- eval ---
2025-10-02 15:00:39,894 - INFO - 
--- 璇勪及鎸囨爣 ---
2025-10-02 15:00:39,894 - INFO - 鍑嗙‘鐜?(Accuracy)              : 83.25%
2025-10-02 15:00:39,894 - INFO - 鍔犳潈鏌ュ噯鐜?(Weighted Precision): 0.8393
2025-10-02 15:00:39,894 - INFO - 鍔犳潈鏌ュ叏鐜?(Weighted Recall)   : 0.8325
2025-10-02 15:00:39,895 - INFO - 鍔犳潈F1鍒嗘暟 (Weighted F1-score) : 0.8352
2025-10-02 15:00:39,895 - INFO - --- 鍒嗙被鎶ュ憡 (Classification Report) ---
2025-10-02 15:00:39,895 - INFO -               precision    recall  f1-score   support

           0       0.92      0.86      0.89        79
           1       0.87      0.87      0.87        70
           2       0.75      0.80      0.77        49
           3       0.46      0.55      0.50        11

    accuracy                           0.83       209
   macro avg       0.75      0.77      0.76       209
weighted avg       0.84      0.83      0.84       209

2025-10-02 15:00:39,895 - INFO - 
--- 娣锋穯鐭╅樀 (Confusion Matrix) ---
2025-10-02 15:00:42,599 - INFO - New best model saved with F1: 0.8352
2025-10-02 15:03:07,756 - INFO - Epoch 10, Loss: 0.35342022925128347
2025-10-02 15:03:07,756 - INFO - 
--- eval ---
2025-10-02 15:03:09,859 - INFO - 
--- 璇勪及鎸囨爣 ---
2025-10-02 15:03:09,859 - INFO - 鍑嗙‘鐜?(Accuracy)              : 85.65%
2025-10-02 15:03:09,859 - INFO - 鍔犳潈鏌ュ噯鐜?(Weighted Precision): 0.8559
2025-10-02 15:03:09,859 - INFO - 鍔犳潈鏌ュ叏鐜?(Weighted Recall)   : 0.8565
2025-10-02 15:03:09,860 - INFO - 鍔犳潈F1鍒嗘暟 (Weighted F1-score) : 0.8529
2025-10-02 15:03:09,860 - INFO - --- 鍒嗙被鎶ュ憡 (Classification Report) ---
2025-10-02 15:03:09,860 - INFO -               precision    recall  f1-score   support

           0       0.91      0.91      0.91        79
           1       0.90      0.87      0.88        70
           2       0.75      0.86      0.80        49
           3       0.67      0.36      0.47        11

    accuracy                           0.86       209
   macro avg       0.81      0.75      0.77       209
weighted avg       0.86      0.86      0.85       209

2025-10-02 15:03:09,860 - INFO - 
--- 娣锋穯鐭╅樀 (Confusion Matrix) ---
2025-10-02 15:03:12,575 - INFO - New best model saved with F1: 0.8529
2025-10-02 15:03:12,575 - INFO - 
--- testing ---
2025-10-02 15:03:31,585 - INFO - 
--- 璇勪及鎸囨爣 ---
2025-10-02 15:03:31,586 - INFO - 鍑嗙‘鐜?(Accuracy)              : 89.51%
2025-10-02 15:03:31,586 - INFO - 鍔犳潈鏌ュ噯鐜?(Weighted Precision): 0.8937
2025-10-02 15:03:31,586 - INFO - 鍔犳潈鏌ュ叏鐜?(Weighted Recall)   : 0.8951
2025-10-02 15:03:31,586 - INFO - 鍔犳潈F1鍒嗘暟 (Weighted F1-score) : 0.8911
2025-10-02 15:03:31,586 - INFO - --- 鍒嗙被鎶ュ憡 (Classification Report) ---
2025-10-02 15:03:31,586 - INFO -               precision    recall  f1-score   support

           0       0.92      0.93      0.92       682
           1       0.88      0.94      0.91       610
           2       0.90      0.90      0.90       466
           3       0.83      0.50      0.62       129

    accuracy                           0.90      1887
   macro avg       0.88      0.82      0.84      1887
weighted avg       0.89      0.90      0.89      1887

2025-10-02 15:03:31,586 - INFO - 
--- 娣锋穯鐭╅樀 (Confusion Matrix) ---
2025-10-02 15:03:31,588 - INFO - -----------------  4  -----------------
2025-10-02 15:06:01,802 - INFO - Epoch 1, Loss: 0.649047760645938
2025-10-02 15:06:01,802 - INFO - 
--- eval ---
2025-10-02 15:06:03,904 - INFO - 
--- 璇勪及鎸囨爣 ---
2025-10-02 15:06:03,905 - INFO - 鍑嗙‘鐜?(Accuracy)              : 79.43%
2025-10-02 15:06:03,905 - INFO - 鍔犳潈鏌ュ噯鐜?(Weighted Precision): 0.8110
2025-10-02 15:06:03,905 - INFO - 鍔犳潈鏌ュ叏鐜?(Weighted Recall)   : 0.7943
2025-10-02 15:06:03,905 - INFO - 鍔犳潈F1鍒嗘暟 (Weighted F1-score) : 0.7980
2025-10-02 15:06:03,905 - INFO - --- 鍒嗙被鎶ュ憡 (Classification Report) ---
2025-10-02 15:06:03,905 - INFO -               precision    recall  f1-score   support

           0       0.92      0.76      0.83        79
           1       0.78      0.89      0.83        70
           2       0.76      0.78      0.77        49
           3       0.40      0.55      0.46        11

    accuracy                           0.79       209
   macro avg       0.72      0.74      0.72       209
weighted avg       0.81      0.79      0.80       209

2025-10-02 15:06:03,905 - INFO - 
--- 娣锋穯鐭╅樀 (Confusion Matrix) ---
2025-10-02 15:06:06,576 - INFO - New best model saved with F1: 0.7980
2025-10-02 15:08:31,330 - INFO - Epoch 2, Loss: 0.44066254906599817
2025-10-02 15:08:31,331 - INFO - 
--- eval ---
2025-10-02 15:08:33,443 - INFO - 
--- 璇勪及鎸囨爣 ---
2025-10-02 15:08:33,443 - INFO - 鍑嗙‘鐜?(Accuracy)              : 85.17%
2025-10-02 15:08:33,443 - INFO - 鍔犳潈鏌ュ噯鐜?(Weighted Precision): 0.8064
2025-10-02 15:08:33,444 - INFO - 鍔犳潈鏌ュ叏鐜?(Weighted Recall)   : 0.8517
2025-10-02 15:08:33,444 - INFO - 鍔犳潈F1鍒嗘暟 (Weighted F1-score) : 0.8278
2025-10-02 15:08:33,444 - INFO - --- 鍒嗙被鎶ュ憡 (Classification Report) ---
2025-10-02 15:08:33,444 - INFO -               precision    recall  f1-score   support

           0       0.87      0.97      0.92        79
           1       0.86      0.86      0.86        70
           2       0.82      0.84      0.83        49
           3       0.00      0.00      0.00        11

    accuracy                           0.85       209
   macro avg       0.64      0.67      0.65       209
weighted avg       0.81      0.85      0.83       209

2025-10-02 15:08:33,444 - INFO - 
--- 娣锋穯鐭╅樀 (Confusion Matrix) ---
2025-10-02 15:08:36,804 - INFO - New best model saved with F1: 0.8278
2025-10-02 15:11:01,580 - INFO - Epoch 3, Loss: 0.43676091425632146
2025-10-02 15:11:01,580 - INFO - 
--- eval ---
2025-10-02 15:11:03,683 - INFO - 
--- 璇勪及鎸囨爣 ---
2025-10-02 15:11:03,683 - INFO - 鍑嗙‘鐜?(Accuracy)              : 83.73%
2025-10-02 15:11:03,683 - INFO - 鍔犳潈鏌ュ噯鐜?(Weighted Precision): 0.7976
2025-10-02 15:11:03,683 - INFO - 鍔犳潈鏌ュ叏鐜?(Weighted Recall)   : 0.8373
2025-10-02 15:11:03,683 - INFO - 鍔犳潈F1鍒嗘暟 (Weighted F1-score) : 0.8152
2025-10-02 15:11:03,683 - INFO - --- 鍒嗙被鎶ュ憡 (Classification Report) ---
2025-10-02 15:11:03,684 - INFO -               precision    recall  f1-score   support

           0       0.89      0.94      0.91        79
           1       0.80      0.93      0.86        70
           2       0.82      0.73      0.77        49
           3       0.00      0.00      0.00        11

    accuracy                           0.84       209
   macro avg       0.63      0.65      0.64       209
weighted avg       0.80      0.84      0.82       209

2025-10-02 15:11:03,684 - INFO - 
--- 娣锋穯鐭╅樀 (Confusion Matrix) ---
2025-10-02 15:11:06,340 - INFO - New best model saved with F1: 0.8152
2025-10-02 15:13:30,342 - INFO - Epoch 4, Loss: 0.4144657075898174
2025-10-02 15:13:30,343 - INFO - 
--- eval ---
2025-10-02 15:13:32,442 - INFO - 
--- 璇勪及鎸囨爣 ---
2025-10-02 15:13:32,443 - INFO - 鍑嗙‘鐜?(Accuracy)              : 84.21%
2025-10-02 15:13:32,443 - INFO - 鍔犳潈鏌ュ噯鐜?(Weighted Precision): 0.8541
2025-10-02 15:13:32,443 - INFO - 鍔犳潈鏌ュ叏鐜?(Weighted Recall)   : 0.8421
2025-10-02 15:13:32,443 - INFO - 鍔犳潈F1鍒嗘暟 (Weighted F1-score) : 0.8471
2025-10-02 15:13:32,443 - INFO - --- 鍒嗙被鎶ュ憡 (Classification Report) ---
2025-10-02 15:13:32,443 - INFO -               precision    recall  f1-score   support

           0       0.92      0.89      0.90        79
           1       0.89      0.89      0.89        70
           2       0.81      0.78      0.79        49
           3       0.38      0.55      0.44        11

    accuracy                           0.84       209
   macro avg       0.75      0.77      0.76       209
weighted avg       0.85      0.84      0.85       209

2025-10-02 15:13:32,443 - INFO - 
--- 娣锋穯鐭╅樀 (Confusion Matrix) ---
2025-10-02 15:13:35,024 - INFO - New best model saved with F1: 0.8471
2025-10-02 15:15:58,598 - INFO - Epoch 5, Loss: 0.4009781698361526
2025-10-02 15:15:58,598 - INFO - 
--- eval ---
2025-10-02 15:16:00,697 - INFO - 
--- 璇勪及鎸囨爣 ---
2025-10-02 15:16:00,697 - INFO - 鍑嗙‘鐜?(Accuracy)              : 84.21%
2025-10-02 15:16:00,697 - INFO - 鍔犳潈鏌ュ噯鐜?(Weighted Precision): 0.8393
2025-10-02 15:16:00,698 - INFO - 鍔犳潈鏌ュ叏鐜?(Weighted Recall)   : 0.8421
2025-10-02 15:16:00,698 - INFO - 鍔犳潈F1鍒嗘暟 (Weighted F1-score) : 0.8391
2025-10-02 15:16:00,698 - INFO - --- 鍒嗙被鎶ュ憡 (Classification Report) ---
2025-10-02 15:16:00,698 - INFO -               precision    recall  f1-score   support

           0       0.92      0.86      0.89        79
           1       0.84      0.93      0.88        70
           2       0.78      0.80      0.79        49
           3       0.50      0.36      0.42        11

    accuracy                           0.84       209
   macro avg       0.76      0.74      0.75       209
weighted avg       0.84      0.84      0.84       209

2025-10-02 15:16:00,698 - INFO - 
--- 娣锋穯鐭╅樀 (Confusion Matrix) ---
2025-10-02 15:16:03,307 - INFO - New best model saved with F1: 0.8391
2025-10-02 15:18:28,316 - INFO - Epoch 6, Loss: 0.4021460783113939
2025-10-02 15:18:28,316 - INFO - 
--- eval ---
2025-10-02 15:18:30,415 - INFO - 
--- 璇勪及鎸囨爣 ---
2025-10-02 15:18:30,415 - INFO - 鍑嗙‘鐜?(Accuracy)              : 85.17%
2025-10-02 15:18:30,415 - INFO - 鍔犳潈鏌ュ噯鐜?(Weighted Precision): 0.8470
2025-10-02 15:18:30,415 - INFO - 鍔犳潈鏌ュ叏鐜?(Weighted Recall)   : 0.8517
2025-10-02 15:18:30,415 - INFO - 鍔犳潈F1鍒嗘暟 (Weighted F1-score) : 0.8490
2025-10-02 15:18:30,415 - INFO - --- 鍒嗙被鎶ュ憡 (Classification Report) ---
2025-10-02 15:18:30,415 - INFO -               precision    recall  f1-score   support

           0       0.91      0.92      0.92        79
           1       0.88      0.90      0.89        70
           2       0.79      0.78      0.78        49
           3       0.44      0.36      0.40        11

    accuracy                           0.85       209
   macro avg       0.76      0.74      0.75       209
weighted avg       0.85      0.85      0.85       209

2025-10-02 15:18:30,415 - INFO - 
--- 娣锋穯鐭╅樀 (Confusion Matrix) ---
2025-10-02 15:18:33,120 - INFO - New best model saved with F1: 0.8490
2025-10-02 15:20:58,794 - INFO - Epoch 7, Loss: 0.382731105499213
2025-10-02 15:20:58,794 - INFO - 
--- eval ---
2025-10-02 15:21:00,890 - INFO - 
--- 璇勪及鎸囨爣 ---
2025-10-02 15:21:00,890 - INFO - 鍑嗙‘鐜?(Accuracy)              : 86.60%
2025-10-02 15:21:00,890 - INFO - 鍔犳潈鏌ュ噯鐜?(Weighted Precision): 0.8606
2025-10-02 15:21:00,890 - INFO - 鍔犳潈鏌ュ叏鐜?(Weighted Recall)   : 0.8660
2025-10-02 15:21:00,890 - INFO - 鍔犳潈F1鍒嗘暟 (Weighted F1-score) : 0.8621
2025-10-02 15:21:00,890 - INFO - --- 鍒嗙被鎶ュ憡 (Classification Report) ---
2025-10-02 15:21:00,891 - INFO -               precision    recall  f1-score   support

           0       0.91      0.94      0.93        79
           1       0.88      0.94      0.91        70
           2       0.84      0.76      0.80        49
           3       0.44      0.36      0.40        11

    accuracy                           0.87       209
   macro avg       0.77      0.75      0.76       209
weighted avg       0.86      0.87      0.86       209

2025-10-02 15:21:00,891 - INFO - 
--- 娣锋穯鐭╅樀 (Confusion Matrix) ---
2025-10-02 15:21:03,573 - INFO - New best model saved with F1: 0.8621
2025-10-02 15:23:28,052 - INFO - Epoch 8, Loss: 0.3647922072863949
2025-10-02 15:23:28,053 - INFO - 
--- eval ---
2025-10-02 15:23:30,164 - INFO - 
--- 璇勪及鎸囨爣 ---
2025-10-02 15:23:30,165 - INFO - 鍑嗙‘鐜?(Accuracy)              : 84.21%
2025-10-02 15:23:30,165 - INFO - 鍔犳潈鏌ュ噯鐜?(Weighted Precision): 0.8450
2025-10-02 15:23:30,165 - INFO - 鍔犳潈鏌ュ叏鐜?(Weighted Recall)   : 0.8421
2025-10-02 15:23:30,165 - INFO - 鍔犳潈F1鍒嗘暟 (Weighted F1-score) : 0.8430
2025-10-02 15:23:30,165 - INFO - --- 鍒嗙被鎶ュ憡 (Classification Report) ---
2025-10-02 15:23:30,165 - INFO -               precision    recall  f1-score   support

           0       0.92      0.87      0.90        79
           1       0.86      0.91      0.89        70
           2       0.79      0.78      0.78        49
           3       0.42      0.45      0.43        11

    accuracy                           0.84       209
   macro avg       0.75      0.75      0.75       209
weighted avg       0.84      0.84      0.84       209

2025-10-02 15:23:30,165 - INFO - 
--- 娣锋穯鐭╅樀 (Confusion Matrix) ---
2025-10-02 15:23:32,790 - INFO - New best model saved with F1: 0.8430
2025-10-02 15:25:57,081 - INFO - Epoch 9, Loss: 0.35192768119908624
2025-10-02 15:25:57,081 - INFO - 
--- eval ---
2025-10-02 15:25:59,182 - INFO - 
--- 璇勪及鎸囨爣 ---
2025-10-02 15:25:59,182 - INFO - 鍑嗙‘鐜?(Accuracy)              : 86.12%
2025-10-02 15:25:59,182 - INFO - 鍔犳潈鏌ュ噯鐜?(Weighted Precision): 0.8434
2025-10-02 15:25:59,182 - INFO - 鍔犳潈鏌ュ叏鐜?(Weighted Recall)   : 0.8612
2025-10-02 15:25:59,182 - INFO - 鍔犳潈F1鍒嗘暟 (Weighted F1-score) : 0.8454
2025-10-02 15:25:59,182 - INFO - --- 鍒嗙被鎶ュ憡 (Classification Report) ---
2025-10-02 15:25:59,183 - INFO -               precision    recall  f1-score   support

           0       0.89      0.96      0.93        79
           1       0.82      0.94      0.88        70
           2       0.90      0.76      0.82        49
           3       0.33      0.09      0.14        11

    accuracy                           0.86       209
   macro avg       0.74      0.69      0.69       209
weighted avg       0.84      0.86      0.85       209

2025-10-02 15:25:59,183 - INFO - 
--- 娣锋穯鐭╅樀 (Confusion Matrix) ---
2025-10-02 15:26:01,989 - INFO - New best model saved with F1: 0.8454
2025-10-02 15:28:27,248 - INFO - Epoch 10, Loss: 0.3365371690612603
2025-10-02 15:28:27,249 - INFO - 
--- eval ---
2025-10-02 15:28:29,350 - INFO - 
--- 璇勪及鎸囨爣 ---
2025-10-02 15:28:29,350 - INFO - 鍑嗙‘鐜?(Accuracy)              : 84.69%
2025-10-02 15:28:29,350 - INFO - 鍔犳潈鏌ュ噯鐜?(Weighted Precision): 0.8438
2025-10-02 15:28:29,350 - INFO - 鍔犳潈鏌ュ叏鐜?(Weighted Recall)   : 0.8469
2025-10-02 15:28:29,350 - INFO - 鍔犳潈F1鍒嗘暟 (Weighted F1-score) : 0.8451
2025-10-02 15:28:29,350 - INFO - --- 鍒嗙被鎶ュ憡 (Classification Report) ---
2025-10-02 15:28:29,350 - INFO -               precision    recall  f1-score   support

           0       0.91      0.91      0.91        79
           1       0.89      0.89      0.89        70
           2       0.76      0.80      0.78        49
           3       0.44      0.36      0.40        11

    accuracy                           0.85       209
   macro avg       0.75      0.74      0.74       209
weighted avg       0.84      0.85      0.85       209

2025-10-02 15:28:29,350 - INFO - 
--- 娣锋穯鐭╅樀 (Confusion Matrix) ---
2025-10-02 15:28:32,045 - INFO - New best model saved with F1: 0.8451
2025-10-02 15:28:32,046 - INFO - 
--- testing ---
2025-10-02 15:28:51,040 - INFO - 
--- 璇勪及鎸囨爣 ---
2025-10-02 15:28:51,041 - INFO - 鍑嗙‘鐜?(Accuracy)              : 89.56%
2025-10-02 15:28:51,041 - INFO - 鍔犳潈鏌ュ噯鐜?(Weighted Precision): 0.8939
2025-10-02 15:28:51,041 - INFO - 鍔犳潈鏌ュ叏鐜?(Weighted Recall)   : 0.8956
2025-10-02 15:28:51,041 - INFO - 鍔犳潈F1鍒嗘暟 (Weighted F1-score) : 0.8932
2025-10-02 15:28:51,041 - INFO - --- 鍒嗙被鎶ュ憡 (Classification Report) ---
2025-10-02 15:28:51,041 - INFO -               precision    recall  f1-score   support

           0       0.92      0.92      0.92       682
           1       0.88      0.93      0.91       610
           2       0.90      0.90      0.90       466
           3       0.79      0.57      0.66       129

    accuracy                           0.90      1887
   macro avg       0.87      0.83      0.85      1887
weighted avg       0.89      0.90      0.89      1887

2025-10-02 15:28:51,041 - INFO - 
--- 娣锋穯鐭╅樀 (Confusion Matrix) ---
2025-10-02 15:28:51,045 - INFO - 

==================== 瀹為獙鏈€缁堢粨鏋?(5娆¤繍琛? ====================

2025-10-02 15:28:51,045 - INFO - 妯″瀷瀹為檯鎬ц兘 (Mean 卤 Std Dev):
2025-10-02 15:28:51,045 - INFO - ----------------------------------------------------------------------
2025-10-02 15:28:51,045 - INFO -   - Accuracy             : 0.8941 卤 0.0034
2025-10-02 15:28:51,045 - INFO -   - Weighted Precision   : 0.8928 卤 0.0034
2025-10-02 15:28:51,045 - INFO -   - Weighted Recall      : 0.8941 卤 0.0034
2025-10-02 15:28:51,045 - INFO -   - Weighted F1-score    : 0.8917 卤 0.0040
2025-10-02 15:28:51,045 - INFO - ----------------------------------------------------------------------
2025-10-02 15:28:51,046 - INFO - 
============================================================
2026-05-09 14:50:09,378 - INFO - GPU not available, using CPU.
2026-05-09 14:50:27,937 - INFO - -----------------  0  -----------------
2026-05-09 17:57:37,475 - INFO - Epoch 1, Loss: 0.7226967000420771
2026-05-09 17:57:37,487 - INFO - 
--- eval ---
2026-05-09 17:59:28,142 - INFO - 
--- 璇勪及鎸囨爣 ---
2026-05-09 17:59:28,143 - INFO - 鍑嗙‘鐜?(Accuracy)              : 89.47%
2026-05-09 17:59:28,144 - INFO - 鍔犳潈鏌ュ噯鐜?(Weighted Precision): 0.8945
2026-05-09 17:59:28,144 - INFO - 鍔犳潈鏌ュ叏鐜?(Weighted Recall)   : 0.8947
2026-05-09 17:59:28,144 - INFO - 鍔犳潈F1鍒嗘暟 (Weighted F1-score) : 0.8913
2026-05-09 17:59:28,144 - INFO - --- 鍒嗙被鎶ュ憡 (Classification Report) ---
2026-05-09 17:59:28,144 - INFO -               precision    recall  f1-score   support

           0       0.91      0.94      0.93        79
           1       0.93      0.91      0.92        70
           2       0.83      0.90      0.86        49
           3       0.83      0.45      0.59        11

    accuracy                           0.89       209
   macro avg       0.88      0.80      0.82       209
weighted avg       0.89      0.89      0.89       209

2026-05-09 17:59:28,145 - INFO - 
--- 娣锋穯鐭╅樀 (Confusion Matrix) ---
2026-05-09 17:59:28,866 - INFO - New best model saved with F1: 0.8913
2026-05-09 20:11:07,952 - INFO - Epoch 2, Loss: 0.3454929143905615
2026-05-09 20:11:07,961 - INFO - 
--- eval ---
2026-05-09 20:12:36,575 - INFO - 
--- 璇勪及鎸囨爣 ---
2026-05-09 20:12:36,577 - INFO - 鍑嗙‘鐜?(Accuracy)              : 90.91%
2026-05-09 20:12:36,577 - INFO - 鍔犳潈鏌ュ噯鐜?(Weighted Precision): 0.9077
2026-05-09 20:12:36,577 - INFO - 鍔犳潈鏌ュ叏鐜?(Weighted Recall)   : 0.9091
2026-05-09 20:12:36,578 - INFO - 鍔犳潈F1鍒嗘暟 (Weighted F1-score) : 0.9080
2026-05-09 20:12:36,578 - INFO - --- 鍒嗙被鎶ュ憡 (Classification Report) ---
2026-05-09 20:12:36,578 - INFO -               precision    recall  f1-score   support

           0       0.93      0.95      0.94        79
           1       0.93      0.93      0.93        70
           2       0.88      0.88      0.88        49
           3       0.78      0.64      0.70        11

    accuracy                           0.91       209
   macro avg       0.88      0.85      0.86       209
weighted avg       0.91      0.91      0.91       209

2026-05-09 20:12:36,579 - INFO - 
--- 娣锋穯鐭╅樀 (Confusion Matrix) ---
2026-05-09 20:12:37,121 - INFO - New best model saved with F1: 0.9080
2026-05-09 20:12:37,121 - INFO - 
--- testing ---

