2025-09-27 17:09:48,262 - INFO - Using GPU: NVIDIA GeForce RTX 3090
2025-09-27 17:10:07,308 - INFO - -----------------  0  -----------------
2025-09-27 17:12:34,083 - INFO - Epoch 1, Loss: 1.0032894069905653
2025-09-27 17:12:34,083 - INFO - 
--- eval ---
2025-09-27 17:12:36,167 - INFO - 
--- 璇勪及鎸囨爣 ---
2025-09-27 17:12:36,167 - INFO - 鍑嗙‘鐜?(Accuracy)              : 74.16%
2025-09-27 17:12:36,167 - INFO - 鍔犳潈鏌ュ噯鐜?(Weighted Precision): 0.7461
2025-09-27 17:12:36,167 - INFO - 鍔犳潈鏌ュ叏鐜?(Weighted Recall)   : 0.7416
2025-09-27 17:12:36,167 - INFO - 鍔犳潈F1鍒嗘暟 (Weighted F1-score) : 0.7276
2025-09-27 17:12:36,167 - INFO - --- 鍒嗙被鎶ュ憡 (Classification Report) ---
2025-09-27 17:12:36,167 - INFO -               precision    recall  f1-score   support

           0       0.73      0.97      0.83        79
           1       0.90      0.61      0.73        70
           2       0.69      0.69      0.69        49
           3       0.17      0.09      0.12        11

    accuracy                           0.74       209
   macro avg       0.62      0.59      0.59       209
weighted avg       0.75      0.74      0.73       209

2025-09-27 17:12:36,167 - INFO - 
--- 娣锋穯鐭╅樀 (Confusion Matrix) ---
2025-09-27 17:12:36,856 - INFO - New best model saved with F1: 0.7276
2025-09-27 17:14:58,846 - INFO - Epoch 2, Loss: 0.39624451801144317
2025-09-27 17:14:58,846 - INFO - 
--- eval ---
2025-09-27 17:15:00,968 - INFO - 
--- 璇勪及鎸囨爣 ---
2025-09-27 17:15:00,968 - INFO - 鍑嗙‘鐜?(Accuracy)              : 88.04%
2025-09-27 17:15:00,968 - INFO - 鍔犳潈鏌ュ噯鐜?(Weighted Precision): 0.8759
2025-09-27 17:15:00,968 - INFO - 鍔犳潈鏌ュ叏鐜?(Weighted Recall)   : 0.8804
2025-09-27 17:15:00,968 - INFO - 鍔犳潈F1鍒嗘暟 (Weighted F1-score) : 0.8753
2025-09-27 17:15:00,968 - INFO - --- 鍒嗙被鎶ュ憡 (Classification Report) ---
2025-09-27 17:15:00,968 - INFO -               precision    recall  f1-score   support

           0       0.92      0.90      0.91        79
           1       0.89      0.96      0.92        70
           2       0.82      0.86      0.84        49
           3       0.67      0.36      0.47        11

    accuracy                           0.88       209
   macro avg       0.83      0.77      0.79       209
weighted avg       0.88      0.88      0.88       209

2025-09-27 17:15:00,968 - INFO - 
--- 娣锋穯鐭╅樀 (Confusion Matrix) ---
2025-09-27 17:15:03,555 - INFO - New best model saved with F1: 0.8753
2025-09-27 17:17:28,091 - INFO - Epoch 3, Loss: 0.35244513796417964
2025-09-27 17:17:28,091 - INFO - 
--- eval ---
2025-09-27 17:17:30,234 - INFO - 
--- 璇勪及鎸囨爣 ---
2025-09-27 17:17:30,234 - INFO - 鍑嗙‘鐜?(Accuracy)              : 88.04%
2025-09-27 17:17:30,234 - INFO - 鍔犳潈鏌ュ噯鐜?(Weighted Precision): 0.8914
2025-09-27 17:17:30,234 - INFO - 鍔犳潈鏌ュ叏鐜?(Weighted Recall)   : 0.8804
2025-09-27 17:17:30,234 - INFO - 鍔犳潈F1鍒嗘暟 (Weighted F1-score) : 0.8836
2025-09-27 17:17:30,234 - INFO - --- 鍒嗙被鎶ュ憡 (Classification Report) ---
2025-09-27 17:17:30,234 - INFO -               precision    recall  f1-score   support

           0       0.90      0.95      0.93        79
           1       0.95      0.86      0.90        70
           2       0.87      0.84      0.85        49
           3       0.50      0.73      0.59        11

    accuracy                           0.88       209
   macro avg       0.81      0.84      0.82       209
weighted avg       0.89      0.88      0.88       209

2025-09-27 17:17:30,235 - INFO - 
--- 娣锋穯鐭╅樀 (Confusion Matrix) ---
2025-09-27 17:17:32,892 - INFO - New best model saved with F1: 0.8836
2025-09-27 17:20:11,280 - INFO - Using GPU: NVIDIA GeForce RTX 3090
2025-09-27 17:20:30,297 - INFO - -----------------  0  -----------------
2025-09-27 17:22:58,067 - INFO - Epoch 1, Loss: 1.0032894069905653
2025-09-27 17:22:58,068 - INFO - 
--- eval ---
2025-09-27 17:23:00,185 - INFO - 
--- 璇勪及鎸囨爣 ---
2025-09-27 17:23:00,185 - INFO - 鍑嗙‘鐜?(Accuracy)              : 74.16%
2025-09-27 17:23:00,185 - INFO - 鍔犳潈鏌ュ噯鐜?(Weighted Precision): 0.7461
2025-09-27 17:23:00,185 - INFO - 鍔犳潈鏌ュ叏鐜?(Weighted Recall)   : 0.7416
2025-09-27 17:23:00,185 - INFO - 鍔犳潈F1鍒嗘暟 (Weighted F1-score) : 0.7276
2025-09-27 17:23:00,185 - INFO - --- 鍒嗙被鎶ュ憡 (Classification Report) ---
2025-09-27 17:23:00,185 - INFO -               precision    recall  f1-score   support

           0       0.73      0.97      0.83        79
           1       0.90      0.61      0.73        70
           2       0.69      0.69      0.69        49
           3       0.17      0.09      0.12        11

    accuracy                           0.74       209
   macro avg       0.62      0.59      0.59       209
weighted avg       0.75      0.74      0.73       209

2025-09-27 17:23:00,185 - INFO - 
--- 娣锋穯鐭╅樀 (Confusion Matrix) ---
2025-09-27 17:23:02,917 - INFO - New best model saved with F1: 0.7276
2025-09-27 17:25:27,078 - INFO - Epoch 2, Loss: 0.39624451801144317
2025-09-27 17:25:27,078 - INFO - 
--- eval ---
2025-09-27 17:25:29,226 - INFO - 
--- 璇勪及鎸囨爣 ---
2025-09-27 17:25:29,227 - INFO - 鍑嗙‘鐜?(Accuracy)              : 88.04%
2025-09-27 17:25:29,227 - INFO - 鍔犳潈鏌ュ噯鐜?(Weighted Precision): 0.8759
2025-09-27 17:25:29,227 - INFO - 鍔犳潈鏌ュ叏鐜?(Weighted Recall)   : 0.8804
2025-09-27 17:25:29,227 - INFO - 鍔犳潈F1鍒嗘暟 (Weighted F1-score) : 0.8753
2025-09-27 17:25:29,227 - INFO - --- 鍒嗙被鎶ュ憡 (Classification Report) ---
2025-09-27 17:25:29,227 - INFO -               precision    recall  f1-score   support

           0       0.92      0.90      0.91        79
           1       0.89      0.96      0.92        70
           2       0.82      0.86      0.84        49
           3       0.67      0.36      0.47        11

    accuracy                           0.88       209
   macro avg       0.83      0.77      0.79       209
weighted avg       0.88      0.88      0.88       209

2025-09-27 17:25:29,227 - INFO - 
--- 娣锋穯鐭╅樀 (Confusion Matrix) ---
2025-09-27 17:25:31,852 - INFO - New best model saved with F1: 0.8753
2025-09-27 17:27:56,818 - INFO - Epoch 3, Loss: 0.35244513796417964
2025-09-27 17:27:56,819 - INFO - 
--- eval ---
2025-09-27 17:27:58,970 - INFO - 
--- 璇勪及鎸囨爣 ---
2025-09-27 17:27:58,970 - INFO - 鍑嗙‘鐜?(Accuracy)              : 88.04%
2025-09-27 17:27:58,970 - INFO - 鍔犳潈鏌ュ噯鐜?(Weighted Precision): 0.8914
2025-09-27 17:27:58,970 - INFO - 鍔犳潈鏌ュ叏鐜?(Weighted Recall)   : 0.8804
2025-09-27 17:27:58,970 - INFO - 鍔犳潈F1鍒嗘暟 (Weighted F1-score) : 0.8836
2025-09-27 17:27:58,970 - INFO - --- 鍒嗙被鎶ュ憡 (Classification Report) ---
2025-09-27 17:27:58,970 - INFO -               precision    recall  f1-score   support

           0       0.90      0.95      0.93        79
           1       0.95      0.86      0.90        70
           2       0.87      0.84      0.85        49
           3       0.50      0.73      0.59        11

    accuracy                           0.88       209
   macro avg       0.81      0.84      0.82       209
weighted avg       0.89      0.88      0.88       209

2025-09-27 17:27:58,971 - INFO - 
--- 娣锋穯鐭╅樀 (Confusion Matrix) ---
2025-09-27 17:28:02,426 - INFO - New best model saved with F1: 0.8836
2025-09-27 17:30:27,898 - INFO - Epoch 4, Loss: 0.36565620003700305
2025-09-27 17:30:27,898 - INFO - 
--- eval ---
2025-09-27 17:30:30,051 - INFO - 
--- 璇勪及鎸囨爣 ---
2025-09-27 17:30:30,051 - INFO - 鍑嗙‘鐜?(Accuracy)              : 88.52%
2025-09-27 17:30:30,051 - INFO - 鍔犳潈鏌ュ噯鐜?(Weighted Precision): 0.8885
2025-09-27 17:30:30,051 - INFO - 鍔犳潈鏌ュ叏鐜?(Weighted Recall)   : 0.8852
2025-09-27 17:30:30,051 - INFO - 鍔犳潈F1鍒嗘暟 (Weighted F1-score) : 0.8863
2025-09-27 17:30:30,051 - INFO - --- 鍒嗙被鎶ュ憡 (Classification Report) ---
2025-09-27 17:30:30,051 - INFO -               precision    recall  f1-score   support

           0       0.91      0.95      0.93        79
           1       0.93      0.89      0.91        70
           2       0.87      0.84      0.85        49
           3       0.54      0.64      0.58        11

    accuracy                           0.89       209
   macro avg       0.81      0.83      0.82       209
weighted avg       0.89      0.89      0.89       209

2025-09-27 17:30:30,051 - INFO - 
--- 娣锋穯鐭╅樀 (Confusion Matrix) ---
2025-09-27 17:30:32,786 - INFO - New best model saved with F1: 0.8863
2025-09-27 17:32:58,520 - INFO - Epoch 5, Loss: 0.364069647590928
2025-09-27 17:32:58,521 - INFO - 
--- eval ---
2025-09-27 17:33:00,668 - INFO - 
--- 璇勪及鎸囨爣 ---
2025-09-27 17:33:00,668 - INFO - 鍑嗙‘鐜?(Accuracy)              : 86.12%
2025-09-27 17:33:00,668 - INFO - 鍔犳潈鏌ュ噯鐜?(Weighted Precision): 0.8661
2025-09-27 17:33:00,668 - INFO - 鍔犳潈鏌ュ叏鐜?(Weighted Recall)   : 0.8612
2025-09-27 17:33:00,668 - INFO - 鍔犳潈F1鍒嗘暟 (Weighted F1-score) : 0.8614
2025-09-27 17:33:00,668 - INFO - --- 鍒嗙被鎶ュ憡 (Classification Report) ---
2025-09-27 17:33:00,668 - INFO -               precision    recall  f1-score   support

           0       0.90      0.91      0.91        79
           1       0.94      0.83      0.88        70
           2       0.77      0.90      0.83        49
           3       0.60      0.55      0.57        11

    accuracy                           0.86       209
   macro avg       0.80      0.80      0.80       209
weighted avg       0.87      0.86      0.86       209

2025-09-27 17:33:00,668 - INFO - 
--- 娣锋穯鐭╅樀 (Confusion Matrix) ---
2025-09-27 17:33:03,283 - INFO - New best model saved with F1: 0.8614
2025-09-27 17:35:29,050 - INFO - Epoch 6, Loss: 0.37795856624637775
2025-09-27 17:35:29,050 - INFO - 
--- eval ---
2025-09-27 17:35:31,200 - INFO - 
--- 璇勪及鎸囨爣 ---
2025-09-27 17:35:31,200 - INFO - 鍑嗙‘鐜?(Accuracy)              : 89.00%
2025-09-27 17:35:31,200 - INFO - 鍔犳潈鏌ュ噯鐜?(Weighted Precision): 0.8842
2025-09-27 17:35:31,200 - INFO - 鍔犳潈鏌ュ叏鐜?(Weighted Recall)   : 0.8900
2025-09-27 17:35:31,200 - INFO - 鍔犳潈F1鍒嗘暟 (Weighted F1-score) : 0.8844
2025-09-27 17:35:31,200 - INFO - --- 鍒嗙被鎶ュ憡 (Classification Report) ---
2025-09-27 17:35:31,200 - INFO -               precision    recall  f1-score   support

           0       0.91      0.95      0.93        79
           1       0.89      0.93      0.91        70
           2       0.88      0.86      0.87        49
           3       0.67      0.36      0.47        11

    accuracy                           0.89       209
   macro avg       0.84      0.77      0.79       209
weighted avg       0.88      0.89      0.88       209

2025-09-27 17:35:31,200 - INFO - 
--- 娣锋穯鐭╅樀 (Confusion Matrix) ---
2025-09-27 17:35:33,850 - INFO - New best model saved with F1: 0.8844
2025-09-27 17:37:59,356 - INFO - Epoch 7, Loss: 0.36678283419414404
2025-09-27 17:37:59,356 - INFO - 
--- eval ---
2025-09-27 17:38:01,501 - INFO - 
--- 璇勪及鎸囨爣 ---
2025-09-27 17:38:01,501 - INFO - 鍑嗙‘鐜?(Accuracy)              : 87.08%
2025-09-27 17:38:01,501 - INFO - 鍔犳潈鏌ュ噯鐜?(Weighted Precision): 0.8760
2025-09-27 17:38:01,501 - INFO - 鍔犳潈鏌ュ叏鐜?(Weighted Recall)   : 0.8708
2025-09-27 17:38:01,501 - INFO - 鍔犳潈F1鍒嗘暟 (Weighted F1-score) : 0.8578
2025-09-27 17:38:01,501 - INFO - --- 鍒嗙被鎶ュ憡 (Classification Report) ---
2025-09-27 17:38:01,501 - INFO -               precision    recall  f1-score   support

           0       0.89      0.96      0.93        79
           1       0.85      0.90      0.88        70
           2       0.85      0.84      0.85        49
           3       1.00      0.18      0.31        11

    accuracy                           0.87       209
   macro avg       0.90      0.72      0.74       209
weighted avg       0.88      0.87      0.86       209

2025-09-27 17:38:01,501 - INFO - 
--- 娣锋穯鐭╅樀 (Confusion Matrix) ---
2025-09-27 17:38:04,224 - INFO - New best model saved with F1: 0.8578
2025-09-27 17:40:30,126 - INFO - Epoch 8, Loss: 0.36620397409431793
2025-09-27 17:40:30,126 - INFO - 
--- eval ---
2025-09-27 17:40:32,303 - INFO - 
--- 璇勪及鎸囨爣 ---
2025-09-27 17:40:32,303 - INFO - 鍑嗙‘鐜?(Accuracy)              : 86.12%
2025-09-27 17:40:32,303 - INFO - 鍔犳潈鏌ュ噯鐜?(Weighted Precision): 0.8600
2025-09-27 17:40:32,303 - INFO - 鍔犳潈鏌ュ叏鐜?(Weighted Recall)   : 0.8612
2025-09-27 17:40:32,303 - INFO - 鍔犳潈F1鍒嗘暟 (Weighted F1-score) : 0.8600
2025-09-27 17:40:32,303 - INFO - --- 鍒嗙被鎶ュ憡 (Classification Report) ---
2025-09-27 17:40:32,303 - INFO -               precision    recall  f1-score   support

           0       0.91      0.91      0.91        79
           1       0.90      0.87      0.88        70
           2       0.79      0.86      0.82        49
           3       0.56      0.45      0.50        11

    accuracy                           0.86       209
   macro avg       0.79      0.77      0.78       209
weighted avg       0.86      0.86      0.86       209

2025-09-27 17:40:32,303 - INFO - 
--- 娣锋穯鐭╅樀 (Confusion Matrix) ---
2025-09-27 17:40:35,071 - INFO - New best model saved with F1: 0.8600
2025-09-27 17:43:02,898 - INFO - Epoch 9, Loss: 0.3484317422007497
2025-09-27 17:43:02,899 - INFO - 
--- eval ---
2025-09-27 17:43:05,051 - INFO - 
--- 璇勪及鎸囨爣 ---
2025-09-27 17:43:05,052 - INFO - 鍑嗙‘鐜?(Accuracy)              : 86.60%
2025-09-27 17:43:05,052 - INFO - 鍔犳潈鏌ュ噯鐜?(Weighted Precision): 0.8688
2025-09-27 17:43:05,052 - INFO - 鍔犳潈鏌ュ叏鐜?(Weighted Recall)   : 0.8660
2025-09-27 17:43:05,052 - INFO - 鍔犳潈F1鍒嗘暟 (Weighted F1-score) : 0.8670
2025-09-27 17:43:05,052 - INFO - --- 鍒嗙被鎶ュ憡 (Classification Report) ---
2025-09-27 17:43:05,052 - INFO -               precision    recall  f1-score   support

           0       0.91      0.92      0.92        79
           1       0.91      0.86      0.88        70
           2       0.82      0.86      0.84        49
           3       0.50      0.55      0.52        11

    accuracy                           0.87       209
   macro avg       0.79      0.80      0.79       209
weighted avg       0.87      0.87      0.87       209

2025-09-27 17:43:05,052 - INFO - 
--- 娣锋穯鐭╅樀 (Confusion Matrix) ---
2025-09-27 17:43:07,797 - INFO - New best model saved with F1: 0.8670
2025-09-27 17:45:35,908 - INFO - Epoch 10, Loss: 0.32126588347402946
2025-09-27 17:45:35,909 - INFO - 
--- eval ---
2025-09-27 17:45:38,073 - INFO - 
--- 璇勪及鎸囨爣 ---
2025-09-27 17:45:38,073 - INFO - 鍑嗙‘鐜?(Accuracy)              : 86.12%
2025-09-27 17:45:38,073 - INFO - 鍔犳潈鏌ュ噯鐜?(Weighted Precision): 0.8647
2025-09-27 17:45:38,073 - INFO - 鍔犳潈鏌ュ叏鐜?(Weighted Recall)   : 0.8612
2025-09-27 17:45:38,073 - INFO - 鍔犳潈F1鍒嗘暟 (Weighted F1-score) : 0.8625
2025-09-27 17:45:38,073 - INFO - --- 鍒嗙被鎶ュ憡 (Classification Report) ---
2025-09-27 17:45:38,073 - INFO -               precision    recall  f1-score   support

           0       0.91      0.91      0.91        79
           1       0.91      0.86      0.88        70
           2       0.81      0.86      0.83        49
           3       0.50      0.55      0.52        11

    accuracy                           0.86       209
   macro avg       0.78      0.79      0.79       209
weighted avg       0.86      0.86      0.86       209

2025-09-27 17:45:38,073 - INFO - 
--- 娣锋穯鐭╅樀 (Confusion Matrix) ---
2025-09-27 17:45:40,760 - INFO - New best model saved with F1: 0.8625
2025-09-27 17:45:40,760 - INFO - 
--- testing ---
2025-09-27 17:46:00,141 - INFO - 
--- 璇勪及鎸囨爣 ---
2025-09-27 17:46:00,141 - INFO - 鍑嗙‘鐜?(Accuracy)              : 88.98%
2025-09-27 17:46:00,141 - INFO - 鍔犳潈鏌ュ噯鐜?(Weighted Precision): 0.8881
2025-09-27 17:46:00,141 - INFO - 鍔犳潈鏌ュ叏鐜?(Weighted Recall)   : 0.8898
2025-09-27 17:46:00,141 - INFO - 鍔犳潈F1鍒嗘暟 (Weighted F1-score) : 0.8886
2025-09-27 17:46:00,141 - INFO - --- 鍒嗙被鎶ュ憡 (Classification Report) ---
2025-09-27 17:46:00,141 - INFO -               precision    recall  f1-score   support

           0       0.92      0.91      0.92       682
           1       0.88      0.91      0.90       610
           2       0.90      0.90      0.90       466
           3       0.71      0.60      0.65       129

    accuracy                           0.89      1887
   macro avg       0.85      0.83      0.84      1887
weighted avg       0.89      0.89      0.89      1887

2025-09-27 17:46:00,141 - INFO - 
--- 娣锋穯鐭╅樀 (Confusion Matrix) ---
2025-09-27 17:46:00,143 - INFO - -----------------  1  -----------------
2025-09-27 17:48:33,931 - INFO - Epoch 1, Loss: 0.42453468226815505
2025-09-27 17:48:33,931 - INFO - 
--- eval ---
2025-09-27 17:48:36,071 - INFO - 
--- 璇勪及鎸囨爣 ---
2025-09-27 17:48:36,071 - INFO - 鍑嗙‘鐜?(Accuracy)              : 82.78%
2025-09-27 17:48:36,071 - INFO - 鍔犳潈鏌ュ噯鐜?(Weighted Precision): 0.8328
2025-09-27 17:48:36,072 - INFO - 鍔犳潈鏌ュ叏鐜?(Weighted Recall)   : 0.8278
2025-09-27 17:48:36,072 - INFO - 鍔犳潈F1鍒嗘暟 (Weighted F1-score) : 0.8270
2025-09-27 17:48:36,072 - INFO - --- 鍒嗙被鎶ュ憡 (Classification Report) ---
2025-09-27 17:48:36,072 - INFO -               precision    recall  f1-score   support

           0       0.91      0.89      0.90        79
           1       0.80      0.91      0.85        70
           2       0.85      0.69      0.76        49
           3       0.42      0.45      0.43        11

    accuracy                           0.83       209
   macro avg       0.74      0.74      0.74       209
weighted avg       0.83      0.83      0.83       209

2025-09-27 17:48:36,072 - INFO - 
--- 娣锋穯鐭╅樀 (Confusion Matrix) ---
2025-09-27 17:48:39,408 - INFO - New best model saved with F1: 0.8270
2025-09-27 17:51:04,981 - INFO - Epoch 2, Loss: 0.4491428532325693
2025-09-27 17:51:04,982 - INFO - 
--- eval ---
2025-09-27 17:51:07,119 - INFO - 
--- 璇勪及鎸囨爣 ---
2025-09-27 17:51:07,120 - INFO - 鍑嗙‘鐜?(Accuracy)              : 81.34%
2025-09-27 17:51:07,120 - INFO - 鍔犳潈鏌ュ噯鐜?(Weighted Precision): 0.8427
2025-09-27 17:51:07,120 - INFO - 鍔犳潈鏌ュ叏鐜?(Weighted Recall)   : 0.8134
2025-09-27 17:51:07,120 - INFO - 鍔犳潈F1鍒嗘暟 (Weighted F1-score) : 0.8208
2025-09-27 17:51:07,120 - INFO - --- 鍒嗙被鎶ュ憡 (Classification Report) ---
2025-09-27 17:51:07,120 - INFO -               precision    recall  f1-score   support

           0       0.92      0.84      0.87        79
           1       0.91      0.76      0.83        70
           2       0.72      0.88      0.79        49
           3       0.42      0.73      0.53        11

    accuracy                           0.81       209
   macro avg       0.74      0.80      0.76       209
weighted avg       0.84      0.81      0.82       209

2025-09-27 17:51:07,120 - INFO - 
--- 娣锋穯鐭╅樀 (Confusion Matrix) ---
2025-09-27 17:51:09,826 - INFO - New best model saved with F1: 0.8208
2025-09-27 17:53:34,881 - INFO - Epoch 3, Loss: 0.4495834366987563
2025-09-27 17:53:34,881 - INFO - 
--- eval ---
2025-09-27 17:53:37,025 - INFO - 
--- 璇勪及鎸囨爣 ---
2025-09-27 17:53:37,025 - INFO - 鍑嗙‘鐜?(Accuracy)              : 79.43%
2025-09-27 17:53:37,025 - INFO - 鍔犳潈鏌ュ噯鐜?(Weighted Precision): 0.8261
2025-09-27 17:53:37,025 - INFO - 鍔犳潈鏌ュ叏鐜?(Weighted Recall)   : 0.7943
2025-09-27 17:53:37,025 - INFO - 鍔犳潈F1鍒嗘暟 (Weighted F1-score) : 0.8014
2025-09-27 17:53:37,025 - INFO - --- 鍒嗙被鎶ュ憡 (Classification Report) ---
2025-09-27 17:53:37,025 - INFO -               precision    recall  f1-score   support

           0       0.93      0.80      0.86        79
           1       0.90      0.76      0.82        70
           2       0.66      0.90      0.76        49
           3       0.40      0.55      0.46        11

    accuracy                           0.79       209
   macro avg       0.72      0.75      0.72       209
weighted avg       0.83      0.79      0.80       209

2025-09-27 17:53:37,025 - INFO - 
--- 娣锋穯鐭╅樀 (Confusion Matrix) ---
2025-09-27 17:53:39,687 - INFO - New best model saved with F1: 0.8014
2025-09-27 17:56:05,187 - INFO - Epoch 4, Loss: 0.43113146290743076
2025-09-27 17:56:05,188 - INFO - 
--- eval ---
2025-09-27 17:56:07,326 - INFO - 
--- 璇勪及鎸囨爣 ---
2025-09-27 17:56:07,326 - INFO - 鍑嗙‘鐜?(Accuracy)              : 83.25%
2025-09-27 17:56:07,326 - INFO - 鍔犳潈鏌ュ噯鐜?(Weighted Precision): 0.8342
2025-09-27 17:56:07,327 - INFO - 鍔犳潈鏌ュ叏鐜?(Weighted Recall)   : 0.8325
2025-09-27 17:56:07,327 - INFO - 鍔犳潈F1鍒嗘暟 (Weighted F1-score) : 0.8236
2025-09-27 17:56:07,327 - INFO - --- 鍒嗙被鎶ュ憡 (Classification Report) ---
2025-09-27 17:56:07,327 - INFO -               precision    recall  f1-score   support

           0       0.80      0.99      0.88        79
           1       0.88      0.86      0.87        70
           2       0.86      0.65      0.74        49
           3       0.67      0.36      0.47        11

    accuracy                           0.83       209
   macro avg       0.80      0.72      0.74       209
weighted avg       0.83      0.83      0.82       209

2025-09-27 17:56:07,327 - INFO - 
--- 娣锋穯鐭╅樀 (Confusion Matrix) ---
2025-09-27 17:56:09,968 - INFO - New best model saved with F1: 0.8236
2025-09-27 17:58:36,101 - INFO - Epoch 5, Loss: 0.4278935672611826
2025-09-27 17:58:36,101 - INFO - 
--- eval ---
2025-09-27 17:58:38,247 - INFO - 
--- 璇勪及鎸囨爣 ---
2025-09-27 17:58:38,247 - INFO - 鍑嗙‘鐜?(Accuracy)              : 82.78%
2025-09-27 17:58:38,247 - INFO - 鍔犳潈鏌ュ噯鐜?(Weighted Precision): 0.8310
2025-09-27 17:58:38,247 - INFO - 鍔犳潈鏌ュ叏鐜?(Weighted Recall)   : 0.8278
2025-09-27 17:58:38,247 - INFO - 鍔犳潈F1鍒嗘暟 (Weighted F1-score) : 0.8281
2025-09-27 17:58:38,247 - INFO - --- 鍒嗙被鎶ュ憡 (Classification Report) ---
2025-09-27 17:58:38,247 - INFO -               precision    recall  f1-score   support

           0       0.90      0.84      0.87        79
           1       0.82      0.90      0.86        70
           2       0.79      0.76      0.77        49
           3       0.58      0.64      0.61        11

    accuracy                           0.83       209
   macro avg       0.77      0.78      0.78       209
weighted avg       0.83      0.83      0.83       209

2025-09-27 17:58:38,247 - INFO - 
--- 娣锋穯鐭╅樀 (Confusion Matrix) ---
2025-09-27 17:58:40,994 - INFO - New best model saved with F1: 0.8281
2025-09-27 18:01:07,228 - INFO - Epoch 6, Loss: 0.40450945274533057
2025-09-27 18:01:07,229 - INFO - 
--- eval ---
2025-09-27 18:01:09,382 - INFO - 
--- 璇勪及鎸囨爣 ---
2025-09-27 18:01:09,382 - INFO - 鍑嗙‘鐜?(Accuracy)              : 87.08%
2025-09-27 18:01:09,382 - INFO - 鍔犳潈鏌ュ噯鐜?(Weighted Precision): 0.8702
2025-09-27 18:01:09,382 - INFO - 鍔犳潈鏌ュ叏鐜?(Weighted Recall)   : 0.8708
2025-09-27 18:01:09,382 - INFO - 鍔犳潈F1鍒嗘暟 (Weighted F1-score) : 0.8691
2025-09-27 18:01:09,382 - INFO - --- 鍒嗙被鎶ュ憡 (Classification Report) ---
2025-09-27 18:01:09,382 - INFO -               precision    recall  f1-score   support

           0       0.88      0.96      0.92        79
           1       0.90      0.89      0.89        70
           2       0.86      0.76      0.80        49
           3       0.64      0.64      0.64        11

    accuracy                           0.87       209
   macro avg       0.82      0.81      0.81       209
weighted avg       0.87      0.87      0.87       209

2025-09-27 18:01:09,382 - INFO - 
--- 娣锋穯鐭╅樀 (Confusion Matrix) ---
2025-09-27 18:01:12,164 - INFO - New best model saved with F1: 0.8691
2025-09-27 18:03:39,667 - INFO - Epoch 7, Loss: 0.3920363375987078
2025-09-27 18:03:39,667 - INFO - 
--- eval ---
2025-09-27 18:03:41,816 - INFO - 
--- 璇勪及鎸囨爣 ---
2025-09-27 18:03:41,816 - INFO - 鍑嗙‘鐜?(Accuracy)              : 84.21%
2025-09-27 18:03:41,816 - INFO - 鍔犳潈鏌ュ噯鐜?(Weighted Precision): 0.8465
2025-09-27 18:03:41,816 - INFO - 鍔犳潈鏌ュ叏鐜?(Weighted Recall)   : 0.8421
2025-09-27 18:03:41,816 - INFO - 鍔犳潈F1鍒嗘暟 (Weighted F1-score) : 0.8347
2025-09-27 18:03:41,816 - INFO - --- 鍒嗙被鎶ュ憡 (Classification Report) ---
2025-09-27 18:03:41,816 - INFO -               precision    recall  f1-score   support

           0       0.85      0.96      0.90        79
           1       0.93      0.80      0.86        70
           2       0.73      0.84      0.78        49
           3       0.75      0.27      0.40        11

    accuracy                           0.84       209
   macro avg       0.82      0.72      0.74       209
weighted avg       0.85      0.84      0.83       209

2025-09-27 18:03:41,816 - INFO - 
--- 娣锋穯鐭╅樀 (Confusion Matrix) ---
2025-09-27 18:03:44,648 - INFO - New best model saved with F1: 0.8347
2025-09-27 18:06:10,717 - INFO - Epoch 8, Loss: 0.3866920328997319
2025-09-27 18:06:10,718 - INFO - 
--- eval ---
2025-09-27 18:06:12,873 - INFO - 
--- 璇勪及鎸囨爣 ---
2025-09-27 18:06:12,873 - INFO - 鍑嗙‘鐜?(Accuracy)              : 85.65%
2025-09-27 18:06:12,873 - INFO - 鍔犳潈鏌ュ噯鐜?(Weighted Precision): 0.8588
2025-09-27 18:06:12,873 - INFO - 鍔犳潈鏌ュ叏鐜?(Weighted Recall)   : 0.8565
2025-09-27 18:06:12,874 - INFO - 鍔犳潈F1鍒嗘暟 (Weighted F1-score) : 0.8531
2025-09-27 18:06:12,874 - INFO - --- 鍒嗙被鎶ュ憡 (Classification Report) ---
2025-09-27 18:06:12,874 - INFO -               precision    recall  f1-score   support

           0       0.83      0.99      0.90        79
           1       0.92      0.83      0.87        70
           2       0.86      0.76      0.80        49
           3       0.67      0.55      0.60        11

    accuracy                           0.86       209
   macro avg       0.82      0.78      0.79       209
weighted avg       0.86      0.86      0.85       209

2025-09-27 18:06:12,874 - INFO - 
--- 娣锋穯鐭╅樀 (Confusion Matrix) ---
2025-09-27 18:06:15,658 - INFO - New best model saved with F1: 0.8531
2025-09-27 18:08:41,816 - INFO - Epoch 9, Loss: 0.3743219345783681
2025-09-27 18:08:41,817 - INFO - 
--- eval ---
2025-09-27 18:08:43,984 - INFO - 
--- 璇勪及鎸囨爣 ---
2025-09-27 18:08:43,984 - INFO - 鍑嗙‘鐜?(Accuracy)              : 85.17%
2025-09-27 18:08:43,984 - INFO - 鍔犳潈鏌ュ噯鐜?(Weighted Precision): 0.8536
2025-09-27 18:08:43,984 - INFO - 鍔犳潈鏌ュ叏鐜?(Weighted Recall)   : 0.8517
2025-09-27 18:08:43,984 - INFO - 鍔犳潈F1鍒嗘暟 (Weighted F1-score) : 0.8524
2025-09-27 18:08:43,984 - INFO - --- 鍒嗙被鎶ュ憡 (Classification Report) ---
2025-09-27 18:08:43,984 - INFO -               precision    recall  f1-score   support

           0       0.91      0.90      0.90        79
           1       0.90      0.87      0.88        70
           2       0.77      0.82      0.79        49
           3       0.55      0.55      0.55        11

    accuracy                           0.85       209
   macro avg       0.78      0.78      0.78       209
weighted avg       0.85      0.85      0.85       209

2025-09-27 18:08:43,985 - INFO - 
--- 娣锋穯鐭╅樀 (Confusion Matrix) ---
2025-09-27 18:08:46,619 - INFO - New best model saved with F1: 0.8524
2025-09-27 18:11:12,835 - INFO - Epoch 10, Loss: 0.3534377737524706
2025-09-27 18:11:12,835 - INFO - 
--- eval ---
2025-09-27 18:11:14,986 - INFO - 
--- 璇勪及鎸囨爣 ---
2025-09-27 18:11:14,986 - INFO - 鍑嗙‘鐜?(Accuracy)              : 86.60%
2025-09-27 18:11:14,986 - INFO - 鍔犳潈鏌ュ噯鐜?(Weighted Precision): 0.8659
2025-09-27 18:11:14,986 - INFO - 鍔犳潈鏌ュ叏鐜?(Weighted Recall)   : 0.8660
2025-09-27 18:11:14,986 - INFO - 鍔犳潈F1鍒嗘暟 (Weighted F1-score) : 0.8657
2025-09-27 18:11:14,986 - INFO - --- 鍒嗙被鎶ュ憡 (Classification Report) ---
2025-09-27 18:11:14,986 - INFO -               precision    recall  f1-score   support

           0       0.89      0.92      0.91        79
           1       0.91      0.89      0.90        70
           2       0.81      0.80      0.80        49
           3       0.64      0.64      0.64        11

    accuracy                           0.87       209
   macro avg       0.81      0.81      0.81       209
weighted avg       0.87      0.87      0.87       209

2025-09-27 18:11:14,986 - INFO - 
--- 娣锋穯鐭╅樀 (Confusion Matrix) ---
2025-09-27 18:11:17,610 - INFO - New best model saved with F1: 0.8657
2025-09-27 18:11:17,610 - INFO - 
--- testing ---
2025-09-27 18:11:36,960 - INFO - 
--- 璇勪及鎸囨爣 ---
2025-09-27 18:11:36,960 - INFO - 鍑嗙‘鐜?(Accuracy)              : 88.18%
2025-09-27 18:11:36,961 - INFO - 鍔犳潈鏌ュ噯鐜?(Weighted Precision): 0.8800
2025-09-27 18:11:36,961 - INFO - 鍔犳潈鏌ュ叏鐜?(Weighted Recall)   : 0.8818
2025-09-27 18:11:36,961 - INFO - 鍔犳潈F1鍒嗘暟 (Weighted F1-score) : 0.8797
2025-09-27 18:11:36,961 - INFO - --- 鍒嗙被鎶ュ憡 (Classification Report) ---
2025-09-27 18:11:36,961 - INFO -               precision    recall  f1-score   support

           0       0.90      0.93      0.91       682
           1       0.87      0.93      0.90       610
           2       0.91      0.85      0.88       466
           3       0.72      0.57      0.63       129

    accuracy                           0.88      1887
   macro avg       0.85      0.82      0.83      1887
weighted avg       0.88      0.88      0.88      1887

2025-09-27 18:11:36,961 - INFO - 
--- 娣锋穯鐭╅樀 (Confusion Matrix) ---
2025-09-27 18:11:36,962 - INFO - -----------------  2  -----------------
2025-09-27 18:14:08,743 - INFO - Epoch 1, Loss: 0.5300775299463543
2025-09-27 18:14:08,743 - INFO - 
--- eval ---
2025-09-27 18:14:10,899 - INFO - 
--- 璇勪及鎸囨爣 ---
2025-09-27 18:14:10,899 - INFO - 鍑嗙‘鐜?(Accuracy)              : 80.38%
2025-09-27 18:14:10,899 - INFO - 鍔犳潈鏌ュ噯鐜?(Weighted Precision): 0.7797
2025-09-27 18:14:10,899 - INFO - 鍔犳潈鏌ュ叏鐜?(Weighted Recall)   : 0.8038
2025-09-27 18:14:10,899 - INFO - 鍔犳潈F1鍒嗘暟 (Weighted F1-score) : 0.7744
2025-09-27 18:14:10,899 - INFO - --- 鍒嗙被鎶ュ憡 (Classification Report) ---
2025-09-27 18:14:10,899 - INFO -               precision    recall  f1-score   support

           0       0.84      0.95      0.89        79
           1       0.73      0.94      0.82        70
           2       0.93      0.55      0.69        49
           3       0.00      0.00      0.00        11

    accuracy                           0.80       209
   macro avg       0.62      0.61      0.60       209
weighted avg       0.78      0.80      0.77       209

2025-09-27 18:14:10,899 - INFO - 
--- 娣锋穯鐭╅樀 (Confusion Matrix) ---
2025-09-27 18:14:13,716 - INFO - New best model saved with F1: 0.7744
2025-09-27 18:16:38,904 - INFO - Epoch 2, Loss: 0.47674330669376097
2025-09-27 18:16:38,904 - INFO - 
--- eval ---
2025-09-27 18:16:41,035 - INFO - 
--- 璇勪及鎸囨爣 ---
2025-09-27 18:16:41,035 - INFO - 鍑嗙‘鐜?(Accuracy)              : 82.78%
2025-09-27 18:16:41,035 - INFO - 鍔犳潈鏌ュ噯鐜?(Weighted Precision): 0.8416
2025-09-27 18:16:41,035 - INFO - 鍔犳潈鏌ュ叏鐜?(Weighted Recall)   : 0.8278
2025-09-27 18:16:41,035 - INFO - 鍔犳潈F1鍒嗘暟 (Weighted F1-score) : 0.8280
2025-09-27 18:16:41,035 - INFO - --- 鍒嗙被鎶ュ憡 (Classification Report) ---
2025-09-27 18:16:41,035 - INFO -               precision    recall  f1-score   support

           0       0.92      0.86      0.89        79
           1       0.92      0.81      0.86        70
           2       0.67      0.90      0.77        49
           3       0.57      0.36      0.44        11

    accuracy                           0.83       209
   macro avg       0.77      0.73      0.74       209
weighted avg       0.84      0.83      0.83       209

2025-09-27 18:16:41,035 - INFO - 
--- 娣锋穯鐭╅樀 (Confusion Matrix) ---
2025-09-27 18:16:43,678 - INFO - New best model saved with F1: 0.8280
2025-09-27 18:19:08,282 - INFO - Epoch 3, Loss: 0.4770657723325189
2025-09-27 18:19:08,282 - INFO - 
--- eval ---
2025-09-27 18:19:10,409 - INFO - 
--- 璇勪及鎸囨爣 ---
2025-09-27 18:19:10,409 - INFO - 鍑嗙‘鐜?(Accuracy)              : 83.25%
2025-09-27 18:19:10,409 - INFO - 鍔犳潈鏌ュ噯鐜?(Weighted Precision): 0.8448
2025-09-27 18:19:10,409 - INFO - 鍔犳潈鏌ュ叏鐜?(Weighted Recall)   : 0.8325
2025-09-27 18:19:10,410 - INFO - 鍔犳潈F1鍒嗘暟 (Weighted F1-score) : 0.8345
2025-09-27 18:19:10,410 - INFO - --- 鍒嗙被鎶ュ憡 (Classification Report) ---
2025-09-27 18:19:10,410 - INFO -               precision    recall  f1-score   support

           0       0.90      0.91      0.91        79
           1       0.93      0.77      0.84        70
           2       0.73      0.88      0.80        49
           3       0.42      0.45      0.43        11

    accuracy                           0.83       209
   macro avg       0.74      0.75      0.75       209
weighted avg       0.84      0.83      0.83       209

2025-09-27 18:19:10,410 - INFO - 
--- 娣锋穯鐭╅樀 (Confusion Matrix) ---
2025-09-27 18:19:13,049 - INFO - New best model saved with F1: 0.8345
2025-09-27 18:21:37,792 - INFO - Epoch 4, Loss: 0.4480399586765546
2025-09-27 18:21:37,792 - INFO - 
--- eval ---
2025-09-27 18:21:39,917 - INFO - 
--- 璇勪及鎸囨爣 ---
2025-09-27 18:21:39,918 - INFO - 鍑嗙‘鐜?(Accuracy)              : 78.95%
2025-09-27 18:21:39,918 - INFO - 鍔犳潈鏌ュ噯鐜?(Weighted Precision): 0.8004
2025-09-27 18:21:39,918 - INFO - 鍔犳潈鏌ュ叏鐜?(Weighted Recall)   : 0.7895
2025-09-27 18:21:39,918 - INFO - 鍔犳潈F1鍒嗘暟 (Weighted F1-score) : 0.7806
2025-09-27 18:21:39,918 - INFO - --- 鍒嗙被鎶ュ憡 (Classification Report) ---
2025-09-27 18:21:39,918 - INFO -               precision    recall  f1-score   support

           0       0.74      0.97      0.84        79
           1       0.92      0.67      0.78        70
           2       0.79      0.78      0.78        49
           3       0.50      0.27      0.35        11

    accuracy                           0.79       209
   macro avg       0.74      0.67      0.69       209
weighted avg       0.80      0.79      0.78       209

2025-09-27 18:21:39,918 - INFO - 
--- 娣锋穯鐭╅樀 (Confusion Matrix) ---
2025-09-27 18:21:42,632 - INFO - New best model saved with F1: 0.7806
2025-09-27 18:24:07,848 - INFO - Epoch 5, Loss: 0.4363353178239872
2025-09-27 18:24:07,848 - INFO - 
--- eval ---
2025-09-27 18:24:09,994 - INFO - 
--- 璇勪及鎸囨爣 ---
2025-09-27 18:24:09,994 - INFO - 鍑嗙‘鐜?(Accuracy)              : 82.78%
2025-09-27 18:24:09,994 - INFO - 鍔犳潈鏌ュ噯鐜?(Weighted Precision): 0.7964
2025-09-27 18:24:09,995 - INFO - 鍔犳潈鏌ュ叏鐜?(Weighted Recall)   : 0.8278
2025-09-27 18:24:09,995 - INFO - 鍔犳潈F1鍒嗘暟 (Weighted F1-score) : 0.8063
2025-09-27 18:24:09,995 - INFO - --- 鍒嗙被鎶ュ憡 (Classification Report) ---
2025-09-27 18:24:09,995 - INFO -               precision    recall  f1-score   support

           0       0.92      0.86      0.89        79
           1       0.74      0.96      0.83        70
           2       0.86      0.78      0.82        49
           3       0.00      0.00      0.00        11

    accuracy                           0.83       209
   macro avg       0.63      0.65      0.63       209
weighted avg       0.80      0.83      0.81       209

2025-09-27 18:24:09,995 - INFO - 
--- 娣锋穯鐭╅樀 (Confusion Matrix) ---
2025-09-27 18:24:12,664 - INFO - New best model saved with F1: 0.8063
2025-09-27 18:26:38,627 - INFO - Epoch 6, Loss: 0.43245213579088204
2025-09-27 18:26:38,628 - INFO - 
--- eval ---
2025-09-27 18:26:40,766 - INFO - 
--- 璇勪及鎸囨爣 ---
2025-09-27 18:26:40,766 - INFO - 鍑嗙‘鐜?(Accuracy)              : 82.78%
2025-09-27 18:26:40,766 - INFO - 鍔犳潈鏌ュ噯鐜?(Weighted Precision): 0.8384
2025-09-27 18:26:40,766 - INFO - 鍔犳潈鏌ュ叏鐜?(Weighted Recall)   : 0.8278
2025-09-27 18:26:40,766 - INFO - 鍔犳潈F1鍒嗘暟 (Weighted F1-score) : 0.8234
2025-09-27 18:26:40,766 - INFO - --- 鍒嗙被鎶ュ憡 (Classification Report) ---
2025-09-27 18:26:40,767 - INFO -               precision    recall  f1-score   support

           0       0.84      0.96      0.90        79
           1       0.96      0.71      0.82        70
           2       0.73      0.88      0.80        49
           3       0.50      0.36      0.42        11

    accuracy                           0.83       209
   macro avg       0.76      0.73      0.73       209
weighted avg       0.84      0.83      0.82       209

2025-09-27 18:26:40,767 - INFO - 
--- 娣锋穯鐭╅樀 (Confusion Matrix) ---
2025-09-27 18:26:43,447 - INFO - New best model saved with F1: 0.8234
2025-09-27 18:29:08,624 - INFO - Epoch 7, Loss: 0.41420366648079376
2025-09-27 18:29:08,625 - INFO - 
--- eval ---
2025-09-27 18:29:10,759 - INFO - 
--- 璇勪及鎸囨爣 ---
2025-09-27 18:29:10,759 - INFO - 鍑嗙‘鐜?(Accuracy)              : 82.30%
2025-09-27 18:29:10,759 - INFO - 鍔犳潈鏌ュ噯鐜?(Weighted Precision): 0.8377
2025-09-27 18:29:10,760 - INFO - 鍔犳潈鏌ュ叏鐜?(Weighted Recall)   : 0.8230
2025-09-27 18:29:10,760 - INFO - 鍔犳潈F1鍒嗘暟 (Weighted F1-score) : 0.8275
2025-09-27 18:29:10,760 - INFO - --- 鍒嗙被鎶ュ憡 (Classification Report) ---
2025-09-27 18:29:10,760 - INFO -               precision    recall  f1-score   support

           0       0.93      0.85      0.89        79
           1       0.89      0.83      0.86        70
           2       0.71      0.86      0.78        49
           3       0.38      0.45      0.42        11

    accuracy                           0.82       209
   macro avg       0.73      0.75      0.74       209
weighted avg       0.84      0.82      0.83       209

2025-09-27 18:29:10,760 - INFO - 
--- 娣锋穯鐭╅樀 (Confusion Matrix) ---
2025-09-27 18:29:13,429 - INFO - New best model saved with F1: 0.8275
2025-09-27 18:31:38,018 - INFO - Epoch 8, Loss: 0.401870537807958
2025-09-27 18:31:38,018 - INFO - 
--- eval ---
2025-09-27 18:31:40,151 - INFO - 
--- 璇勪及鎸囨爣 ---
2025-09-27 18:31:40,151 - INFO - 鍑嗙‘鐜?(Accuracy)              : 85.17%
2025-09-27 18:31:40,151 - INFO - 鍔犳潈鏌ュ噯鐜?(Weighted Precision): 0.8592
2025-09-27 18:31:40,151 - INFO - 鍔犳潈鏌ュ叏鐜?(Weighted Recall)   : 0.8517
2025-09-27 18:31:40,151 - INFO - 鍔犳潈F1鍒嗘暟 (Weighted F1-score) : 0.8536
2025-09-27 18:31:40,152 - INFO - --- 鍒嗙被鎶ュ憡 (Classification Report) ---
2025-09-27 18:31:40,152 - INFO -               precision    recall  f1-score   support

           0       0.88      0.94      0.91        79
           1       0.91      0.86      0.88        70
           2       0.84      0.76      0.80        49
           3       0.47      0.64      0.54        11

    accuracy                           0.85       209
   macro avg       0.77      0.80      0.78       209
weighted avg       0.86      0.85      0.85       209

2025-09-27 18:31:40,152 - INFO - 
--- 娣锋穯鐭╅樀 (Confusion Matrix) ---
2025-09-27 18:31:42,856 - INFO - New best model saved with F1: 0.8536
2025-09-27 18:34:07,072 - INFO - Epoch 9, Loss: 0.38530259008756745
2025-09-27 18:34:07,072 - INFO - 
--- eval ---
2025-09-27 18:34:09,191 - INFO - 
--- 璇勪及鎸囨爣 ---
2025-09-27 18:34:09,191 - INFO - 鍑嗙‘鐜?(Accuracy)              : 84.69%
2025-09-27 18:34:09,191 - INFO - 鍔犳潈鏌ュ噯鐜?(Weighted Precision): 0.8430
2025-09-27 18:34:09,191 - INFO - 鍔犳潈鏌ュ叏鐜?(Weighted Recall)   : 0.8469
2025-09-27 18:34:09,191 - INFO - 鍔犳潈F1鍒嗘暟 (Weighted F1-score) : 0.8419
2025-09-27 18:34:09,191 - INFO - --- 鍒嗙被鎶ュ憡 (Classification Report) ---
2025-09-27 18:34:09,191 - INFO -               precision    recall  f1-score   support

           0       0.88      0.95      0.91        79
           1       0.92      0.81      0.86        70
           2       0.76      0.86      0.81        49
           3       0.43      0.27      0.33        11

    accuracy                           0.85       209
   macro avg       0.75      0.72      0.73       209
weighted avg       0.84      0.85      0.84       209

2025-09-27 18:34:09,191 - INFO - 
--- 娣锋穯鐭╅樀 (Confusion Matrix) ---
2025-09-27 18:34:11,873 - INFO - New best model saved with F1: 0.8419
2025-09-27 18:36:36,048 - INFO - Epoch 10, Loss: 0.36012806185959456
2025-09-27 18:36:36,048 - INFO - 
--- eval ---
2025-09-27 18:36:38,181 - INFO - 
--- 璇勪及鎸囨爣 ---
2025-09-27 18:36:38,181 - INFO - 鍑嗙‘鐜?(Accuracy)              : 87.08%
2025-09-27 18:36:38,181 - INFO - 鍔犳潈鏌ュ噯鐜?(Weighted Precision): 0.8678
2025-09-27 18:36:38,181 - INFO - 鍔犳潈鏌ュ叏鐜?(Weighted Recall)   : 0.8708
2025-09-27 18:36:38,181 - INFO - 鍔犳潈F1鍒嗘暟 (Weighted F1-score) : 0.8690
2025-09-27 18:36:38,181 - INFO - --- 鍒嗙被鎶ュ憡 (Classification Report) ---
2025-09-27 18:36:38,181 - INFO -               precision    recall  f1-score   support

           0       0.91      0.92      0.92        79
           1       0.90      0.90      0.90        70
           2       0.82      0.84      0.83        49
           3       0.56      0.45      0.50        11

    accuracy                           0.87       209
   macro avg       0.80      0.78      0.79       209
weighted avg       0.87      0.87      0.87       209

2025-09-27 18:36:38,181 - INFO - 
--- 娣锋穯鐭╅樀 (Confusion Matrix) ---
2025-09-27 18:36:40,877 - INFO - New best model saved with F1: 0.8690
2025-09-27 18:36:40,878 - INFO - 
--- testing ---
2025-09-27 18:37:00,063 - INFO - 
--- 璇勪及鎸囨爣 ---
2025-09-27 18:37:00,063 - INFO - 鍑嗙‘鐜?(Accuracy)              : 88.45%
2025-09-27 18:37:00,064 - INFO - 鍔犳潈鏌ュ噯鐜?(Weighted Precision): 0.8835
2025-09-27 18:37:00,064 - INFO - 鍔犳潈鏌ュ叏鐜?(Weighted Recall)   : 0.8845
2025-09-27 18:37:00,064 - INFO - 鍔犳潈F1鍒嗘暟 (Weighted F1-score) : 0.8817
2025-09-27 18:37:00,064 - INFO - --- 鍒嗙被鎶ュ憡 (Classification Report) ---
2025-09-27 18:37:00,064 - INFO -               precision    recall  f1-score   support

           0       0.91      0.92      0.91       682
           1       0.86      0.94      0.90       610
           2       0.91      0.86      0.88       466
           3       0.79      0.54      0.64       129

    accuracy                           0.88      1887
   macro avg       0.87      0.81      0.83      1887
weighted avg       0.88      0.88      0.88      1887

2025-09-27 18:37:00,064 - INFO - 
--- 娣锋穯鐭╅樀 (Confusion Matrix) ---
2025-09-27 18:37:00,065 - INFO - -----------------  3  -----------------
2025-09-27 18:39:30,453 - INFO - Epoch 1, Loss: 0.5693889398164317
2025-09-27 18:39:30,453 - INFO - 
--- eval ---
2025-09-27 18:39:32,604 - INFO - 
--- 璇勪及鎸囨爣 ---
2025-09-27 18:39:32,604 - INFO - 鍑嗙‘鐜?(Accuracy)              : 84.69%
2025-09-27 18:39:32,604 - INFO - 鍔犳潈鏌ュ噯鐜?(Weighted Precision): 0.8501
2025-09-27 18:39:32,604 - INFO - 鍔犳潈鏌ュ叏鐜?(Weighted Recall)   : 0.8469
2025-09-27 18:39:32,604 - INFO - 鍔犳潈F1鍒嗘暟 (Weighted F1-score) : 0.8474
2025-09-27 18:39:32,604 - INFO - --- 鍒嗙被鎶ュ憡 (Classification Report) ---
2025-09-27 18:39:32,604 - INFO -               precision    recall  f1-score   support

           0       0.90      0.90      0.90        79
           1       0.91      0.84      0.87        70
           2       0.75      0.84      0.79        49
           3       0.60      0.55      0.57        11

    accuracy                           0.85       209
   macro avg       0.79      0.78      0.78       209
weighted avg       0.85      0.85      0.85       209

2025-09-27 18:39:32,605 - INFO - 
--- 娣锋穯鐭╅樀 (Confusion Matrix) ---
2025-09-27 18:39:35,327 - INFO - New best model saved with F1: 0.8474
2025-09-27 18:41:59,785 - INFO - Epoch 2, Loss: 0.4989721921053441
2025-09-27 18:41:59,785 - INFO - 
--- eval ---
2025-09-27 18:42:01,912 - INFO - 
--- 璇勪及鎸囨爣 ---
2025-09-27 18:42:01,912 - INFO - 鍑嗙‘鐜?(Accuracy)              : 85.17%
2025-09-27 18:42:01,912 - INFO - 鍔犳潈鏌ュ噯鐜?(Weighted Precision): 0.8433
2025-09-27 18:42:01,912 - INFO - 鍔犳潈鏌ュ叏鐜?(Weighted Recall)   : 0.8517
2025-09-27 18:42:01,912 - INFO - 鍔犳潈F1鍒嗘暟 (Weighted F1-score) : 0.8448
2025-09-27 18:42:01,912 - INFO - --- 鍒嗙被鎶ュ憡 (Classification Report) ---
2025-09-27 18:42:01,912 - INFO -               precision    recall  f1-score   support

           0       0.87      0.96      0.92        79
           1       0.91      0.87      0.89        70
           2       0.78      0.78      0.78        49
           3       0.50      0.27      0.35        11

    accuracy                           0.85       209
   macro avg       0.76      0.72      0.73       209
weighted avg       0.84      0.85      0.84       209

2025-09-27 18:42:01,912 - INFO - 
--- 娣锋穯鐭╅樀 (Confusion Matrix) ---
2025-09-27 18:42:04,587 - INFO - New best model saved with F1: 0.8448
2025-09-27 18:44:28,809 - INFO - Epoch 3, Loss: 0.45561185766169743
2025-09-27 18:44:28,809 - INFO - 
--- eval ---
2025-09-27 18:44:30,925 - INFO - 
--- 璇勪及鎸囨爣 ---
2025-09-27 18:44:30,925 - INFO - 鍑嗙‘鐜?(Accuracy)              : 83.73%
2025-09-27 18:44:30,925 - INFO - 鍔犳潈鏌ュ噯鐜?(Weighted Precision): 0.8485
2025-09-27 18:44:30,925 - INFO - 鍔犳潈鏌ュ叏鐜?(Weighted Recall)   : 0.8373
2025-09-27 18:44:30,925 - INFO - 鍔犳潈F1鍒嗘暟 (Weighted F1-score) : 0.8360
2025-09-27 18:44:30,925 - INFO - --- 鍒嗙被鎶ュ憡 (Classification Report) ---
2025-09-27 18:44:30,925 - INFO -               precision    recall  f1-score   support

           0       0.86      0.95      0.90        79
           1       0.96      0.74      0.84        70
           2       0.74      0.88      0.80        49
           3       0.50      0.45      0.48        11

    accuracy                           0.84       209
   macro avg       0.77      0.76      0.76       209
weighted avg       0.85      0.84      0.84       209

2025-09-27 18:44:30,925 - INFO - 
--- 娣锋穯鐭╅樀 (Confusion Matrix) ---
2025-09-27 18:44:33,720 - INFO - New best model saved with F1: 0.8360
2025-09-27 18:46:56,802 - INFO - Epoch 4, Loss: 0.4451129714033134
2025-09-27 18:46:56,803 - INFO - 
--- eval ---
2025-09-27 18:46:58,916 - INFO - 
--- 璇勪及鎸囨爣 ---
2025-09-27 18:46:58,916 - INFO - 鍑嗙‘鐜?(Accuracy)              : 84.21%
2025-09-27 18:46:58,916 - INFO - 鍔犳潈鏌ュ噯鐜?(Weighted Precision): 0.8485
2025-09-27 18:46:58,916 - INFO - 鍔犳潈鏌ュ叏鐜?(Weighted Recall)   : 0.8421
2025-09-27 18:46:58,917 - INFO - 鍔犳潈F1鍒嗘暟 (Weighted F1-score) : 0.8433
2025-09-27 18:46:58,917 - INFO - --- 鍒嗙被鎶ュ憡 (Classification Report) ---
2025-09-27 18:46:58,917 - INFO -               precision    recall  f1-score   support

           0       0.91      0.89      0.90        79
           1       0.92      0.84      0.88        70
           2       0.72      0.86      0.79        49
           3       0.50      0.45      0.48        11

    accuracy                           0.84       209
   macro avg       0.76      0.76      0.76       209
weighted avg       0.85      0.84      0.84       209

2025-09-27 18:46:58,917 - INFO - 
--- 娣锋穯鐭╅樀 (Confusion Matrix) ---
2025-09-27 18:47:01,658 - INFO - New best model saved with F1: 0.8433
2025-09-27 18:49:24,957 - INFO - Epoch 5, Loss: 0.438441839931971
2025-09-27 18:49:24,957 - INFO - 
--- eval ---
2025-09-27 18:49:27,068 - INFO - 
--- 璇勪及鎸囨爣 ---
2025-09-27 18:49:27,068 - INFO - 鍑嗙‘鐜?(Accuracy)              : 84.21%
2025-09-27 18:49:27,068 - INFO - 鍔犳潈鏌ュ噯鐜?(Weighted Precision): 0.8409
2025-09-27 18:49:27,068 - INFO - 鍔犳潈鏌ュ叏鐜?(Weighted Recall)   : 0.8421
2025-09-27 18:49:27,068 - INFO - 鍔犳潈F1鍒嗘暟 (Weighted F1-score) : 0.8375
2025-09-27 18:49:27,068 - INFO - --- 鍒嗙被鎶ュ憡 (Classification Report) ---
2025-09-27 18:49:27,068 - INFO -               precision    recall  f1-score   support

           0       0.90      0.91      0.91        79
           1       0.91      0.83      0.87        70
           2       0.73      0.88      0.80        49
           3       0.50      0.27      0.35        11

    accuracy                           0.84       209
   macro avg       0.76      0.72      0.73       209
weighted avg       0.84      0.84      0.84       209

2025-09-27 18:49:27,068 - INFO - 
--- 娣锋穯鐭╅樀 (Confusion Matrix) ---
2025-09-27 18:49:30,321 - INFO - New best model saved with F1: 0.8375
2025-09-27 18:51:52,915 - INFO - Epoch 6, Loss: 0.42672045640890893
2025-09-27 18:51:52,916 - INFO - 
--- eval ---
2025-09-27 18:51:55,036 - INFO - 
--- 璇勪及鎸囨爣 ---
2025-09-27 18:51:55,037 - INFO - 鍑嗙‘鐜?(Accuracy)              : 84.21%
2025-09-27 18:51:55,037 - INFO - 鍔犳潈鏌ュ噯鐜?(Weighted Precision): 0.8602
2025-09-27 18:51:55,037 - INFO - 鍔犳潈鏌ュ叏鐜?(Weighted Recall)   : 0.8421
2025-09-27 18:51:55,037 - INFO - 鍔犳潈F1鍒嗘暟 (Weighted F1-score) : 0.8488
2025-09-27 18:51:55,037 - INFO - --- 鍒嗙被鎶ュ憡 (Classification Report) ---
2025-09-27 18:51:55,037 - INFO -               precision    recall  f1-score   support

           0       0.93      0.89      0.91        79
           1       0.92      0.84      0.88        70
           2       0.75      0.82      0.78        49
           3       0.41      0.64      0.50        11

    accuracy                           0.84       209
   macro avg       0.76      0.80      0.77       209
weighted avg       0.86      0.84      0.85       209

2025-09-27 18:51:55,037 - INFO - 
--- 娣锋穯鐭╅樀 (Confusion Matrix) ---
2025-09-27 18:51:57,701 - INFO - New best model saved with F1: 0.8488
2025-09-27 18:54:21,084 - INFO - Epoch 7, Loss: 0.4059790602513875
2025-09-27 18:54:21,085 - INFO - 
--- eval ---
2025-09-27 18:54:23,207 - INFO - 
--- 璇勪及鎸囨爣 ---
2025-09-27 18:54:23,207 - INFO - 鍑嗙‘鐜?(Accuracy)              : 84.69%
2025-09-27 18:54:23,207 - INFO - 鍔犳潈鏌ュ噯鐜?(Weighted Precision): 0.8361
2025-09-27 18:54:23,207 - INFO - 鍔犳潈鏌ュ叏鐜?(Weighted Recall)   : 0.8469
2025-09-27 18:54:23,208 - INFO - 鍔犳潈F1鍒嗘暟 (Weighted F1-score) : 0.8360
2025-09-27 18:54:23,208 - INFO - --- 鍒嗙被鎶ュ憡 (Classification Report) ---
2025-09-27 18:54:23,208 - INFO -               precision    recall  f1-score   support

           0       0.91      0.92      0.92        79
           1       0.81      0.93      0.87        70
           2       0.82      0.76      0.79        49
           3       0.50      0.18      0.27        11

    accuracy                           0.85       209
   macro avg       0.76      0.70      0.71       209
weighted avg       0.84      0.85      0.84       209

2025-09-27 18:54:23,208 - INFO - 
--- 娣锋穯鐭╅樀 (Confusion Matrix) ---
2025-09-27 18:54:25,849 - INFO - New best model saved with F1: 0.8360
2025-09-27 18:56:50,192 - INFO - Epoch 8, Loss: 0.4062823252387199
2025-09-27 18:56:50,192 - INFO - 
--- eval ---
2025-09-27 18:56:52,318 - INFO - 
--- 璇勪及鎸囨爣 ---
2025-09-27 18:56:52,318 - INFO - 鍑嗙‘鐜?(Accuracy)              : 83.73%
2025-09-27 18:56:52,318 - INFO - 鍔犳潈鏌ュ噯鐜?(Weighted Precision): 0.8265
2025-09-27 18:56:52,318 - INFO - 鍔犳潈鏌ュ叏鐜?(Weighted Recall)   : 0.8373
2025-09-27 18:56:52,318 - INFO - 鍔犳潈F1鍒嗘暟 (Weighted F1-score) : 0.8232
2025-09-27 18:56:52,319 - INFO - --- 鍒嗙被鎶ュ憡 (Classification Report) ---
2025-09-27 18:56:52,319 - INFO -               precision    recall  f1-score   support

           0       0.88      0.91      0.89        79
           1       0.88      0.86      0.87        70
           2       0.74      0.86      0.79        49
           3       0.50      0.09      0.15        11

    accuracy                           0.84       209
   macro avg       0.75      0.68      0.68       209
weighted avg       0.83      0.84      0.82       209

2025-09-27 18:56:52,319 - INFO - 
--- 娣锋穯鐭╅樀 (Confusion Matrix) ---
2025-09-27 18:56:54,944 - INFO - New best model saved with F1: 0.8232
2025-09-27 18:59:19,353 - INFO - Epoch 9, Loss: 0.3823762182618059
2025-09-27 18:59:19,353 - INFO - 
--- eval ---
2025-09-27 18:59:21,470 - INFO - 
--- 璇勪及鎸囨爣 ---
2025-09-27 18:59:21,470 - INFO - 鍑嗙‘鐜?(Accuracy)              : 84.69%
2025-09-27 18:59:21,470 - INFO - 鍔犳潈鏌ュ噯鐜?(Weighted Precision): 0.8597
2025-09-27 18:59:21,470 - INFO - 鍔犳潈鏌ュ叏鐜?(Weighted Recall)   : 0.8469
2025-09-27 18:59:21,470 - INFO - 鍔犳潈F1鍒嗘暟 (Weighted F1-score) : 0.8512
2025-09-27 18:59:21,470 - INFO - --- 鍒嗙被鎶ュ憡 (Classification Report) ---
2025-09-27 18:59:21,470 - INFO -               precision    recall  f1-score   support

           0       0.93      0.86      0.89        79
           1       0.90      0.86      0.88        70
           2       0.77      0.84      0.80        49
           3       0.50      0.73      0.59        11

    accuracy                           0.85       209
   macro avg       0.78      0.82      0.79       209
weighted avg       0.86      0.85      0.85       209

2025-09-27 18:59:21,470 - INFO - 
--- 娣锋穯鐭╅樀 (Confusion Matrix) ---
2025-09-27 18:59:24,103 - INFO - New best model saved with F1: 0.8512
2025-09-27 19:01:48,133 - INFO - Epoch 10, Loss: 0.36244521263280727
2025-09-27 19:01:48,133 - INFO - 
--- eval ---
2025-09-27 19:01:50,247 - INFO - 
--- 璇勪及鎸囨爣 ---
2025-09-27 19:01:50,247 - INFO - 鍑嗙‘鐜?(Accuracy)              : 83.25%
2025-09-27 19:01:50,248 - INFO - 鍔犳潈鏌ュ噯鐜?(Weighted Precision): 0.8309
2025-09-27 19:01:50,248 - INFO - 鍔犳潈鏌ュ叏鐜?(Weighted Recall)   : 0.8325
2025-09-27 19:01:50,248 - INFO - 鍔犳潈F1鍒嗘暟 (Weighted F1-score) : 0.8310
2025-09-27 19:01:50,248 - INFO - --- 鍒嗙被鎶ュ憡 (Classification Report) ---
2025-09-27 19:01:50,248 - INFO -               precision    recall  f1-score   support

           0       0.90      0.90      0.90        79
           1       0.90      0.86      0.88        70
           2       0.74      0.82      0.78        49
           3       0.33      0.27      0.30        11

    accuracy                           0.83       209
   macro avg       0.72      0.71      0.71       209
weighted avg       0.83      0.83      0.83       209

2025-09-27 19:01:50,248 - INFO - 
--- 娣锋穯鐭╅樀 (Confusion Matrix) ---
2025-09-27 19:01:52,916 - INFO - New best model saved with F1: 0.8310
2025-09-27 19:01:52,917 - INFO - 
--- testing ---
2025-09-27 19:02:12,076 - INFO - 
--- 璇勪及鎸囨爣 ---
2025-09-27 19:02:12,076 - INFO - 鍑嗙‘鐜?(Accuracy)              : 88.50%
2025-09-27 19:02:12,076 - INFO - 鍔犳潈鏌ュ噯鐜?(Weighted Precision): 0.8830
2025-09-27 19:02:12,077 - INFO - 鍔犳潈鏌ュ叏鐜?(Weighted Recall)   : 0.8850
2025-09-27 19:02:12,077 - INFO - 鍔犳潈F1鍒嗘暟 (Weighted F1-score) : 0.8820
2025-09-27 19:02:12,077 - INFO - --- 鍒嗙被鎶ュ憡 (Classification Report) ---
2025-09-27 19:02:12,077 - INFO -               precision    recall  f1-score   support

           0       0.91      0.91      0.91       682
           1       0.86      0.93      0.90       610
           2       0.90      0.89      0.89       466
           3       0.76      0.52      0.62       129

    accuracy                           0.89      1887
   macro avg       0.86      0.81      0.83      1887
weighted avg       0.88      0.89      0.88      1887

2025-09-27 19:02:12,077 - INFO - 
--- 娣锋穯鐭╅樀 (Confusion Matrix) ---
2025-09-27 19:02:12,078 - INFO - -----------------  4  -----------------
2025-09-27 19:04:42,668 - INFO - Epoch 1, Loss: 0.6626824663976342
2025-09-27 19:04:42,668 - INFO - 
--- eval ---
2025-09-27 19:04:44,825 - INFO - 
--- 璇勪及鎸囨爣 ---
2025-09-27 19:04:44,825 - INFO - 鍑嗙‘鐜?(Accuracy)              : 80.38%
2025-09-27 19:04:44,825 - INFO - 鍔犳潈鏌ュ噯鐜?(Weighted Precision): 0.8260
2025-09-27 19:04:44,825 - INFO - 鍔犳潈鏌ュ叏鐜?(Weighted Recall)   : 0.8038
2025-09-27 19:04:44,825 - INFO - 鍔犳潈F1鍒嗘暟 (Weighted F1-score) : 0.8095
2025-09-27 19:04:44,825 - INFO - --- 鍒嗙被鎶ュ憡 (Classification Report) ---
2025-09-27 19:04:44,825 - INFO -               precision    recall  f1-score   support

           0       0.92      0.76      0.83        79
           1       0.87      0.87      0.87        70
           2       0.68      0.80      0.74        49
           3       0.47      0.73      0.57        11

    accuracy                           0.80       209
   macro avg       0.74      0.79      0.75       209
weighted avg       0.83      0.80      0.81       209

2025-09-27 19:04:44,825 - INFO - 
--- 娣锋穯鐭╅樀 (Confusion Matrix) ---
2025-09-27 19:04:47,525 - INFO - New best model saved with F1: 0.8095
2025-09-27 19:07:11,941 - INFO - Epoch 2, Loss: 0.4699932364503445
2025-09-27 19:07:11,942 - INFO - 
--- eval ---
2025-09-27 19:07:14,064 - INFO - 
--- 璇勪及鎸囨爣 ---
2025-09-27 19:07:14,064 - INFO - 鍑嗙‘鐜?(Accuracy)              : 82.78%
2025-09-27 19:07:14,064 - INFO - 鍔犳潈鏌ュ噯鐜?(Weighted Precision): 0.7924
2025-09-27 19:07:14,064 - INFO - 鍔犳潈鏌ュ叏鐜?(Weighted Recall)   : 0.8278
2025-09-27 19:07:14,064 - INFO - 鍔犳潈F1鍒嗘暟 (Weighted F1-score) : 0.8077
2025-09-27 19:07:14,064 - INFO - --- 鍒嗙被鎶ュ憡 (Classification Report) ---
2025-09-27 19:07:14,064 - INFO -               precision    recall  f1-score   support

           0       0.89      0.91      0.90        79
           1       0.88      0.84      0.86        70
           2       0.69      0.86      0.76        49
           3       0.00      0.00      0.00        11

    accuracy                           0.83       209
   macro avg       0.61      0.65      0.63       209
weighted avg       0.79      0.83      0.81       209

2025-09-27 19:07:14,064 - INFO - 
--- 娣锋穯鐭╅樀 (Confusion Matrix) ---
2025-09-27 19:07:16,769 - INFO - New best model saved with F1: 0.8077
2025-09-27 19:09:40,345 - INFO - Epoch 3, Loss: 0.4477837701188096
2025-09-27 19:09:40,345 - INFO - 
--- eval ---
2025-09-27 19:09:42,456 - INFO - 
--- 璇勪及鎸囨爣 ---
2025-09-27 19:09:42,456 - INFO - 鍑嗙‘鐜?(Accuracy)              : 85.17%
2025-09-27 19:09:42,456 - INFO - 鍔犳潈鏌ュ噯鐜?(Weighted Precision): 0.8463
2025-09-27 19:09:42,456 - INFO - 鍔犳潈鏌ュ叏鐜?(Weighted Recall)   : 0.8517
2025-09-27 19:09:42,456 - INFO - 鍔犳潈F1鍒嗘暟 (Weighted F1-score) : 0.8476
2025-09-27 19:09:42,456 - INFO - --- 鍒嗙被鎶ュ憡 (Classification Report) ---
2025-09-27 19:09:42,456 - INFO -               precision    recall  f1-score   support

           0       0.92      0.90      0.91        79
           1       0.89      0.90      0.89        70
           2       0.76      0.84      0.80        49
           3       0.43      0.27      0.33        11

    accuracy                           0.85       209
   macro avg       0.75      0.73      0.73       209
weighted avg       0.85      0.85      0.85       209

2025-09-27 19:09:42,456 - INFO - 
--- 娣锋穯鐭╅樀 (Confusion Matrix) ---
2025-09-27 19:09:46,301 - INFO - New best model saved with F1: 0.8476
2025-09-27 19:12:08,907 - INFO - Epoch 4, Loss: 0.44063895126482094
2025-09-27 19:12:08,907 - INFO - 
--- eval ---
2025-09-27 19:12:11,017 - INFO - 
--- 璇勪及鎸囨爣 ---
2025-09-27 19:12:11,018 - INFO - 鍑嗙‘鐜?(Accuracy)              : 85.17%
2025-09-27 19:12:11,018 - INFO - 鍔犳潈鏌ュ噯鐜?(Weighted Precision): 0.8471
2025-09-27 19:12:11,018 - INFO - 鍔犳潈鏌ュ叏鐜?(Weighted Recall)   : 0.8517
2025-09-27 19:12:11,018 - INFO - 鍔犳潈F1鍒嗘暟 (Weighted F1-score) : 0.8474
2025-09-27 19:12:11,018 - INFO - --- 鍒嗙被鎶ュ憡 (Classification Report) ---
2025-09-27 19:12:11,018 - INFO -               precision    recall  f1-score   support

           0       0.91      0.91      0.91        79
           1       0.83      0.93      0.88        70
           2       0.84      0.76      0.80        49
           3       0.50      0.36      0.42        11

    accuracy                           0.85       209
   macro avg       0.77      0.74      0.75       209
weighted avg       0.85      0.85      0.85       209

2025-09-27 19:12:11,018 - INFO - 
--- 娣锋穯鐭╅樀 (Confusion Matrix) ---
2025-09-27 19:12:14,453 - INFO - New best model saved with F1: 0.8474
2025-09-27 19:14:37,413 - INFO - Epoch 5, Loss: 0.4097836716222315
2025-09-27 19:14:37,413 - INFO - 
--- eval ---
2025-09-27 19:14:39,518 - INFO - 
--- 璇勪及鎸囨爣 ---
2025-09-27 19:14:39,519 - INFO - 鍑嗙‘鐜?(Accuracy)              : 85.17%
2025-09-27 19:14:39,519 - INFO - 鍔犳潈鏌ュ噯鐜?(Weighted Precision): 0.8437
2025-09-27 19:14:39,519 - INFO - 鍔犳潈鏌ュ叏鐜?(Weighted Recall)   : 0.8517
2025-09-27 19:14:39,519 - INFO - 鍔犳潈F1鍒嗘暟 (Weighted F1-score) : 0.8455
2025-09-27 19:14:39,519 - INFO - --- 鍒嗙被鎶ュ憡 (Classification Report) ---
2025-09-27 19:14:39,519 - INFO -               precision    recall  f1-score   support

           0       0.93      0.90      0.92        79
           1       0.89      0.90      0.89        70
           2       0.75      0.86      0.80        49
           3       0.33      0.18      0.24        11

    accuracy                           0.85       209
   macro avg       0.73      0.71      0.71       209
weighted avg       0.84      0.85      0.85       209

2025-09-27 19:14:39,519 - INFO - 
--- 娣锋穯鐭╅樀 (Confusion Matrix) ---
2025-09-27 19:14:42,250 - INFO - New best model saved with F1: 0.8455
2025-09-27 19:17:05,208 - INFO - Epoch 6, Loss: 0.4206018588730907
2025-09-27 19:17:05,208 - INFO - 
--- eval ---
2025-09-27 19:17:07,309 - INFO - 
--- 璇勪及鎸囨爣 ---
2025-09-27 19:17:07,309 - INFO - 鍑嗙‘鐜?(Accuracy)              : 84.69%
2025-09-27 19:17:07,309 - INFO - 鍔犳潈鏌ュ噯鐜?(Weighted Precision): 0.8491
2025-09-27 19:17:07,309 - INFO - 鍔犳潈鏌ュ叏鐜?(Weighted Recall)   : 0.8469
2025-09-27 19:17:07,309 - INFO - 鍔犳潈F1鍒嗘暟 (Weighted F1-score) : 0.8462
2025-09-27 19:17:07,309 - INFO - --- 鍒嗙被鎶ュ憡 (Classification Report) ---
2025-09-27 19:17:07,310 - INFO -               precision    recall  f1-score   support

           0       0.86      0.94      0.90        79
           1       0.90      0.89      0.89        70
           2       0.86      0.73      0.79        49
           3       0.42      0.45      0.43        11

    accuracy                           0.85       209
   macro avg       0.76      0.75      0.75       209
weighted avg       0.85      0.85      0.85       209

2025-09-27 19:17:07,310 - INFO - 
--- 娣锋穯鐭╅樀 (Confusion Matrix) ---
2025-09-27 19:17:09,936 - INFO - New best model saved with F1: 0.8462
2025-09-27 19:19:31,945 - INFO - Epoch 7, Loss: 0.4042057732464076
2025-09-27 19:19:31,945 - INFO - 
--- eval ---
2025-09-27 19:19:34,047 - INFO - 
--- 璇勪及鎸囨爣 ---
2025-09-27 19:19:34,047 - INFO - 鍑嗙‘鐜?(Accuracy)              : 86.60%
2025-09-27 19:19:34,047 - INFO - 鍔犳潈鏌ュ噯鐜?(Weighted Precision): 0.8634
2025-09-27 19:19:34,047 - INFO - 鍔犳潈鏌ュ叏鐜?(Weighted Recall)   : 0.8660
2025-09-27 19:19:34,047 - INFO - 鍔犳潈F1鍒嗘暟 (Weighted F1-score) : 0.8645
2025-09-27 19:19:34,047 - INFO - --- 鍒嗙被鎶ュ憡 (Classification Report) ---
2025-09-27 19:19:34,047 - INFO -               precision    recall  f1-score   support

           0       0.90      0.92      0.91        79
           1       0.90      0.91      0.91        70
           2       0.83      0.80      0.81        49
           3       0.50      0.45      0.48        11

    accuracy                           0.87       209
   macro avg       0.78      0.77      0.78       209
weighted avg       0.86      0.87      0.86       209

2025-09-27 19:19:34,047 - INFO - 
--- 娣锋穯鐭╅樀 (Confusion Matrix) ---
2025-09-27 19:19:36,787 - INFO - New best model saved with F1: 0.8645
2025-09-27 19:21:59,344 - INFO - Epoch 8, Loss: 0.380976435860765
2025-09-27 19:21:59,344 - INFO - 
--- eval ---
2025-09-27 19:22:01,444 - INFO - 
--- 璇勪及鎸囨爣 ---
2025-09-27 19:22:01,444 - INFO - 鍑嗙‘鐜?(Accuracy)              : 84.69%
2025-09-27 19:22:01,444 - INFO - 鍔犳潈鏌ュ噯鐜?(Weighted Precision): 0.8551
2025-09-27 19:22:01,444 - INFO - 鍔犳潈鏌ュ叏鐜?(Weighted Recall)   : 0.8469
2025-09-27 19:22:01,444 - INFO - 鍔犳潈F1鍒嗘暟 (Weighted F1-score) : 0.8502
2025-09-27 19:22:01,444 - INFO - --- 鍒嗙被鎶ュ憡 (Classification Report) ---
2025-09-27 19:22:01,444 - INFO -               precision    recall  f1-score   support

           0       0.91      0.90      0.90        79
           1       0.90      0.90      0.90        70
           2       0.80      0.76      0.78        49
           3       0.40      0.55      0.46        11

    accuracy                           0.85       209
   macro avg       0.75      0.77      0.76       209
weighted avg       0.86      0.85      0.85       209

2025-09-27 19:22:01,444 - INFO - 
--- 娣锋穯鐭╅樀 (Confusion Matrix) ---
2025-09-27 19:22:04,097 - INFO - New best model saved with F1: 0.8502
2025-09-27 19:24:26,288 - INFO - Epoch 9, Loss: 0.3642754191030547
2025-09-27 19:24:26,289 - INFO - 
--- eval ---
2025-09-27 19:24:28,388 - INFO - 
--- 璇勪及鎸囨爣 ---
2025-09-27 19:24:28,388 - INFO - 鍑嗙‘鐜?(Accuracy)              : 84.69%
2025-09-27 19:24:28,388 - INFO - 鍔犳潈鏌ュ噯鐜?(Weighted Precision): 0.8464
2025-09-27 19:24:28,388 - INFO - 鍔犳潈鏌ュ叏鐜?(Weighted Recall)   : 0.8469
2025-09-27 19:24:28,388 - INFO - 鍔犳潈F1鍒嗘暟 (Weighted F1-score) : 0.8464
2025-09-27 19:24:28,388 - INFO - --- 鍒嗙被鎶ュ憡 (Classification Report) ---
2025-09-27 19:24:28,388 - INFO -               precision    recall  f1-score   support

           0       0.91      0.90      0.90        79
           1       0.90      0.89      0.89        70
           2       0.77      0.82      0.79        49
           3       0.40      0.36      0.38        11

    accuracy                           0.85       209
   macro avg       0.74      0.74      0.74       209
weighted avg       0.85      0.85      0.85       209

2025-09-27 19:24:28,388 - INFO - 
--- 娣锋穯鐭╅樀 (Confusion Matrix) ---
2025-09-27 19:24:31,011 - INFO - New best model saved with F1: 0.8464
2025-09-27 19:26:53,828 - INFO - Epoch 10, Loss: 0.3539993058573576
2025-09-27 19:26:53,829 - INFO - 
--- eval ---
2025-09-27 19:26:55,926 - INFO - 
--- 璇勪及鎸囨爣 ---
2025-09-27 19:26:55,926 - INFO - 鍑嗙‘鐜?(Accuracy)              : 83.73%
2025-09-27 19:26:55,927 - INFO - 鍔犳潈鏌ュ噯鐜?(Weighted Precision): 0.8350
2025-09-27 19:26:55,927 - INFO - 鍔犳潈鏌ュ叏鐜?(Weighted Recall)   : 0.8373
2025-09-27 19:26:55,927 - INFO - 鍔犳潈F1鍒嗘暟 (Weighted F1-score) : 0.8354
2025-09-27 19:26:55,927 - INFO - --- 鍒嗙被鎶ュ憡 (Classification Report) ---
2025-09-27 19:26:55,927 - INFO -               precision    recall  f1-score   support

           0       0.89      0.91      0.90        79
           1       0.91      0.86      0.88        70
           2       0.75      0.82      0.78        49
           3       0.33      0.27      0.30        11

    accuracy                           0.84       209
   macro avg       0.72      0.71      0.72       209
weighted avg       0.83      0.84      0.84       209

2025-09-27 19:26:55,927 - INFO - 
--- 娣锋穯鐭╅樀 (Confusion Matrix) ---
2025-09-27 19:26:59,878 - INFO - New best model saved with F1: 0.8354
2025-09-27 19:26:59,878 - INFO - 
--- testing ---
2025-09-27 19:27:18,816 - INFO - 
--- 璇勪及鎸囨爣 ---
2025-09-27 19:27:18,816 - INFO - 鍑嗙‘鐜?(Accuracy)              : 88.34%
2025-09-27 19:27:18,816 - INFO - 鍔犳潈鏌ュ噯鐜?(Weighted Precision): 0.8804
2025-09-27 19:27:18,816 - INFO - 鍔犳潈鏌ュ叏鐜?(Weighted Recall)   : 0.8834
2025-09-27 19:27:18,817 - INFO - 鍔犳潈F1鍒嗘暟 (Weighted F1-score) : 0.8807
2025-09-27 19:27:18,817 - INFO - --- 鍒嗙被鎶ュ憡 (Classification Report) ---
2025-09-27 19:27:18,817 - INFO -               precision    recall  f1-score   support

           0       0.91      0.92      0.91       682
           1       0.87      0.92      0.90       610
           2       0.90      0.89      0.89       466
           3       0.71      0.52      0.60       129

    accuracy                           0.88      1887
   macro avg       0.85      0.81      0.82      1887
weighted avg       0.88      0.88      0.88      1887

2025-09-27 19:27:18,817 - INFO - 
--- 娣锋穯鐭╅樀 (Confusion Matrix) ---
2025-09-27 19:27:18,820 - INFO - 

==================== 瀹為獙鏈€缁堢粨鏋?(5娆¤繍琛? ====================

2025-09-27 19:27:18,820 - INFO - 妯″瀷瀹為檯鎬ц兘 (Mean 卤 Std Dev):
2025-09-27 19:27:18,820 - INFO - ----------------------------------------------------------------------
2025-09-27 19:27:18,820 - INFO -   - Accuracy             : 0.8849 卤 0.0027
2025-09-27 19:27:18,820 - INFO -   - Weighted Precision   : 0.8830 卤 0.0029
2025-09-27 19:27:18,820 - INFO -   - Weighted Recall      : 0.8849 卤 0.0027
2025-09-27 19:27:18,820 - INFO -   - Weighted F1-score    : 0.8825 卤 0.0031
2025-09-27 19:27:18,820 - INFO - ----------------------------------------------------------------------
2025-09-27 19:27:18,820 - INFO - 
============================================================

