2025-09-27 22:12:13,700 - INFO - Using GPU: NVIDIA GeForce RTX 3090
2025-09-27 22:12:33,632 - INFO - -----------------  0  -----------------
2025-09-27 22:15:01,136 - INFO - Epoch 1, Loss: 0.9390083501797194
2025-09-27 22:15:01,136 - INFO - 
--- eval ---
2025-09-27 22:15:03,397 - INFO - 
--- 璇勪及鎸囨爣 ---
2025-09-27 22:15:03,398 - INFO - 鍑嗙‘鐜?(Accuracy)              : 82.78%
2025-09-27 22:15:03,398 - INFO - 鍔犳潈鏌ュ噯鐜?(Weighted Precision): 0.8350
2025-09-27 22:15:03,398 - INFO - 鍔犳潈鏌ュ叏鐜?(Weighted Recall)   : 0.8278
2025-09-27 22:15:03,398 - INFO - 鍔犳潈F1鍒嗘暟 (Weighted F1-score) : 0.8304
2025-09-27 22:15:03,398 - INFO - --- 鍒嗙被鎶ュ憡 (Classification Report) ---
2025-09-27 22:15:03,398 - INFO -               precision    recall  f1-score   support

           0       0.88      0.92      0.90        79
           1       0.90      0.86      0.88        70
           2       0.80      0.73      0.77        49
           3       0.29      0.36      0.32        11

    accuracy                           0.83       209
   macro avg       0.72      0.72      0.72       209
weighted avg       0.83      0.83      0.83       209

2025-09-27 22:15:03,398 - INFO - 
--- 娣锋穯鐭╅樀 (Confusion Matrix) ---
2025-09-27 22:15:04,096 - INFO - New best model saved with F1: 0.8304
2025-09-27 22:17:28,387 - INFO - Epoch 2, Loss: 0.38907465730105933
2025-09-27 22:17:28,387 - INFO - 
--- eval ---
2025-09-27 22:17:30,667 - INFO - 
--- 璇勪及鎸囨爣 ---
2025-09-27 22:17:30,667 - INFO - 鍑嗙‘鐜?(Accuracy)              : 86.12%
2025-09-27 22:17:30,667 - INFO - 鍔犳潈鏌ュ噯鐜?(Weighted Precision): 0.8708
2025-09-27 22:17:30,667 - INFO - 鍔犳潈鏌ュ叏鐜?(Weighted Recall)   : 0.8612
2025-09-27 22:17:30,667 - INFO - 鍔犳潈F1鍒嗘暟 (Weighted F1-score) : 0.8649
2025-09-27 22:17:30,667 - INFO - --- 鍒嗙被鎶ュ憡 (Classification Report) ---
2025-09-27 22:17:30,667 - INFO -               precision    recall  f1-score   support

           0       0.93      0.87      0.90        79
           1       0.88      0.87      0.88        70
           2       0.84      0.88      0.86        49
           3       0.47      0.64      0.54        11

    accuracy                           0.86       209
   macro avg       0.78      0.81      0.79       209
weighted avg       0.87      0.86      0.86       209

2025-09-27 22:17:30,667 - INFO - 
--- 娣锋穯鐭╅樀 (Confusion Matrix) ---
2025-09-27 22:17:33,278 - INFO - New best model saved with F1: 0.8649
2025-09-27 22:19:59,404 - INFO - Epoch 3, Loss: 0.3646787136471282
2025-09-27 22:19:59,404 - INFO - 
--- eval ---
2025-09-27 22:20:01,727 - INFO - 
--- 璇勪及鎸囨爣 ---
2025-09-27 22:20:01,727 - INFO - 鍑嗙‘鐜?(Accuracy)              : 84.69%
2025-09-27 22:20:01,727 - INFO - 鍔犳潈鏌ュ噯鐜?(Weighted Precision): 0.8866
2025-09-27 22:20:01,727 - INFO - 鍔犳潈鏌ュ叏鐜?(Weighted Recall)   : 0.8469
2025-09-27 22:20:01,727 - INFO - 鍔犳潈F1鍒嗘暟 (Weighted F1-score) : 0.8568
2025-09-27 22:20:01,727 - INFO - --- 鍒嗙被鎶ュ憡 (Classification Report) ---
2025-09-27 22:20:01,727 - INFO -               precision    recall  f1-score   support

           0       0.89      0.99      0.93        79
           1       0.95      0.79      0.86        70
           2       0.92      0.73      0.82        49
           3       0.33      0.73      0.46        11

    accuracy                           0.85       209
   macro avg       0.77      0.81      0.77       209
weighted avg       0.89      0.85      0.86       209

2025-09-27 22:20:01,728 - INFO - 
--- 娣锋穯鐭╅樀 (Confusion Matrix) ---
2025-09-27 22:20:04,336 - INFO - New best model saved with F1: 0.8568
2025-09-27 22:22:32,298 - INFO - Epoch 4, Loss: 0.373441194819463
2025-09-27 22:22:32,299 - INFO - 
--- eval ---
2025-09-27 22:22:34,596 - INFO - 
--- 璇勪及鎸囨爣 ---
2025-09-27 22:22:34,596 - INFO - 鍑嗙‘鐜?(Accuracy)              : 85.65%
2025-09-27 22:22:34,596 - INFO - 鍔犳潈鏌ュ噯鐜?(Weighted Precision): 0.8684
2025-09-27 22:22:34,596 - INFO - 鍔犳潈鏌ュ叏鐜?(Weighted Recall)   : 0.8565
2025-09-27 22:22:34,596 - INFO - 鍔犳潈F1鍒嗘暟 (Weighted F1-score) : 0.8596
2025-09-27 22:22:34,596 - INFO - --- 鍒嗙被鎶ュ憡 (Classification Report) ---
2025-09-27 22:22:34,596 - INFO -               precision    recall  f1-score   support

           0       0.91      0.90      0.90        79
           1       0.93      0.81      0.87        70
           2       0.78      0.88      0.83        49
           3       0.53      0.73      0.62        11

    accuracy                           0.86       209
   macro avg       0.79      0.83      0.80       209
weighted avg       0.87      0.86      0.86       209

2025-09-27 22:22:34,596 - INFO - 
--- 娣锋穯鐭╅樀 (Confusion Matrix) ---
2025-09-27 22:22:37,213 - INFO - New best model saved with F1: 0.8596
2025-09-27 22:25:04,226 - INFO - Epoch 5, Loss: 0.36507732658555697
2025-09-27 22:25:04,226 - INFO - 
--- eval ---
2025-09-27 22:25:06,559 - INFO - 
--- 璇勪及鎸囨爣 ---
2025-09-27 22:25:06,559 - INFO - 鍑嗙‘鐜?(Accuracy)              : 84.21%
2025-09-27 22:25:06,559 - INFO - 鍔犳潈鏌ュ噯鐜?(Weighted Precision): 0.8587
2025-09-27 22:25:06,559 - INFO - 鍔犳潈鏌ュ叏鐜?(Weighted Recall)   : 0.8421
2025-09-27 22:25:06,559 - INFO - 鍔犳潈F1鍒嗘暟 (Weighted F1-score) : 0.8446
2025-09-27 22:25:06,560 - INFO - --- 鍒嗙被鎶ュ憡 (Classification Report) ---
2025-09-27 22:25:06,560 - INFO -               precision    recall  f1-score   support

           0       0.89      0.90      0.89        79
           1       0.96      0.77      0.86        70
           2       0.73      0.90      0.81        49
           3       0.54      0.64      0.58        11

    accuracy                           0.84       209
   macro avg       0.78      0.80      0.79       209
weighted avg       0.86      0.84      0.84       209

2025-09-27 22:25:06,560 - INFO - 
--- 娣锋穯鐭╅樀 (Confusion Matrix) ---
2025-09-27 22:25:09,433 - INFO - New best model saved with F1: 0.8446
2025-09-27 22:27:36,204 - INFO - Epoch 6, Loss: 0.3793507982745426
2025-09-27 22:27:36,204 - INFO - 
--- eval ---
2025-09-27 22:27:38,517 - INFO - 
--- 璇勪及鎸囨爣 ---
2025-09-27 22:27:38,517 - INFO - 鍑嗙‘鐜?(Accuracy)              : 85.17%
2025-09-27 22:27:38,517 - INFO - 鍔犳潈鏌ュ噯鐜?(Weighted Precision): 0.8586
2025-09-27 22:27:38,517 - INFO - 鍔犳潈鏌ュ叏鐜?(Weighted Recall)   : 0.8517
2025-09-27 22:27:38,517 - INFO - 鍔犳潈F1鍒嗘暟 (Weighted F1-score) : 0.8541
2025-09-27 22:27:38,517 - INFO - --- 鍒嗙被鎶ュ憡 (Classification Report) ---
2025-09-27 22:27:38,517 - INFO -               precision    recall  f1-score   support

           0       0.91      0.90      0.90        79
           1       0.89      0.83      0.86        70
           2       0.81      0.86      0.83        49
           3       0.50      0.64      0.56        11

    accuracy                           0.85       209
   macro avg       0.78      0.81      0.79       209
weighted avg       0.86      0.85      0.85       209

2025-09-27 22:27:38,517 - INFO - 
--- 娣锋穯鐭╅樀 (Confusion Matrix) ---
2025-09-27 22:27:41,147 - INFO - New best model saved with F1: 0.8541
2025-09-27 22:30:08,826 - INFO - Epoch 7, Loss: 0.3580001054694602
2025-09-27 22:30:08,827 - INFO - 
--- eval ---
2025-09-27 22:30:11,131 - INFO - 
--- 璇勪及鎸囨爣 ---
2025-09-27 22:30:11,131 - INFO - 鍑嗙‘鐜?(Accuracy)              : 87.56%
2025-09-27 22:30:11,131 - INFO - 鍔犳潈鏌ュ噯鐜?(Weighted Precision): 0.8775
2025-09-27 22:30:11,131 - INFO - 鍔犳潈鏌ュ叏鐜?(Weighted Recall)   : 0.8756
2025-09-27 22:30:11,131 - INFO - 鍔犳潈F1鍒嗘暟 (Weighted F1-score) : 0.8703
2025-09-27 22:30:11,131 - INFO - --- 鍒嗙被鎶ュ憡 (Classification Report) ---
2025-09-27 22:30:11,131 - INFO -               precision    recall  f1-score   support

           0       0.88      0.96      0.92        79
           1       0.84      0.93      0.88        70
           2       0.93      0.76      0.83        49
           3       0.83      0.45      0.59        11

    accuracy                           0.88       209
   macro avg       0.87      0.78      0.81       209
weighted avg       0.88      0.88      0.87       209

2025-09-27 22:30:11,131 - INFO - 
--- 娣锋穯鐭╅樀 (Confusion Matrix) ---
2025-09-27 22:30:13,763 - INFO - New best model saved with F1: 0.8703
2025-09-27 22:32:40,904 - INFO - Epoch 8, Loss: 0.36189296058595205
2025-09-27 22:32:40,904 - INFO - 
--- eval ---
2025-09-27 22:32:43,246 - INFO - 
--- 璇勪及鎸囨爣 ---
2025-09-27 22:32:43,246 - INFO - 鍑嗙‘鐜?(Accuracy)              : 86.60%
2025-09-27 22:32:43,246 - INFO - 鍔犳潈鏌ュ噯鐜?(Weighted Precision): 0.8720
2025-09-27 22:32:43,246 - INFO - 鍔犳潈鏌ュ叏鐜?(Weighted Recall)   : 0.8660
2025-09-27 22:32:43,246 - INFO - 鍔犳潈F1鍒嗘暟 (Weighted F1-score) : 0.8605
2025-09-27 22:32:43,246 - INFO - --- 鍒嗙被鎶ュ憡 (Classification Report) ---
2025-09-27 22:32:43,246 - INFO -               precision    recall  f1-score   support

           0       0.91      0.90      0.90        79
           1       0.83      0.91      0.87        70
           2       0.84      0.86      0.85        49
           3       1.00      0.36      0.53        11

    accuracy                           0.87       209
   macro avg       0.90      0.76      0.79       209
weighted avg       0.87      0.87      0.86       209

2025-09-27 22:32:43,246 - INFO - 
--- 娣锋穯鐭╅樀 (Confusion Matrix) ---
2025-09-27 22:32:45,892 - INFO - New best model saved with F1: 0.8605
2025-09-27 22:35:13,043 - INFO - Epoch 9, Loss: 0.33822076170008286
2025-09-27 22:35:13,043 - INFO - 
--- eval ---
2025-09-27 22:35:15,348 - INFO - 
--- 璇勪及鎸囨爣 ---
2025-09-27 22:35:15,348 - INFO - 鍑嗙‘鐜?(Accuracy)              : 87.56%
2025-09-27 22:35:15,348 - INFO - 鍔犳潈鏌ュ噯鐜?(Weighted Precision): 0.8741
2025-09-27 22:35:15,348 - INFO - 鍔犳潈鏌ュ叏鐜?(Weighted Recall)   : 0.8756
2025-09-27 22:35:15,348 - INFO - 鍔犳潈F1鍒嗘暟 (Weighted F1-score) : 0.8739
2025-09-27 22:35:15,348 - INFO - --- 鍒嗙被鎶ュ憡 (Classification Report) ---
2025-09-27 22:35:15,348 - INFO -               precision    recall  f1-score   support

           0       0.91      0.92      0.92        79
           1       0.89      0.89      0.89        70
           2       0.82      0.86      0.84        49
           3       0.75      0.55      0.63        11

    accuracy                           0.88       209
   macro avg       0.84      0.80      0.82       209
weighted avg       0.87      0.88      0.87       209

2025-09-27 22:35:15,348 - INFO - 
--- 娣锋穯鐭╅樀 (Confusion Matrix) ---
2025-09-27 22:35:17,992 - INFO - New best model saved with F1: 0.8739
2025-09-27 22:37:45,080 - INFO - Epoch 10, Loss: 0.3152623738008521
2025-09-27 22:37:45,080 - INFO - 
--- eval ---
2025-09-27 22:37:47,377 - INFO - 
--- 璇勪及鎸囨爣 ---
2025-09-27 22:37:47,377 - INFO - 鍑嗙‘鐜?(Accuracy)              : 87.56%
2025-09-27 22:37:47,378 - INFO - 鍔犳潈鏌ュ噯鐜?(Weighted Precision): 0.8761
2025-09-27 22:37:47,378 - INFO - 鍔犳潈鏌ュ叏鐜?(Weighted Recall)   : 0.8756
2025-09-27 22:37:47,378 - INFO - 鍔犳潈F1鍒嗘暟 (Weighted F1-score) : 0.8755
2025-09-27 22:37:47,378 - INFO - --- 鍒嗙被鎶ュ憡 (Classification Report) ---
2025-09-27 22:37:47,378 - INFO -               precision    recall  f1-score   support

           0       0.91      0.91      0.91        79
           1       0.91      0.89      0.90        70
           2       0.81      0.86      0.83        49
           3       0.70      0.64      0.67        11

    accuracy                           0.88       209
   macro avg       0.83      0.82      0.83       209
weighted avg       0.88      0.88      0.88       209

2025-09-27 22:37:47,378 - INFO - 
--- 娣锋穯鐭╅樀 (Confusion Matrix) ---
2025-09-27 22:37:49,957 - INFO - New best model saved with F1: 0.8755
2025-09-27 22:37:49,958 - INFO - 
--- testing ---
2025-09-27 22:38:10,655 - INFO - 
--- 璇勪及鎸囨爣 ---
2025-09-27 22:38:10,656 - INFO - 鍑嗙‘鐜?(Accuracy)              : 89.61%
2025-09-27 22:38:10,656 - INFO - 鍔犳潈鏌ュ噯鐜?(Weighted Precision): 0.8949
2025-09-27 22:38:10,656 - INFO - 鍔犳潈鏌ュ叏鐜?(Weighted Recall)   : 0.8961
2025-09-27 22:38:10,656 - INFO - 鍔犳潈F1鍒嗘暟 (Weighted F1-score) : 0.8949
2025-09-27 22:38:10,656 - INFO - --- 鍒嗙被鎶ュ憡 (Classification Report) ---
2025-09-27 22:38:10,656 - INFO -               precision    recall  f1-score   support

           0       0.92      0.91      0.92       682
           1       0.89      0.93      0.91       610
           2       0.90      0.90      0.90       466
           3       0.77      0.64      0.70       129

    accuracy                           0.90      1887
   macro avg       0.87      0.84      0.86      1887
weighted avg       0.89      0.90      0.89      1887

2025-09-27 22:38:10,656 - INFO - 
--- 娣锋穯鐭╅樀 (Confusion Matrix) ---
2025-09-27 22:38:10,657 - INFO - -----------------  1  -----------------
2025-09-27 22:40:42,060 - INFO - Epoch 1, Loss: 0.4060538106984489
2025-09-27 22:40:42,060 - INFO - 
--- eval ---
2025-09-27 22:40:44,382 - INFO - 
--- 璇勪及鎸囨爣 ---
2025-09-27 22:40:44,382 - INFO - 鍑嗙‘鐜?(Accuracy)              : 82.78%
2025-09-27 22:40:44,382 - INFO - 鍔犳潈鏌ュ噯鐜?(Weighted Precision): 0.8447
2025-09-27 22:40:44,382 - INFO - 鍔犳潈鏌ュ叏鐜?(Weighted Recall)   : 0.8278
2025-09-27 22:40:44,382 - INFO - 鍔犳潈F1鍒嗘暟 (Weighted F1-score) : 0.8249
2025-09-27 22:40:44,382 - INFO - --- 鍒嗙被鎶ュ憡 (Classification Report) ---
2025-09-27 22:40:44,382 - INFO -               precision    recall  f1-score   support

           0       0.92      0.84      0.87        79
           1       0.73      0.96      0.83        70
           2       0.90      0.71      0.80        49
           3       0.83      0.45      0.59        11

    accuracy                           0.83       209
   macro avg       0.84      0.74      0.77       209
weighted avg       0.84      0.83      0.82       209

2025-09-27 22:40:44,383 - INFO - 
--- 娣锋穯鐭╅樀 (Confusion Matrix) ---
2025-09-27 22:40:47,609 - INFO - New best model saved with F1: 0.8249
2025-09-27 22:43:14,691 - INFO - Epoch 2, Loss: 0.43354800566528723
2025-09-27 22:43:14,691 - INFO - 
--- eval ---
2025-09-27 22:43:17,008 - INFO - 
--- 璇勪及鎸囨爣 ---
2025-09-27 22:43:17,009 - INFO - 鍑嗙‘鐜?(Accuracy)              : 81.82%
2025-09-27 22:43:17,009 - INFO - 鍔犳潈鏌ュ噯鐜?(Weighted Precision): 0.8402
2025-09-27 22:43:17,009 - INFO - 鍔犳潈鏌ュ叏鐜?(Weighted Recall)   : 0.8182
2025-09-27 22:43:17,009 - INFO - 鍔犳潈F1鍒嗘暟 (Weighted F1-score) : 0.8259
2025-09-27 22:43:17,009 - INFO - --- 鍒嗙被鎶ュ憡 (Classification Report) ---
2025-09-27 22:43:17,009 - INFO -               precision    recall  f1-score   support

           0       0.91      0.86      0.88        79
           1       0.89      0.81      0.85        70
           2       0.76      0.78      0.77        49
           3       0.40      0.73      0.52        11

    accuracy                           0.82       209
   macro avg       0.74      0.79      0.75       209
weighted avg       0.84      0.82      0.83       209

2025-09-27 22:43:17,009 - INFO - 
--- 娣锋穯鐭╅樀 (Confusion Matrix) ---
2025-09-27 22:43:19,609 - INFO - New best model saved with F1: 0.8259
2025-09-27 22:45:46,838 - INFO - Epoch 3, Loss: 0.4251769819354724
2025-09-27 22:45:46,838 - INFO - 
--- eval ---
2025-09-27 22:45:49,156 - INFO - 
--- 璇勪及鎸囨爣 ---
2025-09-27 22:45:49,156 - INFO - 鍑嗙‘鐜?(Accuracy)              : 81.82%
2025-09-27 22:45:49,156 - INFO - 鍔犳潈鏌ュ噯鐜?(Weighted Precision): 0.8341
2025-09-27 22:45:49,156 - INFO - 鍔犳潈鏌ュ叏鐜?(Weighted Recall)   : 0.8182
2025-09-27 22:45:49,156 - INFO - 鍔犳潈F1鍒嗘暟 (Weighted F1-score) : 0.8217
2025-09-27 22:45:49,156 - INFO - --- 鍒嗙被鎶ュ憡 (Classification Report) ---
2025-09-27 22:45:49,156 - INFO -               precision    recall  f1-score   support

           0       0.91      0.81      0.86        79
           1       0.88      0.80      0.84        70
           2       0.72      0.90      0.80        49
           3       0.50      0.64      0.56        11

    accuracy                           0.82       209
   macro avg       0.75      0.79      0.76       209
weighted avg       0.83      0.82      0.82       209

2025-09-27 22:45:49,156 - INFO - 
--- 娣锋穯鐭╅樀 (Confusion Matrix) ---
2025-09-27 22:45:51,832 - INFO - New best model saved with F1: 0.8217
2025-09-27 22:48:19,008 - INFO - Epoch 4, Loss: 0.41575504136819613
2025-09-27 22:48:19,009 - INFO - 
--- eval ---
2025-09-27 22:48:21,298 - INFO - 
--- 璇勪及鎸囨爣 ---
2025-09-27 22:48:21,299 - INFO - 鍑嗙‘鐜?(Accuracy)              : 86.12%
2025-09-27 22:48:21,299 - INFO - 鍔犳潈鏌ュ噯鐜?(Weighted Precision): 0.8680
2025-09-27 22:48:21,299 - INFO - 鍔犳潈鏌ュ叏鐜?(Weighted Recall)   : 0.8612
2025-09-27 22:48:21,299 - INFO - 鍔犳潈F1鍒嗘暟 (Weighted F1-score) : 0.8594
2025-09-27 22:48:21,299 - INFO - --- 鍒嗙被鎶ュ憡 (Classification Report) ---
2025-09-27 22:48:21,299 - INFO -               precision    recall  f1-score   support

           0       0.83      0.99      0.90        79
           1       0.92      0.84      0.88        70
           2       0.93      0.76      0.83        49
           3       0.55      0.55      0.55        11

    accuracy                           0.86       209
   macro avg       0.81      0.78      0.79       209
weighted avg       0.87      0.86      0.86       209

2025-09-27 22:48:21,299 - INFO - 
--- 娣锋穯鐭╅樀 (Confusion Matrix) ---
2025-09-27 22:48:24,076 - INFO - New best model saved with F1: 0.8594
2025-09-27 22:50:51,452 - INFO - Epoch 5, Loss: 0.399203861732602
2025-09-27 22:50:51,452 - INFO - 
--- eval ---
2025-09-27 22:50:53,765 - INFO - 
--- 璇勪及鎸囨爣 ---
2025-09-27 22:50:53,765 - INFO - 鍑嗙‘鐜?(Accuracy)              : 85.17%
2025-09-27 22:50:53,765 - INFO - 鍔犳潈鏌ュ噯鐜?(Weighted Precision): 0.8569
2025-09-27 22:50:53,766 - INFO - 鍔犳潈鏌ュ叏鐜?(Weighted Recall)   : 0.8517
2025-09-27 22:50:53,766 - INFO - 鍔犳潈F1鍒嗘暟 (Weighted F1-score) : 0.8523
2025-09-27 22:50:53,766 - INFO - --- 鍒嗙被鎶ュ憡 (Classification Report) ---
2025-09-27 22:50:53,766 - INFO -               precision    recall  f1-score   support

           0       0.90      0.94      0.92        79
           1       0.88      0.90      0.89        70
           2       0.85      0.71      0.78        49
           3       0.43      0.55      0.48        11

    accuracy                           0.85       209
   macro avg       0.76      0.77      0.77       209
weighted avg       0.86      0.85      0.85       209

2025-09-27 22:50:53,766 - INFO - 
--- 娣锋穯鐭╅樀 (Confusion Matrix) ---
2025-09-27 22:50:56,382 - INFO - New best model saved with F1: 0.8523
2025-09-27 22:53:23,402 - INFO - Epoch 6, Loss: 0.39537884835062514
2025-09-27 22:53:23,402 - INFO - 
--- eval ---
2025-09-27 22:53:25,717 - INFO - 
--- 璇勪及鎸囨爣 ---
2025-09-27 22:53:25,717 - INFO - 鍑嗙‘鐜?(Accuracy)              : 88.52%
2025-09-27 22:53:25,718 - INFO - 鍔犳潈鏌ュ噯鐜?(Weighted Precision): 0.8853
2025-09-27 22:53:25,718 - INFO - 鍔犳潈鏌ュ叏鐜?(Weighted Recall)   : 0.8852
2025-09-27 22:53:25,718 - INFO - 鍔犳潈F1鍒嗘暟 (Weighted F1-score) : 0.8811
2025-09-27 22:53:25,718 - INFO - --- 鍒嗙被鎶ュ憡 (Classification Report) ---
2025-09-27 22:53:25,718 - INFO -               precision    recall  f1-score   support

           0       0.88      0.99      0.93        79
           1       0.89      0.91      0.90        70
           2       0.93      0.76      0.83        49
           3       0.75      0.55      0.63        11

    accuracy                           0.89       209
   macro avg       0.86      0.80      0.82       209
weighted avg       0.89      0.89      0.88       209

2025-09-27 22:53:25,718 - INFO - 
--- 娣锋穯鐭╅樀 (Confusion Matrix) ---
2025-09-27 22:53:28,488 - INFO - New best model saved with F1: 0.8811
2025-09-27 22:55:55,698 - INFO - Epoch 7, Loss: 0.37869887107000166
2025-09-27 22:55:55,698 - INFO - 
--- eval ---
2025-09-27 22:55:58,018 - INFO - 
--- 璇勪及鎸囨爣 ---
2025-09-27 22:55:58,019 - INFO - 鍑嗙‘鐜?(Accuracy)              : 87.08%
2025-09-27 22:55:58,019 - INFO - 鍔犳潈鏌ュ噯鐜?(Weighted Precision): 0.8688
2025-09-27 22:55:58,019 - INFO - 鍔犳潈鏌ュ叏鐜?(Weighted Recall)   : 0.8708
2025-09-27 22:55:58,019 - INFO - 鍔犳潈F1鍒嗘暟 (Weighted F1-score) : 0.8618
2025-09-27 22:55:58,019 - INFO - --- 鍒嗙被鎶ュ憡 (Classification Report) ---
2025-09-27 22:55:58,019 - INFO -               precision    recall  f1-score   support

           0       0.86      0.99      0.92        79
           1       0.92      0.86      0.89        70
           2       0.84      0.84      0.84        49
           3       0.75      0.27      0.40        11

    accuracy                           0.87       209
   macro avg       0.84      0.74      0.76       209
weighted avg       0.87      0.87      0.86       209

2025-09-27 22:55:58,019 - INFO - 
--- 娣锋穯鐭╅樀 (Confusion Matrix) ---
2025-09-27 22:56:00,688 - INFO - New best model saved with F1: 0.8618
2025-09-27 22:58:27,693 - INFO - Epoch 8, Loss: 0.38106572071662526
2025-09-27 22:58:27,693 - INFO - 
--- eval ---
2025-09-27 22:58:29,998 - INFO - 
--- 璇勪及鎸囨爣 ---
2025-09-27 22:58:29,998 - INFO - 鍑嗙‘鐜?(Accuracy)              : 88.04%
2025-09-27 22:58:29,998 - INFO - 鍔犳潈鏌ュ噯鐜?(Weighted Precision): 0.8826
2025-09-27 22:58:29,998 - INFO - 鍔犳潈鏌ュ叏鐜?(Weighted Recall)   : 0.8804
2025-09-27 22:58:29,998 - INFO - 鍔犳潈F1鍒嗘暟 (Weighted F1-score) : 0.8770
2025-09-27 22:58:29,998 - INFO - --- 鍒嗙被鎶ュ憡 (Classification Report) ---
2025-09-27 22:58:29,999 - INFO -               precision    recall  f1-score   support

           0       0.85      0.99      0.91        79
           1       0.91      0.89      0.90        70
           2       0.93      0.78      0.84        49
           3       0.75      0.55      0.63        11

    accuracy                           0.88       209
   macro avg       0.86      0.80      0.82       209
weighted avg       0.88      0.88      0.88       209

2025-09-27 22:58:29,999 - INFO - 
--- 娣锋穯鐭╅樀 (Confusion Matrix) ---
2025-09-27 22:58:32,622 - INFO - New best model saved with F1: 0.8770
2025-09-27 23:00:59,742 - INFO - Epoch 9, Loss: 0.36350099891698096
2025-09-27 23:00:59,742 - INFO - 
--- eval ---
2025-09-27 23:01:02,054 - INFO - 
--- 璇勪及鎸囨爣 ---
2025-09-27 23:01:02,054 - INFO - 鍑嗙‘鐜?(Accuracy)              : 86.60%
2025-09-27 23:01:02,055 - INFO - 鍔犳潈鏌ュ噯鐜?(Weighted Precision): 0.8656
2025-09-27 23:01:02,055 - INFO - 鍔犳潈鏌ュ叏鐜?(Weighted Recall)   : 0.8660
2025-09-27 23:01:02,055 - INFO - 鍔犳潈F1鍒嗘暟 (Weighted F1-score) : 0.8656
2025-09-27 23:01:02,055 - INFO - --- 鍒嗙被鎶ュ憡 (Classification Report) ---
2025-09-27 23:01:02,055 - INFO -               precision    recall  f1-score   support

           0       0.91      0.90      0.90        79
           1       0.90      0.90      0.90        70
           2       0.80      0.84      0.82        49
           3       0.60      0.55      0.57        11

    accuracy                           0.87       209
   macro avg       0.80      0.80      0.80       209
weighted avg       0.87      0.87      0.87       209

2025-09-27 23:01:02,055 - INFO - 
--- 娣锋穯鐭╅樀 (Confusion Matrix) ---
2025-09-27 23:01:04,798 - INFO - New best model saved with F1: 0.8656
2025-09-27 23:03:32,011 - INFO - Epoch 10, Loss: 0.348903682909212
2025-09-27 23:03:32,011 - INFO - 
--- eval ---
2025-09-27 23:03:34,294 - INFO - 
--- 璇勪及鎸囨爣 ---
2025-09-27 23:03:34,294 - INFO - 鍑嗙‘鐜?(Accuracy)              : 88.52%
2025-09-27 23:03:34,294 - INFO - 鍔犳潈鏌ュ噯鐜?(Weighted Precision): 0.8825
2025-09-27 23:03:34,294 - INFO - 鍔犳潈鏌ュ叏鐜?(Weighted Recall)   : 0.8852
2025-09-27 23:03:34,294 - INFO - 鍔犳潈F1鍒嗘暟 (Weighted F1-score) : 0.8822
2025-09-27 23:03:34,294 - INFO - --- 鍒嗙被鎶ュ憡 (Classification Report) ---
2025-09-27 23:03:34,294 - INFO -               precision    recall  f1-score   support

           0       0.90      0.96      0.93        79
           1       0.89      0.93      0.91        70
           2       0.88      0.78      0.83        49
           3       0.67      0.55      0.60        11

    accuracy                           0.89       209
   macro avg       0.84      0.80      0.82       209
weighted avg       0.88      0.89      0.88       209

2025-09-27 23:03:34,294 - INFO - 
--- 娣锋穯鐭╅樀 (Confusion Matrix) ---
2025-09-27 23:03:37,032 - INFO - New best model saved with F1: 0.8822
2025-09-27 23:03:37,053 - INFO - 
--- testing ---
2025-09-27 23:03:57,759 - INFO - 
--- 璇勪及鎸囨爣 ---
2025-09-27 23:03:57,759 - INFO - 鍑嗙‘鐜?(Accuracy)              : 89.08%
2025-09-27 23:03:57,759 - INFO - 鍔犳潈鏌ュ噯鐜?(Weighted Precision): 0.8891
2025-09-27 23:03:57,760 - INFO - 鍔犳潈鏌ュ叏鐜?(Weighted Recall)   : 0.8908
2025-09-27 23:03:57,760 - INFO - 鍔犳潈F1鍒嗘暟 (Weighted F1-score) : 0.8888
2025-09-27 23:03:57,760 - INFO - --- 鍒嗙被鎶ュ憡 (Classification Report) ---
2025-09-27 23:03:57,760 - INFO -               precision    recall  f1-score   support

           0       0.92      0.92      0.92       682
           1       0.88      0.93      0.90       610
           2       0.90      0.87      0.89       466
           3       0.76      0.58      0.66       129

    accuracy                           0.89      1887
   macro avg       0.86      0.83      0.84      1887
weighted avg       0.89      0.89      0.89      1887

2025-09-27 23:03:57,760 - INFO - 
--- 娣锋穯鐭╅樀 (Confusion Matrix) ---
2025-09-27 23:03:57,761 - INFO - -----------------  2  -----------------
2025-09-27 23:06:29,163 - INFO - Epoch 1, Loss: 0.48780510348140027
2025-09-27 23:06:29,164 - INFO - 
--- eval ---
2025-09-27 23:06:31,490 - INFO - 
--- 璇勪及鎸囨爣 ---
2025-09-27 23:06:31,490 - INFO - 鍑嗙‘鐜?(Accuracy)              : 84.69%
2025-09-27 23:06:31,490 - INFO - 鍔犳潈鏌ュ噯鐜?(Weighted Precision): 0.8464
2025-09-27 23:06:31,490 - INFO - 鍔犳潈鏌ュ叏鐜?(Weighted Recall)   : 0.8469
2025-09-27 23:06:31,490 - INFO - 鍔犳潈F1鍒嗘暟 (Weighted F1-score) : 0.8387
2025-09-27 23:06:31,490 - INFO - --- 鍒嗙被鎶ュ憡 (Classification Report) ---
2025-09-27 23:06:31,490 - INFO -               precision    recall  f1-score   support

           0       0.91      0.89      0.90        79
           1       0.80      0.94      0.87        70
           2       0.83      0.78      0.80        49
           3       0.75      0.27      0.40        11

    accuracy                           0.85       209
   macro avg       0.82      0.72      0.74       209
weighted avg       0.85      0.85      0.84       209

2025-09-27 23:06:31,491 - INFO - 
--- 娣锋穯鐭╅樀 (Confusion Matrix) ---
2025-09-27 23:06:34,119 - INFO - New best model saved with F1: 0.8387
2025-09-27 23:09:01,227 - INFO - Epoch 2, Loss: 0.46388094279278996
2025-09-27 23:09:01,227 - INFO - 
--- eval ---
2025-09-27 23:09:03,546 - INFO - 
--- 璇勪及鎸囨爣 ---
2025-09-27 23:09:03,547 - INFO - 鍑嗙‘鐜?(Accuracy)              : 84.21%
2025-09-27 23:09:03,547 - INFO - 鍔犳潈鏌ュ噯鐜?(Weighted Precision): 0.8563
2025-09-27 23:09:03,547 - INFO - 鍔犳潈鏌ュ叏鐜?(Weighted Recall)   : 0.8421
2025-09-27 23:09:03,547 - INFO - 鍔犳潈F1鍒嗘暟 (Weighted F1-score) : 0.8264
2025-09-27 23:09:03,547 - INFO - --- 鍒嗙被鎶ュ憡 (Classification Report) ---
2025-09-27 23:09:03,547 - INFO -               precision    recall  f1-score   support

           0       0.92      0.84      0.87        79
           1       0.85      0.94      0.89        70
           2       0.74      0.88      0.80        49
           3       1.00      0.09      0.17        11

    accuracy                           0.84       209
   macro avg       0.88      0.69      0.68       209
weighted avg       0.86      0.84      0.83       209

2025-09-27 23:09:03,547 - INFO - 
--- 娣锋穯鐭╅樀 (Confusion Matrix) ---
2025-09-27 23:09:06,186 - INFO - New best model saved with F1: 0.8264
2025-09-27 23:11:33,177 - INFO - Epoch 3, Loss: 0.4749696018277771
2025-09-27 23:11:33,178 - INFO - 
--- eval ---
2025-09-27 23:11:35,465 - INFO - 
--- 璇勪及鎸囨爣 ---
2025-09-27 23:11:35,466 - INFO - 鍑嗙‘鐜?(Accuracy)              : 83.25%
2025-09-27 23:11:35,466 - INFO - 鍔犳潈鏌ュ噯鐜?(Weighted Precision): 0.8312
2025-09-27 23:11:35,466 - INFO - 鍔犳潈鏌ュ叏鐜?(Weighted Recall)   : 0.8325
2025-09-27 23:11:35,466 - INFO - 鍔犳潈F1鍒嗘暟 (Weighted F1-score) : 0.8302
2025-09-27 23:11:35,466 - INFO - --- 鍒嗙被鎶ュ憡 (Classification Report) ---
2025-09-27 23:11:35,466 - INFO -               precision    recall  f1-score   support

           0       0.91      0.87      0.89        79
           1       0.88      0.86      0.87        70
           2       0.74      0.86      0.79        49
           3       0.38      0.27      0.32        11

    accuracy                           0.83       209
   macro avg       0.73      0.72      0.72       209
weighted avg       0.83      0.83      0.83       209

2025-09-27 23:11:35,466 - INFO - 
--- 娣锋穯鐭╅樀 (Confusion Matrix) ---
2025-09-27 23:11:38,093 - INFO - New best model saved with F1: 0.8302
2025-09-27 23:14:05,315 - INFO - Epoch 4, Loss: 0.4474863829943382
2025-09-27 23:14:05,316 - INFO - 
--- eval ---
2025-09-27 23:14:07,625 - INFO - 
--- 璇勪及鎸囨爣 ---
2025-09-27 23:14:07,625 - INFO - 鍑嗙‘鐜?(Accuracy)              : 77.51%
2025-09-27 23:14:07,625 - INFO - 鍔犳潈鏌ュ噯鐜?(Weighted Precision): 0.8067
2025-09-27 23:14:07,625 - INFO - 鍔犳潈鏌ュ叏鐜?(Weighted Recall)   : 0.7751
2025-09-27 23:14:07,625 - INFO - 鍔犳潈F1鍒嗘暟 (Weighted F1-score) : 0.7660
2025-09-27 23:14:07,625 - INFO - --- 鍒嗙被鎶ュ憡 (Classification Report) ---
2025-09-27 23:14:07,625 - INFO -               precision    recall  f1-score   support

           0       0.68      1.00      0.81        79
           1       0.91      0.69      0.78        70
           2       0.91      0.65      0.76        49
           3       0.60      0.27      0.38        11

    accuracy                           0.78       209
   macro avg       0.78      0.65      0.68       209
weighted avg       0.81      0.78      0.77       209

2025-09-27 23:14:07,625 - INFO - 
--- 娣锋穯鐭╅樀 (Confusion Matrix) ---
2025-09-27 23:14:10,406 - INFO - New best model saved with F1: 0.7660
2025-09-27 23:16:37,676 - INFO - Epoch 5, Loss: 0.43344910393219466
2025-09-27 23:16:37,676 - INFO - 
--- eval ---
2025-09-27 23:16:39,977 - INFO - 
--- 璇勪及鎸囨爣 ---
2025-09-27 23:16:39,977 - INFO - 鍑嗙‘鐜?(Accuracy)              : 76.08%
2025-09-27 23:16:39,977 - INFO - 鍔犳潈鏌ュ噯鐜?(Weighted Precision): 0.7612
2025-09-27 23:16:39,977 - INFO - 鍔犳潈鏌ュ叏鐜?(Weighted Recall)   : 0.7608
2025-09-27 23:16:39,977 - INFO - 鍔犳潈F1鍒嗘暟 (Weighted F1-score) : 0.7419
2025-09-27 23:16:39,977 - INFO - --- 鍒嗙被鎶ュ憡 (Classification Report) ---
2025-09-27 23:16:39,977 - INFO -               precision    recall  f1-score   support

           0       0.91      0.78      0.84        79
           1       0.63      0.96      0.76        70
           2       0.88      0.61      0.72        49
           3       0.00      0.00      0.00        11

    accuracy                           0.76       209
   macro avg       0.61      0.59      0.58       209
weighted avg       0.76      0.76      0.74       209

2025-09-27 23:16:39,978 - INFO - 
--- 娣锋穯鐭╅樀 (Confusion Matrix) ---
2025-09-27 23:16:42,826 - INFO - New best model saved with F1: 0.7419
2025-09-27 23:19:09,812 - INFO - Epoch 6, Loss: 0.4402165375421664
2025-09-27 23:19:09,812 - INFO - 
--- eval ---
2025-09-27 23:19:12,119 - INFO - 
--- 璇勪及鎸囨爣 ---
2025-09-27 23:19:12,119 - INFO - 鍑嗙‘鐜?(Accuracy)              : 85.65%
2025-09-27 23:19:12,119 - INFO - 鍔犳潈鏌ュ噯鐜?(Weighted Precision): 0.8589
2025-09-27 23:19:12,119 - INFO - 鍔犳潈鏌ュ叏鐜?(Weighted Recall)   : 0.8565
2025-09-27 23:19:12,119 - INFO - 鍔犳潈F1鍒嗘暟 (Weighted F1-score) : 0.8519
2025-09-27 23:19:12,119 - INFO - --- 鍒嗙被鎶ュ憡 (Classification Report) ---
2025-09-27 23:19:12,119 - INFO -               precision    recall  f1-score   support

           0       0.85      0.99      0.91        79
           1       0.89      0.89      0.89        70
           2       0.92      0.69      0.79        49
           3       0.50      0.45      0.48        11

    accuracy                           0.86       209
   macro avg       0.79      0.76      0.77       209
weighted avg       0.86      0.86      0.85       209

2025-09-27 23:19:12,119 - INFO - 
--- 娣锋穯鐭╅樀 (Confusion Matrix) ---
2025-09-27 23:19:14,712 - INFO - New best model saved with F1: 0.8519
2025-09-27 23:21:42,018 - INFO - Epoch 7, Loss: 0.4225547505965688
2025-09-27 23:21:42,018 - INFO - 
--- eval ---
2025-09-27 23:21:44,322 - INFO - 
--- 璇勪及鎸囨爣 ---
2025-09-27 23:21:44,322 - INFO - 鍑嗙‘鐜?(Accuracy)              : 82.78%
2025-09-27 23:21:44,322 - INFO - 鍔犳潈鏌ュ噯鐜?(Weighted Precision): 0.8271
2025-09-27 23:21:44,322 - INFO - 鍔犳潈鏌ュ叏鐜?(Weighted Recall)   : 0.8278
2025-09-27 23:21:44,322 - INFO - 鍔犳潈F1鍒嗘暟 (Weighted F1-score) : 0.8258
2025-09-27 23:21:44,322 - INFO - --- 鍒嗙被鎶ュ憡 (Classification Report) ---
2025-09-27 23:21:44,322 - INFO -               precision    recall  f1-score   support

           0       0.91      0.87      0.89        79
           1       0.88      0.86      0.87        70
           2       0.72      0.84      0.77        49
           3       0.38      0.27      0.32        11

    accuracy                           0.83       209
   macro avg       0.72      0.71      0.71       209
weighted avg       0.83      0.83      0.83       209

2025-09-27 23:21:44,322 - INFO - 
--- 娣锋穯鐭╅樀 (Confusion Matrix) ---
2025-09-27 23:21:46,963 - INFO - New best model saved with F1: 0.8258
2025-09-27 23:24:14,232 - INFO - Epoch 8, Loss: 0.41152778713053906
2025-09-27 23:24:14,232 - INFO - 
--- eval ---
2025-09-27 23:24:16,550 - INFO - 
--- 璇勪及鎸囨爣 ---
2025-09-27 23:24:16,550 - INFO - 鍑嗙‘鐜?(Accuracy)              : 85.17%
2025-09-27 23:24:16,550 - INFO - 鍔犳潈鏌ュ噯鐜?(Weighted Precision): 0.8725
2025-09-27 23:24:16,550 - INFO - 鍔犳潈鏌ュ叏鐜?(Weighted Recall)   : 0.8517
2025-09-27 23:24:16,550 - INFO - 鍔犳潈F1鍒嗘暟 (Weighted F1-score) : 0.8552
2025-09-27 23:24:16,551 - INFO - --- 鍒嗙被鎶ュ憡 (Classification Report) ---
2025-09-27 23:24:16,551 - INFO -               precision    recall  f1-score   support

           0       0.87      0.96      0.92        79
           1       0.90      0.87      0.88        70
           2       0.94      0.69      0.80        49
           3       0.39      0.64      0.48        11

    accuracy                           0.85       209
   macro avg       0.78      0.79      0.77       209
weighted avg       0.87      0.85      0.86       209

2025-09-27 23:24:16,551 - INFO - 
--- 娣锋穯鐭╅樀 (Confusion Matrix) ---
2025-09-27 23:24:19,158 - INFO - New best model saved with F1: 0.8552
2025-09-27 23:26:46,751 - INFO - Epoch 9, Loss: 0.3912551145866708
2025-09-27 23:26:46,751 - INFO - 
--- eval ---
2025-09-27 23:26:49,039 - INFO - 
--- 璇勪及鎸囨爣 ---
2025-09-27 23:26:49,039 - INFO - 鍑嗙‘鐜?(Accuracy)              : 83.73%
2025-09-27 23:26:49,039 - INFO - 鍔犳潈鏌ュ噯鐜?(Weighted Precision): 0.8396
2025-09-27 23:26:49,039 - INFO - 鍔犳潈鏌ュ叏鐜?(Weighted Recall)   : 0.8373
2025-09-27 23:26:49,039 - INFO - 鍔犳潈F1鍒嗘暟 (Weighted F1-score) : 0.8337
2025-09-27 23:26:49,040 - INFO - --- 鍒嗙被鎶ュ憡 (Classification Report) ---
2025-09-27 23:26:49,040 - INFO -               precision    recall  f1-score   support

           0       0.90      0.90      0.90        79
           1       0.92      0.83      0.87        70
           2       0.70      0.88      0.78        49
           3       0.50      0.27      0.35        11

    accuracy                           0.84       209
   macro avg       0.76      0.72      0.73       209
weighted avg       0.84      0.84      0.83       209

2025-09-27 23:26:49,040 - INFO - 
--- 娣锋穯鐭╅樀 (Confusion Matrix) ---
2025-09-27 23:26:51,692 - INFO - New best model saved with F1: 0.8337
2025-09-27 23:29:18,881 - INFO - Epoch 10, Loss: 0.3694222729053543
2025-09-27 23:29:18,881 - INFO - 
--- eval ---
2025-09-27 23:29:21,218 - INFO - 
--- 璇勪及鎸囨爣 ---
2025-09-27 23:29:21,218 - INFO - 鍑嗙‘鐜?(Accuracy)              : 85.17%
2025-09-27 23:29:21,218 - INFO - 鍔犳潈鏌ュ噯鐜?(Weighted Precision): 0.8457
2025-09-27 23:29:21,218 - INFO - 鍔犳潈鏌ュ叏鐜?(Weighted Recall)   : 0.8517
2025-09-27 23:29:21,218 - INFO - 鍔犳潈F1鍒嗘暟 (Weighted F1-score) : 0.8478
2025-09-27 23:29:21,218 - INFO - --- 鍒嗙被鎶ュ憡 (Classification Report) ---
2025-09-27 23:29:21,219 - INFO -               precision    recall  f1-score   support

           0       0.90      0.91      0.91        79
           1       0.86      0.91      0.89        70
           2       0.81      0.78      0.79        49
           3       0.50      0.36      0.42        11

    accuracy                           0.85       209
   macro avg       0.77      0.74      0.75       209
weighted avg       0.85      0.85      0.85       209

2025-09-27 23:29:21,219 - INFO - 
--- 娣锋穯鐭╅樀 (Confusion Matrix) ---
2025-09-27 23:29:23,881 - INFO - New best model saved with F1: 0.8478
2025-09-27 23:29:23,881 - INFO - 
--- testing ---
2025-09-27 23:29:44,639 - INFO - 
--- 璇勪及鎸囨爣 ---
2025-09-27 23:29:44,639 - INFO - 鍑嗙‘鐜?(Accuracy)              : 88.29%
2025-09-27 23:29:44,639 - INFO - 鍔犳潈鏌ュ噯鐜?(Weighted Precision): 0.8818
2025-09-27 23:29:44,639 - INFO - 鍔犳潈鏌ュ叏鐜?(Weighted Recall)   : 0.8829
2025-09-27 23:29:44,639 - INFO - 鍔犳潈F1鍒嗘暟 (Weighted F1-score) : 0.8794
2025-09-27 23:29:44,639 - INFO - --- 鍒嗙被鎶ュ憡 (Classification Report) ---
2025-09-27 23:29:44,639 - INFO -               precision    recall  f1-score   support

           0       0.92      0.90      0.91       682
           1       0.85      0.95      0.90       610
           2       0.89      0.88      0.88       466
           3       0.78      0.50      0.61       129

    accuracy                           0.88      1887
   macro avg       0.86      0.81      0.83      1887
weighted avg       0.88      0.88      0.88      1887

2025-09-27 23:29:44,639 - INFO - 
--- 娣锋穯鐭╅樀 (Confusion Matrix) ---
2025-09-27 23:29:44,642 - INFO - -----------------  3  -----------------
2025-09-27 23:32:18,720 - INFO - Epoch 1, Loss: 0.5858099633839979
2025-09-27 23:32:18,720 - INFO - 
--- eval ---
2025-09-27 23:32:21,048 - INFO - 
--- 璇勪及鎸囨爣 ---
2025-09-27 23:32:21,048 - INFO - 鍑嗙‘鐜?(Accuracy)              : 80.86%
2025-09-27 23:32:21,048 - INFO - 鍔犳潈鏌ュ噯鐜?(Weighted Precision): 0.8468
2025-09-27 23:32:21,048 - INFO - 鍔犳潈鏌ュ叏鐜?(Weighted Recall)   : 0.8086
2025-09-27 23:32:21,048 - INFO - 鍔犳潈F1鍒嗘暟 (Weighted F1-score) : 0.7992
2025-09-27 23:32:21,048 - INFO - --- 鍒嗙被鎶ュ憡 (Classification Report) ---
2025-09-27 23:32:21,048 - INFO -               precision    recall  f1-score   support

           0       0.90      0.84      0.87        79
           1       0.92      0.81      0.86        70
           2       0.62      0.92      0.74        49
           3       1.00      0.09      0.17        11

    accuracy                           0.81       209
   macro avg       0.86      0.66      0.66       209
weighted avg       0.85      0.81      0.80       209

2025-09-27 23:32:21,048 - INFO - 
--- 娣锋穯鐭╅樀 (Confusion Matrix) ---
2025-09-27 23:32:23,669 - INFO - New best model saved with F1: 0.7992
2025-09-27 23:34:51,396 - INFO - Epoch 2, Loss: 0.5149770113091696
2025-09-27 23:34:51,396 - INFO - 
--- eval ---
2025-09-27 23:34:53,699 - INFO - 
--- 璇勪及鎸囨爣 ---
2025-09-27 23:34:53,699 - INFO - 鍑嗙‘鐜?(Accuracy)              : 80.38%
2025-09-27 23:34:53,699 - INFO - 鍔犳潈鏌ュ噯鐜?(Weighted Precision): 0.8079
2025-09-27 23:34:53,700 - INFO - 鍔犳潈鏌ュ叏鐜?(Weighted Recall)   : 0.8038
2025-09-27 23:34:53,700 - INFO - 鍔犳潈F1鍒嗘暟 (Weighted F1-score) : 0.7914
2025-09-27 23:34:53,700 - INFO - --- 鍒嗙被鎶ュ憡 (Classification Report) ---
2025-09-27 23:34:53,700 - INFO -               precision    recall  f1-score   support

           0       0.76      0.99      0.86        79
           1       0.92      0.70      0.80        70
           2       0.78      0.80      0.79        49
           3       0.50      0.18      0.27        11

    accuracy                           0.80       209
   macro avg       0.74      0.67      0.68       209
weighted avg       0.81      0.80      0.79       209

2025-09-27 23:34:53,700 - INFO - 
--- 娣锋穯鐭╅樀 (Confusion Matrix) ---
2025-09-27 23:34:56,361 - INFO - New best model saved with F1: 0.7914
2025-09-27 23:37:22,895 - INFO - Epoch 3, Loss: 0.4859133213423679
2025-09-27 23:37:22,895 - INFO - 
--- eval ---
2025-09-27 23:37:25,203 - INFO - 
--- 璇勪及鎸囨爣 ---
2025-09-27 23:37:25,203 - INFO - 鍑嗙‘鐜?(Accuracy)              : 82.78%
2025-09-27 23:37:25,203 - INFO - 鍔犳潈鏌ュ噯鐜?(Weighted Precision): 0.7882
2025-09-27 23:37:25,203 - INFO - 鍔犳潈鏌ュ叏鐜?(Weighted Recall)   : 0.8278
2025-09-27 23:37:25,203 - INFO - 鍔犳潈F1鍒嗘暟 (Weighted F1-score) : 0.8063
2025-09-27 23:37:25,203 - INFO - --- 鍒嗙被鎶ュ憡 (Classification Report) ---
2025-09-27 23:37:25,203 - INFO -               precision    recall  f1-score   support

           0       0.86      0.92      0.89        79
           1       0.88      0.84      0.86        70
           2       0.72      0.84      0.77        49
           3       0.00      0.00      0.00        11

    accuracy                           0.83       209
   macro avg       0.61      0.65      0.63       209
weighted avg       0.79      0.83      0.81       209

2025-09-27 23:37:25,203 - INFO - 
--- 娣锋穯鐭╅樀 (Confusion Matrix) ---
2025-09-27 23:37:27,900 - INFO - New best model saved with F1: 0.8063
2025-09-27 23:39:55,490 - INFO - Epoch 4, Loss: 0.47956340912473844
2025-09-27 23:39:55,490 - INFO - 
--- eval ---
2025-09-27 23:39:57,800 - INFO - 
--- 璇勪及鎸囨爣 ---
2025-09-27 23:39:57,800 - INFO - 鍑嗙‘鐜?(Accuracy)              : 82.30%
2025-09-27 23:39:57,800 - INFO - 鍔犳潈鏌ュ噯鐜?(Weighted Precision): 0.8220
2025-09-27 23:39:57,800 - INFO - 鍔犳潈鏌ュ叏鐜?(Weighted Recall)   : 0.8230
2025-09-27 23:39:57,800 - INFO - 鍔犳潈F1鍒嗘暟 (Weighted F1-score) : 0.8109
2025-09-27 23:39:57,801 - INFO - --- 鍒嗙被鎶ュ憡 (Classification Report) ---
2025-09-27 23:39:57,801 - INFO -               precision    recall  f1-score   support

           0       0.81      0.99      0.89        79
           1       0.93      0.73      0.82        70
           2       0.76      0.84      0.80        49
           3       0.50      0.18      0.27        11

    accuracy                           0.82       209
   macro avg       0.75      0.68      0.69       209
weighted avg       0.82      0.82      0.81       209

2025-09-27 23:39:57,801 - INFO - 
--- 娣锋穯鐭╅樀 (Confusion Matrix) ---
2025-09-27 23:40:00,428 - INFO - New best model saved with F1: 0.8109
2025-09-27 23:42:29,651 - INFO - Epoch 5, Loss: 0.4749734053735201
2025-09-27 23:42:29,651 - INFO - 
--- eval ---
2025-09-27 23:42:31,951 - INFO - 
--- 璇勪及鎸囨爣 ---
2025-09-27 23:42:31,951 - INFO - 鍑嗙‘鐜?(Accuracy)              : 83.73%
2025-09-27 23:42:31,951 - INFO - 鍔犳潈鏌ュ噯鐜?(Weighted Precision): 0.8483
2025-09-27 23:42:31,951 - INFO - 鍔犳潈鏌ュ叏鐜?(Weighted Recall)   : 0.8373
2025-09-27 23:42:31,951 - INFO - 鍔犳潈F1鍒嗘暟 (Weighted F1-score) : 0.8217
2025-09-27 23:42:31,951 - INFO - --- 鍒嗙被鎶ュ憡 (Classification Report) ---
2025-09-27 23:42:31,951 - INFO -               precision    recall  f1-score   support

           0       0.91      0.89      0.90        79
           1       0.83      0.91      0.87        70
           2       0.74      0.82      0.78        49
           3       1.00      0.09      0.17        11

    accuracy                           0.84       209
   macro avg       0.87      0.68      0.68       209
weighted avg       0.85      0.84      0.82       209

2025-09-27 23:42:31,951 - INFO - 
--- 娣锋穯鐭╅樀 (Confusion Matrix) ---
2025-09-27 23:42:34,589 - INFO - New best model saved with F1: 0.8217
2025-09-27 23:45:03,057 - INFO - Epoch 6, Loss: 0.4704685346466897
2025-09-27 23:45:03,057 - INFO - 
--- eval ---
2025-09-27 23:45:05,364 - INFO - 
--- 璇勪及鎸囨爣 ---
2025-09-27 23:45:05,365 - INFO - 鍑嗙‘鐜?(Accuracy)              : 85.17%
2025-09-27 23:45:05,365 - INFO - 鍔犳潈鏌ュ噯鐜?(Weighted Precision): 0.8439
2025-09-27 23:45:05,365 - INFO - 鍔犳潈鏌ュ叏鐜?(Weighted Recall)   : 0.8517
2025-09-27 23:45:05,365 - INFO - 鍔犳潈F1鍒嗘暟 (Weighted F1-score) : 0.8447
2025-09-27 23:45:05,365 - INFO - --- 鍒嗙被鎶ュ憡 (Classification Report) ---
2025-09-27 23:45:05,365 - INFO -               precision    recall  f1-score   support

           0       0.91      0.90      0.90        79
           1       0.84      0.94      0.89        70
           2       0.83      0.78      0.80        49
           3       0.50      0.27      0.35        11

    accuracy                           0.85       209
   macro avg       0.77      0.72      0.74       209
weighted avg       0.84      0.85      0.84       209

2025-09-27 23:45:05,365 - INFO - 
--- 娣锋穯鐭╅樀 (Confusion Matrix) ---
2025-09-27 23:45:07,996 - INFO - New best model saved with F1: 0.8447
2025-09-27 23:47:35,528 - INFO - Epoch 7, Loss: 0.4622183516804202
2025-09-27 23:47:35,528 - INFO - 
--- eval ---
2025-09-27 23:47:37,831 - INFO - 
--- 璇勪及鎸囨爣 ---
2025-09-27 23:47:37,831 - INFO - 鍑嗙‘鐜?(Accuracy)              : 84.21%
2025-09-27 23:47:37,831 - INFO - 鍔犳潈鏌ュ噯鐜?(Weighted Precision): 0.8538
2025-09-27 23:47:37,831 - INFO - 鍔犳潈鏌ュ叏鐜?(Weighted Recall)   : 0.8421
2025-09-27 23:47:37,831 - INFO - 鍔犳潈F1鍒嗘暟 (Weighted F1-score) : 0.8241
2025-09-27 23:47:37,831 - INFO - --- 鍒嗙被鎶ュ憡 (Classification Report) ---
2025-09-27 23:47:37,831 - INFO -               precision    recall  f1-score   support

           0       0.88      0.94      0.91        79
           1       0.78      0.93      0.85        70
           2       0.88      0.73      0.80        49
           3       1.00      0.09      0.17        11

    accuracy                           0.84       209
   macro avg       0.89      0.67      0.68       209
weighted avg       0.85      0.84      0.82       209

2025-09-27 23:47:37,831 - INFO - 
--- 娣锋穯鐭╅樀 (Confusion Matrix) ---
2025-09-27 23:47:40,586 - INFO - New best model saved with F1: 0.8241
2025-09-27 23:50:08,360 - INFO - Epoch 8, Loss: 0.43998260519716864
2025-09-27 23:50:08,360 - INFO - 
--- eval ---
2025-09-27 23:50:10,693 - INFO - 
--- 璇勪及鎸囨爣 ---
2025-09-27 23:50:10,693 - INFO - 鍑嗙‘鐜?(Accuracy)              : 83.73%
2025-09-27 23:50:10,693 - INFO - 鍔犳潈鏌ュ噯鐜?(Weighted Precision): 0.7980
2025-09-27 23:50:10,693 - INFO - 鍔犳潈鏌ュ叏鐜?(Weighted Recall)   : 0.8373
2025-09-27 23:50:10,693 - INFO - 鍔犳潈F1鍒嗘暟 (Weighted F1-score) : 0.8135
2025-09-27 23:50:10,693 - INFO - --- 鍒嗙被鎶ュ憡 (Classification Report) ---
2025-09-27 23:50:10,693 - INFO -               precision    recall  f1-score   support

           0       0.88      0.94      0.91        79
           1       0.77      0.93      0.84        70
           2       0.88      0.73      0.80        49
           3       0.00      0.00      0.00        11

    accuracy                           0.84       209
   macro avg       0.63      0.65      0.64       209
weighted avg       0.80      0.84      0.81       209

2025-09-27 23:50:10,693 - INFO - 
--- 娣锋穯鐭╅樀 (Confusion Matrix) ---
2025-09-27 23:50:13,389 - INFO - New best model saved with F1: 0.8135
2025-09-27 23:52:41,074 - INFO - Epoch 9, Loss: 0.41499562292767606
2025-09-27 23:52:41,074 - INFO - 
--- eval ---
2025-09-27 23:52:43,399 - INFO - 
--- 璇勪及鎸囨爣 ---
2025-09-27 23:52:43,399 - INFO - 鍑嗙‘鐜?(Accuracy)              : 82.78%
2025-09-27 23:52:43,399 - INFO - 鍔犳潈鏌ュ噯鐜?(Weighted Precision): 0.8442
2025-09-27 23:52:43,399 - INFO - 鍔犳潈鏌ュ叏鐜?(Weighted Recall)   : 0.8278
2025-09-27 23:52:43,399 - INFO - 鍔犳潈F1鍒嗘暟 (Weighted F1-score) : 0.8341
2025-09-27 23:52:43,399 - INFO - --- 鍒嗙被鎶ュ憡 (Classification Report) ---
2025-09-27 23:52:43,399 - INFO -               precision    recall  f1-score   support

           0       0.91      0.87      0.89        79
           1       0.88      0.84      0.86        70
           2       0.79      0.78      0.78        49
           3       0.39      0.64      0.48        11

    accuracy                           0.83       209
   macro avg       0.74      0.78      0.75       209
weighted avg       0.84      0.83      0.83       209

2025-09-27 23:52:43,399 - INFO - 
--- 娣锋穯鐭╅樀 (Confusion Matrix) ---
2025-09-27 23:52:46,147 - INFO - New best model saved with F1: 0.8341
2025-09-27 23:55:13,835 - INFO - Epoch 10, Loss: 0.3902484798663923
2025-09-27 23:55:13,836 - INFO - 
--- eval ---
2025-09-27 23:55:16,153 - INFO - 
--- 璇勪及鎸囨爣 ---
2025-09-27 23:55:16,153 - INFO - 鍑嗙‘鐜?(Accuracy)              : 85.17%
2025-09-27 23:55:16,153 - INFO - 鍔犳潈鏌ュ噯鐜?(Weighted Precision): 0.8423
2025-09-27 23:55:16,153 - INFO - 鍔犳潈鏌ュ叏鐜?(Weighted Recall)   : 0.8517
2025-09-27 23:55:16,153 - INFO - 鍔犳潈F1鍒嗘暟 (Weighted F1-score) : 0.8455
2025-09-27 23:55:16,153 - INFO - --- 鍒嗙被鎶ュ憡 (Classification Report) ---
2025-09-27 23:55:16,153 - INFO -               precision    recall  f1-score   support

           0       0.88      0.94      0.91        79
           1       0.88      0.90      0.89        70
           2       0.83      0.78      0.80        49
           3       0.43      0.27      0.33        11

    accuracy                           0.85       209
   macro avg       0.75      0.72      0.73       209
weighted avg       0.84      0.85      0.85       209

2025-09-27 23:55:16,154 - INFO - 
--- 娣锋穯鐭╅樀 (Confusion Matrix) ---
2025-09-27 23:55:18,811 - INFO - New best model saved with F1: 0.8455
2025-09-27 23:55:18,811 - INFO - 
--- testing ---
2025-09-27 23:55:39,522 - INFO - 
--- 璇勪及鎸囨爣 ---
2025-09-27 23:55:39,522 - INFO - 鍑嗙‘鐜?(Accuracy)              : 88.39%
2025-09-27 23:55:39,522 - INFO - 鍔犳潈鏌ュ噯鐜?(Weighted Precision): 0.8823
2025-09-27 23:55:39,523 - INFO - 鍔犳潈鏌ュ叏鐜?(Weighted Recall)   : 0.8839
2025-09-27 23:55:39,523 - INFO - 鍔犳潈F1鍒嗘暟 (Weighted F1-score) : 0.8804
2025-09-27 23:55:39,523 - INFO - --- 鍒嗙被鎶ュ憡 (Classification Report) ---
2025-09-27 23:55:39,523 - INFO -               precision    recall  f1-score   support

           0       0.91      0.91      0.91       682
           1       0.86      0.94      0.90       610
           2       0.90      0.88      0.89       466
           3       0.78      0.50      0.61       129

    accuracy                           0.88      1887
   macro avg       0.86      0.81      0.83      1887
weighted avg       0.88      0.88      0.88      1887

2025-09-27 23:55:39,523 - INFO - 
--- 娣锋穯鐭╅樀 (Confusion Matrix) ---
2025-09-27 23:55:39,524 - INFO - -----------------  4  -----------------
2025-09-27 23:58:12,609 - INFO - Epoch 1, Loss: 0.7508447780365161
2025-09-27 23:58:12,609 - INFO - 
--- eval ---
2025-09-27 23:58:14,923 - INFO - 
--- 璇勪及鎸囨爣 ---
2025-09-27 23:58:14,923 - INFO - 鍑嗙‘鐜?(Accuracy)              : 73.68%
2025-09-27 23:58:14,923 - INFO - 鍔犳潈鏌ュ噯鐜?(Weighted Precision): 0.7609
2025-09-27 23:58:14,924 - INFO - 鍔犳潈鏌ュ叏鐜?(Weighted Recall)   : 0.7368
2025-09-27 23:58:14,924 - INFO - 鍔犳潈F1鍒嗘暟 (Weighted F1-score) : 0.7240
2025-09-27 23:58:14,924 - INFO - --- 鍒嗙被鎶ュ憡 (Classification Report) ---
2025-09-27 23:58:14,924 - INFO -               precision    recall  f1-score   support

           0       0.91      0.62      0.74        79
           1       0.76      0.90      0.82        70
           2       0.59      0.84      0.69        49
           3       0.50      0.09      0.15        11

    accuracy                           0.74       209
   macro avg       0.69      0.61      0.60       209
weighted avg       0.76      0.74      0.72       209

2025-09-27 23:58:14,924 - INFO - 
--- 娣锋穯鐭╅樀 (Confusion Matrix) ---
2025-09-27 23:58:17,560 - INFO - New best model saved with F1: 0.7240
2025-09-28 00:00:45,648 - INFO - Epoch 2, Loss: 0.5346155410459009
2025-09-28 00:00:45,649 - INFO - 
--- eval ---
2025-09-28 00:00:47,984 - INFO - 
--- 璇勪及鎸囨爣 ---
2025-09-28 00:00:47,984 - INFO - 鍑嗙‘鐜?(Accuracy)              : 82.30%
2025-09-28 00:00:47,984 - INFO - 鍔犳潈鏌ュ噯鐜?(Weighted Precision): 0.7863
2025-09-28 00:00:47,984 - INFO - 鍔犳潈鏌ュ叏鐜?(Weighted Recall)   : 0.8230
2025-09-28 00:00:47,984 - INFO - 鍔犳潈F1鍒嗘暟 (Weighted F1-score) : 0.8027
2025-09-28 00:00:47,984 - INFO - --- 鍒嗙被鎶ュ憡 (Classification Report) ---
2025-09-28 00:00:47,984 - INFO -               precision    recall  f1-score   support

           0       0.92      0.87      0.90        79
           1       0.82      0.90      0.86        70
           2       0.70      0.82      0.75        49
           3       0.00      0.00      0.00        11

    accuracy                           0.82       209
   macro avg       0.61      0.65      0.63       209
weighted avg       0.79      0.82      0.80       209

2025-09-28 00:00:47,984 - INFO - 
--- 娣锋穯鐭╅樀 (Confusion Matrix) ---
2025-09-28 00:00:50,729 - INFO - New best model saved with F1: 0.8027
2025-09-28 00:03:20,193 - INFO - Epoch 3, Loss: 0.5430333799913867
2025-09-28 00:03:20,194 - INFO - 
--- eval ---
2025-09-28 00:03:22,503 - INFO - 
--- 璇勪及鎸囨爣 ---
2025-09-28 00:03:22,504 - INFO - 鍑嗙‘鐜?(Accuracy)              : 80.86%
2025-09-28 00:03:22,504 - INFO - 鍔犳潈鏌ュ噯鐜?(Weighted Precision): 0.8307
2025-09-28 00:03:22,504 - INFO - 鍔犳潈鏌ュ叏鐜?(Weighted Recall)   : 0.8086
2025-09-28 00:03:22,504 - INFO - 鍔犳潈F1鍒嗘暟 (Weighted F1-score) : 0.7942
2025-09-28 00:03:22,504 - INFO - --- 鍒嗙被鎶ュ憡 (Classification Report) ---
2025-09-28 00:03:22,504 - INFO -               precision    recall  f1-score   support

           0       0.93      0.78      0.85        79
           1       0.78      0.91      0.84        70
           2       0.71      0.86      0.78        49
           3       1.00      0.09      0.17        11

    accuracy                           0.81       209
   macro avg       0.85      0.66      0.66       209
weighted avg       0.83      0.81      0.79       209

2025-09-28 00:03:22,504 - INFO - 
--- 娣锋穯鐭╅樀 (Confusion Matrix) ---
2025-09-28 00:03:26,015 - INFO - New best model saved with F1: 0.7942
2025-09-28 00:05:53,811 - INFO - Epoch 4, Loss: 0.5108213488353428
2025-09-28 00:05:53,811 - INFO - 
--- eval ---
2025-09-28 00:05:56,117 - INFO - 
--- 璇勪及鎸囨爣 ---
2025-09-28 00:05:56,117 - INFO - 鍑嗙‘鐜?(Accuracy)              : 83.73%
2025-09-28 00:05:56,117 - INFO - 鍔犳潈鏌ュ噯鐜?(Weighted Precision): 0.8407
2025-09-28 00:05:56,117 - INFO - 鍔犳潈鏌ュ叏鐜?(Weighted Recall)   : 0.8373
2025-09-28 00:05:56,117 - INFO - 鍔犳潈F1鍒嗘暟 (Weighted F1-score) : 0.8386
2025-09-28 00:05:56,117 - INFO - --- 鍒嗙被鎶ュ憡 (Classification Report) ---
2025-09-28 00:05:56,117 - INFO -               precision    recall  f1-score   support

           0       0.92      0.87      0.90        79
           1       0.86      0.89      0.87        70
           2       0.76      0.78      0.77        49
           3       0.50      0.55      0.52        11

    accuracy                           0.84       209
   macro avg       0.76      0.77      0.76       209
weighted avg       0.84      0.84      0.84       209

2025-09-28 00:05:56,117 - INFO - 
--- 娣锋穯鐭╅樀 (Confusion Matrix) ---
2025-09-28 00:05:58,790 - INFO - New best model saved with F1: 0.8386
2025-09-28 00:08:26,484 - INFO - Epoch 5, Loss: 0.4913073970367097
2025-09-28 00:08:26,484 - INFO - 
--- eval ---
2025-09-28 00:08:28,810 - INFO - 
--- 璇勪及鎸囨爣 ---
2025-09-28 00:08:28,810 - INFO - 鍑嗙‘鐜?(Accuracy)              : 78.95%
2025-09-28 00:08:28,810 - INFO - 鍔犳潈鏌ュ噯鐜?(Weighted Precision): 0.8145
2025-09-28 00:08:28,810 - INFO - 鍔犳潈鏌ュ叏鐜?(Weighted Recall)   : 0.7895
2025-09-28 00:08:28,810 - INFO - 鍔犳潈F1鍒嗘暟 (Weighted F1-score) : 0.7801
2025-09-28 00:08:28,810 - INFO - --- 鍒嗙被鎶ュ憡 (Classification Report) ---
2025-09-28 00:08:28,810 - INFO -               precision    recall  f1-score   support

           0       0.92      0.76      0.83        79
           1       0.73      0.91      0.81        70
           2       0.72      0.80      0.76        49
           3       1.00      0.18      0.31        11

    accuracy                           0.79       209
   macro avg       0.84      0.66      0.68       209
weighted avg       0.81      0.79      0.78       209

2025-09-28 00:08:28,810 - INFO - 
--- 娣锋穯鐭╅樀 (Confusion Matrix) ---
2025-09-28 00:08:31,450 - INFO - New best model saved with F1: 0.7801
2025-09-28 00:10:58,679 - INFO - Epoch 6, Loss: 0.47643692469455645
2025-09-28 00:10:58,679 - INFO - 
--- eval ---
2025-09-28 00:11:00,965 - INFO - 
--- 璇勪及鎸囨爣 ---
2025-09-28 00:11:00,965 - INFO - 鍑嗙‘鐜?(Accuracy)              : 83.25%
2025-09-28 00:11:00,965 - INFO - 鍔犳潈鏌ュ噯鐜?(Weighted Precision): 0.8567
2025-09-28 00:11:00,965 - INFO - 鍔犳潈鏌ュ叏鐜?(Weighted Recall)   : 0.8325
2025-09-28 00:11:00,965 - INFO - 鍔犳潈F1鍒嗘暟 (Weighted F1-score) : 0.8384
2025-09-28 00:11:00,965 - INFO - --- 鍒嗙被鎶ュ憡 (Classification Report) ---
2025-09-28 00:11:00,965 - INFO -               precision    recall  f1-score   support

           0       0.87      0.95      0.91        79
           1       0.89      0.83      0.86        70
           2       0.89      0.69      0.78        49
           3       0.35      0.64      0.45        11

    accuracy                           0.83       209
   macro avg       0.75      0.78      0.75       209
weighted avg       0.86      0.83      0.84       209

2025-09-28 00:11:00,965 - INFO - 
--- 娣锋穯鐭╅樀 (Confusion Matrix) ---
2025-09-28 00:11:03,606 - INFO - New best model saved with F1: 0.8384
2025-09-28 00:13:32,360 - INFO - Epoch 7, Loss: 0.4798539191578801
2025-09-28 00:13:32,361 - INFO - 
--- eval ---
2025-09-28 00:13:34,671 - INFO - 
--- 璇勪及鎸囨爣 ---
2025-09-28 00:13:34,671 - INFO - 鍑嗙‘鐜?(Accuracy)              : 85.17%
2025-09-28 00:13:34,671 - INFO - 鍔犳潈鏌ュ噯鐜?(Weighted Precision): 0.8626
2025-09-28 00:13:34,671 - INFO - 鍔犳潈鏌ュ叏鐜?(Weighted Recall)   : 0.8517
2025-09-28 00:13:34,671 - INFO - 鍔犳潈F1鍒嗘暟 (Weighted F1-score) : 0.8380
2025-09-28 00:13:34,671 - INFO - --- 鍒嗙被鎶ュ憡 (Classification Report) ---
2025-09-28 00:13:34,672 - INFO -               precision    recall  f1-score   support

           0       0.88      0.95      0.91        79
           1       0.79      0.93      0.86        70
           2       0.90      0.73      0.81        49
           3       1.00      0.18      0.31        11

    accuracy                           0.85       209
   macro avg       0.89      0.70      0.72       209
weighted avg       0.86      0.85      0.84       209

2025-09-28 00:13:34,672 - INFO - 
--- 娣锋穯鐭╅樀 (Confusion Matrix) ---
2025-09-28 00:13:37,439 - INFO - New best model saved with F1: 0.8380
2025-09-28 00:16:04,533 - INFO - Epoch 8, Loss: 0.45761304457057145
2025-09-28 00:16:04,533 - INFO - 
--- eval ---
2025-09-28 00:16:06,853 - INFO - 
--- 璇勪及鎸囨爣 ---
2025-09-28 00:16:06,854 - INFO - 鍑嗙‘鐜?(Accuracy)              : 83.73%
2025-09-28 00:16:06,854 - INFO - 鍔犳潈鏌ュ噯鐜?(Weighted Precision): 0.8418
2025-09-28 00:16:06,854 - INFO - 鍔犳潈鏌ュ叏鐜?(Weighted Recall)   : 0.8373
2025-09-28 00:16:06,854 - INFO - 鍔犳潈F1鍒嗘暟 (Weighted F1-score) : 0.8392
2025-09-28 00:16:06,854 - INFO - --- 鍒嗙被鎶ュ憡 (Classification Report) ---
2025-09-28 00:16:06,854 - INFO -               precision    recall  f1-score   support

           0       0.91      0.87      0.89        79
           1       0.87      0.89      0.88        70
           2       0.78      0.78      0.78        49
           3       0.46      0.55      0.50        11

    accuracy                           0.84       209
   macro avg       0.75      0.77      0.76       209
weighted avg       0.84      0.84      0.84       209

2025-09-28 00:16:06,854 - INFO - 
--- 娣锋穯鐭╅樀 (Confusion Matrix) ---
2025-09-28 00:16:09,638 - INFO - New best model saved with F1: 0.8392
2025-09-28 00:18:36,820 - INFO - Epoch 9, Loss: 0.431505507791074
2025-09-28 00:18:36,820 - INFO - 
--- eval ---
2025-09-28 00:18:39,113 - INFO - 
--- 璇勪及鎸囨爣 ---
2025-09-28 00:18:39,113 - INFO - 鍑嗙‘鐜?(Accuracy)              : 84.69%
2025-09-28 00:18:39,113 - INFO - 鍔犳潈鏌ュ噯鐜?(Weighted Precision): 0.8539
2025-09-28 00:18:39,113 - INFO - 鍔犳潈鏌ュ叏鐜?(Weighted Recall)   : 0.8469
2025-09-28 00:18:39,113 - INFO - 鍔犳潈F1鍒嗘暟 (Weighted F1-score) : 0.8294
2025-09-28 00:18:39,113 - INFO - --- 鍒嗙被鎶ュ憡 (Classification Report) ---
2025-09-28 00:18:39,113 - INFO -               precision    recall  f1-score   support

           0       0.87      0.94      0.90        79
           1       0.83      0.90      0.86        70
           2       0.83      0.80      0.81        49
           3       1.00      0.09      0.17        11

    accuracy                           0.85       209
   macro avg       0.88      0.68      0.69       209
weighted avg       0.85      0.85      0.83       209

2025-09-28 00:18:39,113 - INFO - 
--- 娣锋穯鐭╅樀 (Confusion Matrix) ---
2025-09-28 00:18:41,767 - INFO - New best model saved with F1: 0.8294
2025-09-28 00:21:09,448 - INFO - Epoch 10, Loss: 0.396760210067679
2025-09-28 00:21:09,449 - INFO - 
--- eval ---
2025-09-28 00:21:11,784 - INFO - 
--- 璇勪及鎸囨爣 ---
2025-09-28 00:21:11,784 - INFO - 鍑嗙‘鐜?(Accuracy)              : 84.21%
2025-09-28 00:21:11,784 - INFO - 鍔犳潈鏌ュ噯鐜?(Weighted Precision): 0.8374
2025-09-28 00:21:11,784 - INFO - 鍔犳潈鏌ュ叏鐜?(Weighted Recall)   : 0.8421
2025-09-28 00:21:11,784 - INFO - 鍔犳潈F1鍒嗘暟 (Weighted F1-score) : 0.8394
2025-09-28 00:21:11,784 - INFO - --- 鍒嗙被鎶ュ憡 (Classification Report) ---
2025-09-28 00:21:11,784 - INFO -               precision    recall  f1-score   support

           0       0.89      0.92      0.91        79
           1       0.87      0.87      0.87        70
           2       0.79      0.78      0.78        49
           3       0.44      0.36      0.40        11

    accuracy                           0.84       209
   macro avg       0.75      0.73      0.74       209
weighted avg       0.84      0.84      0.84       209

2025-09-28 00:21:11,784 - INFO - 
--- 娣锋穯鐭╅樀 (Confusion Matrix) ---
2025-09-28 00:21:14,544 - INFO - New best model saved with F1: 0.8394
2025-09-28 00:21:14,544 - INFO - 
--- testing ---
2025-09-28 00:21:35,186 - INFO - 
--- 璇勪及鎸囨爣 ---
2025-09-28 00:21:35,186 - INFO - 鍑嗙‘鐜?(Accuracy)              : 88.18%
2025-09-28 00:21:35,186 - INFO - 鍔犳潈鏌ュ噯鐜?(Weighted Precision): 0.8806
2025-09-28 00:21:35,186 - INFO - 鍔犳潈鏌ュ叏鐜?(Weighted Recall)   : 0.8818
2025-09-28 00:21:35,186 - INFO - 鍔犳潈F1鍒嗘暟 (Weighted F1-score) : 0.8805
2025-09-28 00:21:35,186 - INFO - --- 鍒嗙被鎶ュ憡 (Classification Report) ---
2025-09-28 00:21:35,186 - INFO -               precision    recall  f1-score   support

           0       0.91      0.89      0.90       682
           1       0.87      0.93      0.90       610
           2       0.90      0.88      0.89       466
           3       0.72      0.60      0.66       129

    accuracy                           0.88      1887
   macro avg       0.85      0.83      0.84      1887
weighted avg       0.88      0.88      0.88      1887

2025-09-28 00:21:35,186 - INFO - 
--- 娣锋穯鐭╅樀 (Confusion Matrix) ---
2025-09-28 00:21:35,189 - INFO - 

==================== 瀹為獙鏈€缁堢粨鏋?(5娆¤繍琛? ====================

2025-09-28 00:21:35,189 - INFO - 妯″瀷瀹為檯鎬ц兘 (Mean 卤 Std Dev):
2025-09-28 00:21:35,189 - INFO - ----------------------------------------------------------------------
2025-09-28 00:21:35,189 - INFO -   - Accuracy             : 0.8871 卤 0.0055
2025-09-28 00:21:35,189 - INFO -   - Weighted Precision   : 0.8857 卤 0.0054
2025-09-28 00:21:35,190 - INFO -   - Weighted Recall      : 0.8871 卤 0.0055
2025-09-28 00:21:35,190 - INFO -   - Weighted F1-score    : 0.8848 卤 0.0061
2025-09-28 00:21:35,190 - INFO - ----------------------------------------------------------------------
2025-09-28 00:21:35,190 - INFO - 
============================================================

