2025-09-27 19:46:29,498 - INFO - Using GPU: NVIDIA GeForce RTX 3090
2025-09-27 19:46:49,302 - INFO - -----------------  0  -----------------
2025-09-27 19:49:16,112 - INFO - Epoch 1, Loss: 1.013574813341941
2025-09-27 19:49:16,112 - INFO - 
--- eval ---
2025-09-27 19:49:18,359 - INFO - 
--- 璇勪及鎸囨爣 ---
2025-09-27 19:49:18,359 - INFO - 鍑嗙‘鐜?(Accuracy)              : 80.86%
2025-09-27 19:49:18,359 - INFO - 鍔犳潈鏌ュ噯鐜?(Weighted Precision): 0.8270
2025-09-27 19:49:18,359 - INFO - 鍔犳潈鏌ュ叏鐜?(Weighted Recall)   : 0.8086
2025-09-27 19:49:18,359 - INFO - 鍔犳潈F1鍒嗘暟 (Weighted F1-score) : 0.8117
2025-09-27 19:49:18,359 - INFO - --- 鍒嗙被鎶ュ憡 (Classification Report) ---
2025-09-27 19:49:18,359 - INFO -               precision    recall  f1-score   support

           0       0.82      0.94      0.88        79
           1       0.89      0.77      0.82        70
           2       0.85      0.69      0.76        49
           3       0.39      0.64      0.48        11

    accuracy                           0.81       209
   macro avg       0.74      0.76      0.74       209
weighted avg       0.83      0.81      0.81       209

2025-09-27 19:49:18,359 - INFO - 
--- 娣锋穯鐭╅樀 (Confusion Matrix) ---
2025-09-27 19:49:19,062 - INFO - New best model saved with F1: 0.8117
2025-09-27 19:51:42,922 - INFO - Epoch 2, Loss: 0.40853488215190525
2025-09-27 19:51:42,923 - INFO - 
--- eval ---
2025-09-27 19:51:45,212 - INFO - 
--- 璇勪及鎸囨爣 ---
2025-09-27 19:51:45,212 - INFO - 鍑嗙‘鐜?(Accuracy)              : 83.73%
2025-09-27 19:51:45,212 - INFO - 鍔犳潈鏌ュ噯鐜?(Weighted Precision): 0.8419
2025-09-27 19:51:45,212 - INFO - 鍔犳潈鏌ュ叏鐜?(Weighted Recall)   : 0.8373
2025-09-27 19:51:45,212 - INFO - 鍔犳潈F1鍒嗘暟 (Weighted F1-score) : 0.8377
2025-09-27 19:51:45,212 - INFO - --- 鍒嗙被鎶ュ憡 (Classification Report) ---
2025-09-27 19:51:45,212 - INFO -               precision    recall  f1-score   support

           0       0.93      0.84      0.88        79
           1       0.86      0.89      0.87        70
           2       0.75      0.86      0.80        49
           3       0.50      0.45      0.48        11

    accuracy                           0.84       209
   macro avg       0.76      0.76      0.76       209
weighted avg       0.84      0.84      0.84       209

2025-09-27 19:51:45,212 - INFO - 
--- 娣锋穯鐭╅樀 (Confusion Matrix) ---
2025-09-27 19:51:47,835 - INFO - New best model saved with F1: 0.8377
2025-09-27 19:54:13,138 - INFO - Epoch 3, Loss: 0.37914601622493266
2025-09-27 19:54:13,138 - INFO - 
--- eval ---
2025-09-27 19:54:15,450 - INFO - 
--- 璇勪及鎸囨爣 ---
2025-09-27 19:54:15,450 - INFO - 鍑嗙‘鐜?(Accuracy)              : 87.08%
2025-09-27 19:54:15,450 - INFO - 鍔犳潈鏌ュ噯鐜?(Weighted Precision): 0.8772
2025-09-27 19:54:15,450 - INFO - 鍔犳潈鏌ュ叏鐜?(Weighted Recall)   : 0.8708
2025-09-27 19:54:15,450 - INFO - 鍔犳潈F1鍒嗘暟 (Weighted F1-score) : 0.8725
2025-09-27 19:54:15,450 - INFO - --- 鍒嗙被鎶ュ憡 (Classification Report) ---
2025-09-27 19:54:15,450 - INFO -               precision    recall  f1-score   support

           0       0.92      0.97      0.94        79
           1       0.90      0.81      0.86        70
           2       0.88      0.86      0.87        49
           3       0.43      0.55      0.48        11

    accuracy                           0.87       209
   macro avg       0.78      0.80      0.79       209
weighted avg       0.88      0.87      0.87       209

2025-09-27 19:54:15,450 - INFO - 
--- 娣锋穯鐭╅樀 (Confusion Matrix) ---
2025-09-27 19:54:19,206 - INFO - New best model saved with F1: 0.8725
2025-09-27 19:56:46,001 - INFO - Epoch 4, Loss: 0.40046148751771043
2025-09-27 19:56:46,001 - INFO - 
--- eval ---
2025-09-27 19:56:48,309 - INFO - 
--- 璇勪及鎸囨爣 ---
2025-09-27 19:56:48,309 - INFO - 鍑嗙‘鐜?(Accuracy)              : 86.12%
2025-09-27 19:56:48,310 - INFO - 鍔犳潈鏌ュ噯鐜?(Weighted Precision): 0.8637
2025-09-27 19:56:48,310 - INFO - 鍔犳潈鏌ュ叏鐜?(Weighted Recall)   : 0.8612
2025-09-27 19:56:48,310 - INFO - 鍔犳潈F1鍒嗘暟 (Weighted F1-score) : 0.8621
2025-09-27 19:56:48,310 - INFO - --- 鍒嗙被鎶ュ憡 (Classification Report) ---
2025-09-27 19:56:48,310 - INFO -               precision    recall  f1-score   support

           0       0.91      0.92      0.92        79
           1       0.89      0.84      0.87        70
           2       0.82      0.86      0.84        49
           3       0.50      0.55      0.52        11

    accuracy                           0.86       209
   macro avg       0.78      0.79      0.79       209
weighted avg       0.86      0.86      0.86       209

2025-09-27 19:56:48,310 - INFO - 
--- 娣锋穯鐭╅樀 (Confusion Matrix) ---
2025-09-27 19:56:51,098 - INFO - New best model saved with F1: 0.8621
2025-09-27 19:59:17,905 - INFO - Epoch 5, Loss: 0.3775667952658195
2025-09-27 19:59:17,905 - INFO - 
--- eval ---
2025-09-27 19:59:20,212 - INFO - 
--- 璇勪及鎸囨爣 ---
2025-09-27 19:59:20,213 - INFO - 鍑嗙‘鐜?(Accuracy)              : 84.21%
2025-09-27 19:59:20,213 - INFO - 鍔犳潈鏌ュ噯鐜?(Weighted Precision): 0.8551
2025-09-27 19:59:20,213 - INFO - 鍔犳潈鏌ュ叏鐜?(Weighted Recall)   : 0.8421
2025-09-27 19:59:20,213 - INFO - 鍔犳潈F1鍒嗘暟 (Weighted F1-score) : 0.8438
2025-09-27 19:59:20,213 - INFO - --- 鍒嗙被鎶ュ憡 (Classification Report) ---
2025-09-27 19:59:20,213 - INFO -               precision    recall  f1-score   support

           0       0.91      0.91      0.91        79
           1       0.95      0.79      0.86        70
           2       0.72      0.90      0.80        49
           3       0.45      0.45      0.45        11

    accuracy                           0.84       209
   macro avg       0.76      0.76      0.76       209
weighted avg       0.86      0.84      0.84       209

2025-09-27 19:59:20,213 - INFO - 
--- 娣锋穯鐭╅樀 (Confusion Matrix) ---
2025-09-27 19:59:23,833 - INFO - New best model saved with F1: 0.8438
2025-09-27 20:01:50,799 - INFO - Epoch 6, Loss: 0.38432682965489506
2025-09-27 20:01:50,800 - INFO - 
--- eval ---
2025-09-27 20:01:53,109 - INFO - 
--- 璇勪及鎸囨爣 ---
2025-09-27 20:01:53,109 - INFO - 鍑嗙‘鐜?(Accuracy)              : 84.21%
2025-09-27 20:01:53,109 - INFO - 鍔犳潈鏌ュ噯鐜?(Weighted Precision): 0.8415
2025-09-27 20:01:53,109 - INFO - 鍔犳潈鏌ュ叏鐜?(Weighted Recall)   : 0.8421
2025-09-27 20:01:53,110 - INFO - 鍔犳潈F1鍒嗘暟 (Weighted F1-score) : 0.8410
2025-09-27 20:01:53,110 - INFO - --- 鍒嗙被鎶ュ憡 (Classification Report) ---
2025-09-27 20:01:53,110 - INFO -               precision    recall  f1-score   support

           0       0.91      0.86      0.88        79
           1       0.85      0.87      0.86        70
           2       0.79      0.86      0.82        49
           3       0.56      0.45      0.50        11

    accuracy                           0.84       209
   macro avg       0.78      0.76      0.77       209
weighted avg       0.84      0.84      0.84       209

2025-09-27 20:01:53,110 - INFO - 
--- 娣锋穯鐭╅樀 (Confusion Matrix) ---
2025-09-27 20:01:55,904 - INFO - New best model saved with F1: 0.8410
2025-09-27 20:04:22,975 - INFO - Epoch 7, Loss: 0.37433798926778966
2025-09-27 20:04:22,976 - INFO - 
--- eval ---
2025-09-27 20:04:25,283 - INFO - 
--- 璇勪及鎸囨爣 ---
2025-09-27 20:04:25,283 - INFO - 鍑嗙‘鐜?(Accuracy)              : 87.08%
2025-09-27 20:04:25,283 - INFO - 鍔犳潈鏌ュ噯鐜?(Weighted Precision): 0.8635
2025-09-27 20:04:25,283 - INFO - 鍔犳潈鏌ュ叏鐜?(Weighted Recall)   : 0.8708
2025-09-27 20:04:25,283 - INFO - 鍔犳潈F1鍒嗘暟 (Weighted F1-score) : 0.8586
2025-09-27 20:04:25,283 - INFO - --- 鍒嗙被鎶ュ憡 (Classification Report) ---
2025-09-27 20:04:25,283 - INFO -               precision    recall  f1-score   support

           0       0.91      0.97      0.94        79
           1       0.83      0.90      0.86        70
           2       0.89      0.82      0.85        49
           3       0.67      0.18      0.29        11

    accuracy                           0.87       209
   macro avg       0.82      0.72      0.73       209
weighted avg       0.86      0.87      0.86       209

2025-09-27 20:04:25,283 - INFO - 
--- 娣锋穯鐭╅樀 (Confusion Matrix) ---
2025-09-27 20:04:29,279 - INFO - New best model saved with F1: 0.8586
2025-09-27 20:06:55,779 - INFO - Epoch 8, Loss: 0.36602779449758066
2025-09-27 20:06:55,779 - INFO - 
--- eval ---
2025-09-27 20:06:58,079 - INFO - 
--- 璇勪及鎸囨爣 ---
2025-09-27 20:06:58,079 - INFO - 鍑嗙‘鐜?(Accuracy)              : 85.17%
2025-09-27 20:06:58,079 - INFO - 鍔犳潈鏌ュ噯鐜?(Weighted Precision): 0.8611
2025-09-27 20:06:58,079 - INFO - 鍔犳潈鏌ュ叏鐜?(Weighted Recall)   : 0.8517
2025-09-27 20:06:58,079 - INFO - 鍔犳潈F1鍒嗘暟 (Weighted F1-score) : 0.8473
2025-09-27 20:06:58,079 - INFO - --- 鍒嗙被鎶ュ憡 (Classification Report) ---
2025-09-27 20:06:58,079 - INFO -               precision    recall  f1-score   support

           0       0.91      0.87      0.89        79
           1       0.86      0.89      0.87        70
           2       0.75      0.88      0.81        49
           3       1.00      0.36      0.53        11

    accuracy                           0.85       209
   macro avg       0.88      0.75      0.78       209
weighted avg       0.86      0.85      0.85       209

2025-09-27 20:06:58,079 - INFO - 
--- 娣锋穯鐭╅樀 (Confusion Matrix) ---
2025-09-27 20:07:00,718 - INFO - New best model saved with F1: 0.8473
2025-09-27 20:09:27,985 - INFO - Epoch 9, Loss: 0.3464234077373179
2025-09-27 20:09:27,986 - INFO - 
--- eval ---
2025-09-27 20:09:30,305 - INFO - 
--- 璇勪及鎸囨爣 ---
2025-09-27 20:09:30,305 - INFO - 鍑嗙‘鐜?(Accuracy)              : 86.60%
2025-09-27 20:09:30,305 - INFO - 鍔犳潈鏌ュ噯鐜?(Weighted Precision): 0.8660
2025-09-27 20:09:30,305 - INFO - 鍔犳潈鏌ュ叏鐜?(Weighted Recall)   : 0.8660
2025-09-27 20:09:30,305 - INFO - 鍔犳潈F1鍒嗘暟 (Weighted F1-score) : 0.8652
2025-09-27 20:09:30,305 - INFO - --- 鍒嗙被鎶ュ憡 (Classification Report) ---
2025-09-27 20:09:30,305 - INFO -               precision    recall  f1-score   support

           0       0.91      0.94      0.93        79
           1       0.89      0.83      0.86        70
           2       0.81      0.88      0.84        49
           3       0.60      0.55      0.57        11

    accuracy                           0.87       209
   macro avg       0.80      0.80      0.80       209
weighted avg       0.87      0.87      0.87       209

2025-09-27 20:09:30,305 - INFO - 
--- 娣锋穯鐭╅樀 (Confusion Matrix) ---
2025-09-27 20:09:33,694 - INFO - New best model saved with F1: 0.8652
2025-09-27 20:12:00,822 - INFO - Epoch 10, Loss: 0.321578348034938
2025-09-27 20:12:00,823 - INFO - 
--- eval ---
2025-09-27 20:12:03,126 - INFO - 
--- 璇勪及鎸囨爣 ---
2025-09-27 20:12:03,127 - INFO - 鍑嗙‘鐜?(Accuracy)              : 85.17%
2025-09-27 20:12:03,127 - INFO - 鍔犳潈鏌ュ噯鐜?(Weighted Precision): 0.8533
2025-09-27 20:12:03,127 - INFO - 鍔犳潈鏌ュ叏鐜?(Weighted Recall)   : 0.8517
2025-09-27 20:12:03,127 - INFO - 鍔犳潈F1鍒嗘暟 (Weighted F1-score) : 0.8515
2025-09-27 20:12:03,127 - INFO - --- 鍒嗙被鎶ュ憡 (Classification Report) ---
2025-09-27 20:12:03,127 - INFO -               precision    recall  f1-score   support

           0       0.91      0.90      0.90        79
           1       0.88      0.83      0.85        70
           2       0.78      0.88      0.83        49
           3       0.60      0.55      0.57        11

    accuracy                           0.85       209
   macro avg       0.79      0.79      0.79       209
weighted avg       0.85      0.85      0.85       209

2025-09-27 20:12:03,127 - INFO - 
--- 娣锋穯鐭╅樀 (Confusion Matrix) ---
2025-09-27 20:12:05,715 - INFO - New best model saved with F1: 0.8515
2025-09-27 20:12:05,715 - INFO - 
--- testing ---
2025-09-27 20:12:26,486 - INFO - 
--- 璇勪及鎸囨爣 ---
2025-09-27 20:12:26,486 - INFO - 鍑嗙‘鐜?(Accuracy)              : 88.13%
2025-09-27 20:12:26,486 - INFO - 鍔犳潈鏌ュ噯鐜?(Weighted Precision): 0.8799
2025-09-27 20:12:26,486 - INFO - 鍔犳潈鏌ュ叏鐜?(Weighted Recall)   : 0.8813
2025-09-27 20:12:26,486 - INFO - 鍔犳潈F1鍒嗘暟 (Weighted F1-score) : 0.8803
2025-09-27 20:12:26,486 - INFO - --- 鍒嗙被鎶ュ憡 (Classification Report) ---
2025-09-27 20:12:26,486 - INFO -               precision    recall  f1-score   support

           0       0.92      0.90      0.91       682
           1       0.88      0.91      0.89       610
           2       0.89      0.89      0.89       466
           3       0.67      0.59      0.63       129

    accuracy                           0.88      1887
   macro avg       0.84      0.82      0.83      1887
weighted avg       0.88      0.88      0.88      1887

2025-09-27 20:12:26,486 - INFO - 
--- 娣锋穯鐭╅樀 (Confusion Matrix) ---
2025-09-27 20:12:26,487 - INFO - -----------------  1  -----------------
2025-09-27 20:14:58,419 - INFO - Epoch 1, Loss: 0.4383458388753211
2025-09-27 20:14:58,419 - INFO - 
--- eval ---
2025-09-27 20:15:00,732 - INFO - 
--- 璇勪及鎸囨爣 ---
2025-09-27 20:15:00,732 - INFO - 鍑嗙‘鐜?(Accuracy)              : 82.78%
2025-09-27 20:15:00,732 - INFO - 鍔犳潈鏌ュ噯鐜?(Weighted Precision): 0.8380
2025-09-27 20:15:00,732 - INFO - 鍔犳潈鏌ュ叏鐜?(Weighted Recall)   : 0.8278
2025-09-27 20:15:00,732 - INFO - 鍔犳潈F1鍒嗘暟 (Weighted F1-score) : 0.8311
2025-09-27 20:15:00,732 - INFO - --- 鍒嗙被鎶ュ憡 (Classification Report) ---
2025-09-27 20:15:00,732 - INFO -               precision    recall  f1-score   support

           0       0.92      0.85      0.88        79
           1       0.83      0.86      0.85        70
           2       0.79      0.78      0.78        49
           3       0.50      0.73      0.59        11

    accuracy                           0.83       209
   macro avg       0.76      0.80      0.78       209
weighted avg       0.84      0.83      0.83       209

2025-09-27 20:15:00,732 - INFO - 
--- 娣锋穯鐭╅樀 (Confusion Matrix) ---
2025-09-27 20:15:03,356 - INFO - New best model saved with F1: 0.8311
2025-09-27 20:17:30,888 - INFO - Epoch 2, Loss: 0.4614315006818799
2025-09-27 20:17:30,889 - INFO - 
--- eval ---
2025-09-27 20:17:33,206 - INFO - 
--- 璇勪及鎸囨爣 ---
2025-09-27 20:17:33,206 - INFO - 鍑嗙‘鐜?(Accuracy)              : 78.95%
2025-09-27 20:17:33,207 - INFO - 鍔犳潈鏌ュ噯鐜?(Weighted Precision): 0.8230
2025-09-27 20:17:33,207 - INFO - 鍔犳潈鏌ュ叏鐜?(Weighted Recall)   : 0.7895
2025-09-27 20:17:33,207 - INFO - 鍔犳潈F1鍒嗘暟 (Weighted F1-score) : 0.7981
2025-09-27 20:17:33,207 - INFO - --- 鍒嗙被鎶ュ憡 (Classification Report) ---
2025-09-27 20:17:33,207 - INFO -               precision    recall  f1-score   support

           0       0.91      0.78      0.84        79
           1       0.88      0.76      0.82        70
           2       0.69      0.86      0.76        49
           3       0.40      0.73      0.52        11

    accuracy                           0.79       209
   macro avg       0.72      0.78      0.73       209
weighted avg       0.82      0.79      0.80       209

2025-09-27 20:17:33,207 - INFO - 
--- 娣锋穯鐭╅樀 (Confusion Matrix) ---
2025-09-27 20:17:36,184 - INFO - New best model saved with F1: 0.7981
2025-09-27 20:20:04,362 - INFO - Epoch 3, Loss: 0.4610589206617423
2025-09-27 20:20:04,362 - INFO - 
--- eval ---
2025-09-27 20:20:06,687 - INFO - 
--- 璇勪及鎸囨爣 ---
2025-09-27 20:20:06,687 - INFO - 鍑嗙‘鐜?(Accuracy)              : 79.90%
2025-09-27 20:20:06,687 - INFO - 鍔犳潈鏌ュ噯鐜?(Weighted Precision): 0.8382
2025-09-27 20:20:06,687 - INFO - 鍔犳潈鏌ュ叏鐜?(Weighted Recall)   : 0.7990
2025-09-27 20:20:06,687 - INFO - 鍔犳潈F1鍒嗘暟 (Weighted F1-score) : 0.8084
2025-09-27 20:20:06,687 - INFO - --- 鍒嗙被鎶ュ憡 (Classification Report) ---
2025-09-27 20:20:06,687 - INFO -               precision    recall  f1-score   support

           0       0.91      0.86      0.88        79
           1       0.91      0.69      0.78        70
           2       0.74      0.88      0.80        49
           3       0.35      0.73      0.47        11

    accuracy                           0.80       209
   macro avg       0.73      0.79      0.73       209
weighted avg       0.84      0.80      0.81       209

2025-09-27 20:20:06,688 - INFO - 
--- 娣锋穯鐭╅樀 (Confusion Matrix) ---
2025-09-27 20:20:09,316 - INFO - New best model saved with F1: 0.8084
2025-09-27 20:22:36,514 - INFO - Epoch 4, Loss: 0.4473235576894451
2025-09-27 20:22:36,514 - INFO - 
--- eval ---
2025-09-27 20:22:38,816 - INFO - 
--- 璇勪及鎸囨爣 ---
2025-09-27 20:22:38,817 - INFO - 鍑嗙‘鐜?(Accuracy)              : 83.73%
2025-09-27 20:22:38,817 - INFO - 鍔犳潈鏌ュ噯鐜?(Weighted Precision): 0.8350
2025-09-27 20:22:38,817 - INFO - 鍔犳潈鏌ュ叏鐜?(Weighted Recall)   : 0.8373
2025-09-27 20:22:38,817 - INFO - 鍔犳潈F1鍒嗘暟 (Weighted F1-score) : 0.8323
2025-09-27 20:22:38,817 - INFO - --- 鍒嗙被鎶ュ憡 (Classification Report) ---
2025-09-27 20:22:38,817 - INFO -               precision    recall  f1-score   support

           0       0.84      0.97      0.90        79
           1       0.88      0.84      0.86        70
           2       0.83      0.69      0.76        49
           3       0.56      0.45      0.50        11

    accuracy                           0.84       209
   macro avg       0.78      0.74      0.75       209
weighted avg       0.83      0.84      0.83       209

2025-09-27 20:22:38,817 - INFO - 
--- 娣锋穯鐭╅樀 (Confusion Matrix) ---
2025-09-27 20:22:42,721 - INFO - New best model saved with F1: 0.8323
2025-09-27 20:25:10,620 - INFO - Epoch 5, Loss: 0.43065845549678783
2025-09-27 20:25:10,620 - INFO - 
--- eval ---
2025-09-27 20:25:12,931 - INFO - 
--- 璇勪及鎸囨爣 ---
2025-09-27 20:25:12,931 - INFO - 鍑嗙‘鐜?(Accuracy)              : 83.73%
2025-09-27 20:25:12,931 - INFO - 鍔犳潈鏌ュ噯鐜?(Weighted Precision): 0.8498
2025-09-27 20:25:12,931 - INFO - 鍔犳潈鏌ュ叏鐜?(Weighted Recall)   : 0.8373
2025-09-27 20:25:12,931 - INFO - 鍔犳潈F1鍒嗘暟 (Weighted F1-score) : 0.8416
2025-09-27 20:25:12,931 - INFO - --- 鍒嗙被鎶ュ憡 (Classification Report) ---
2025-09-27 20:25:12,931 - INFO -               precision    recall  f1-score   support

           0       0.90      0.92      0.91        79
           1       0.89      0.83      0.86        70
           2       0.80      0.76      0.78        49
           3       0.41      0.64      0.50        11

    accuracy                           0.84       209
   macro avg       0.75      0.79      0.76       209
weighted avg       0.85      0.84      0.84       209

2025-09-27 20:25:12,932 - INFO - 
--- 娣锋穯鐭╅樀 (Confusion Matrix) ---
2025-09-27 20:25:15,691 - INFO - New best model saved with F1: 0.8416
2025-09-27 20:27:43,852 - INFO - Epoch 6, Loss: 0.4320462165488648
2025-09-27 20:27:43,852 - INFO - 
--- eval ---
2025-09-27 20:27:46,165 - INFO - 
--- 璇勪及鎸囨爣 ---
2025-09-27 20:27:46,165 - INFO - 鍑嗙‘鐜?(Accuracy)              : 84.69%
2025-09-27 20:27:46,165 - INFO - 鍔犳潈鏌ュ噯鐜?(Weighted Precision): 0.8390
2025-09-27 20:27:46,165 - INFO - 鍔犳潈鏌ュ叏鐜?(Weighted Recall)   : 0.8469
2025-09-27 20:27:46,165 - INFO - 鍔犳潈F1鍒嗘暟 (Weighted F1-score) : 0.8403
2025-09-27 20:27:46,165 - INFO - --- 鍒嗙被鎶ュ憡 (Classification Report) ---
2025-09-27 20:27:46,165 - INFO -               precision    recall  f1-score   support

           0       0.88      0.96      0.92        79
           1       0.89      0.84      0.87        70
           2       0.76      0.80      0.78        49
           3       0.50      0.27      0.35        11

    accuracy                           0.85       209
   macro avg       0.76      0.72      0.73       209
weighted avg       0.84      0.85      0.84       209

2025-09-27 20:27:46,165 - INFO - 
--- 娣锋穯鐭╅樀 (Confusion Matrix) ---
2025-09-27 20:27:48,846 - INFO - New best model saved with F1: 0.8403
2025-09-27 20:30:16,607 - INFO - Epoch 7, Loss: 0.40479058672497475
2025-09-27 20:30:16,608 - INFO - 
--- eval ---
2025-09-27 20:30:18,918 - INFO - 
--- 璇勪及鎸囨爣 ---
2025-09-27 20:30:18,918 - INFO - 鍑嗙‘鐜?(Accuracy)              : 85.17%
2025-09-27 20:30:18,919 - INFO - 鍔犳潈鏌ュ噯鐜?(Weighted Precision): 0.8646
2025-09-27 20:30:18,919 - INFO - 鍔犳潈鏌ュ叏鐜?(Weighted Recall)   : 0.8517
2025-09-27 20:30:18,919 - INFO - 鍔犳潈F1鍒嗘暟 (Weighted F1-score) : 0.8363
2025-09-27 20:30:18,919 - INFO - --- 鍒嗙被鎶ュ憡 (Classification Report) ---
2025-09-27 20:30:18,919 - INFO -               precision    recall  f1-score   support

           0       0.90      0.94      0.92        79
           1       0.90      0.86      0.88        70
           2       0.73      0.88      0.80        49
           3       1.00      0.09      0.17        11

    accuracy                           0.85       209
   macro avg       0.88      0.69      0.69       209
weighted avg       0.86      0.85      0.84       209

2025-09-27 20:30:18,919 - INFO - 
--- 娣锋穯鐭╅樀 (Confusion Matrix) ---
2025-09-27 20:30:21,666 - INFO - New best model saved with F1: 0.8363
2025-09-27 20:32:49,599 - INFO - Epoch 8, Loss: 0.39857991737331827
2025-09-27 20:32:49,599 - INFO - 
--- eval ---
2025-09-27 20:32:51,915 - INFO - 
--- 璇勪及鎸囨爣 ---
2025-09-27 20:32:51,916 - INFO - 鍑嗙‘鐜?(Accuracy)              : 83.73%
2025-09-27 20:32:51,916 - INFO - 鍔犳潈鏌ュ噯鐜?(Weighted Precision): 0.8297
2025-09-27 20:32:51,916 - INFO - 鍔犳潈鏌ュ叏鐜?(Weighted Recall)   : 0.8373
2025-09-27 20:32:51,916 - INFO - 鍔犳潈F1鍒嗘暟 (Weighted F1-score) : 0.8283
2025-09-27 20:32:51,916 - INFO - --- 鍒嗙被鎶ュ憡 (Classification Report) ---
2025-09-27 20:32:51,916 - INFO -               precision    recall  f1-score   support

           0       0.84      0.96      0.90        79
           1       0.86      0.86      0.86        70
           2       0.82      0.73      0.77        49
           3       0.60      0.27      0.38        11

    accuracy                           0.84       209
   macro avg       0.78      0.71      0.73       209
weighted avg       0.83      0.84      0.83       209

2025-09-27 20:32:51,916 - INFO - 
--- 娣锋穯鐭╅樀 (Confusion Matrix) ---
2025-09-27 20:32:54,756 - INFO - New best model saved with F1: 0.8283
2025-09-27 20:35:23,592 - INFO - Epoch 9, Loss: 0.38812207181031017
2025-09-27 20:35:23,593 - INFO - 
--- eval ---
2025-09-27 20:35:25,930 - INFO - 
--- 璇勪及鎸囨爣 ---
2025-09-27 20:35:25,930 - INFO - 鍑嗙‘鐜?(Accuracy)              : 83.25%
2025-09-27 20:35:25,930 - INFO - 鍔犳潈鏌ュ噯鐜?(Weighted Precision): 0.8302
2025-09-27 20:35:25,930 - INFO - 鍔犳潈鏌ュ叏鐜?(Weighted Recall)   : 0.8325
2025-09-27 20:35:25,930 - INFO - 鍔犳潈F1鍒嗘暟 (Weighted F1-score) : 0.8293
2025-09-27 20:35:25,930 - INFO - --- 鍒嗙被鎶ュ憡 (Classification Report) ---
2025-09-27 20:35:25,930 - INFO -               precision    recall  f1-score   support

           0       0.91      0.90      0.90        79
           1       0.88      0.84      0.86        70
           2       0.72      0.84      0.77        49
           3       0.43      0.27      0.33        11

    accuracy                           0.83       209
   macro avg       0.73      0.71      0.72       209
weighted avg       0.83      0.83      0.83       209

2025-09-27 20:35:25,931 - INFO - 
--- 娣锋穯鐭╅樀 (Confusion Matrix) ---
2025-09-27 20:35:28,590 - INFO - New best model saved with F1: 0.8293
2025-09-27 20:37:57,934 - INFO - Epoch 10, Loss: 0.36778504681755225
2025-09-27 20:37:57,934 - INFO - 
--- eval ---
2025-09-27 20:38:00,289 - INFO - 
--- 璇勪及鎸囨爣 ---
2025-09-27 20:38:00,289 - INFO - 鍑嗙‘鐜?(Accuracy)              : 85.65%
2025-09-27 20:38:00,289 - INFO - 鍔犳潈鏌ュ噯鐜?(Weighted Precision): 0.8547
2025-09-27 20:38:00,289 - INFO - 鍔犳潈鏌ュ叏鐜?(Weighted Recall)   : 0.8565
2025-09-27 20:38:00,289 - INFO - 鍔犳潈F1鍒嗘暟 (Weighted F1-score) : 0.8538
2025-09-27 20:38:00,289 - INFO - --- 鍒嗙被鎶ュ憡 (Classification Report) ---
2025-09-27 20:38:00,289 - INFO -               precision    recall  f1-score   support

           0       0.90      0.92      0.91        79
           1       0.88      0.87      0.88        70
           2       0.77      0.82      0.79        49
           3       0.71      0.45      0.56        11

    accuracy                           0.86       209
   macro avg       0.82      0.77      0.78       209
weighted avg       0.85      0.86      0.85       209

2025-09-27 20:38:00,289 - INFO - 
--- 娣锋穯鐭╅樀 (Confusion Matrix) ---
2025-09-27 20:38:03,169 - INFO - New best model saved with F1: 0.8538
2025-09-27 20:38:03,170 - INFO - 
--- testing ---
2025-09-27 20:38:23,976 - INFO - 
--- 璇勪及鎸囨爣 ---
2025-09-27 20:38:23,976 - INFO - 鍑嗙‘鐜?(Accuracy)              : 88.29%
2025-09-27 20:38:23,976 - INFO - 鍔犳潈鏌ュ噯鐜?(Weighted Precision): 0.8803
2025-09-27 20:38:23,976 - INFO - 鍔犳潈鏌ュ叏鐜?(Weighted Recall)   : 0.8829
2025-09-27 20:38:23,976 - INFO - 鍔犳潈F1鍒嗘暟 (Weighted F1-score) : 0.8800
2025-09-27 20:38:23,976 - INFO - --- 鍒嗙被鎶ュ憡 (Classification Report) ---
2025-09-27 20:38:23,977 - INFO -               precision    recall  f1-score   support

           0       0.91      0.92      0.92       682
           1       0.86      0.93      0.90       610
           2       0.90      0.86      0.88       466
           3       0.72      0.52      0.60       129

    accuracy                           0.88      1887
   macro avg       0.85      0.81      0.82      1887
weighted avg       0.88      0.88      0.88      1887

2025-09-27 20:38:23,977 - INFO - 
--- 娣锋穯鐭╅樀 (Confusion Matrix) ---
2025-09-27 20:38:23,978 - INFO - -----------------  2  -----------------
2025-09-27 20:40:57,967 - INFO - Epoch 1, Loss: 0.5515396766230659
2025-09-27 20:40:57,968 - INFO - 
--- eval ---
2025-09-27 20:41:00,276 - INFO - 
--- 璇勪及鎸囨爣 ---
2025-09-27 20:41:00,276 - INFO - 鍑嗙‘鐜?(Accuracy)              : 83.25%
2025-09-27 20:41:00,276 - INFO - 鍔犳潈鏌ュ噯鐜?(Weighted Precision): 0.8247
2025-09-27 20:41:00,276 - INFO - 鍔犳潈鏌ュ叏鐜?(Weighted Recall)   : 0.8325
2025-09-27 20:41:00,276 - INFO - 鍔犳潈F1鍒嗘暟 (Weighted F1-score) : 0.8245
2025-09-27 20:41:00,276 - INFO - --- 鍒嗙被鎶ュ憡 (Classification Report) ---
2025-09-27 20:41:00,276 - INFO -               precision    recall  f1-score   support

           0       0.85      0.94      0.89        79
           1       0.86      0.86      0.86        70
           2       0.79      0.76      0.77        49
           3       0.60      0.27      0.38        11

    accuracy                           0.83       209
   macro avg       0.77      0.71      0.72       209
weighted avg       0.82      0.83      0.82       209

2025-09-27 20:41:00,276 - INFO - 
--- 娣锋穯鐭╅樀 (Confusion Matrix) ---
2025-09-27 20:41:03,969 - INFO - New best model saved with F1: 0.8245
2025-09-27 20:43:31,551 - INFO - Epoch 2, Loss: 0.5039058414818962
2025-09-27 20:43:31,552 - INFO - 
--- eval ---
2025-09-27 20:43:33,900 - INFO - 
--- 璇勪及鎸囨爣 ---
2025-09-27 20:43:33,900 - INFO - 鍑嗙‘鐜?(Accuracy)              : 82.30%
2025-09-27 20:43:33,900 - INFO - 鍔犳潈鏌ュ噯鐜?(Weighted Precision): 0.7854
2025-09-27 20:43:33,900 - INFO - 鍔犳潈鏌ュ叏鐜?(Weighted Recall)   : 0.8230
2025-09-27 20:43:33,900 - INFO - 鍔犳潈F1鍒嗘暟 (Weighted F1-score) : 0.8027
2025-09-27 20:43:33,900 - INFO - --- 鍒嗙被鎶ュ憡 (Classification Report) ---
2025-09-27 20:43:33,900 - INFO -               precision    recall  f1-score   support

           0       0.91      0.89      0.90        79
           1       0.82      0.87      0.85        70
           2       0.71      0.84      0.77        49
           3       0.00      0.00      0.00        11

    accuracy                           0.82       209
   macro avg       0.61      0.65      0.63       209
weighted avg       0.79      0.82      0.80       209

2025-09-27 20:43:33,900 - INFO - 
--- 娣锋穯鐭╅樀 (Confusion Matrix) ---
2025-09-27 20:43:36,541 - INFO - New best model saved with F1: 0.8027
2025-09-27 20:46:04,265 - INFO - Epoch 3, Loss: 0.5005374851216581
2025-09-27 20:46:04,266 - INFO - 
--- eval ---
2025-09-27 20:46:06,576 - INFO - 
--- 璇勪及鎸囨爣 ---
2025-09-27 20:46:06,576 - INFO - 鍑嗙‘鐜?(Accuracy)              : 83.25%
2025-09-27 20:46:06,577 - INFO - 鍔犳潈鏌ュ噯鐜?(Weighted Precision): 0.8342
2025-09-27 20:46:06,577 - INFO - 鍔犳潈鏌ュ叏鐜?(Weighted Recall)   : 0.8325
2025-09-27 20:46:06,577 - INFO - 鍔犳潈F1鍒嗘暟 (Weighted F1-score) : 0.8328
2025-09-27 20:46:06,577 - INFO - --- 鍒嗙被鎶ュ憡 (Classification Report) ---
2025-09-27 20:46:06,577 - INFO -               precision    recall  f1-score   support

           0       0.91      0.89      0.90        79
           1       0.87      0.84      0.86        70
           2       0.74      0.82      0.78        49
           3       0.50      0.45      0.48        11

    accuracy                           0.83       209
   macro avg       0.75      0.75      0.75       209
weighted avg       0.83      0.83      0.83       209

2025-09-27 20:46:06,577 - INFO - 
--- 娣锋穯鐭╅樀 (Confusion Matrix) ---
2025-09-27 20:46:09,479 - INFO - New best model saved with F1: 0.8328
2025-09-27 20:48:37,019 - INFO - Epoch 4, Loss: 0.4834111058670614
2025-09-27 20:48:37,020 - INFO - 
--- eval ---
2025-09-27 20:48:39,375 - INFO - 
--- 璇勪及鎸囨爣 ---
2025-09-27 20:48:39,375 - INFO - 鍑嗙‘鐜?(Accuracy)              : 79.43%
2025-09-27 20:48:39,375 - INFO - 鍔犳潈鏌ュ噯鐜?(Weighted Precision): 0.7993
2025-09-27 20:48:39,375 - INFO - 鍔犳潈鏌ュ叏鐜?(Weighted Recall)   : 0.7943
2025-09-27 20:48:39,375 - INFO - 鍔犳潈F1鍒嗘暟 (Weighted F1-score) : 0.7813
2025-09-27 20:48:39,375 - INFO - --- 鍒嗙被鎶ュ憡 (Classification Report) ---
2025-09-27 20:48:39,376 - INFO -               precision    recall  f1-score   support

           0       0.76      0.97      0.86        79
           1       0.89      0.71      0.79        70
           2       0.76      0.76      0.76        49
           3       0.67      0.18      0.29        11

    accuracy                           0.79       209
   macro avg       0.77      0.66      0.67       209
weighted avg       0.80      0.79      0.78       209

2025-09-27 20:48:39,376 - INFO - 
--- 娣锋穯鐭╅樀 (Confusion Matrix) ---
2025-09-27 20:48:42,006 - INFO - New best model saved with F1: 0.7813
2025-09-27 20:51:09,859 - INFO - Epoch 5, Loss: 0.4522403969636394
2025-09-27 20:51:09,860 - INFO - 
--- eval ---
2025-09-27 20:51:12,181 - INFO - 
--- 璇勪及鎸囨爣 ---
2025-09-27 20:51:12,181 - INFO - 鍑嗙‘鐜?(Accuracy)              : 76.08%
2025-09-27 20:51:12,181 - INFO - 鍔犳潈鏌ュ噯鐜?(Weighted Precision): 0.7491
2025-09-27 20:51:12,181 - INFO - 鍔犳潈鏌ュ叏鐜?(Weighted Recall)   : 0.7608
2025-09-27 20:51:12,181 - INFO - 鍔犳潈F1鍒嗘暟 (Weighted F1-score) : 0.7408
2025-09-27 20:51:12,182 - INFO - --- 鍒嗙被鎶ュ憡 (Classification Report) ---
2025-09-27 20:51:12,182 - INFO -               precision    recall  f1-score   support

           0       0.91      0.76      0.83        79
           1       0.65      0.96      0.77        70
           2       0.80      0.65      0.72        49
           3       0.00      0.00      0.00        11

    accuracy                           0.76       209
   macro avg       0.59      0.59      0.58       209
weighted avg       0.75      0.76      0.74       209

2025-09-27 20:51:12,182 - INFO - 
--- 娣锋穯鐭╅樀 (Confusion Matrix) ---
2025-09-27 20:51:14,801 - INFO - New best model saved with F1: 0.7408
2025-09-27 20:53:43,638 - INFO - Epoch 6, Loss: 0.45832190777972537
2025-09-27 20:53:43,638 - INFO - 
--- eval ---
2025-09-27 20:53:45,932 - INFO - 
--- 璇勪及鎸囨爣 ---
2025-09-27 20:53:45,933 - INFO - 鍑嗙‘鐜?(Accuracy)              : 82.30%
2025-09-27 20:53:45,933 - INFO - 鍔犳潈鏌ュ噯鐜?(Weighted Precision): 0.8172
2025-09-27 20:53:45,933 - INFO - 鍔犳潈鏌ュ叏鐜?(Weighted Recall)   : 0.8230
2025-09-27 20:53:45,933 - INFO - 鍔犳潈F1鍒嗘暟 (Weighted F1-score) : 0.8165
2025-09-27 20:53:45,933 - INFO - --- 鍒嗙被鎶ュ憡 (Classification Report) ---
2025-09-27 20:53:45,933 - INFO -               precision    recall  f1-score   support

           0       0.85      0.94      0.89        79
           1       0.87      0.79      0.83        70
           2       0.75      0.82      0.78        49
           3       0.50      0.27      0.35        11

    accuracy                           0.82       209
   macro avg       0.74      0.70      0.71       209
weighted avg       0.82      0.82      0.82       209

2025-09-27 20:53:45,933 - INFO - 
--- 娣锋穯鐭╅樀 (Confusion Matrix) ---
2025-09-27 20:53:48,551 - INFO - New best model saved with F1: 0.8165
2025-09-27 20:56:16,011 - INFO - Epoch 7, Loss: 0.4303175274730094
2025-09-27 20:56:16,011 - INFO - 
--- eval ---
2025-09-27 20:56:18,347 - INFO - 
--- 璇勪及鎸囨爣 ---
2025-09-27 20:56:18,347 - INFO - 鍑嗙‘鐜?(Accuracy)              : 80.86%
2025-09-27 20:56:18,347 - INFO - 鍔犳潈鏌ュ噯鐜?(Weighted Precision): 0.8232
2025-09-27 20:56:18,347 - INFO - 鍔犳潈鏌ュ叏鐜?(Weighted Recall)   : 0.8086
2025-09-27 20:56:18,347 - INFO - 鍔犳潈F1鍒嗘暟 (Weighted F1-score) : 0.8138
2025-09-27 20:56:18,347 - INFO - --- 鍒嗙被鎶ュ憡 (Classification Report) ---
2025-09-27 20:56:18,347 - INFO -               precision    recall  f1-score   support

           0       0.91      0.89      0.90        79
           1       0.89      0.79      0.83        70
           2       0.71      0.82      0.76        49
           3       0.29      0.36      0.32        11

    accuracy                           0.81       209
   macro avg       0.70      0.71      0.70       209
weighted avg       0.82      0.81      0.81       209

2025-09-27 20:56:18,347 - INFO - 
--- 娣锋穯鐭╅樀 (Confusion Matrix) ---
2025-09-27 20:56:21,112 - INFO - New best model saved with F1: 0.8138
2025-09-27 20:58:49,039 - INFO - Epoch 8, Loss: 0.4212271052266599
2025-09-27 20:58:49,039 - INFO - 
--- eval ---
2025-09-27 20:58:51,338 - INFO - 
--- 璇勪及鎸囨爣 ---
2025-09-27 20:58:51,338 - INFO - 鍑嗙‘鐜?(Accuracy)              : 82.78%
2025-09-27 20:58:51,338 - INFO - 鍔犳潈鏌ュ噯鐜?(Weighted Precision): 0.8381
2025-09-27 20:58:51,338 - INFO - 鍔犳潈鏌ュ叏鐜?(Weighted Recall)   : 0.8278
2025-09-27 20:58:51,338 - INFO - 鍔犳潈F1鍒嗘暟 (Weighted F1-score) : 0.8301
2025-09-27 20:58:51,339 - INFO - --- 鍒嗙被鎶ュ憡 (Classification Report) ---
2025-09-27 20:58:51,339 - INFO -               precision    recall  f1-score   support

           0       0.87      0.94      0.90        79
           1       0.86      0.84      0.85        70
           2       0.88      0.71      0.79        49
           3       0.33      0.45      0.38        11

    accuracy                           0.83       209
   macro avg       0.73      0.74      0.73       209
weighted avg       0.84      0.83      0.83       209

2025-09-27 20:58:51,339 - INFO - 
--- 娣锋穯鐭╅樀 (Confusion Matrix) ---
2025-09-27 20:58:53,979 - INFO - New best model saved with F1: 0.8301
2025-09-27 21:01:21,325 - INFO - Epoch 9, Loss: 0.3993125272385192
2025-09-27 21:01:21,325 - INFO - 
--- eval ---
2025-09-27 21:01:23,661 - INFO - 
--- 璇勪及鎸囨爣 ---
2025-09-27 21:01:23,661 - INFO - 鍑嗙‘鐜?(Accuracy)              : 82.30%
2025-09-27 21:01:23,661 - INFO - 鍔犳潈鏌ュ噯鐜?(Weighted Precision): 0.8175
2025-09-27 21:01:23,661 - INFO - 鍔犳潈鏌ュ叏鐜?(Weighted Recall)   : 0.8230
2025-09-27 21:01:23,661 - INFO - 鍔犳潈F1鍒嗘暟 (Weighted F1-score) : 0.8177
2025-09-27 21:01:23,661 - INFO - --- 鍒嗙被鎶ュ憡 (Classification Report) ---
2025-09-27 21:01:23,661 - INFO -               precision    recall  f1-score   support

           0       0.91      0.89      0.90        79
           1       0.87      0.84      0.86        70
           2       0.71      0.84      0.77        49
           3       0.33      0.18      0.24        11

    accuracy                           0.82       209
   macro avg       0.70      0.69      0.69       209
weighted avg       0.82      0.82      0.82       209

2025-09-27 21:01:23,661 - INFO - 
--- 娣锋穯鐭╅樀 (Confusion Matrix) ---
2025-09-27 21:01:26,274 - INFO - New best model saved with F1: 0.8177
2025-09-27 21:03:54,559 - INFO - Epoch 10, Loss: 0.3793933983904377
2025-09-27 21:03:54,560 - INFO - 
--- eval ---
2025-09-27 21:03:56,881 - INFO - 
--- 璇勪及鎸囨爣 ---
2025-09-27 21:03:56,882 - INFO - 鍑嗙‘鐜?(Accuracy)              : 84.21%
2025-09-27 21:03:56,882 - INFO - 鍔犳潈鏌ュ噯鐜?(Weighted Precision): 0.8330
2025-09-27 21:03:56,882 - INFO - 鍔犳潈鏌ュ叏鐜?(Weighted Recall)   : 0.8421
2025-09-27 21:03:56,882 - INFO - 鍔犳潈F1鍒嗘暟 (Weighted F1-score) : 0.8356
2025-09-27 21:03:56,882 - INFO - --- 鍒嗙被鎶ュ憡 (Classification Report) ---
2025-09-27 21:03:56,882 - INFO -               precision    recall  f1-score   support

           0       0.89      0.92      0.91        79
           1       0.86      0.89      0.87        70
           2       0.78      0.78      0.78        49
           3       0.50      0.27      0.35        11

    accuracy                           0.84       209
   macro avg       0.76      0.71      0.73       209
weighted avg       0.83      0.84      0.84       209

2025-09-27 21:03:56,882 - INFO - 
--- 娣锋穯鐭╅樀 (Confusion Matrix) ---
2025-09-27 21:03:59,529 - INFO - New best model saved with F1: 0.8356
2025-09-27 21:03:59,529 - INFO - 
--- testing ---
2025-09-27 21:04:20,246 - INFO - 
--- 璇勪及鎸囨爣 ---
2025-09-27 21:04:20,246 - INFO - 鍑嗙‘鐜?(Accuracy)              : 87.86%
2025-09-27 21:04:20,246 - INFO - 鍔犳潈鏌ュ噯鐜?(Weighted Precision): 0.8778
2025-09-27 21:04:20,246 - INFO - 鍔犳潈鏌ュ叏鐜?(Weighted Recall)   : 0.8786
2025-09-27 21:04:20,246 - INFO - 鍔犳潈F1鍒嗘暟 (Weighted F1-score) : 0.8755
2025-09-27 21:04:20,246 - INFO - --- 鍒嗙被鎶ュ憡 (Classification Report) ---
2025-09-27 21:04:20,246 - INFO -               precision    recall  f1-score   support

           0       0.91      0.90      0.91       682
           1       0.85      0.95      0.89       610
           2       0.90      0.85      0.88       466
           3       0.76      0.52      0.62       129

    accuracy                           0.88      1887
   macro avg       0.86      0.81      0.82      1887
weighted avg       0.88      0.88      0.88      1887

2025-09-27 21:04:20,246 - INFO - 
--- 娣锋穯鐭╅樀 (Confusion Matrix) ---
2025-09-27 21:04:20,248 - INFO - -----------------  3  -----------------
2025-09-27 21:06:53,103 - INFO - Epoch 1, Loss: 0.6314833371419143
2025-09-27 21:06:53,103 - INFO - 
--- eval ---
2025-09-27 21:06:55,421 - INFO - 
--- 璇勪及鎸囨爣 ---
2025-09-27 21:06:55,421 - INFO - 鍑嗙‘鐜?(Accuracy)              : 78.95%
2025-09-27 21:06:55,421 - INFO - 鍔犳潈鏌ュ噯鐜?(Weighted Precision): 0.7759
2025-09-27 21:06:55,421 - INFO - 鍔犳潈鏌ュ叏鐜?(Weighted Recall)   : 0.7895
2025-09-27 21:06:55,421 - INFO - 鍔犳潈F1鍒嗘暟 (Weighted F1-score) : 0.7730
2025-09-27 21:06:55,422 - INFO - --- 鍒嗙被鎶ュ憡 (Classification Report) ---
2025-09-27 21:06:55,422 - INFO -               precision    recall  f1-score   support

           0       0.89      0.89      0.89        79
           1       0.89      0.73      0.80        70
           2       0.60      0.90      0.72        49
           3       0.00      0.00      0.00        11

    accuracy                           0.79       209
   macro avg       0.60      0.63      0.60       209
weighted avg       0.78      0.79      0.77       209

2025-09-27 21:06:55,422 - INFO - 
--- 娣锋穯鐭╅樀 (Confusion Matrix) ---
2025-09-27 21:06:58,051 - INFO - New best model saved with F1: 0.7730
2025-09-27 21:09:25,973 - INFO - Epoch 2, Loss: 0.5164113062756513
2025-09-27 21:09:25,974 - INFO - 
--- eval ---
2025-09-27 21:09:28,292 - INFO - 
--- 璇勪及鎸囨爣 ---
2025-09-27 21:09:28,293 - INFO - 鍑嗙‘鐜?(Accuracy)              : 80.38%
2025-09-27 21:09:28,293 - INFO - 鍔犳潈鏌ュ噯鐜?(Weighted Precision): 0.7697
2025-09-27 21:09:28,293 - INFO - 鍔犳潈鏌ュ叏鐜?(Weighted Recall)   : 0.8038
2025-09-27 21:09:28,293 - INFO - 鍔犳潈F1鍒嗘暟 (Weighted F1-score) : 0.7829
2025-09-27 21:09:28,293 - INFO - --- 鍒嗙被鎶ュ憡 (Classification Report) ---
2025-09-27 21:09:28,293 - INFO -               precision    recall  f1-score   support

           0       0.82      0.95      0.88        79
           1       0.87      0.76      0.81        70
           2       0.73      0.82      0.77        49
           3       0.00      0.00      0.00        11

    accuracy                           0.80       209
   macro avg       0.60      0.63      0.61       209
weighted avg       0.77      0.80      0.78       209

2025-09-27 21:09:28,293 - INFO - 
--- 娣锋穯鐭╅樀 (Confusion Matrix) ---
2025-09-27 21:09:30,892 - INFO - New best model saved with F1: 0.7829
2025-09-27 21:11:59,059 - INFO - Epoch 3, Loss: 0.4787156797848106
2025-09-27 21:11:59,059 - INFO - 
--- eval ---
2025-09-27 21:12:01,357 - INFO - 
--- 璇勪及鎸囨爣 ---
2025-09-27 21:12:01,357 - INFO - 鍑嗙‘鐜?(Accuracy)              : 80.86%
2025-09-27 21:12:01,357 - INFO - 鍔犳潈鏌ュ噯鐜?(Weighted Precision): 0.8079
2025-09-27 21:12:01,357 - INFO - 鍔犳潈鏌ュ叏鐜?(Weighted Recall)   : 0.8086
2025-09-27 21:12:01,357 - INFO - 鍔犳潈F1鍒嗘暟 (Weighted F1-score) : 0.7973
2025-09-27 21:12:01,357 - INFO - --- 鍒嗙被鎶ュ憡 (Classification Report) ---
2025-09-27 21:12:01,357 - INFO -               precision    recall  f1-score   support

           0       0.90      0.89      0.89        79
           1       0.86      0.80      0.83        70
           2       0.66      0.86      0.74        49
           3       0.50      0.09      0.15        11

    accuracy                           0.81       209
   macro avg       0.73      0.66      0.65       209
weighted avg       0.81      0.81      0.80       209

2025-09-27 21:12:01,357 - INFO - 
--- 娣锋穯鐭╅樀 (Confusion Matrix) ---
2025-09-27 21:12:03,997 - INFO - New best model saved with F1: 0.7973
2025-09-27 21:14:31,349 - INFO - Epoch 4, Loss: 0.4734278217694582
2025-09-27 21:14:31,349 - INFO - 
--- eval ---
2025-09-27 21:14:33,659 - INFO - 
--- 璇勪及鎸囨爣 ---
2025-09-27 21:14:33,660 - INFO - 鍑嗙‘鐜?(Accuracy)              : 78.95%
2025-09-27 21:14:33,660 - INFO - 鍔犳潈鏌ュ噯鐜?(Weighted Precision): 0.8113
2025-09-27 21:14:33,660 - INFO - 鍔犳潈鏌ュ叏鐜?(Weighted Recall)   : 0.7895
2025-09-27 21:14:33,660 - INFO - 鍔犳潈F1鍒嗘暟 (Weighted F1-score) : 0.7910
2025-09-27 21:14:33,660 - INFO - --- 鍒嗙被鎶ュ憡 (Classification Report) ---
2025-09-27 21:14:33,660 - INFO -               precision    recall  f1-score   support

           0       0.87      0.91      0.89        79
           1       0.92      0.67      0.78        70
           2       0.69      0.88      0.77        49
           3       0.23      0.27      0.25        11

    accuracy                           0.79       209
   macro avg       0.68      0.68      0.67       209
weighted avg       0.81      0.79      0.79       209

2025-09-27 21:14:33,660 - INFO - 
--- 娣锋穯鐭╅樀 (Confusion Matrix) ---
2025-09-27 21:14:36,276 - INFO - New best model saved with F1: 0.7910
2025-09-27 21:17:04,065 - INFO - Epoch 5, Loss: 0.4660535399144625
2025-09-27 21:17:04,065 - INFO - 
--- eval ---
2025-09-27 21:17:06,387 - INFO - 
--- 璇勪及鎸囨爣 ---
2025-09-27 21:17:06,387 - INFO - 鍑嗙‘鐜?(Accuracy)              : 79.90%
2025-09-27 21:17:06,387 - INFO - 鍔犳潈鏌ュ噯鐜?(Weighted Precision): 0.8159
2025-09-27 21:17:06,387 - INFO - 鍔犳潈鏌ュ叏鐜?(Weighted Recall)   : 0.7990
2025-09-27 21:17:06,387 - INFO - 鍔犳潈F1鍒嗘暟 (Weighted F1-score) : 0.8049
2025-09-27 21:17:06,387 - INFO - --- 鍒嗙被鎶ュ憡 (Classification Report) ---
2025-09-27 21:17:06,387 - INFO -               precision    recall  f1-score   support

           0       0.91      0.89      0.90        79
           1       0.89      0.77      0.82        70
           2       0.70      0.82      0.75        49
           3       0.21      0.27      0.24        11

    accuracy                           0.80       209
   macro avg       0.68      0.69      0.68       209
weighted avg       0.82      0.80      0.80       209

2025-09-27 21:17:06,388 - INFO - 
--- 娣锋穯鐭╅樀 (Confusion Matrix) ---
2025-09-27 21:17:09,858 - INFO - New best model saved with F1: 0.8049
2025-09-27 21:19:37,097 - INFO - Epoch 6, Loss: 0.4481840779353542
2025-09-27 21:19:37,097 - INFO - 
--- eval ---
2025-09-27 21:19:39,416 - INFO - 
--- 璇勪及鎸囨爣 ---
2025-09-27 21:19:39,416 - INFO - 鍑嗙‘鐜?(Accuracy)              : 81.34%
2025-09-27 21:19:39,416 - INFO - 鍔犳潈鏌ュ噯鐜?(Weighted Precision): 0.8279
2025-09-27 21:19:39,417 - INFO - 鍔犳潈鏌ュ叏鐜?(Weighted Recall)   : 0.8134
2025-09-27 21:19:39,417 - INFO - 鍔犳潈F1鍒嗘暟 (Weighted F1-score) : 0.8190
2025-09-27 21:19:39,417 - INFO - --- 鍒嗙被鎶ュ憡 (Classification Report) ---
2025-09-27 21:19:39,417 - INFO -               precision    recall  f1-score   support

           0       0.91      0.86      0.88        79
           1       0.86      0.80      0.83        70
           2       0.75      0.82      0.78        49
           3       0.38      0.55      0.44        11

    accuracy                           0.81       209
   macro avg       0.72      0.76      0.74       209
weighted avg       0.83      0.81      0.82       209

2025-09-27 21:19:39,417 - INFO - 
--- 娣锋穯鐭╅樀 (Confusion Matrix) ---
2025-09-27 21:19:42,076 - INFO - New best model saved with F1: 0.8190
2025-09-27 21:22:09,140 - INFO - Epoch 7, Loss: 0.4321268897357525
2025-09-27 21:22:09,140 - INFO - 
--- eval ---
2025-09-27 21:22:11,455 - INFO - 
--- 璇勪及鎸囨爣 ---
2025-09-27 21:22:11,455 - INFO - 鍑嗙‘鐜?(Accuracy)              : 84.21%
2025-09-27 21:22:11,455 - INFO - 鍔犳潈鏌ュ噯鐜?(Weighted Precision): 0.8489
2025-09-27 21:22:11,455 - INFO - 鍔犳潈鏌ュ叏鐜?(Weighted Recall)   : 0.8421
2025-09-27 21:22:11,455 - INFO - 鍔犳潈F1鍒嗘暟 (Weighted F1-score) : 0.8247
2025-09-27 21:22:11,455 - INFO - --- 鍒嗙被鎶ュ憡 (Classification Report) ---
2025-09-27 21:22:11,455 - INFO -               precision    recall  f1-score   support

           0       0.88      0.94      0.91        79
           1       0.83      0.90      0.86        70
           2       0.79      0.78      0.78        49
           3       1.00      0.09      0.17        11

    accuracy                           0.84       209
   macro avg       0.88      0.68      0.68       209
weighted avg       0.85      0.84      0.82       209

2025-09-27 21:22:11,455 - INFO - 
--- 娣锋穯鐭╅樀 (Confusion Matrix) ---
2025-09-27 21:22:14,059 - INFO - New best model saved with F1: 0.8247
2025-09-27 21:24:40,407 - INFO - Epoch 8, Loss: 0.4190384617130108
2025-09-27 21:24:40,407 - INFO - 
--- eval ---
2025-09-27 21:24:42,697 - INFO - 
--- 璇勪及鎸囨爣 ---
2025-09-27 21:24:42,697 - INFO - 鍑嗙‘鐜?(Accuracy)              : 83.25%
2025-09-27 21:24:42,697 - INFO - 鍔犳潈鏌ュ噯鐜?(Weighted Precision): 0.8440
2025-09-27 21:24:42,697 - INFO - 鍔犳潈鏌ュ叏鐜?(Weighted Recall)   : 0.8325
2025-09-27 21:24:42,697 - INFO - 鍔犳潈F1鍒嗘暟 (Weighted F1-score) : 0.8172
2025-09-27 21:24:42,697 - INFO - --- 鍒嗙被鎶ュ憡 (Classification Report) ---
2025-09-27 21:24:42,697 - INFO -               precision    recall  f1-score   support

           0       0.91      0.89      0.90        79
           1       0.82      0.90      0.86        70
           2       0.74      0.82      0.78        49
           3       1.00      0.09      0.17        11

    accuracy                           0.83       209
   macro avg       0.87      0.67      0.67       209
weighted avg       0.84      0.83      0.82       209

2025-09-27 21:24:42,698 - INFO - 
--- 娣锋穯鐭╅樀 (Confusion Matrix) ---
2025-09-27 21:24:45,350 - INFO - New best model saved with F1: 0.8172
2025-09-27 21:27:11,540 - INFO - Epoch 9, Loss: 0.40341750120750197
2025-09-27 21:27:11,540 - INFO - 
--- eval ---
2025-09-27 21:27:13,833 - INFO - 
--- 璇勪及鎸囨爣 ---
2025-09-27 21:27:13,833 - INFO - 鍑嗙‘鐜?(Accuracy)              : 80.86%
2025-09-27 21:27:13,833 - INFO - 鍔犳潈鏌ュ噯鐜?(Weighted Precision): 0.8222
2025-09-27 21:27:13,833 - INFO - 鍔犳潈鏌ュ叏鐜?(Weighted Recall)   : 0.8086
2025-09-27 21:27:13,833 - INFO - 鍔犳潈F1鍒嗘暟 (Weighted F1-score) : 0.8140
2025-09-27 21:27:13,833 - INFO - --- 鍒嗙被鎶ュ憡 (Classification Report) ---
2025-09-27 21:27:13,833 - INFO -               precision    recall  f1-score   support

           0       0.92      0.85      0.88        79
           1       0.84      0.81      0.83        70
           2       0.75      0.82      0.78        49
           3       0.33      0.45      0.38        11

    accuracy                           0.81       209
   macro avg       0.71      0.73      0.72       209
weighted avg       0.82      0.81      0.81       209

2025-09-27 21:27:13,833 - INFO - 
--- 娣锋穯鐭╅樀 (Confusion Matrix) ---
2025-09-27 21:27:16,489 - INFO - New best model saved with F1: 0.8140
2025-09-27 21:29:42,861 - INFO - Epoch 10, Loss: 0.3808015592387129
2025-09-27 21:29:42,862 - INFO - 
--- eval ---
2025-09-27 21:29:45,157 - INFO - 
--- 璇勪及鎸囨爣 ---
2025-09-27 21:29:45,157 - INFO - 鍑嗙‘鐜?(Accuracy)              : 83.73%
2025-09-27 21:29:45,157 - INFO - 鍔犳潈鏌ュ噯鐜?(Weighted Precision): 0.8239
2025-09-27 21:29:45,157 - INFO - 鍔犳潈鏌ュ叏鐜?(Weighted Recall)   : 0.8373
2025-09-27 21:29:45,157 - INFO - 鍔犳潈F1鍒嗘暟 (Weighted F1-score) : 0.8291
2025-09-27 21:29:45,157 - INFO - --- 鍒嗙被鎶ュ憡 (Classification Report) ---
2025-09-27 21:29:45,157 - INFO -               precision    recall  f1-score   support

           0       0.88      0.94      0.91        79
           1       0.86      0.87      0.87        70
           2       0.79      0.78      0.78        49
           3       0.33      0.18      0.24        11

    accuracy                           0.84       209
   macro avg       0.72      0.69      0.70       209
weighted avg       0.82      0.84      0.83       209

2025-09-27 21:29:45,157 - INFO - 
--- 娣锋穯鐭╅樀 (Confusion Matrix) ---
2025-09-27 21:29:47,791 - INFO - New best model saved with F1: 0.8291
2025-09-27 21:29:47,791 - INFO - 
--- testing ---
2025-09-27 21:30:08,357 - INFO - 
--- 璇勪及鎸囨爣 ---
2025-09-27 21:30:08,357 - INFO - 鍑嗙‘鐜?(Accuracy)              : 87.76%
2025-09-27 21:30:08,357 - INFO - 鍔犳潈鏌ュ噯鐜?(Weighted Precision): 0.8762
2025-09-27 21:30:08,357 - INFO - 鍔犳潈鏌ュ叏鐜?(Weighted Recall)   : 0.8776
2025-09-27 21:30:08,357 - INFO - 鍔犳潈F1鍒嗘暟 (Weighted F1-score) : 0.8743
2025-09-27 21:30:08,357 - INFO - --- 鍒嗙被鎶ュ憡 (Classification Report) ---
2025-09-27 21:30:08,357 - INFO -               precision    recall  f1-score   support

           0       0.90      0.90      0.90       682
           1       0.86      0.93      0.89       610
           2       0.88      0.87      0.88       466
           3       0.80      0.51      0.62       129

    accuracy                           0.88      1887
   macro avg       0.86      0.80      0.82      1887
weighted avg       0.88      0.88      0.87      1887

2025-09-27 21:30:08,357 - INFO - 
--- 娣锋穯鐭╅樀 (Confusion Matrix) ---
2025-09-27 21:30:08,359 - INFO - -----------------  4  -----------------
2025-09-27 21:32:40,252 - INFO - Epoch 1, Loss: 0.7487881299035222
2025-09-27 21:32:40,252 - INFO - 
--- eval ---
2025-09-27 21:32:42,549 - INFO - 
--- 璇勪及鎸囨爣 ---
2025-09-27 21:32:42,550 - INFO - 鍑嗙‘鐜?(Accuracy)              : 82.78%
2025-09-27 21:32:42,550 - INFO - 鍔犳潈鏌ュ噯鐜?(Weighted Precision): 0.7905
2025-09-27 21:32:42,550 - INFO - 鍔犳潈鏌ュ叏鐜?(Weighted Recall)   : 0.8278
2025-09-27 21:32:42,550 - INFO - 鍔犳潈F1鍒嗘暟 (Weighted F1-score) : 0.8054
2025-09-27 21:32:42,550 - INFO - --- 鍒嗙被鎶ュ憡 (Classification Report) ---
2025-09-27 21:32:42,550 - INFO -               precision    recall  f1-score   support

           0       0.91      0.89      0.90        79
           1       0.76      0.94      0.84        70
           2       0.82      0.76      0.79        49
           3       0.00      0.00      0.00        11

    accuracy                           0.83       209
   macro avg       0.62      0.65      0.63       209
weighted avg       0.79      0.83      0.81       209

2025-09-27 21:32:42,550 - INFO - 
--- 娣锋穯鐭╅樀 (Confusion Matrix) ---
2025-09-27 21:32:45,434 - INFO - New best model saved with F1: 0.8054
2025-09-27 21:35:12,323 - INFO - Epoch 2, Loss: 0.5114836319885369
2025-09-27 21:35:12,323 - INFO - 
--- eval ---
2025-09-27 21:35:14,613 - INFO - 
--- 璇勪及鎸囨爣 ---
2025-09-27 21:35:14,613 - INFO - 鍑嗙‘鐜?(Accuracy)              : 83.25%
2025-09-27 21:35:14,613 - INFO - 鍔犳潈鏌ュ噯鐜?(Weighted Precision): 0.7930
2025-09-27 21:35:14,614 - INFO - 鍔犳潈鏌ュ叏鐜?(Weighted Recall)   : 0.8325
2025-09-27 21:35:14,614 - INFO - 鍔犳潈F1鍒嗘暟 (Weighted F1-score) : 0.8111
2025-09-27 21:35:14,614 - INFO - --- 鍒嗙被鎶ュ憡 (Classification Report) ---
2025-09-27 21:35:14,614 - INFO -               precision    recall  f1-score   support

           0       0.92      0.89      0.90        79
           1       0.80      0.91      0.85        70
           2       0.75      0.82      0.78        49
           3       0.00      0.00      0.00        11

    accuracy                           0.83       209
   macro avg       0.62      0.65      0.64       209
weighted avg       0.79      0.83      0.81       209

2025-09-27 21:35:14,614 - INFO - 
--- 娣锋穯鐭╅樀 (Confusion Matrix) ---
2025-09-27 21:35:17,232 - INFO - New best model saved with F1: 0.8111
2025-09-27 21:37:44,062 - INFO - Epoch 3, Loss: 0.4935628126460596
2025-09-27 21:37:44,062 - INFO - 
--- eval ---
2025-09-27 21:37:46,355 - INFO - 
--- 璇勪及鎸囨爣 ---
2025-09-27 21:37:46,356 - INFO - 鍑嗙‘鐜?(Accuracy)              : 85.17%
2025-09-27 21:37:46,356 - INFO - 鍔犳潈鏌ュ噯鐜?(Weighted Precision): 0.8462
2025-09-27 21:37:46,356 - INFO - 鍔犳潈鏌ュ叏鐜?(Weighted Recall)   : 0.8517
2025-09-27 21:37:46,356 - INFO - 鍔犳潈F1鍒嗘暟 (Weighted F1-score) : 0.8460
2025-09-27 21:37:46,356 - INFO - --- 鍒嗙被鎶ュ憡 (Classification Report) ---
2025-09-27 21:37:46,356 - INFO -               precision    recall  f1-score   support

           0       0.88      0.94      0.91        79
           1       0.85      0.89      0.87        70
           2       0.83      0.78      0.80        49
           3       0.67      0.36      0.47        11

    accuracy                           0.85       209
   macro avg       0.81      0.74      0.76       209
weighted avg       0.85      0.85      0.85       209

2025-09-27 21:37:46,356 - INFO - 
--- 娣锋穯鐭╅樀 (Confusion Matrix) ---
2025-09-27 21:37:49,972 - INFO - New best model saved with F1: 0.8460
2025-09-27 21:40:16,471 - INFO - Epoch 4, Loss: 0.5045436915326742
2025-09-27 21:40:16,471 - INFO - 
--- eval ---
2025-09-27 21:40:18,768 - INFO - 
--- 璇勪及鎸囨爣 ---
2025-09-27 21:40:18,768 - INFO - 鍑嗙‘鐜?(Accuracy)              : 84.69%
2025-09-27 21:40:18,768 - INFO - 鍔犳潈鏌ュ噯鐜?(Weighted Precision): 0.8439
2025-09-27 21:40:18,768 - INFO - 鍔犳潈鏌ュ叏鐜?(Weighted Recall)   : 0.8469
2025-09-27 21:40:18,768 - INFO - 鍔犳潈F1鍒嗘暟 (Weighted F1-score) : 0.8440
2025-09-27 21:40:18,768 - INFO - --- 鍒嗙被鎶ュ憡 (Classification Report) ---
2025-09-27 21:40:18,768 - INFO -               precision    recall  f1-score   support

           0       0.91      0.91      0.91        79
           1       0.83      0.91      0.87        70
           2       0.82      0.73      0.77        49
           3       0.56      0.45      0.50        11

    accuracy                           0.85       209
   macro avg       0.78      0.75      0.76       209
weighted avg       0.84      0.85      0.84       209

2025-09-27 21:40:18,768 - INFO - 
--- 娣锋穯鐭╅樀 (Confusion Matrix) ---
2025-09-27 21:40:21,380 - INFO - New best model saved with F1: 0.8440
2025-09-27 21:42:47,795 - INFO - Epoch 5, Loss: 0.4708719110661156
2025-09-27 21:42:47,795 - INFO - 
--- eval ---
2025-09-27 21:42:50,094 - INFO - 
--- 璇勪及鎸囨爣 ---
2025-09-27 21:42:50,094 - INFO - 鍑嗙‘鐜?(Accuracy)              : 76.56%
2025-09-27 21:42:50,094 - INFO - 鍔犳潈鏌ュ噯鐜?(Weighted Precision): 0.7837
2025-09-27 21:42:50,094 - INFO - 鍔犳潈鏌ュ叏鐜?(Weighted Recall)   : 0.7656
2025-09-27 21:42:50,094 - INFO - 鍔犳潈F1鍒嗘暟 (Weighted F1-score) : 0.7684
2025-09-27 21:42:50,094 - INFO - --- 鍒嗙被鎶ュ憡 (Classification Report) ---
2025-09-27 21:42:50,095 - INFO -               precision    recall  f1-score   support

           0       0.90      0.71      0.79        79
           1       0.76      0.87      0.81        70
           2       0.72      0.78      0.75        49
           3       0.36      0.45      0.40        11

    accuracy                           0.77       209
   macro avg       0.68      0.70      0.69       209
weighted avg       0.78      0.77      0.77       209

2025-09-27 21:42:50,095 - INFO - 
--- 娣锋穯鐭╅樀 (Confusion Matrix) ---
2025-09-27 21:42:52,723 - INFO - New best model saved with F1: 0.7684
2025-09-27 21:45:19,123 - INFO - Epoch 6, Loss: 0.44844278635980644
2025-09-27 21:45:19,124 - INFO - 
--- eval ---
2025-09-27 21:45:21,427 - INFO - 
--- 璇勪及鎸囨爣 ---
2025-09-27 21:45:21,427 - INFO - 鍑嗙‘鐜?(Accuracy)              : 83.73%
2025-09-27 21:45:21,427 - INFO - 鍔犳潈鏌ュ噯鐜?(Weighted Precision): 0.8359
2025-09-27 21:45:21,427 - INFO - 鍔犳潈鏌ュ叏鐜?(Weighted Recall)   : 0.8373
2025-09-27 21:45:21,427 - INFO - 鍔犳潈F1鍒嗘暟 (Weighted F1-score) : 0.8346
2025-09-27 21:45:21,428 - INFO - --- 鍒嗙被鎶ュ憡 (Classification Report) ---
2025-09-27 21:45:21,428 - INFO -               precision    recall  f1-score   support

           0       0.85      0.94      0.89        79
           1       0.86      0.86      0.86        70
           2       0.86      0.73      0.79        49
           3       0.50      0.45      0.48        11

    accuracy                           0.84       209
   macro avg       0.77      0.75      0.75       209
weighted avg       0.84      0.84      0.83       209

2025-09-27 21:45:21,428 - INFO - 
--- 娣锋穯鐭╅樀 (Confusion Matrix) ---
2025-09-27 21:45:24,060 - INFO - New best model saved with F1: 0.8346
2025-09-27 21:47:49,843 - INFO - Epoch 7, Loss: 0.4258680923345797
2025-09-27 21:47:49,843 - INFO - 
--- eval ---
2025-09-27 21:47:52,113 - INFO - 
--- 璇勪及鎸囨爣 ---
2025-09-27 21:47:52,113 - INFO - 鍑嗙‘鐜?(Accuracy)              : 84.69%
2025-09-27 21:47:52,113 - INFO - 鍔犳潈鏌ュ噯鐜?(Weighted Precision): 0.8533
2025-09-27 21:47:52,113 - INFO - 鍔犳潈鏌ュ叏鐜?(Weighted Recall)   : 0.8469
2025-09-27 21:47:52,113 - INFO - 鍔犳潈F1鍒嗘暟 (Weighted F1-score) : 0.8334
2025-09-27 21:47:52,113 - INFO - --- 鍒嗙被鎶ュ憡 (Classification Report) ---
2025-09-27 21:47:52,113 - INFO -               precision    recall  f1-score   support

           0       0.86      0.95      0.90        79
           1       0.83      0.90      0.86        70
           2       0.84      0.76      0.80        49
           3       1.00      0.18      0.31        11

    accuracy                           0.85       209
   macro avg       0.88      0.70      0.72       209
weighted avg       0.85      0.85      0.83       209

2025-09-27 21:47:52,113 - INFO - 
--- 娣锋穯鐭╅樀 (Confusion Matrix) ---
2025-09-27 21:47:54,923 - INFO - New best model saved with F1: 0.8334
2025-09-27 21:50:21,400 - INFO - Epoch 8, Loss: 0.420261419819534
2025-09-27 21:50:21,400 - INFO - 
--- eval ---
2025-09-27 21:50:23,701 - INFO - 
--- 璇勪及鎸囨爣 ---
2025-09-27 21:50:23,701 - INFO - 鍑嗙‘鐜?(Accuracy)              : 81.34%
2025-09-27 21:50:23,701 - INFO - 鍔犳潈鏌ュ噯鐜?(Weighted Precision): 0.8444
2025-09-27 21:50:23,701 - INFO - 鍔犳潈鏌ュ叏鐜?(Weighted Recall)   : 0.8134
2025-09-27 21:50:23,701 - INFO - 鍔犳潈F1鍒嗘暟 (Weighted F1-score) : 0.8258
2025-09-27 21:50:23,701 - INFO - --- 鍒嗙被鎶ュ憡 (Classification Report) ---
2025-09-27 21:50:23,701 - INFO -               precision    recall  f1-score   support

           0       0.92      0.89      0.90        79
           1       0.88      0.83      0.85        70
           2       0.80      0.73      0.77        49
           3       0.27      0.55      0.36        11

    accuracy                           0.81       209
   macro avg       0.72      0.75      0.72       209
weighted avg       0.84      0.81      0.83       209

2025-09-27 21:50:23,701 - INFO - 
--- 娣锋穯鐭╅樀 (Confusion Matrix) ---
2025-09-27 21:50:26,342 - INFO - New best model saved with F1: 0.8258
2025-09-27 21:52:52,402 - INFO - Epoch 9, Loss: 0.4063253367800582
2025-09-27 21:52:52,402 - INFO - 
--- eval ---
2025-09-27 21:52:54,678 - INFO - 
--- 璇勪及鎸囨爣 ---
2025-09-27 21:52:54,678 - INFO - 鍑嗙‘鐜?(Accuracy)              : 83.73%
2025-09-27 21:52:54,678 - INFO - 鍔犳潈鏌ュ噯鐜?(Weighted Precision): 0.8178
2025-09-27 21:52:54,678 - INFO - 鍔犳潈鏌ュ叏鐜?(Weighted Recall)   : 0.8373
2025-09-27 21:52:54,678 - INFO - 鍔犳潈F1鍒嗘暟 (Weighted F1-score) : 0.8236
2025-09-27 21:52:54,679 - INFO - --- 鍒嗙被鎶ュ憡 (Classification Report) ---
2025-09-27 21:52:54,679 - INFO -               precision    recall  f1-score   support

           0       0.89      0.92      0.91        79
           1       0.85      0.89      0.87        70
           2       0.76      0.80      0.78        49
           3       0.33      0.09      0.14        11

    accuracy                           0.84       209
   macro avg       0.71      0.67      0.67       209
weighted avg       0.82      0.84      0.82       209

2025-09-27 21:52:54,679 - INFO - 
--- 娣锋穯鐭╅樀 (Confusion Matrix) ---
2025-09-27 21:52:57,307 - INFO - New best model saved with F1: 0.8236
2025-09-27 21:55:23,007 - INFO - Epoch 10, Loss: 0.37805829752005293
2025-09-27 21:55:23,008 - INFO - 
--- eval ---
2025-09-27 21:55:25,286 - INFO - 
--- 璇勪及鎸囨爣 ---
2025-09-27 21:55:25,286 - INFO - 鍑嗙‘鐜?(Accuracy)              : 83.73%
2025-09-27 21:55:25,286 - INFO - 鍔犳潈鏌ュ噯鐜?(Weighted Precision): 0.8319
2025-09-27 21:55:25,286 - INFO - 鍔犳潈鏌ュ叏鐜?(Weighted Recall)   : 0.8373
2025-09-27 21:55:25,287 - INFO - 鍔犳潈F1鍒嗘暟 (Weighted F1-score) : 0.8343
2025-09-27 21:55:25,287 - INFO - --- 鍒嗙被鎶ュ憡 (Classification Report) ---
2025-09-27 21:55:25,287 - INFO -               precision    recall  f1-score   support

           0       0.89      0.92      0.91        79
           1       0.87      0.86      0.86        70
           2       0.80      0.80      0.80        49
           3       0.33      0.27      0.30        11

    accuracy                           0.84       209
   macro avg       0.72      0.71      0.72       209
weighted avg       0.83      0.84      0.83       209

2025-09-27 21:55:25,287 - INFO - 
--- 娣锋穯鐭╅樀 (Confusion Matrix) ---
2025-09-27 21:55:28,073 - INFO - New best model saved with F1: 0.8343
2025-09-27 21:55:28,074 - INFO - 
--- testing ---
2025-09-27 21:55:48,576 - INFO - 
--- 璇勪及鎸囨爣 ---
2025-09-27 21:55:48,576 - INFO - 鍑嗙‘鐜?(Accuracy)              : 87.92%
2025-09-27 21:55:48,576 - INFO - 鍔犳潈鏌ュ噯鐜?(Weighted Precision): 0.8776
2025-09-27 21:55:48,576 - INFO - 鍔犳潈鏌ュ叏鐜?(Weighted Recall)   : 0.8792
2025-09-27 21:55:48,576 - INFO - 鍔犳潈F1鍒嗘暟 (Weighted F1-score) : 0.8778
2025-09-27 21:55:48,576 - INFO - --- 鍒嗙被鎶ュ憡 (Classification Report) ---
2025-09-27 21:55:48,576 - INFO -               precision    recall  f1-score   support

           0       0.91      0.89      0.90       682
           1       0.88      0.92      0.90       610
           2       0.87      0.88      0.88       466
           3       0.70      0.59      0.64       129

    accuracy                           0.88      1887
   macro avg       0.84      0.82      0.83      1887
weighted avg       0.88      0.88      0.88      1887

2025-09-27 21:55:48,576 - INFO - 
--- 娣锋穯鐭╅樀 (Confusion Matrix) ---
2025-09-27 21:55:48,579 - INFO - 

==================== 瀹為獙鏈€缁堢粨鏋?(5娆¤繍琛? ====================

2025-09-27 21:55:48,580 - INFO - 妯″瀷瀹為檯鎬ц兘 (Mean 卤 Std Dev):
2025-09-27 21:55:48,580 - INFO - ----------------------------------------------------------------------
2025-09-27 21:55:48,580 - INFO -   - Accuracy             : 0.8799 卤 0.0019
2025-09-27 21:55:48,580 - INFO -   - Weighted Precision   : 0.8784 卤 0.0015
2025-09-27 21:55:48,580 - INFO -   - Weighted Recall      : 0.8799 卤 0.0019
2025-09-27 21:55:48,580 - INFO -   - Weighted F1-score    : 0.8776 卤 0.0024
2025-09-27 21:55:48,580 - INFO - ----------------------------------------------------------------------
2025-09-27 21:55:48,580 - INFO - 
============================================================

