2025-09-29 08:27:34,112 - INFO - Using GPU: NVIDIA GeForce RTX 3090
2025-09-29 08:28:03,902 - INFO - -----------------  0  -----------------
2025-09-29 08:30:41,776 - INFO - Epoch 1, Loss: 0.9782020913169177
2025-09-29 08:30:41,776 - INFO - 
--- eval ---
2025-09-29 08:30:44,279 - INFO - 
--- 璇勪及鎸囨爣 ---
2025-09-29 08:30:44,279 - INFO - 鍑嗙‘鐜?(Accuracy)              : 83.25%
2025-09-29 08:30:44,279 - INFO - 鍔犳潈鏌ュ噯鐜?(Weighted Precision): 0.7918
2025-09-29 08:30:44,279 - INFO - 鍔犳潈鏌ュ叏鐜?(Weighted Recall)   : 0.8325
2025-09-29 08:30:44,279 - INFO - 鍔犳潈F1鍒嗘暟 (Weighted F1-score) : 0.8090
2025-09-29 08:30:44,279 - INFO - --- 鍒嗙被鎶ュ憡 (Classification Report) ---
2025-09-29 08:30:44,279 - INFO -               precision    recall  f1-score   support

           0       0.81      0.97      0.89        79
           1       0.92      0.87      0.90        70
           2       0.75      0.73      0.74        49
           3       0.00      0.00      0.00        11

    accuracy                           0.83       209
   macro avg       0.62      0.65      0.63       209
weighted avg       0.79      0.83      0.81       209

2025-09-29 08:30:44,279 - INFO - 
--- 娣锋穯鐭╅樀 (Confusion Matrix) ---
2025-09-29 08:30:44,986 - INFO - New best model saved with F1: 0.8090
2025-09-29 08:33:07,782 - INFO - Epoch 2, Loss: 0.34822574778638016
2025-09-29 08:33:07,782 - INFO - 
--- eval ---
2025-09-29 08:33:09,908 - INFO - 
--- 璇勪及鎸囨爣 ---
2025-09-29 08:33:09,909 - INFO - 鍑嗙‘鐜?(Accuracy)              : 88.52%
2025-09-29 08:33:09,909 - INFO - 鍔犳潈鏌ュ噯鐜?(Weighted Precision): 0.8850
2025-09-29 08:33:09,909 - INFO - 鍔犳潈鏌ュ叏鐜?(Weighted Recall)   : 0.8852
2025-09-29 08:33:09,909 - INFO - 鍔犳潈F1鍒嗘暟 (Weighted F1-score) : 0.8841
2025-09-29 08:33:09,909 - INFO - --- 鍒嗙被鎶ュ憡 (Classification Report) ---
2025-09-29 08:33:09,909 - INFO -               precision    recall  f1-score   support

           0       0.90      0.92      0.91        79
           1       0.94      0.89      0.91        70
           2       0.83      0.90      0.86        49
           3       0.67      0.55      0.60        11

    accuracy                           0.89       209
   macro avg       0.83      0.81      0.82       209
weighted avg       0.89      0.89      0.88       209

2025-09-29 08:33:09,909 - INFO - 
--- 娣锋穯鐭╅樀 (Confusion Matrix) ---
2025-09-29 08:33:12,366 - INFO - New best model saved with F1: 0.8841
2025-09-29 08:35:35,067 - INFO - Epoch 3, Loss: 0.331316081140863
2025-09-29 08:35:35,067 - INFO - 
--- eval ---
2025-09-29 08:35:37,187 - INFO - 
--- 璇勪及鎸囨爣 ---
2025-09-29 08:35:37,188 - INFO - 鍑嗙‘鐜?(Accuracy)              : 88.04%
2025-09-29 08:35:37,188 - INFO - 鍔犳潈鏌ュ噯鐜?(Weighted Precision): 0.8890
2025-09-29 08:35:37,188 - INFO - 鍔犳潈鏌ュ叏鐜?(Weighted Recall)   : 0.8804
2025-09-29 08:35:37,188 - INFO - 鍔犳潈F1鍒嗘暟 (Weighted F1-score) : 0.8665
2025-09-29 08:35:37,188 - INFO - --- 鍒嗙被鎶ュ憡 (Classification Report) ---
2025-09-29 08:35:37,188 - INFO -               precision    recall  f1-score   support

           0       0.85      0.99      0.91        79
           1       0.89      0.93      0.91        70
           2       0.93      0.80      0.86        49
           3       1.00      0.18      0.31        11

    accuracy                           0.88       209
   macro avg       0.92      0.72      0.75       209
weighted avg       0.89      0.88      0.87       209

2025-09-29 08:35:37,188 - INFO - 
--- 娣锋穯鐭╅樀 (Confusion Matrix) ---
2025-09-29 08:35:39,875 - INFO - New best model saved with F1: 0.8665
2025-09-29 08:38:03,049 - INFO - Epoch 4, Loss: 0.34318420236239366
2025-09-29 08:38:03,049 - INFO - 
--- eval ---
2025-09-29 08:38:05,168 - INFO - 
--- 璇勪及鎸囨爣 ---
2025-09-29 08:38:05,168 - INFO - 鍑嗙‘鐜?(Accuracy)              : 88.04%
2025-09-29 08:38:05,168 - INFO - 鍔犳潈鏌ュ噯鐜?(Weighted Precision): 0.8885
2025-09-29 08:38:05,168 - INFO - 鍔犳潈鏌ュ叏鐜?(Weighted Recall)   : 0.8804
2025-09-29 08:38:05,168 - INFO - 鍔犳潈F1鍒嗘暟 (Weighted F1-score) : 0.8822
2025-09-29 08:38:05,168 - INFO - --- 鍒嗙被鎶ュ憡 (Classification Report) ---
2025-09-29 08:38:05,168 - INFO -               precision    recall  f1-score   support

           0       0.91      0.94      0.93        79
           1       0.95      0.83      0.89        70
           2       0.83      0.90      0.86        49
           3       0.57      0.73      0.64        11

    accuracy                           0.88       209
   macro avg       0.82      0.85      0.83       209
weighted avg       0.89      0.88      0.88       209

2025-09-29 08:38:05,168 - INFO - 
--- 娣锋穯鐭╅樀 (Confusion Matrix) ---
2025-09-29 08:38:07,772 - INFO - New best model saved with F1: 0.8822
2025-09-29 08:40:30,829 - INFO - Epoch 5, Loss: 0.35457447399058095
2025-09-29 08:40:30,829 - INFO - 
--- eval ---
2025-09-29 08:40:32,948 - INFO - 
--- 璇勪及鎸囨爣 ---
2025-09-29 08:40:32,948 - INFO - 鍑嗙‘鐜?(Accuracy)              : 84.69%
2025-09-29 08:40:32,948 - INFO - 鍔犳潈鏌ュ噯鐜?(Weighted Precision): 0.8535
2025-09-29 08:40:32,948 - INFO - 鍔犳潈鏌ュ叏鐜?(Weighted Recall)   : 0.8469
2025-09-29 08:40:32,948 - INFO - 鍔犳潈F1鍒嗘暟 (Weighted F1-score) : 0.8486
2025-09-29 08:40:32,948 - INFO - --- 鍒嗙被鎶ュ憡 (Classification Report) ---
2025-09-29 08:40:32,948 - INFO -               precision    recall  f1-score   support

           0       0.91      0.89      0.90        79
           1       0.91      0.83      0.87        70
           2       0.77      0.88      0.82        49
           3       0.50      0.55      0.52        11

    accuracy                           0.85       209
   macro avg       0.77      0.78      0.78       209
weighted avg       0.85      0.85      0.85       209

2025-09-29 08:40:32,948 - INFO - 
--- 娣锋穯鐭╅樀 (Confusion Matrix) ---
2025-09-29 08:40:35,559 - INFO - New best model saved with F1: 0.8486
2025-09-29 08:42:58,153 - INFO - Epoch 6, Loss: 0.36484935332745544
2025-09-29 08:42:58,153 - INFO - 
--- eval ---
2025-09-29 08:43:00,272 - INFO - 
--- 璇勪及鎸囨爣 ---
2025-09-29 08:43:00,272 - INFO - 鍑嗙‘鐜?(Accuracy)              : 86.60%
2025-09-29 08:43:00,272 - INFO - 鍔犳潈鏌ュ噯鐜?(Weighted Precision): 0.8677
2025-09-29 08:43:00,272 - INFO - 鍔犳潈鏌ュ叏鐜?(Weighted Recall)   : 0.8660
2025-09-29 08:43:00,272 - INFO - 鍔犳潈F1鍒嗘暟 (Weighted F1-score) : 0.8667
2025-09-29 08:43:00,272 - INFO - --- 鍒嗙被鎶ュ憡 (Classification Report) ---
2025-09-29 08:43:00,272 - INFO -               precision    recall  f1-score   support

           0       0.90      0.92      0.91        79
           1       0.91      0.89      0.90        70
           2       0.83      0.82      0.82        49
           3       0.50      0.55      0.52        11

    accuracy                           0.87       209
   macro avg       0.79      0.79      0.79       209
weighted avg       0.87      0.87      0.87       209

2025-09-29 08:43:00,272 - INFO - 
--- 娣锋穯鐭╅樀 (Confusion Matrix) ---
2025-09-29 08:43:02,973 - INFO - New best model saved with F1: 0.8667
2025-09-29 08:45:25,545 - INFO - Epoch 7, Loss: 0.3513073014225537
2025-09-29 08:45:25,545 - INFO - 
--- eval ---
2025-09-29 08:45:27,661 - INFO - 
--- 璇勪及鎸囨爣 ---
2025-09-29 08:45:27,661 - INFO - 鍑嗙‘鐜?(Accuracy)              : 84.21%
2025-09-29 08:45:27,662 - INFO - 鍔犳潈鏌ュ噯鐜?(Weighted Precision): 0.8517
2025-09-29 08:45:27,662 - INFO - 鍔犳潈鏌ュ叏鐜?(Weighted Recall)   : 0.8421
2025-09-29 08:45:27,662 - INFO - 鍔犳潈F1鍒嗘暟 (Weighted F1-score) : 0.8456
2025-09-29 08:45:27,662 - INFO - --- 鍒嗙被鎶ュ憡 (Classification Report) ---
2025-09-29 08:45:27,662 - INFO -               precision    recall  f1-score   support

           0       0.90      0.91      0.91        79
           1       0.90      0.86      0.88        70
           2       0.80      0.76      0.78        49
           3       0.44      0.64      0.52        11

    accuracy                           0.84       209
   macro avg       0.76      0.79      0.77       209
weighted avg       0.85      0.84      0.85       209

2025-09-29 08:45:27,662 - INFO - 
--- 娣锋穯鐭╅樀 (Confusion Matrix) ---
2025-09-29 08:45:30,304 - INFO - New best model saved with F1: 0.8456
2025-09-29 08:47:52,763 - INFO - Epoch 8, Loss: 0.3336898512347735
2025-09-29 08:47:52,763 - INFO - 
--- eval ---
2025-09-29 08:47:54,877 - INFO - 
--- 璇勪及鎸囨爣 ---
2025-09-29 08:47:54,877 - INFO - 鍑嗙‘鐜?(Accuracy)              : 86.12%
2025-09-29 08:47:54,877 - INFO - 鍔犳潈鏌ュ噯鐜?(Weighted Precision): 0.8703
2025-09-29 08:47:54,877 - INFO - 鍔犳潈鏌ュ叏鐜?(Weighted Recall)   : 0.8612
2025-09-29 08:47:54,877 - INFO - 鍔犳潈F1鍒嗘暟 (Weighted F1-score) : 0.8640
2025-09-29 08:47:54,877 - INFO - --- 鍒嗙被鎶ュ憡 (Classification Report) ---
2025-09-29 08:47:54,877 - INFO -               precision    recall  f1-score   support

           0       0.91      0.92      0.92        79
           1       0.94      0.83      0.88        70
           2       0.79      0.86      0.82        49
           3       0.50      0.64      0.56        11

    accuracy                           0.86       209
   macro avg       0.79      0.81      0.80       209
weighted avg       0.87      0.86      0.86       209

2025-09-29 08:47:54,877 - INFO - 
--- 娣锋穯鐭╅樀 (Confusion Matrix) ---
2025-09-29 08:47:57,773 - INFO - New best model saved with F1: 0.8640
2025-09-29 08:50:20,328 - INFO - Epoch 9, Loss: 0.3256689552750341
2025-09-29 08:50:20,329 - INFO - 
--- eval ---
2025-09-29 08:50:22,441 - INFO - 
--- 璇勪及鎸囨爣 ---
2025-09-29 08:50:22,441 - INFO - 鍑嗙‘鐜?(Accuracy)              : 87.08%
2025-09-29 08:50:22,441 - INFO - 鍔犳潈鏌ュ噯鐜?(Weighted Precision): 0.8784
2025-09-29 08:50:22,441 - INFO - 鍔犳潈鏌ュ叏鐜?(Weighted Recall)   : 0.8708
2025-09-29 08:50:22,441 - INFO - 鍔犳潈F1鍒嗘暟 (Weighted F1-score) : 0.8732
2025-09-29 08:50:22,441 - INFO - --- 鍒嗙被鎶ュ憡 (Classification Report) ---
2025-09-29 08:50:22,441 - INFO -               precision    recall  f1-score   support

           0       0.91      0.94      0.93        79
           1       0.94      0.84      0.89        70
           2       0.82      0.86      0.84        49
           3       0.50      0.64      0.56        11

    accuracy                           0.87       209
   macro avg       0.79      0.82      0.80       209
weighted avg       0.88      0.87      0.87       209

2025-09-29 08:50:22,441 - INFO - 
--- 娣锋穯鐭╅樀 (Confusion Matrix) ---
2025-09-29 08:50:25,411 - INFO - New best model saved with F1: 0.8732
2025-09-29 08:52:47,975 - INFO - Epoch 10, Loss: 0.3177156372100809
2025-09-29 08:52:47,975 - INFO - 
--- eval ---
2025-09-29 08:52:50,091 - INFO - 
--- 璇勪及鎸囨爣 ---
2025-09-29 08:52:50,091 - INFO - 鍑嗙‘鐜?(Accuracy)              : 87.08%
2025-09-29 08:52:50,091 - INFO - 鍔犳潈鏌ュ噯鐜?(Weighted Precision): 0.8680
2025-09-29 08:52:50,091 - INFO - 鍔犳潈鏌ュ叏鐜?(Weighted Recall)   : 0.8708
2025-09-29 08:52:50,091 - INFO - 鍔犳潈F1鍒嗘暟 (Weighted F1-score) : 0.8689
2025-09-29 08:52:50,091 - INFO - --- 鍒嗙被鎶ュ憡 (Classification Report) ---
2025-09-29 08:52:50,092 - INFO -               precision    recall  f1-score   support

           0       0.90      0.94      0.92        79
           1       0.91      0.89      0.90        70
           2       0.82      0.84      0.83        49
           3       0.56      0.45      0.50        11

    accuracy                           0.87       209
   macro avg       0.80      0.78      0.79       209
weighted avg       0.87      0.87      0.87       209

2025-09-29 08:52:50,092 - INFO - 
--- 娣锋穯鐭╅樀 (Confusion Matrix) ---
2025-09-29 08:52:52,918 - INFO - New best model saved with F1: 0.8689
2025-09-29 08:52:52,918 - INFO - 
--- testing ---
2025-09-29 08:53:12,218 - INFO - 
--- 璇勪及鎸囨爣 ---
2025-09-29 08:53:12,218 - INFO - 鍑嗙‘鐜?(Accuracy)              : 90.09%
2025-09-29 08:53:12,218 - INFO - 鍔犳潈鏌ュ噯鐜?(Weighted Precision): 0.8991
2025-09-29 08:53:12,218 - INFO - 鍔犳潈鏌ュ叏鐜?(Weighted Recall)   : 0.9009
2025-09-29 08:53:12,218 - INFO - 鍔犳潈F1鍒嗘暟 (Weighted F1-score) : 0.8991
2025-09-29 08:53:12,218 - INFO - --- 鍒嗙被鎶ュ憡 (Classification Report) ---
2025-09-29 08:53:12,218 - INFO -               precision    recall  f1-score   support

           0       0.92      0.93      0.93       682
           1       0.89      0.93      0.91       610
           2       0.91      0.90      0.91       466
           3       0.77      0.60      0.68       129

    accuracy                           0.90      1887
   macro avg       0.87      0.84      0.86      1887
weighted avg       0.90      0.90      0.90      1887

2025-09-29 08:53:12,218 - INFO - 
--- 娣锋穯鐭╅樀 (Confusion Matrix) ---
2025-09-29 08:53:12,220 - INFO - -----------------  1  -----------------
2025-09-29 08:55:38,951 - INFO - Epoch 1, Loss: 0.433427352969553
2025-09-29 08:55:38,951 - INFO - 
--- eval ---
2025-09-29 08:55:41,067 - INFO - 
--- 璇勪及鎸囨爣 ---
2025-09-29 08:55:41,067 - INFO - 鍑嗙‘鐜?(Accuracy)              : 83.73%
2025-09-29 08:55:41,067 - INFO - 鍔犳潈鏌ュ噯鐜?(Weighted Precision): 0.8383
2025-09-29 08:55:41,067 - INFO - 鍔犳潈鏌ュ叏鐜?(Weighted Recall)   : 0.8373
2025-09-29 08:55:41,067 - INFO - 鍔犳潈F1鍒嗘暟 (Weighted F1-score) : 0.8344
2025-09-29 08:55:41,067 - INFO - --- 鍒嗙被鎶ュ憡 (Classification Report) ---
2025-09-29 08:55:41,067 - INFO -               precision    recall  f1-score   support

           0       0.92      0.85      0.88        79
           1       0.81      0.96      0.88        70
           2       0.82      0.73      0.77        49
           3       0.56      0.45      0.50        11

    accuracy                           0.84       209
   macro avg       0.77      0.75      0.76       209
weighted avg       0.84      0.84      0.83       209

2025-09-29 08:55:41,067 - INFO - 
--- 娣锋穯鐭╅樀 (Confusion Matrix) ---
2025-09-29 08:55:43,933 - INFO - New best model saved with F1: 0.8344
2025-09-29 08:58:06,349 - INFO - Epoch 2, Loss: 0.43314317352932824
2025-09-29 08:58:06,349 - INFO - 
--- eval ---
2025-09-29 08:58:08,462 - INFO - 
--- 璇勪及鎸囨爣 ---
2025-09-29 08:58:08,462 - INFO - 鍑嗙‘鐜?(Accuracy)              : 86.12%
2025-09-29 08:58:08,462 - INFO - 鍔犳潈鏌ュ噯鐜?(Weighted Precision): 0.8170
2025-09-29 08:58:08,462 - INFO - 鍔犳潈鏌ュ叏鐜?(Weighted Recall)   : 0.8612
2025-09-29 08:58:08,462 - INFO - 鍔犳潈F1鍒嗘暟 (Weighted F1-score) : 0.8384
2025-09-29 08:58:08,462 - INFO - --- 鍒嗙被鎶ュ憡 (Classification Report) ---
2025-09-29 08:58:08,462 - INFO -               precision    recall  f1-score   support

           0       0.90      0.95      0.93        79
           1       0.88      0.90      0.89        70
           2       0.78      0.86      0.82        49
           3       0.00      0.00      0.00        11

    accuracy                           0.86       209
   macro avg       0.64      0.68      0.66       209
weighted avg       0.82      0.86      0.84       209

2025-09-29 08:58:08,462 - INFO - 
--- 娣锋穯鐭╅樀 (Confusion Matrix) ---
2025-09-29 08:58:11,255 - INFO - New best model saved with F1: 0.8384
2025-09-29 09:00:34,011 - INFO - Epoch 3, Loss: 0.40752623949482963
2025-09-29 09:00:34,011 - INFO - 
--- eval ---
2025-09-29 09:00:36,122 - INFO - 
--- 璇勪及鎸囨爣 ---
2025-09-29 09:00:36,122 - INFO - 鍑嗙‘鐜?(Accuracy)              : 85.65%
2025-09-29 09:00:36,122 - INFO - 鍔犳潈鏌ュ噯鐜?(Weighted Precision): 0.8113
2025-09-29 09:00:36,122 - INFO - 鍔犳潈鏌ュ叏鐜?(Weighted Recall)   : 0.8565
2025-09-29 09:00:36,122 - INFO - 鍔犳潈F1鍒嗘暟 (Weighted F1-score) : 0.8332
2025-09-29 09:00:36,122 - INFO - --- 鍒嗙被鎶ュ憡 (Classification Report) ---
2025-09-29 09:00:36,122 - INFO -               precision    recall  f1-score   support

           0       0.92      0.96      0.94        79
           1       0.83      0.90      0.86        70
           2       0.80      0.82      0.81        49
           3       0.00      0.00      0.00        11

    accuracy                           0.86       209
   macro avg       0.64      0.67      0.65       209
weighted avg       0.81      0.86      0.83       209

2025-09-29 09:00:36,122 - INFO - 
--- 娣锋穯鐭╅樀 (Confusion Matrix) ---
2025-09-29 09:00:38,852 - INFO - New best model saved with F1: 0.8332
2025-09-29 09:03:01,374 - INFO - Epoch 4, Loss: 0.4163580935439278
2025-09-29 09:03:01,374 - INFO - 
--- eval ---
2025-09-29 09:03:03,488 - INFO - 
--- 璇勪及鎸囨爣 ---
2025-09-29 09:03:03,489 - INFO - 鍑嗙‘鐜?(Accuracy)              : 83.73%
2025-09-29 09:03:03,489 - INFO - 鍔犳潈鏌ュ噯鐜?(Weighted Precision): 0.8397
2025-09-29 09:03:03,489 - INFO - 鍔犳潈鏌ュ叏鐜?(Weighted Recall)   : 0.8373
2025-09-29 09:03:03,489 - INFO - 鍔犳潈F1鍒嗘暟 (Weighted F1-score) : 0.8299
2025-09-29 09:03:03,489 - INFO - --- 鍒嗙被鎶ュ憡 (Classification Report) ---
2025-09-29 09:03:03,489 - INFO -               precision    recall  f1-score   support

           0       0.81      1.00      0.90        79
           1       0.87      0.84      0.86        70
           2       0.89      0.65      0.75        49
           3       0.62      0.45      0.53        11

    accuracy                           0.84       209
   macro avg       0.80      0.74      0.76       209
weighted avg       0.84      0.84      0.83       209

2025-09-29 09:03:03,489 - INFO - 
--- 娣锋穯鐭╅樀 (Confusion Matrix) ---
2025-09-29 09:03:06,124 - INFO - New best model saved with F1: 0.8299
2025-09-29 09:05:28,849 - INFO - Epoch 5, Loss: 0.40953727103648035
2025-09-29 09:05:28,849 - INFO - 
--- eval ---
2025-09-29 09:05:30,964 - INFO - 
--- 璇勪及鎸囨爣 ---
2025-09-29 09:05:30,964 - INFO - 鍑嗙‘鐜?(Accuracy)              : 82.30%
2025-09-29 09:05:30,965 - INFO - 鍔犳潈鏌ュ噯鐜?(Weighted Precision): 0.8225
2025-09-29 09:05:30,965 - INFO - 鍔犳潈鏌ュ叏鐜?(Weighted Recall)   : 0.8230
2025-09-29 09:05:30,965 - INFO - 鍔犳潈F1鍒嗘暟 (Weighted F1-score) : 0.8132
2025-09-29 09:05:30,965 - INFO - --- 鍒嗙被鎶ュ憡 (Classification Report) ---
2025-09-29 09:05:30,965 - INFO -               precision    recall  f1-score   support

           0       0.92      0.85      0.88        79
           1       0.79      0.91      0.85        70
           2       0.75      0.80      0.77        49
           3       0.67      0.18      0.29        11

    accuracy                           0.82       209
   macro avg       0.78      0.69      0.70       209
weighted avg       0.82      0.82      0.81       209

2025-09-29 09:05:30,965 - INFO - 
--- 娣锋穯鐭╅樀 (Confusion Matrix) ---
2025-09-29 09:05:33,602 - INFO - New best model saved with F1: 0.8132
2025-09-29 09:07:55,939 - INFO - Epoch 6, Loss: 0.39870366927851114
2025-09-29 09:07:55,939 - INFO - 
--- eval ---
2025-09-29 09:07:58,052 - INFO - 
--- 璇勪及鎸囨爣 ---
2025-09-29 09:07:58,052 - INFO - 鍑嗙‘鐜?(Accuracy)              : 77.99%
2025-09-29 09:07:58,052 - INFO - 鍔犳潈鏌ュ噯鐜?(Weighted Precision): 0.8243
2025-09-29 09:07:58,052 - INFO - 鍔犳潈鏌ュ叏鐜?(Weighted Recall)   : 0.7799
2025-09-29 09:07:58,052 - INFO - 鍔犳潈F1鍒嗘暟 (Weighted F1-score) : 0.7838
2025-09-29 09:07:58,052 - INFO - --- 鍒嗙被鎶ュ憡 (Classification Report) ---
2025-09-29 09:07:58,052 - INFO -               precision    recall  f1-score   support

           0       0.86      0.91      0.88        79
           1       0.98      0.61      0.75        70
           2       0.67      0.88      0.76        49
           3       0.29      0.45      0.36        11

    accuracy                           0.78       209
   macro avg       0.70      0.71      0.69       209
weighted avg       0.82      0.78      0.78       209

2025-09-29 09:07:58,052 - INFO - 
--- 娣锋穯鐭╅樀 (Confusion Matrix) ---
2025-09-29 09:08:01,557 - INFO - New best model saved with F1: 0.7838
2025-09-29 09:10:24,030 - INFO - Epoch 7, Loss: 0.38531190210350735
2025-09-29 09:10:24,031 - INFO - 
--- eval ---
2025-09-29 09:10:26,144 - INFO - 
--- 璇勪及鎸囨爣 ---
2025-09-29 09:10:26,144 - INFO - 鍑嗙‘鐜?(Accuracy)              : 83.25%
2025-09-29 09:10:26,144 - INFO - 鍔犳潈鏌ュ噯鐜?(Weighted Precision): 0.8445
2025-09-29 09:10:26,144 - INFO - 鍔犳潈鏌ュ叏鐜?(Weighted Recall)   : 0.8325
2025-09-29 09:10:26,144 - INFO - 鍔犳潈F1鍒嗘暟 (Weighted F1-score) : 0.8375
2025-09-29 09:10:26,144 - INFO - --- 鍒嗙被鎶ュ憡 (Classification Report) ---
2025-09-29 09:10:26,145 - INFO -               precision    recall  f1-score   support

           0       0.91      0.90      0.90        79
           1       0.90      0.86      0.88        70
           2       0.77      0.76      0.76        49
           3       0.38      0.55      0.44        11

    accuracy                           0.83       209
   macro avg       0.74      0.76      0.75       209
weighted avg       0.84      0.83      0.84       209

2025-09-29 09:10:26,145 - INFO - 
--- 娣锋穯鐭╅樀 (Confusion Matrix) ---
2025-09-29 09:10:28,788 - INFO - New best model saved with F1: 0.8375
2025-09-29 09:12:51,233 - INFO - Epoch 8, Loss: 0.37882604633969275
2025-09-29 09:12:51,233 - INFO - 
--- eval ---
2025-09-29 09:12:53,344 - INFO - 
--- 璇勪及鎸囨爣 ---
2025-09-29 09:12:53,345 - INFO - 鍑嗙‘鐜?(Accuracy)              : 86.60%
2025-09-29 09:12:53,345 - INFO - 鍔犳潈鏌ュ噯鐜?(Weighted Precision): 0.8621
2025-09-29 09:12:53,345 - INFO - 鍔犳潈鏌ュ叏鐜?(Weighted Recall)   : 0.8660
2025-09-29 09:12:53,345 - INFO - 鍔犳潈F1鍒嗘暟 (Weighted F1-score) : 0.8580
2025-09-29 09:12:53,345 - INFO - --- 鍒嗙被鎶ュ憡 (Classification Report) ---
2025-09-29 09:12:53,345 - INFO -               precision    recall  f1-score   support

           0       0.90      0.94      0.92        79
           1       0.88      0.90      0.89        70
           2       0.80      0.84      0.82        49
           3       0.75      0.27      0.40        11

    accuracy                           0.87       209
   macro avg       0.83      0.74      0.76       209
weighted avg       0.86      0.87      0.86       209

2025-09-29 09:12:53,345 - INFO - 
--- 娣锋穯鐭╅樀 (Confusion Matrix) ---
2025-09-29 09:12:56,033 - INFO - New best model saved with F1: 0.8580
2025-09-29 09:15:18,496 - INFO - Epoch 9, Loss: 0.35068047032699146
2025-09-29 09:15:18,497 - INFO - 
--- eval ---
2025-09-29 09:15:20,606 - INFO - 
--- 璇勪及鎸囨爣 ---
2025-09-29 09:15:20,606 - INFO - 鍑嗙‘鐜?(Accuracy)              : 86.12%
2025-09-29 09:15:20,606 - INFO - 鍔犳潈鏌ュ噯鐜?(Weighted Precision): 0.8574
2025-09-29 09:15:20,606 - INFO - 鍔犳潈鏌ュ叏鐜?(Weighted Recall)   : 0.8612
2025-09-29 09:15:20,606 - INFO - 鍔犳潈F1鍒嗘暟 (Weighted F1-score) : 0.8588
2025-09-29 09:15:20,606 - INFO - --- 鍒嗙被鎶ュ憡 (Classification Report) ---
2025-09-29 09:15:20,606 - INFO -               precision    recall  f1-score   support

           0       0.90      0.94      0.92        79
           1       0.87      0.89      0.88        70
           2       0.83      0.80      0.81        49
           3       0.56      0.45      0.50        11

    accuracy                           0.86       209
   macro avg       0.79      0.77      0.78       209
weighted avg       0.86      0.86      0.86       209

2025-09-29 09:15:20,606 - INFO - 
--- 娣锋穯鐭╅樀 (Confusion Matrix) ---
2025-09-29 09:15:23,245 - INFO - New best model saved with F1: 0.8588
2025-09-29 09:17:45,569 - INFO - Epoch 10, Loss: 0.3463250813371155
2025-09-29 09:17:45,570 - INFO - 
--- eval ---
2025-09-29 09:17:47,680 - INFO - 
--- 璇勪及鎸囨爣 ---
2025-09-29 09:17:47,680 - INFO - 鍑嗙‘鐜?(Accuracy)              : 85.17%
2025-09-29 09:17:47,680 - INFO - 鍔犳潈鏌ュ噯鐜?(Weighted Precision): 0.8549
2025-09-29 09:17:47,680 - INFO - 鍔犳潈鏌ュ叏鐜?(Weighted Recall)   : 0.8517
2025-09-29 09:17:47,680 - INFO - 鍔犳潈F1鍒嗘暟 (Weighted F1-score) : 0.8528
2025-09-29 09:17:47,680 - INFO - --- 鍒嗙被鎶ュ憡 (Classification Report) ---
2025-09-29 09:17:47,680 - INFO -               precision    recall  f1-score   support

           0       0.90      0.94      0.92        79
           1       0.88      0.84      0.86        70
           2       0.83      0.80      0.81        49
           3       0.46      0.55      0.50        11

    accuracy                           0.85       209
   macro avg       0.77      0.78      0.77       209
weighted avg       0.85      0.85      0.85       209

2025-09-29 09:17:47,680 - INFO - 
--- 娣锋穯鐭╅樀 (Confusion Matrix) ---
2025-09-29 09:17:50,364 - INFO - New best model saved with F1: 0.8528
2025-09-29 09:17:50,364 - INFO - 
--- testing ---
2025-09-29 09:18:09,600 - INFO - 
--- 璇勪及鎸囨爣 ---
2025-09-29 09:18:09,600 - INFO - 鍑嗙‘鐜?(Accuracy)              : 89.35%
2025-09-29 09:18:09,600 - INFO - 鍔犳潈鏌ュ噯鐜?(Weighted Precision): 0.8918
2025-09-29 09:18:09,600 - INFO - 鍔犳潈鏌ュ叏鐜?(Weighted Recall)   : 0.8935
2025-09-29 09:18:09,600 - INFO - 鍔犳潈F1鍒嗘暟 (Weighted F1-score) : 0.8920
2025-09-29 09:18:09,600 - INFO - --- 鍒嗙被鎶ュ憡 (Classification Report) ---
2025-09-29 09:18:09,600 - INFO -               precision    recall  f1-score   support

           0       0.91      0.92      0.92       682
           1       0.89      0.93      0.91       610
           2       0.91      0.88      0.89       466
           3       0.75      0.62      0.68       129

    accuracy                           0.89      1887
   macro avg       0.87      0.84      0.85      1887
weighted avg       0.89      0.89      0.89      1887

2025-09-29 09:18:09,600 - INFO - 
--- 娣锋穯鐭╅樀 (Confusion Matrix) ---
2025-09-29 09:18:09,602 - INFO - -----------------  2  -----------------
2025-09-29 09:20:36,808 - INFO - Epoch 1, Loss: 0.5265126349526196
2025-09-29 09:20:36,808 - INFO - 
--- eval ---
2025-09-29 09:20:38,913 - INFO - 
--- 璇勪及鎸囨爣 ---
2025-09-29 09:20:38,913 - INFO - 鍑嗙‘鐜?(Accuracy)              : 79.43%
2025-09-29 09:20:38,913 - INFO - 鍔犳潈鏌ュ噯鐜?(Weighted Precision): 0.7675
2025-09-29 09:20:38,913 - INFO - 鍔犳潈鏌ュ叏鐜?(Weighted Recall)   : 0.7943
2025-09-29 09:20:38,913 - INFO - 鍔犳潈F1鍒嗘暟 (Weighted F1-score) : 0.7739
2025-09-29 09:20:38,913 - INFO - --- 鍒嗙被鎶ュ憡 (Classification Report) ---
2025-09-29 09:20:38,913 - INFO -               precision    recall  f1-score   support

           0       0.93      0.80      0.86        79
           1       0.72      0.94      0.81        70
           2       0.76      0.76      0.76        49
           3       0.00      0.00      0.00        11

    accuracy                           0.79       209
   macro avg       0.60      0.62      0.61       209
weighted avg       0.77      0.79      0.77       209

2025-09-29 09:20:38,913 - INFO - 
--- 娣锋穯鐭╅樀 (Confusion Matrix) ---
2025-09-29 09:20:41,530 - INFO - New best model saved with F1: 0.7739
2025-09-29 09:23:03,803 - INFO - Epoch 2, Loss: 0.45381781981734476
2025-09-29 09:23:03,803 - INFO - 
--- eval ---
2025-09-29 09:23:05,912 - INFO - 
--- 璇勪及鎸囨爣 ---
2025-09-29 09:23:05,912 - INFO - 鍑嗙‘鐜?(Accuracy)              : 79.90%
2025-09-29 09:23:05,912 - INFO - 鍔犳潈鏌ュ噯鐜?(Weighted Precision): 0.8359
2025-09-29 09:23:05,912 - INFO - 鍔犳潈鏌ュ叏鐜?(Weighted Recall)   : 0.7990
2025-09-29 09:23:05,912 - INFO - 鍔犳潈F1鍒嗘暟 (Weighted F1-score) : 0.8051
2025-09-29 09:23:05,912 - INFO - --- 鍒嗙被鎶ュ憡 (Classification Report) ---
2025-09-29 09:23:05,912 - INFO -               precision    recall  f1-score   support

           0       0.89      0.90      0.89        79
           1       0.96      0.67      0.79        70
           2       0.70      0.90      0.79        49
           3       0.29      0.45      0.36        11

    accuracy                           0.80       209
   macro avg       0.71      0.73      0.71       209
weighted avg       0.84      0.80      0.81       209

2025-09-29 09:23:05,912 - INFO - 
--- 娣锋穯鐭╅樀 (Confusion Matrix) ---
2025-09-29 09:23:08,581 - INFO - New best model saved with F1: 0.8051
2025-09-29 09:25:30,749 - INFO - Epoch 3, Loss: 0.4493437702021884
2025-09-29 09:25:30,749 - INFO - 
--- eval ---
2025-09-29 09:25:32,858 - INFO - 
--- 璇勪及鎸囨爣 ---
2025-09-29 09:25:32,858 - INFO - 鍑嗙‘鐜?(Accuracy)              : 83.73%
2025-09-29 09:25:32,858 - INFO - 鍔犳潈鏌ュ噯鐜?(Weighted Precision): 0.8370
2025-09-29 09:25:32,858 - INFO - 鍔犳潈鏌ュ叏鐜?(Weighted Recall)   : 0.8373
2025-09-29 09:25:32,858 - INFO - 鍔犳潈F1鍒嗘暟 (Weighted F1-score) : 0.8337
2025-09-29 09:25:32,858 - INFO - --- 鍒嗙被鎶ュ憡 (Classification Report) ---
2025-09-29 09:25:32,859 - INFO -               precision    recall  f1-score   support

           0       0.89      0.95      0.92        79
           1       0.92      0.79      0.85        70
           2       0.74      0.86      0.79        49
           3       0.38      0.27      0.32        11

    accuracy                           0.84       209
   macro avg       0.73      0.72      0.72       209
weighted avg       0.84      0.84      0.83       209

2025-09-29 09:25:32,859 - INFO - 
--- 娣锋穯鐭╅樀 (Confusion Matrix) ---
2025-09-29 09:25:35,453 - INFO - New best model saved with F1: 0.8337
2025-09-29 09:27:57,711 - INFO - Epoch 4, Loss: 0.4428916369516135
2025-09-29 09:27:57,711 - INFO - 
--- eval ---
2025-09-29 09:27:59,818 - INFO - 
--- 璇勪及鎸囨爣 ---
2025-09-29 09:27:59,819 - INFO - 鍑嗙‘鐜?(Accuracy)              : 80.38%
2025-09-29 09:27:59,819 - INFO - 鍔犳潈鏌ュ噯鐜?(Weighted Precision): 0.8088
2025-09-29 09:27:59,819 - INFO - 鍔犳潈鏌ュ叏鐜?(Weighted Recall)   : 0.8038
2025-09-29 09:27:59,819 - INFO - 鍔犳潈F1鍒嗘暟 (Weighted F1-score) : 0.7862
2025-09-29 09:27:59,819 - INFO - --- 鍒嗙被鎶ュ憡 (Classification Report) ---
2025-09-29 09:27:59,819 - INFO -               precision    recall  f1-score   support

           0       0.86      0.95      0.90        79
           1       0.74      0.94      0.83        70
           2       0.96      0.53      0.68        49
           3       0.17      0.09      0.12        11

    accuracy                           0.80       209
   macro avg       0.68      0.63      0.63       209
weighted avg       0.81      0.80      0.79       209

2025-09-29 09:27:59,819 - INFO - 
--- 娣锋穯鐭╅樀 (Confusion Matrix) ---
2025-09-29 09:28:02,417 - INFO - New best model saved with F1: 0.7862
2025-09-29 09:30:24,681 - INFO - Epoch 5, Loss: 0.4232277550667622
2025-09-29 09:30:24,681 - INFO - 
--- eval ---
2025-09-29 09:30:26,782 - INFO - 
--- 璇勪及鎸囨爣 ---
2025-09-29 09:30:26,782 - INFO - 鍑嗙‘鐜?(Accuracy)              : 85.17%
2025-09-29 09:30:26,782 - INFO - 鍔犳潈鏌ュ噯鐜?(Weighted Precision): 0.8473
2025-09-29 09:30:26,782 - INFO - 鍔犳潈鏌ュ叏鐜?(Weighted Recall)   : 0.8517
2025-09-29 09:30:26,782 - INFO - 鍔犳潈F1鍒嗘暟 (Weighted F1-score) : 0.8473
2025-09-29 09:30:26,782 - INFO - --- 鍒嗙被鎶ュ憡 (Classification Report) ---
2025-09-29 09:30:26,783 - INFO -               precision    recall  f1-score   support

           0       0.91      0.90      0.90        79
           1       0.84      0.94      0.89        70
           2       0.84      0.76      0.80        49
           3       0.50      0.36      0.42        11

    accuracy                           0.85       209
   macro avg       0.77      0.74      0.75       209
weighted avg       0.85      0.85      0.85       209

2025-09-29 09:30:26,783 - INFO - 
--- 娣锋穯鐭╅樀 (Confusion Matrix) ---
2025-09-29 09:30:29,419 - INFO - New best model saved with F1: 0.8473
2025-09-29 09:32:51,495 - INFO - Epoch 6, Loss: 0.41698832639791317
2025-09-29 09:32:51,495 - INFO - 
--- eval ---
2025-09-29 09:32:53,597 - INFO - 
--- 璇勪及鎸囨爣 ---
2025-09-29 09:32:53,597 - INFO - 鍑嗙‘鐜?(Accuracy)              : 85.65%
2025-09-29 09:32:53,597 - INFO - 鍔犳潈鏌ュ噯鐜?(Weighted Precision): 0.8529
2025-09-29 09:32:53,597 - INFO - 鍔犳潈鏌ュ叏鐜?(Weighted Recall)   : 0.8565
2025-09-29 09:32:53,597 - INFO - 鍔犳潈F1鍒嗘暟 (Weighted F1-score) : 0.8484
2025-09-29 09:32:53,597 - INFO - --- 鍒嗙被鎶ュ憡 (Classification Report) ---
2025-09-29 09:32:53,597 - INFO -               precision    recall  f1-score   support

           0       0.90      0.92      0.91        79
           1       0.84      0.90      0.87        70
           2       0.82      0.82      0.82        49
           3       0.75      0.27      0.40        11

    accuracy                           0.86       209
   macro avg       0.83      0.73      0.75       209
weighted avg       0.85      0.86      0.85       209

2025-09-29 09:32:53,597 - INFO - 
--- 娣锋穯鐭╅樀 (Confusion Matrix) ---
2025-09-29 09:32:56,397 - INFO - New best model saved with F1: 0.8484
2025-09-29 09:35:18,440 - INFO - Epoch 7, Loss: 0.4099137021374761
2025-09-29 09:35:18,440 - INFO - 
--- eval ---
2025-09-29 09:35:20,545 - INFO - 
--- 璇勪及鎸囨爣 ---
2025-09-29 09:35:20,545 - INFO - 鍑嗙‘鐜?(Accuracy)              : 79.90%
2025-09-29 09:35:20,545 - INFO - 鍔犳潈鏌ュ噯鐜?(Weighted Precision): 0.8375
2025-09-29 09:35:20,545 - INFO - 鍔犳潈鏌ュ叏鐜?(Weighted Recall)   : 0.7990
2025-09-29 09:35:20,545 - INFO - 鍔犳潈F1鍒嗘暟 (Weighted F1-score) : 0.8112
2025-09-29 09:35:20,545 - INFO - --- 鍒嗙被鎶ュ憡 (Classification Report) ---
2025-09-29 09:35:20,545 - INFO -               precision    recall  f1-score   support

           0       0.93      0.82      0.87        79
           1       0.87      0.77      0.82        70
           2       0.75      0.80      0.77        49
           3       0.36      0.82      0.50        11

    accuracy                           0.80       209
   macro avg       0.73      0.80      0.74       209
weighted avg       0.84      0.80      0.81       209

2025-09-29 09:35:20,545 - INFO - 
--- 娣锋穯鐭╅樀 (Confusion Matrix) ---
2025-09-29 09:35:23,408 - INFO - New best model saved with F1: 0.8112
2025-09-29 09:37:45,468 - INFO - Epoch 8, Loss: 0.401221261262358
2025-09-29 09:37:45,468 - INFO - 
--- eval ---
2025-09-29 09:37:47,569 - INFO - 
--- 璇勪及鎸囨爣 ---
2025-09-29 09:37:47,569 - INFO - 鍑嗙‘鐜?(Accuracy)              : 85.65%
2025-09-29 09:37:47,569 - INFO - 鍔犳潈鏌ュ噯鐜?(Weighted Precision): 0.8503
2025-09-29 09:37:47,569 - INFO - 鍔犳潈鏌ュ叏鐜?(Weighted Recall)   : 0.8565
2025-09-29 09:37:47,569 - INFO - 鍔犳潈F1鍒嗘暟 (Weighted F1-score) : 0.8429
2025-09-29 09:37:47,569 - INFO - --- 鍒嗙被鎶ュ憡 (Classification Report) ---
2025-09-29 09:37:47,569 - INFO -               precision    recall  f1-score   support

           0       0.89      0.97      0.93        79
           1       0.82      0.91      0.86        70
           2       0.88      0.73      0.80        49
           3       0.67      0.18      0.29        11

    accuracy                           0.86       209
   macro avg       0.81      0.70      0.72       209
weighted avg       0.85      0.86      0.84       209

2025-09-29 09:37:47,569 - INFO - 
--- 娣锋穯鐭╅樀 (Confusion Matrix) ---
2025-09-29 09:37:50,230 - INFO - New best model saved with F1: 0.8429
2025-09-29 09:40:12,194 - INFO - Epoch 9, Loss: 0.3834464387919486
2025-09-29 09:40:12,195 - INFO - 
--- eval ---
2025-09-29 09:40:14,297 - INFO - 
--- 璇勪及鎸囨爣 ---
2025-09-29 09:40:14,298 - INFO - 鍑嗙‘鐜?(Accuracy)              : 84.69%
2025-09-29 09:40:14,298 - INFO - 鍔犳潈鏌ュ噯鐜?(Weighted Precision): 0.8521
2025-09-29 09:40:14,298 - INFO - 鍔犳潈鏌ュ叏鐜?(Weighted Recall)   : 0.8469
2025-09-29 09:40:14,298 - INFO - 鍔犳潈F1鍒嗘暟 (Weighted F1-score) : 0.8489
2025-09-29 09:40:14,298 - INFO - --- 鍒嗙被鎶ュ憡 (Classification Report) ---
2025-09-29 09:40:14,298 - INFO -               precision    recall  f1-score   support

           0       0.91      0.92      0.92        79
           1       0.88      0.87      0.88        70
           2       0.80      0.76      0.78        49
           3       0.43      0.55      0.48        11

    accuracy                           0.85       209
   macro avg       0.76      0.77      0.76       209
weighted avg       0.85      0.85      0.85       209

2025-09-29 09:40:14,298 - INFO - 
--- 娣锋穯鐭╅樀 (Confusion Matrix) ---
2025-09-29 09:40:17,025 - INFO - New best model saved with F1: 0.8489
2025-09-29 09:42:39,695 - INFO - Epoch 10, Loss: 0.36035243928237676
2025-09-29 09:42:39,695 - INFO - 
--- eval ---
2025-09-29 09:42:41,798 - INFO - 
--- 璇勪及鎸囨爣 ---
2025-09-29 09:42:41,798 - INFO - 鍑嗙‘鐜?(Accuracy)              : 85.65%
2025-09-29 09:42:41,798 - INFO - 鍔犳潈鏌ュ噯鐜?(Weighted Precision): 0.8531
2025-09-29 09:42:41,798 - INFO - 鍔犳潈鏌ュ叏鐜?(Weighted Recall)   : 0.8565
2025-09-29 09:42:41,798 - INFO - 鍔犳潈F1鍒嗘暟 (Weighted F1-score) : 0.8545
2025-09-29 09:42:41,798 - INFO - --- 鍒嗙被鎶ュ憡 (Classification Report) ---
2025-09-29 09:42:41,798 - INFO -               precision    recall  f1-score   support

           0       0.91      0.92      0.92        79
           1       0.90      0.89      0.89        70
           2       0.78      0.82      0.80        49
           3       0.44      0.36      0.40        11

    accuracy                           0.86       209
   macro avg       0.76      0.75      0.75       209
weighted avg       0.85      0.86      0.85       209

2025-09-29 09:42:41,798 - INFO - 
--- 娣锋穯鐭╅樀 (Confusion Matrix) ---
2025-09-29 09:42:44,446 - INFO - New best model saved with F1: 0.8545
2025-09-29 09:42:44,447 - INFO - 
--- testing ---
2025-09-29 09:43:03,583 - INFO - 
--- 璇勪及鎸囨爣 ---
2025-09-29 09:43:03,583 - INFO - 鍑嗙‘鐜?(Accuracy)              : 89.03%
2025-09-29 09:43:03,583 - INFO - 鍔犳潈鏌ュ噯鐜?(Weighted Precision): 0.8886
2025-09-29 09:43:03,583 - INFO - 鍔犳潈鏌ュ叏鐜?(Weighted Recall)   : 0.8903
2025-09-29 09:43:03,583 - INFO - 鍔犳潈F1鍒嗘暟 (Weighted F1-score) : 0.8874
2025-09-29 09:43:03,583 - INFO - --- 鍒嗙被鎶ュ憡 (Classification Report) ---
2025-09-29 09:43:03,583 - INFO -               precision    recall  f1-score   support

           0       0.92      0.91      0.92       682
           1       0.87      0.94      0.91       610
           2       0.89      0.89      0.89       466
           3       0.79      0.53      0.64       129

    accuracy                           0.89      1887
   macro avg       0.87      0.82      0.84      1887
weighted avg       0.89      0.89      0.89      1887

2025-09-29 09:43:03,583 - INFO - 
--- 娣锋穯鐭╅樀 (Confusion Matrix) ---
2025-09-29 09:43:03,585 - INFO - -----------------  3  -----------------
2025-09-29 09:45:30,477 - INFO - Epoch 1, Loss: 0.602272594091939
2025-09-29 09:45:30,477 - INFO - 
--- eval ---
2025-09-29 09:45:32,580 - INFO - 
--- 璇勪及鎸囨爣 ---
2025-09-29 09:45:32,580 - INFO - 鍑嗙‘鐜?(Accuracy)              : 76.08%
2025-09-29 09:45:32,580 - INFO - 鍔犳潈鏌ュ噯鐜?(Weighted Precision): 0.7856
2025-09-29 09:45:32,580 - INFO - 鍔犳潈鏌ュ叏鐜?(Weighted Recall)   : 0.7608
2025-09-29 09:45:32,580 - INFO - 鍔犳潈F1鍒嗘暟 (Weighted F1-score) : 0.7592
2025-09-29 09:45:32,580 - INFO - --- 鍒嗙被鎶ュ憡 (Classification Report) ---
2025-09-29 09:45:32,580 - INFO -               precision    recall  f1-score   support

           0       0.91      0.77      0.84        79
           1       0.71      0.96      0.81        70
           2       0.82      0.57      0.67        49
           3       0.23      0.27      0.25        11

    accuracy                           0.76       209
   macro avg       0.67      0.64      0.64       209
weighted avg       0.79      0.76      0.76       209

2025-09-29 09:45:32,580 - INFO - 
--- 娣锋穯鐭╅樀 (Confusion Matrix) ---
2025-09-29 09:45:35,225 - INFO - New best model saved with F1: 0.7592
2025-09-29 09:47:57,466 - INFO - Epoch 2, Loss: 0.4614846908663905
2025-09-29 09:47:57,466 - INFO - 
--- eval ---
2025-09-29 09:47:59,568 - INFO - 
--- 璇勪及鎸囨爣 ---
2025-09-29 09:47:59,569 - INFO - 鍑嗙‘鐜?(Accuracy)              : 79.90%
2025-09-29 09:47:59,569 - INFO - 鍔犳潈鏌ュ噯鐜?(Weighted Precision): 0.7767
2025-09-29 09:47:59,569 - INFO - 鍔犳潈鏌ュ叏鐜?(Weighted Recall)   : 0.7990
2025-09-29 09:47:59,569 - INFO - 鍔犳潈F1鍒嗘暟 (Weighted F1-score) : 0.7701
2025-09-29 09:47:59,569 - INFO - --- 鍒嗙被鎶ュ憡 (Classification Report) ---
2025-09-29 09:47:59,569 - INFO -               precision    recall  f1-score   support

           0       0.84      0.92      0.88        79
           1       0.72      0.96      0.82        70
           2       0.93      0.55      0.69        49
           3       0.00      0.00      0.00        11

    accuracy                           0.80       209
   macro avg       0.62      0.61      0.60       209
weighted avg       0.78      0.80      0.77       209

2025-09-29 09:47:59,569 - INFO - 
--- 娣锋穯鐭╅樀 (Confusion Matrix) ---
2025-09-29 09:48:02,199 - INFO - New best model saved with F1: 0.7701
2025-09-29 09:50:24,021 - INFO - Epoch 3, Loss: 0.46444858020792407
2025-09-29 09:50:24,021 - INFO - 
--- eval ---
2025-09-29 09:50:26,124 - INFO - 
--- 璇勪及鎸囨爣 ---
2025-09-29 09:50:26,124 - INFO - 鍑嗙‘鐜?(Accuracy)              : 84.69%
2025-09-29 09:50:26,124 - INFO - 鍔犳潈鏌ュ噯鐜?(Weighted Precision): 0.8548
2025-09-29 09:50:26,124 - INFO - 鍔犳潈鏌ュ叏鐜?(Weighted Recall)   : 0.8469
2025-09-29 09:50:26,124 - INFO - 鍔犳潈F1鍒嗘暟 (Weighted F1-score) : 0.8456
2025-09-29 09:50:26,124 - INFO - --- 鍒嗙被鎶ュ憡 (Classification Report) ---
2025-09-29 09:50:26,124 - INFO -               precision    recall  f1-score   support

           0       0.87      0.97      0.92        79
           1       0.88      0.87      0.88        70
           2       0.89      0.67      0.77        49
           3       0.43      0.55      0.48        11

    accuracy                           0.85       209
   macro avg       0.77      0.77      0.76       209
weighted avg       0.85      0.85      0.85       209

2025-09-29 09:50:26,124 - INFO - 
--- 娣锋穯鐭╅樀 (Confusion Matrix) ---
2025-09-29 09:50:28,822 - INFO - New best model saved with F1: 0.8456
2025-09-29 09:52:50,686 - INFO - Epoch 4, Loss: 0.4539223026873824
2025-09-29 09:52:50,686 - INFO - 
--- eval ---
2025-09-29 09:52:52,785 - INFO - 
--- 璇勪及鎸囨爣 ---
2025-09-29 09:52:52,785 - INFO - 鍑嗙‘鐜?(Accuracy)              : 79.90%
2025-09-29 09:52:52,785 - INFO - 鍔犳潈鏌ュ噯鐜?(Weighted Precision): 0.8325
2025-09-29 09:52:52,785 - INFO - 鍔犳潈鏌ュ叏鐜?(Weighted Recall)   : 0.7990
2025-09-29 09:52:52,785 - INFO - 鍔犳潈F1鍒嗘暟 (Weighted F1-score) : 0.8014
2025-09-29 09:52:52,786 - INFO - --- 鍒嗙被鎶ュ憡 (Classification Report) ---
2025-09-29 09:52:52,786 - INFO -               precision    recall  f1-score   support

           0       0.87      0.92      0.90        79
           1       0.98      0.66      0.79        70
           2       0.69      0.90      0.78        49
           3       0.29      0.36      0.32        11

    accuracy                           0.80       209
   macro avg       0.71      0.71      0.70       209
weighted avg       0.83      0.80      0.80       209

2025-09-29 09:52:52,786 - INFO - 
--- 娣锋穯鐭╅樀 (Confusion Matrix) ---
2025-09-29 09:52:55,457 - INFO - New best model saved with F1: 0.8014
2025-09-29 09:55:22,528 - INFO - Epoch 5, Loss: 0.4477938184380726
2025-09-29 09:55:22,528 - INFO - 
--- eval ---
2025-09-29 09:55:24,635 - INFO - 
--- 璇勪及鎸囨爣 ---
2025-09-29 09:55:24,635 - INFO - 鍑嗙‘鐜?(Accuracy)              : 83.73%
2025-09-29 09:55:24,635 - INFO - 鍔犳潈鏌ュ噯鐜?(Weighted Precision): 0.8024
2025-09-29 09:55:24,635 - INFO - 鍔犳潈鏌ュ叏鐜?(Weighted Recall)   : 0.8373
2025-09-29 09:55:24,635 - INFO - 鍔犳潈F1鍒嗘暟 (Weighted F1-score) : 0.8149
2025-09-29 09:55:24,635 - INFO - --- 鍒嗙被鎶ュ憡 (Classification Report) ---
2025-09-29 09:55:24,635 - INFO -               precision    recall  f1-score   support

           0       0.92      0.90      0.91        79
           1       0.75      0.96      0.84        70
           2       0.86      0.76      0.80        49
           3       0.00      0.00      0.00        11

    accuracy                           0.84       209
   macro avg       0.63      0.65      0.64       209
weighted avg       0.80      0.84      0.81       209

2025-09-29 09:55:24,635 - INFO - 
--- 娣锋穯鐭╅樀 (Confusion Matrix) ---
2025-09-29 09:55:28,175 - INFO - New best model saved with F1: 0.8149
2025-09-29 09:57:50,937 - INFO - Epoch 6, Loss: 0.42493513248118214
2025-09-29 09:57:50,937 - INFO - 
--- eval ---
2025-09-29 09:57:53,041 - INFO - 
--- 璇勪及鎸囨爣 ---
2025-09-29 09:57:53,041 - INFO - 鍑嗙‘鐜?(Accuracy)              : 84.69%
2025-09-29 09:57:53,041 - INFO - 鍔犳潈鏌ュ噯鐜?(Weighted Precision): 0.8075
2025-09-29 09:57:53,041 - INFO - 鍔犳潈鏌ュ叏鐜?(Weighted Recall)   : 0.8469
2025-09-29 09:57:53,041 - INFO - 鍔犳潈F1鍒嗘暟 (Weighted F1-score) : 0.8228
2025-09-29 09:57:53,041 - INFO - --- 鍒嗙被鎶ュ憡 (Classification Report) ---
2025-09-29 09:57:53,041 - INFO -               precision    recall  f1-score   support

           0       0.90      0.95      0.93        79
           1       0.78      0.94      0.85        70
           2       0.88      0.73      0.80        49
           3       0.00      0.00      0.00        11

    accuracy                           0.85       209
   macro avg       0.64      0.66      0.64       209
weighted avg       0.81      0.85      0.82       209

2025-09-29 09:57:53,041 - INFO - 
--- 娣锋穯鐭╅樀 (Confusion Matrix) ---
2025-09-29 09:57:55,742 - INFO - New best model saved with F1: 0.8228
2025-09-29 10:00:18,380 - INFO - Epoch 7, Loss: 0.4192602262813963
2025-09-29 10:00:18,380 - INFO - 
--- eval ---
2025-09-29 10:00:20,490 - INFO - 
--- 璇勪及鎸囨爣 ---
2025-09-29 10:00:20,490 - INFO - 鍑嗙‘鐜?(Accuracy)              : 81.82%
2025-09-29 10:00:20,490 - INFO - 鍔犳潈鏌ュ噯鐜?(Weighted Precision): 0.8407
2025-09-29 10:00:20,490 - INFO - 鍔犳潈鏌ュ叏鐜?(Weighted Recall)   : 0.8182
2025-09-29 10:00:20,490 - INFO - 鍔犳潈F1鍒嗘暟 (Weighted F1-score) : 0.8044
2025-09-29 10:00:20,490 - INFO - --- 鍒嗙被鎶ュ憡 (Classification Report) ---
2025-09-29 10:00:20,490 - INFO -               precision    recall  f1-score   support

           0       0.80      1.00      0.89        79
           1       0.94      0.71      0.81        70
           2       0.73      0.82      0.77        49
           3       1.00      0.18      0.31        11

    accuracy                           0.82       209
   macro avg       0.87      0.68      0.69       209
weighted avg       0.84      0.82      0.80       209

2025-09-29 10:00:20,490 - INFO - 
--- 娣锋穯鐭╅樀 (Confusion Matrix) ---
2025-09-29 10:00:23,163 - INFO - New best model saved with F1: 0.8044
2025-09-29 10:02:45,678 - INFO - Epoch 8, Loss: 0.40688757491876293
2025-09-29 10:02:45,678 - INFO - 
--- eval ---
2025-09-29 10:02:47,774 - INFO - 
--- 璇勪及鎸囨爣 ---
2025-09-29 10:02:47,774 - INFO - 鍑嗙‘鐜?(Accuracy)              : 85.65%
2025-09-29 10:02:47,774 - INFO - 鍔犳潈鏌ュ噯鐜?(Weighted Precision): 0.8530
2025-09-29 10:02:47,774 - INFO - 鍔犳潈鏌ュ叏鐜?(Weighted Recall)   : 0.8565
2025-09-29 10:02:47,774 - INFO - 鍔犳潈F1鍒嗘暟 (Weighted F1-score) : 0.8544
2025-09-29 10:02:47,774 - INFO - --- 鍒嗙被鎶ュ憡 (Classification Report) ---
2025-09-29 10:02:47,775 - INFO -               precision    recall  f1-score   support

           0       0.91      0.94      0.93        79
           1       0.87      0.87      0.87        70
           2       0.80      0.80      0.80        49
           3       0.56      0.45      0.50        11

    accuracy                           0.86       209
   macro avg       0.78      0.76      0.77       209
weighted avg       0.85      0.86      0.85       209

2025-09-29 10:02:47,775 - INFO - 
--- 娣锋穯鐭╅樀 (Confusion Matrix) ---
2025-09-29 10:02:50,554 - INFO - New best model saved with F1: 0.8544
2025-09-29 10:05:12,997 - INFO - Epoch 9, Loss: 0.3919726633375474
2025-09-29 10:05:12,997 - INFO - 
--- eval ---
2025-09-29 10:05:15,100 - INFO - 
--- 璇勪及鎸囨爣 ---
2025-09-29 10:05:15,100 - INFO - 鍑嗙‘鐜?(Accuracy)              : 87.56%
2025-09-29 10:05:15,101 - INFO - 鍔犳潈鏌ュ噯鐜?(Weighted Precision): 0.8739
2025-09-29 10:05:15,101 - INFO - 鍔犳潈鏌ュ叏鐜?(Weighted Recall)   : 0.8756
2025-09-29 10:05:15,101 - INFO - 鍔犳潈F1鍒嗘暟 (Weighted F1-score) : 0.8726
2025-09-29 10:05:15,101 - INFO - --- 鍒嗙被鎶ュ憡 (Classification Report) ---
2025-09-29 10:05:15,101 - INFO -               precision    recall  f1-score   support

           0       0.91      0.97      0.94        79
           1       0.88      0.91      0.90        70
           2       0.90      0.76      0.82        49
           3       0.50      0.45      0.48        11

    accuracy                           0.88       209
   macro avg       0.80      0.77      0.78       209
weighted avg       0.87      0.88      0.87       209

2025-09-29 10:05:15,101 - INFO - 
--- 娣锋穯鐭╅樀 (Confusion Matrix) ---
2025-09-29 10:05:17,747 - INFO - New best model saved with F1: 0.8726
2025-09-29 10:07:40,622 - INFO - Epoch 10, Loss: 0.36331450591606446
2025-09-29 10:07:40,623 - INFO - 
--- eval ---
2025-09-29 10:07:42,744 - INFO - 
--- 璇勪及鎸囨爣 ---
2025-09-29 10:07:42,744 - INFO - 鍑嗙‘鐜?(Accuracy)              : 87.08%
2025-09-29 10:07:42,744 - INFO - 鍔犳潈鏌ュ噯鐜?(Weighted Precision): 0.8649
2025-09-29 10:07:42,744 - INFO - 鍔犳潈鏌ュ叏鐜?(Weighted Recall)   : 0.8708
2025-09-29 10:07:42,744 - INFO - 鍔犳潈F1鍒嗘暟 (Weighted F1-score) : 0.8652
2025-09-29 10:07:42,744 - INFO - --- 鍒嗙被鎶ュ憡 (Classification Report) ---
2025-09-29 10:07:42,744 - INFO -               precision    recall  f1-score   support

           0       0.90      0.96      0.93        79
           1       0.87      0.89      0.88        70
           2       0.83      0.82      0.82        49
           3       0.67      0.36      0.47        11

    accuracy                           0.87       209
   macro avg       0.82      0.76      0.78       209
weighted avg       0.86      0.87      0.87       209

2025-09-29 10:07:42,744 - INFO - 
--- 娣锋穯鐭╅樀 (Confusion Matrix) ---
2025-09-29 10:07:45,370 - INFO - New best model saved with F1: 0.8652
2025-09-29 10:07:45,371 - INFO - 
--- testing ---
2025-09-29 10:08:04,631 - INFO - 
--- 璇勪及鎸囨爣 ---
2025-09-29 10:08:04,632 - INFO - 鍑嗙‘鐜?(Accuracy)              : 88.66%
2025-09-29 10:08:04,632 - INFO - 鍔犳潈鏌ュ噯鐜?(Weighted Precision): 0.8860
2025-09-29 10:08:04,632 - INFO - 鍔犳潈鏌ュ叏鐜?(Weighted Recall)   : 0.8866
2025-09-29 10:08:04,632 - INFO - 鍔犳潈F1鍒嗘暟 (Weighted F1-score) : 0.8825
2025-09-29 10:08:04,632 - INFO - --- 鍒嗙被鎶ュ憡 (Classification Report) ---
2025-09-29 10:08:04,632 - INFO -               precision    recall  f1-score   support

           0       0.92      0.91      0.92       682
           1       0.85      0.94      0.90       610
           2       0.90      0.88      0.89       466
           3       0.83      0.48      0.61       129

    accuracy                           0.89      1887
   macro avg       0.87      0.81      0.83      1887
weighted avg       0.89      0.89      0.88      1887

2025-09-29 10:08:04,632 - INFO - 
--- 娣锋穯鐭╅樀 (Confusion Matrix) ---
2025-09-29 10:08:04,634 - INFO - -----------------  4  -----------------
2025-09-29 10:10:32,987 - INFO - Epoch 1, Loss: 0.7044621828115649
2025-09-29 10:10:32,988 - INFO - 
--- eval ---
2025-09-29 10:10:35,139 - INFO - 
--- 璇勪及鎸囨爣 ---
2025-09-29 10:10:35,139 - INFO - 鍑嗙‘鐜?(Accuracy)              : 81.34%
2025-09-29 10:10:35,139 - INFO - 鍔犳潈鏌ュ噯鐜?(Weighted Precision): 0.8186
2025-09-29 10:10:35,139 - INFO - 鍔犳潈鏌ュ叏鐜?(Weighted Recall)   : 0.8134
2025-09-29 10:10:35,139 - INFO - 鍔犳潈F1鍒嗘暟 (Weighted F1-score) : 0.8132
2025-09-29 10:10:35,139 - INFO - --- 鍒嗙被鎶ュ憡 (Classification Report) ---
2025-09-29 10:10:35,139 - INFO -               precision    recall  f1-score   support

           0       0.93      0.81      0.86        79
           1       0.84      0.90      0.87        70
           2       0.70      0.80      0.74        49
           3       0.44      0.36      0.40        11

    accuracy                           0.81       209
   macro avg       0.73      0.72      0.72       209
weighted avg       0.82      0.81      0.81       209

2025-09-29 10:10:35,139 - INFO - 
--- 娣锋穯鐭╅樀 (Confusion Matrix) ---
2025-09-29 10:10:39,731 - INFO - New best model saved with F1: 0.8132
2025-09-29 10:13:04,197 - INFO - Epoch 2, Loss: 0.47203790923592703
2025-09-29 10:13:04,197 - INFO - 
--- eval ---
2025-09-29 10:13:06,350 - INFO - 
--- 璇勪及鎸囨爣 ---
2025-09-29 10:13:06,350 - INFO - 鍑嗙‘鐜?(Accuracy)              : 79.43%
2025-09-29 10:13:06,350 - INFO - 鍔犳潈鏌ュ噯鐜?(Weighted Precision): 0.7952
2025-09-29 10:13:06,350 - INFO - 鍔犳潈鏌ュ叏鐜?(Weighted Recall)   : 0.7943
2025-09-29 10:13:06,351 - INFO - 鍔犳潈F1鍒嗘暟 (Weighted F1-score) : 0.7804
2025-09-29 10:13:06,351 - INFO - --- 鍒嗙被鎶ュ憡 (Classification Report) ---
2025-09-29 10:13:06,351 - INFO -               precision    recall  f1-score   support

           0       0.91      0.77      0.84        79
           1       0.73      0.94      0.82        70
           2       0.78      0.78      0.78        49
           3       0.50      0.09      0.15        11

    accuracy                           0.79       209
   macro avg       0.73      0.65      0.65       209
weighted avg       0.80      0.79      0.78       209

2025-09-29 10:13:06,351 - INFO - 
--- 娣锋穯鐭╅樀 (Confusion Matrix) ---
2025-09-29 10:13:09,082 - INFO - New best model saved with F1: 0.7804
2025-09-29 10:15:34,196 - INFO - Epoch 3, Loss: 0.4673034454166305
2025-09-29 10:15:34,196 - INFO - 
--- eval ---
2025-09-29 10:15:36,352 - INFO - 
--- 璇勪及鎸囨爣 ---
2025-09-29 10:15:36,353 - INFO - 鍑嗙‘鐜?(Accuracy)              : 79.90%
2025-09-29 10:15:36,353 - INFO - 鍔犳潈鏌ュ噯鐜?(Weighted Precision): 0.7744
2025-09-29 10:15:36,353 - INFO - 鍔犳潈鏌ュ叏鐜?(Weighted Recall)   : 0.7990
2025-09-29 10:15:36,353 - INFO - 鍔犳潈F1鍒嗘暟 (Weighted F1-score) : 0.7709
2025-09-29 10:15:36,353 - INFO - --- 鍒嗙被鎶ュ憡 (Classification Report) ---
2025-09-29 10:15:36,353 - INFO -               precision    recall  f1-score   support

           0       0.75      1.00      0.86        79
           1       0.81      0.84      0.83        70
           2       0.94      0.59      0.72        49
           3       0.00      0.00      0.00        11

    accuracy                           0.80       209
   macro avg       0.62      0.61      0.60       209
weighted avg       0.77      0.80      0.77       209

2025-09-29 10:15:36,353 - INFO - 
--- 娣锋穯鐭╅樀 (Confusion Matrix) ---
2025-09-29 10:15:39,130 - INFO - New best model saved with F1: 0.7709
2025-09-29 10:18:04,998 - INFO - Epoch 4, Loss: 0.4648554606813621
2025-09-29 10:18:04,998 - INFO - 
--- eval ---
2025-09-29 10:18:07,151 - INFO - 
--- 璇勪及鎸囨爣 ---
2025-09-29 10:18:07,151 - INFO - 鍑嗙‘鐜?(Accuracy)              : 84.21%
2025-09-29 10:18:07,151 - INFO - 鍔犳潈鏌ュ噯鐜?(Weighted Precision): 0.8561
2025-09-29 10:18:07,151 - INFO - 鍔犳潈鏌ュ叏鐜?(Weighted Recall)   : 0.8421
2025-09-29 10:18:07,151 - INFO - 鍔犳潈F1鍒嗘暟 (Weighted F1-score) : 0.8417
2025-09-29 10:18:07,151 - INFO - --- 鍒嗙被鎶ュ憡 (Classification Report) ---
2025-09-29 10:18:07,151 - INFO -               precision    recall  f1-score   support

           0       0.87      0.95      0.91        79
           1       0.96      0.73      0.83        70
           2       0.76      0.90      0.82        49
           3       0.50      0.55      0.52        11

    accuracy                           0.84       209
   macro avg       0.77      0.78      0.77       209
weighted avg       0.86      0.84      0.84       209

2025-09-29 10:18:07,152 - INFO - 
--- 娣锋穯鐭╅樀 (Confusion Matrix) ---
2025-09-29 10:18:09,770 - INFO - New best model saved with F1: 0.8417
2025-09-29 10:20:35,590 - INFO - Epoch 5, Loss: 0.4337368588103286
2025-09-29 10:20:35,590 - INFO - 
--- eval ---
2025-09-29 10:20:37,763 - INFO - 
--- 璇勪及鎸囨爣 ---
2025-09-29 10:20:37,764 - INFO - 鍑嗙‘鐜?(Accuracy)              : 83.73%
2025-09-29 10:20:37,764 - INFO - 鍔犳潈鏌ュ噯鐜?(Weighted Precision): 0.8545
2025-09-29 10:20:37,764 - INFO - 鍔犳潈鏌ュ叏鐜?(Weighted Recall)   : 0.8373
2025-09-29 10:20:37,764 - INFO - 鍔犳潈F1鍒嗘暟 (Weighted F1-score) : 0.8430
2025-09-29 10:20:37,764 - INFO - --- 鍒嗙被鎶ュ憡 (Classification Report) ---
2025-09-29 10:20:37,764 - INFO -               precision    recall  f1-score   support

           0       0.92      0.87      0.90        79
           1       0.92      0.83      0.87        70
           2       0.74      0.82      0.78        49
           3       0.47      0.73      0.57        11

    accuracy                           0.84       209
   macro avg       0.76      0.81      0.78       209
weighted avg       0.85      0.84      0.84       209

2025-09-29 10:20:37,764 - INFO - 
--- 娣锋穯鐭╅樀 (Confusion Matrix) ---
2025-09-29 10:20:40,478 - INFO - New best model saved with F1: 0.8430
2025-09-29 10:23:06,316 - INFO - Epoch 6, Loss: 0.43654028708541315
2025-09-29 10:23:06,316 - INFO - 
--- eval ---
2025-09-29 10:23:08,507 - INFO - 
--- 璇勪及鎸囨爣 ---
2025-09-29 10:23:08,507 - INFO - 鍑嗙‘鐜?(Accuracy)              : 85.17%
2025-09-29 10:23:08,507 - INFO - 鍔犳潈鏌ュ噯鐜?(Weighted Precision): 0.8669
2025-09-29 10:23:08,507 - INFO - 鍔犳潈鏌ュ叏鐜?(Weighted Recall)   : 0.8517
2025-09-29 10:23:08,507 - INFO - 鍔犳潈F1鍒嗘暟 (Weighted F1-score) : 0.8561
2025-09-29 10:23:08,507 - INFO - --- 鍒嗙被鎶ュ憡 (Classification Report) ---
2025-09-29 10:23:08,507 - INFO -               precision    recall  f1-score   support

           0       0.92      0.90      0.91        79
           1       0.93      0.81      0.87        70
           2       0.76      0.86      0.81        49
           3       0.50      0.73      0.59        11

    accuracy                           0.85       209
   macro avg       0.78      0.82      0.80       209
weighted avg       0.87      0.85      0.86       209

2025-09-29 10:23:08,507 - INFO - 
--- 娣锋穯鐭╅樀 (Confusion Matrix) ---
2025-09-29 10:23:12,571 - INFO - New best model saved with F1: 0.8561
2025-09-29 10:25:37,974 - INFO - Epoch 7, Loss: 0.39962171870314217
2025-09-29 10:25:37,974 - INFO - 
--- eval ---
2025-09-29 10:25:40,133 - INFO - 
--- 璇勪及鎸囨爣 ---
2025-09-29 10:25:40,133 - INFO - 鍑嗙‘鐜?(Accuracy)              : 87.08%
2025-09-29 10:25:40,133 - INFO - 鍔犳潈鏌ュ噯鐜?(Weighted Precision): 0.8708
2025-09-29 10:25:40,133 - INFO - 鍔犳潈鏌ュ叏鐜?(Weighted Recall)   : 0.8708
2025-09-29 10:25:40,133 - INFO - 鍔犳潈F1鍒嗘暟 (Weighted F1-score) : 0.8686
2025-09-29 10:25:40,133 - INFO - --- 鍒嗙被鎶ュ憡 (Classification Report) ---
2025-09-29 10:25:40,133 - INFO -               precision    recall  f1-score   support

           0       0.92      0.91      0.92        79
           1       0.90      0.89      0.89        70
           2       0.78      0.88      0.83        49
           3       0.71      0.45      0.56        11

    accuracy                           0.87       209
   macro avg       0.83      0.78      0.80       209
weighted avg       0.87      0.87      0.87       209

2025-09-29 10:25:40,133 - INFO - 
--- 娣锋穯鐭╅樀 (Confusion Matrix) ---
2025-09-29 10:25:42,746 - INFO - New best model saved with F1: 0.8686
2025-09-29 10:28:08,354 - INFO - Epoch 8, Loss: 0.38305119907154755
2025-09-29 10:28:08,355 - INFO - 
--- eval ---
2025-09-29 10:28:10,510 - INFO - 
--- 璇勪及鎸囨爣 ---
2025-09-29 10:28:10,510 - INFO - 鍑嗙‘鐜?(Accuracy)              : 82.30%
2025-09-29 10:28:10,511 - INFO - 鍔犳潈鏌ュ噯鐜?(Weighted Precision): 0.8322
2025-09-29 10:28:10,511 - INFO - 鍔犳潈鏌ュ叏鐜?(Weighted Recall)   : 0.8230
2025-09-29 10:28:10,511 - INFO - 鍔犳潈F1鍒嗘暟 (Weighted F1-score) : 0.8257
2025-09-29 10:28:10,511 - INFO - --- 鍒嗙被鎶ュ憡 (Classification Report) ---
2025-09-29 10:28:10,511 - INFO -               precision    recall  f1-score   support

           0       0.92      0.84      0.87        79
           1       0.83      0.91      0.87        70
           2       0.80      0.76      0.78        49
           3       0.36      0.45      0.40        11

    accuracy                           0.82       209
   macro avg       0.73      0.74      0.73       209
weighted avg       0.83      0.82      0.83       209

2025-09-29 10:28:10,511 - INFO - 
--- 娣锋穯鐭╅樀 (Confusion Matrix) ---
2025-09-29 10:28:13,127 - INFO - New best model saved with F1: 0.8257
2025-09-29 10:30:39,095 - INFO - Epoch 9, Loss: 0.37088475952204925
2025-09-29 10:30:39,095 - INFO - 
--- eval ---
2025-09-29 10:30:41,266 - INFO - 
--- 璇勪及鎸囨爣 ---
2025-09-29 10:30:41,267 - INFO - 鍑嗙‘鐜?(Accuracy)              : 87.56%
2025-09-29 10:30:41,267 - INFO - 鍔犳潈鏌ュ噯鐜?(Weighted Precision): 0.8688
2025-09-29 10:30:41,267 - INFO - 鍔犳潈鏌ュ叏鐜?(Weighted Recall)   : 0.8756
2025-09-29 10:30:41,267 - INFO - 鍔犳潈F1鍒嗘暟 (Weighted F1-score) : 0.8704
2025-09-29 10:30:41,267 - INFO - --- 鍒嗙被鎶ュ憡 (Classification Report) ---
2025-09-29 10:30:41,267 - INFO -               precision    recall  f1-score   support

           0       0.91      0.95      0.93        79
           1       0.88      0.93      0.90        70
           2       0.85      0.80      0.82        49
           3       0.57      0.36      0.44        11

    accuracy                           0.88       209
   macro avg       0.80      0.76      0.77       209
weighted avg       0.87      0.88      0.87       209

2025-09-29 10:30:41,267 - INFO - 
--- 娣锋穯鐭╅樀 (Confusion Matrix) ---
2025-09-29 10:30:44,505 - INFO - New best model saved with F1: 0.8704
2025-09-29 10:33:10,320 - INFO - Epoch 10, Loss: 0.3548161880618412
2025-09-29 10:33:10,320 - INFO - 
--- eval ---
2025-09-29 10:33:12,480 - INFO - 
--- 璇勪及鎸囨爣 ---
2025-09-29 10:33:12,481 - INFO - 鍑嗙‘鐜?(Accuracy)              : 88.04%
2025-09-29 10:33:12,481 - INFO - 鍔犳潈鏌ュ噯鐜?(Weighted Precision): 0.8768
2025-09-29 10:33:12,481 - INFO - 鍔犳潈鏌ュ叏鐜?(Weighted Recall)   : 0.8804
2025-09-29 10:33:12,481 - INFO - 鍔犳潈F1鍒嗘暟 (Weighted F1-score) : 0.8779
2025-09-29 10:33:12,481 - INFO - --- 鍒嗙被鎶ュ憡 (Classification Report) ---
2025-09-29 10:33:12,481 - INFO -               precision    recall  f1-score   support

           0       0.92      0.97      0.94        79
           1       0.91      0.87      0.89        70
           2       0.84      0.84      0.84        49
           3       0.56      0.45      0.50        11

    accuracy                           0.88       209
   macro avg       0.80      0.78      0.79       209
weighted avg       0.88      0.88      0.88       209

2025-09-29 10:33:12,481 - INFO - 
--- 娣锋穯鐭╅樀 (Confusion Matrix) ---
2025-09-29 10:33:16,547 - INFO - New best model saved with F1: 0.8779
2025-09-29 10:33:16,547 - INFO - 
--- testing ---
2025-09-29 10:33:35,928 - INFO - 
--- 璇勪及鎸囨爣 ---
2025-09-29 10:33:35,928 - INFO - 鍑嗙‘鐜?(Accuracy)              : 88.98%
2025-09-29 10:33:35,928 - INFO - 鍔犳潈鏌ュ噯鐜?(Weighted Precision): 0.8882
2025-09-29 10:33:35,928 - INFO - 鍔犳潈鏌ュ叏鐜?(Weighted Recall)   : 0.8898
2025-09-29 10:33:35,928 - INFO - 鍔犳潈F1鍒嗘暟 (Weighted F1-score) : 0.8864
2025-09-29 10:33:35,928 - INFO - --- 鍒嗙被鎶ュ憡 (Classification Report) ---
2025-09-29 10:33:35,928 - INFO -               precision    recall  f1-score   support

           0       0.91      0.93      0.92       682
           1       0.87      0.94      0.90       610
           2       0.91      0.88      0.89       466
           3       0.80      0.52      0.63       129

    accuracy                           0.89      1887
   macro avg       0.87      0.81      0.84      1887
weighted avg       0.89      0.89      0.89      1887

2025-09-29 10:33:35,928 - INFO - 
--- 娣锋穯鐭╅樀 (Confusion Matrix) ---
2025-09-29 10:33:35,931 - INFO - 

==================== 瀹為獙鏈€缁堢粨鏋?(5娆¤繍琛? ====================

2025-09-29 10:33:35,932 - INFO - 妯″瀷瀹為檯鎬ц兘 (Mean 卤 Std Dev):
2025-09-29 10:33:35,932 - INFO - ----------------------------------------------------------------------
2025-09-29 10:33:35,932 - INFO -   - Accuracy             : 0.8922 卤 0.0049
2025-09-29 10:33:35,932 - INFO -   - Weighted Precision   : 0.8907 卤 0.0046
2025-09-29 10:33:35,932 - INFO -   - Weighted Recall      : 0.8922 卤 0.0049
2025-09-29 10:33:35,932 - INFO -   - Weighted F1-score    : 0.8895 卤 0.0057
2025-09-29 10:33:35,932 - INFO - ----------------------------------------------------------------------
2025-09-29 10:33:35,932 - INFO - 
============================================================

