2025-09-28 18:17:05,921 - INFO - Using GPU: NVIDIA GeForce RTX 3090
2025-09-28 18:17:26,486 - INFO - -----------------  0  -----------------
2025-09-28 18:19:53,389 - INFO - Epoch 1, Loss: 1.0587780945538696
2025-09-28 18:19:53,389 - INFO - 
--- eval ---
2025-09-28 18:19:55,536 - INFO - 
--- 璇勪及鎸囨爣 ---
2025-09-28 18:19:55,536 - INFO - 鍑嗙‘鐜?(Accuracy)              : 78.95%
2025-09-28 18:19:55,536 - INFO - 鍔犳潈鏌ュ噯鐜?(Weighted Precision): 0.7525
2025-09-28 18:19:55,537 - INFO - 鍔犳潈鏌ュ叏鐜?(Weighted Recall)   : 0.7895
2025-09-28 18:19:55,537 - INFO - 鍔犳潈F1鍒嗘暟 (Weighted F1-score) : 0.7673
2025-09-28 18:19:55,537 - INFO - --- 鍒嗙被鎶ュ憡 (Classification Report) ---
2025-09-28 18:19:55,537 - INFO -               precision    recall  f1-score   support

           0       0.80      0.95      0.87        79
           1       0.87      0.77      0.82        70
           2       0.68      0.73      0.71        49
           3       0.00      0.00      0.00        11

    accuracy                           0.79       209
   macro avg       0.59      0.61      0.60       209
weighted avg       0.75      0.79      0.77       209

2025-09-28 18:19:55,537 - INFO - 
--- 娣锋穯鐭╅樀 (Confusion Matrix) ---
2025-09-28 18:19:56,228 - INFO - New best model saved with F1: 0.7673
2025-09-28 18:22:20,264 - INFO - Epoch 2, Loss: 0.39133795973573954
2025-09-28 18:22:20,264 - INFO - 
--- eval ---
2025-09-28 18:22:22,431 - INFO - 
--- 璇勪及鎸囨爣 ---
2025-09-28 18:22:22,431 - INFO - 鍑嗙‘鐜?(Accuracy)              : 87.08%
2025-09-28 18:22:22,431 - INFO - 鍔犳潈鏌ュ噯鐜?(Weighted Precision): 0.8744
2025-09-28 18:22:22,431 - INFO - 鍔犳潈鏌ュ叏鐜?(Weighted Recall)   : 0.8708
2025-09-28 18:22:22,431 - INFO - 鍔犳潈F1鍒嗘暟 (Weighted F1-score) : 0.8721
2025-09-28 18:22:22,431 - INFO - --- 鍒嗙被鎶ュ憡 (Classification Report) ---
2025-09-28 18:22:22,431 - INFO -               precision    recall  f1-score   support

           0       0.92      0.90      0.91        79
           1       0.91      0.87      0.89        70
           2       0.83      0.90      0.86        49
           3       0.50      0.55      0.52        11

    accuracy                           0.87       209
   macro avg       0.79      0.80      0.80       209
weighted avg       0.87      0.87      0.87       209

2025-09-28 18:22:22,432 - INFO - 
--- 娣锋穯鐭╅樀 (Confusion Matrix) ---
2025-09-28 18:22:25,181 - INFO - New best model saved with F1: 0.8721
2025-09-28 18:24:50,726 - INFO - Epoch 3, Loss: 0.3475381675008167
2025-09-28 18:24:50,726 - INFO - 
--- eval ---
2025-09-28 18:24:52,917 - INFO - 
--- 璇勪及鎸囨爣 ---
2025-09-28 18:24:52,917 - INFO - 鍑嗙‘鐜?(Accuracy)              : 87.08%
2025-09-28 18:24:52,917 - INFO - 鍔犳潈鏌ュ噯鐜?(Weighted Precision): 0.8789
2025-09-28 18:24:52,917 - INFO - 鍔犳潈鏌ュ叏鐜?(Weighted Recall)   : 0.8708
2025-09-28 18:24:52,917 - INFO - 鍔犳潈F1鍒嗘暟 (Weighted F1-score) : 0.8578
2025-09-28 18:24:52,917 - INFO - --- 鍒嗙被鎶ュ憡 (Classification Report) ---
2025-09-28 18:24:52,917 - INFO -               precision    recall  f1-score   support

           0       0.84      0.97      0.90        79
           1       0.90      0.89      0.89        70
           2       0.89      0.84      0.86        49
           3       1.00      0.18      0.31        11

    accuracy                           0.87       209
   macro avg       0.91      0.72      0.74       209
weighted avg       0.88      0.87      0.86       209

2025-09-28 18:24:52,917 - INFO - 
--- 娣锋穯鐭╅樀 (Confusion Matrix) ---
2025-09-28 18:24:56,167 - INFO - New best model saved with F1: 0.8578
2025-09-28 18:27:22,343 - INFO - Epoch 4, Loss: 0.348525497280183
2025-09-28 18:27:22,343 - INFO - 
--- eval ---
2025-09-28 18:27:24,534 - INFO - 
--- 璇勪及鎸囨爣 ---
2025-09-28 18:27:24,534 - INFO - 鍑嗙‘鐜?(Accuracy)              : 87.56%
2025-09-28 18:27:24,534 - INFO - 鍔犳潈鏌ュ噯鐜?(Weighted Precision): 0.8877
2025-09-28 18:27:24,534 - INFO - 鍔犳潈鏌ュ叏鐜?(Weighted Recall)   : 0.8756
2025-09-28 18:27:24,534 - INFO - 鍔犳潈F1鍒嗘暟 (Weighted F1-score) : 0.8789
2025-09-28 18:27:24,534 - INFO - --- 鍒嗙被鎶ュ憡 (Classification Report) ---
2025-09-28 18:27:24,534 - INFO -               precision    recall  f1-score   support

           0       0.91      0.92      0.92        79
           1       0.94      0.83      0.88        70
           2       0.86      0.88      0.87        49
           3       0.53      0.82      0.64        11

    accuracy                           0.88       209
   macro avg       0.81      0.86      0.83       209
weighted avg       0.89      0.88      0.88       209

2025-09-28 18:27:24,534 - INFO - 
--- 娣锋穯鐭╅樀 (Confusion Matrix) ---
2025-09-28 18:27:27,168 - INFO - New best model saved with F1: 0.8789
2025-09-28 18:29:53,431 - INFO - Epoch 5, Loss: 0.3601438322082068
2025-09-28 18:29:53,431 - INFO - 
--- eval ---
2025-09-28 18:29:55,600 - INFO - 
--- 璇勪及鎸囨爣 ---
2025-09-28 18:29:55,600 - INFO - 鍑嗙‘鐜?(Accuracy)              : 84.21%
2025-09-28 18:29:55,600 - INFO - 鍔犳潈鏌ュ噯鐜?(Weighted Precision): 0.8481
2025-09-28 18:29:55,600 - INFO - 鍔犳潈鏌ュ叏鐜?(Weighted Recall)   : 0.8421
2025-09-28 18:29:55,601 - INFO - 鍔犳潈F1鍒嗘暟 (Weighted F1-score) : 0.8431
2025-09-28 18:29:55,601 - INFO - --- 鍒嗙被鎶ュ憡 (Classification Report) ---
2025-09-28 18:29:55,601 - INFO -               precision    recall  f1-score   support

           0       0.91      0.86      0.88        79
           1       0.89      0.83      0.86        70
           2       0.76      0.90      0.82        49
           3       0.55      0.55      0.55        11

    accuracy                           0.84       209
   macro avg       0.78      0.78      0.78       209
weighted avg       0.85      0.84      0.84       209

2025-09-28 18:29:55,601 - INFO - 
--- 娣锋穯鐭╅樀 (Confusion Matrix) ---
2025-09-28 18:29:58,220 - INFO - New best model saved with F1: 0.8431
2025-09-28 18:32:25,431 - INFO - Epoch 6, Loss: 0.37128323258746876
2025-09-28 18:32:25,431 - INFO - 
--- eval ---
2025-09-28 18:32:27,619 - INFO - 
--- 璇勪及鎸囨爣 ---
2025-09-28 18:32:27,619 - INFO - 鍑嗙‘鐜?(Accuracy)              : 86.60%
2025-09-28 18:32:27,619 - INFO - 鍔犳潈鏌ュ噯鐜?(Weighted Precision): 0.8706
2025-09-28 18:32:27,620 - INFO - 鍔犳潈鏌ュ叏鐜?(Weighted Recall)   : 0.8660
2025-09-28 18:32:27,620 - INFO - 鍔犳潈F1鍒嗘暟 (Weighted F1-score) : 0.8679
2025-09-28 18:32:27,620 - INFO - --- 鍒嗙被鎶ュ憡 (Classification Report) ---
2025-09-28 18:32:27,620 - INFO -               precision    recall  f1-score   support

           0       0.91      0.92      0.92        79
           1       0.91      0.86      0.88        70
           2       0.84      0.86      0.85        49
           3       0.46      0.55      0.50        11

    accuracy                           0.87       209
   macro avg       0.78      0.80      0.79       209
weighted avg       0.87      0.87      0.87       209

2025-09-28 18:32:27,620 - INFO - 
--- 娣锋穯鐭╅樀 (Confusion Matrix) ---
2025-09-28 18:32:30,294 - INFO - New best model saved with F1: 0.8679
2025-09-28 18:34:56,955 - INFO - Epoch 7, Loss: 0.3594329583038594
2025-09-28 18:34:56,955 - INFO - 
--- eval ---
2025-09-28 18:34:59,154 - INFO - 
--- 璇勪及鎸囨爣 ---
2025-09-28 18:34:59,154 - INFO - 鍑嗙‘鐜?(Accuracy)              : 87.08%
2025-09-28 18:34:59,154 - INFO - 鍔犳潈鏌ュ噯鐜?(Weighted Precision): 0.8779
2025-09-28 18:34:59,155 - INFO - 鍔犳潈鏌ュ叏鐜?(Weighted Recall)   : 0.8708
2025-09-28 18:34:59,155 - INFO - 鍔犳潈F1鍒嗘暟 (Weighted F1-score) : 0.8732
2025-09-28 18:34:59,155 - INFO - --- 鍒嗙被鎶ュ憡 (Classification Report) ---
2025-09-28 18:34:59,155 - INFO -               precision    recall  f1-score   support

           0       0.91      0.94      0.93        79
           1       0.94      0.86      0.90        70
           2       0.82      0.84      0.83        49
           3       0.50      0.64      0.56        11

    accuracy                           0.87       209
   macro avg       0.79      0.82      0.80       209
weighted avg       0.88      0.87      0.87       209

2025-09-28 18:34:59,155 - INFO - 
--- 娣锋穯鐭╅樀 (Confusion Matrix) ---
2025-09-28 18:35:01,766 - INFO - New best model saved with F1: 0.8732
2025-09-28 18:37:28,002 - INFO - Epoch 8, Loss: 0.3383101817154633
2025-09-28 18:37:28,003 - INFO - 
--- eval ---
2025-09-28 18:37:30,191 - INFO - 
--- 璇勪及鎸囨爣 ---
2025-09-28 18:37:30,191 - INFO - 鍑嗙‘鐜?(Accuracy)              : 86.12%
2025-09-28 18:37:30,191 - INFO - 鍔犳潈鏌ュ噯鐜?(Weighted Precision): 0.8669
2025-09-28 18:37:30,191 - INFO - 鍔犳潈鏌ュ叏鐜?(Weighted Recall)   : 0.8612
2025-09-28 18:37:30,191 - INFO - 鍔犳潈F1鍒嗘暟 (Weighted F1-score) : 0.8631
2025-09-28 18:37:30,191 - INFO - --- 鍒嗙被鎶ュ憡 (Classification Report) ---
2025-09-28 18:37:30,191 - INFO -               precision    recall  f1-score   support

           0       0.91      0.94      0.93        79
           1       0.92      0.84      0.88        70
           2       0.80      0.84      0.82        49
           3       0.46      0.55      0.50        11

    accuracy                           0.86       209
   macro avg       0.78      0.79      0.78       209
weighted avg       0.87      0.86      0.86       209

2025-09-28 18:37:30,191 - INFO - 
--- 娣锋穯鐭╅樀 (Confusion Matrix) ---
2025-09-28 18:37:32,929 - INFO - New best model saved with F1: 0.8631
2025-09-28 18:39:59,409 - INFO - Epoch 9, Loss: 0.3296163814519745
2025-09-28 18:39:59,409 - INFO - 
--- eval ---
2025-09-28 18:40:01,606 - INFO - 
--- 璇勪及鎸囨爣 ---
2025-09-28 18:40:01,606 - INFO - 鍑嗙‘鐜?(Accuracy)              : 86.12%
2025-09-28 18:40:01,606 - INFO - 鍔犳潈鏌ュ噯鐜?(Weighted Precision): 0.8658
2025-09-28 18:40:01,606 - INFO - 鍔犳潈鏌ュ叏鐜?(Weighted Recall)   : 0.8612
2025-09-28 18:40:01,606 - INFO - 鍔犳潈F1鍒嗘暟 (Weighted F1-score) : 0.8626
2025-09-28 18:40:01,606 - INFO - --- 鍒嗙被鎶ュ憡 (Classification Report) ---
2025-09-28 18:40:01,607 - INFO -               precision    recall  f1-score   support

           0       0.91      0.92      0.92        79
           1       0.92      0.84      0.88        70
           2       0.79      0.86      0.82        49
           3       0.50      0.55      0.52        11

    accuracy                           0.86       209
   macro avg       0.78      0.79      0.79       209
weighted avg       0.87      0.86      0.86       209

2025-09-28 18:40:01,607 - INFO - 
--- 娣锋穯鐭╅樀 (Confusion Matrix) ---
2025-09-28 18:40:04,357 - INFO - New best model saved with F1: 0.8626
2025-09-28 18:42:31,143 - INFO - Epoch 10, Loss: 0.31552527536348185
2025-09-28 18:42:31,144 - INFO - 
--- eval ---
2025-09-28 18:42:33,321 - INFO - 
--- 璇勪及鎸囨爣 ---
2025-09-28 18:42:33,322 - INFO - 鍑嗙‘鐜?(Accuracy)              : 88.52%
2025-09-28 18:42:33,322 - INFO - 鍔犳潈鏌ュ噯鐜?(Weighted Precision): 0.8842
2025-09-28 18:42:33,322 - INFO - 鍔犳潈鏌ュ叏鐜?(Weighted Recall)   : 0.8852
2025-09-28 18:42:33,322 - INFO - 鍔犳潈F1鍒嗘暟 (Weighted F1-score) : 0.8843
2025-09-28 18:42:33,322 - INFO - --- 鍒嗙被鎶ュ憡 (Classification Report) ---
2025-09-28 18:42:33,322 - INFO -               precision    recall  f1-score   support

           0       0.91      0.95      0.93        79
           1       0.93      0.89      0.91        70
           2       0.84      0.86      0.85        49
           3       0.60      0.55      0.57        11

    accuracy                           0.89       209
   macro avg       0.82      0.81      0.81       209
weighted avg       0.88      0.89      0.88       209

2025-09-28 18:42:33,322 - INFO - 
--- 娣锋穯鐭╅樀 (Confusion Matrix) ---
2025-09-28 18:42:36,274 - INFO - New best model saved with F1: 0.8843
2025-09-28 18:42:36,274 - INFO - 
--- testing ---
2025-09-28 18:42:55,955 - INFO - 
--- 璇勪及鎸囨爣 ---
2025-09-28 18:42:55,955 - INFO - 鍑嗙‘鐜?(Accuracy)              : 90.14%
2025-09-28 18:42:55,955 - INFO - 鍔犳潈鏌ュ噯鐜?(Weighted Precision): 0.8997
2025-09-28 18:42:55,955 - INFO - 鍔犳潈鏌ュ叏鐜?(Weighted Recall)   : 0.9014
2025-09-28 18:42:55,956 - INFO - 鍔犳潈F1鍒嗘暟 (Weighted F1-score) : 0.8998
2025-09-28 18:42:55,956 - INFO - --- 鍒嗙被鎶ュ憡 (Classification Report) ---
2025-09-28 18:42:55,956 - INFO -               precision    recall  f1-score   support

           0       0.92      0.93      0.93       682
           1       0.89      0.93      0.91       610
           2       0.92      0.90      0.91       466
           3       0.76      0.61      0.68       129

    accuracy                           0.90      1887
   macro avg       0.87      0.84      0.86      1887
weighted avg       0.90      0.90      0.90      1887

2025-09-28 18:42:55,956 - INFO - 
--- 娣锋穯鐭╅樀 (Confusion Matrix) ---
2025-09-28 18:42:55,957 - INFO - -----------------  1  -----------------
2025-09-28 18:45:26,980 - INFO - Epoch 1, Loss: 0.43004177164688123
2025-09-28 18:45:26,981 - INFO - 
--- eval ---
2025-09-28 18:45:29,181 - INFO - 
--- 璇勪及鎸囨爣 ---
2025-09-28 18:45:29,181 - INFO - 鍑嗙‘鐜?(Accuracy)              : 81.34%
2025-09-28 18:45:29,181 - INFO - 鍔犳潈鏌ュ噯鐜?(Weighted Precision): 0.8356
2025-09-28 18:45:29,181 - INFO - 鍔犳潈鏌ュ叏鐜?(Weighted Recall)   : 0.8134
2025-09-28 18:45:29,181 - INFO - 鍔犳潈F1鍒嗘暟 (Weighted F1-score) : 0.8214
2025-09-28 18:45:29,181 - INFO - --- 鍒嗙被鎶ュ憡 (Classification Report) ---
2025-09-28 18:45:29,181 - INFO -               precision    recall  f1-score   support

           0       0.93      0.82      0.87        79
           1       0.86      0.86      0.86        70
           2       0.76      0.78      0.77        49
           3       0.37      0.64      0.47        11

    accuracy                           0.81       209
   macro avg       0.73      0.77      0.74       209
weighted avg       0.84      0.81      0.82       209

2025-09-28 18:45:29,181 - INFO - 
--- 娣锋穯鐭╅樀 (Confusion Matrix) ---
2025-09-28 18:45:31,910 - INFO - New best model saved with F1: 0.8214
2025-09-28 18:47:58,361 - INFO - Epoch 2, Loss: 0.44044641297184284
2025-09-28 18:47:58,362 - INFO - 
--- eval ---
2025-09-28 18:48:00,558 - INFO - 
--- 璇勪及鎸囨爣 ---
2025-09-28 18:48:00,558 - INFO - 鍑嗙‘鐜?(Accuracy)              : 87.08%
2025-09-28 18:48:00,558 - INFO - 鍔犳潈鏌ュ噯鐜?(Weighted Precision): 0.8549
2025-09-28 18:48:00,558 - INFO - 鍔犳潈鏌ュ叏鐜?(Weighted Recall)   : 0.8708
2025-09-28 18:48:00,558 - INFO - 鍔犳潈F1鍒嗘暟 (Weighted F1-score) : 0.8549
2025-09-28 18:48:00,558 - INFO - --- 鍒嗙被鎶ュ憡 (Classification Report) ---
2025-09-28 18:48:00,558 - INFO -               precision    recall  f1-score   support

           0       0.90      0.96      0.93        79
           1       0.89      0.90      0.89        70
           2       0.81      0.86      0.83        49
           3       0.50      0.09      0.15        11

    accuracy                           0.87       209
   macro avg       0.77      0.70      0.70       209
weighted avg       0.85      0.87      0.85       209

2025-09-28 18:48:00,558 - INFO - 
--- 娣锋穯鐭╅樀 (Confusion Matrix) ---
2025-09-28 18:48:03,372 - INFO - New best model saved with F1: 0.8549
2025-09-28 18:50:29,523 - INFO - Epoch 3, Loss: 0.41832447228983677
2025-09-28 18:50:29,524 - INFO - 
--- eval ---
2025-09-28 18:50:31,723 - INFO - 
--- 璇勪及鎸囨爣 ---
2025-09-28 18:50:31,723 - INFO - 鍑嗙‘鐜?(Accuracy)              : 79.90%
2025-09-28 18:50:31,723 - INFO - 鍔犳潈鏌ュ噯鐜?(Weighted Precision): 0.8132
2025-09-28 18:50:31,723 - INFO - 鍔犳潈鏌ュ叏鐜?(Weighted Recall)   : 0.7990
2025-09-28 18:50:31,723 - INFO - 鍔犳潈F1鍒嗘暟 (Weighted F1-score) : 0.7899
2025-09-28 18:50:31,723 - INFO - --- 鍒嗙被鎶ュ憡 (Classification Report) ---
2025-09-28 18:50:31,723 - INFO -               precision    recall  f1-score   support

           0       0.93      0.78      0.85        79
           1       0.87      0.84      0.86        70
           2       0.62      0.92      0.74        49
           3       0.50      0.09      0.15        11

    accuracy                           0.80       209
   macro avg       0.73      0.66      0.65       209
weighted avg       0.81      0.80      0.79       209

2025-09-28 18:50:31,723 - INFO - 
--- 娣锋穯鐭╅樀 (Confusion Matrix) ---
2025-09-28 18:50:34,438 - INFO - New best model saved with F1: 0.7899
2025-09-28 18:53:00,564 - INFO - Epoch 4, Loss: 0.42318619897716914
2025-09-28 18:53:00,564 - INFO - 
--- eval ---
2025-09-28 18:53:02,761 - INFO - 
--- 璇勪及鎸囨爣 ---
2025-09-28 18:53:02,761 - INFO - 鍑嗙‘鐜?(Accuracy)              : 77.99%
2025-09-28 18:53:02,761 - INFO - 鍔犳潈鏌ュ噯鐜?(Weighted Precision): 0.8270
2025-09-28 18:53:02,761 - INFO - 鍔犳潈鏌ュ叏鐜?(Weighted Recall)   : 0.7799
2025-09-28 18:53:02,761 - INFO - 鍔犳潈F1鍒嗘暟 (Weighted F1-score) : 0.7689
2025-09-28 18:53:02,761 - INFO - --- 鍒嗙被鎶ュ憡 (Classification Report) ---
2025-09-28 18:53:02,761 - INFO -               precision    recall  f1-score   support

           0       0.68      1.00      0.81        79
           1       0.87      0.74      0.80        70
           2       0.97      0.59      0.73        49
           3       1.00      0.27      0.43        11

    accuracy                           0.78       209
   macro avg       0.88      0.65      0.69       209
weighted avg       0.83      0.78      0.77       209

2025-09-28 18:53:02,761 - INFO - 
--- 娣锋穯鐭╅樀 (Confusion Matrix) ---
2025-09-28 18:53:05,599 - INFO - New best model saved with F1: 0.7689
2025-09-28 18:55:31,407 - INFO - Epoch 5, Loss: 0.42724142397839115
2025-09-28 18:55:31,407 - INFO - 
--- eval ---
2025-09-28 18:55:33,575 - INFO - 
--- 璇勪及鎸囨爣 ---
2025-09-28 18:55:33,575 - INFO - 鍑嗙‘鐜?(Accuracy)              : 85.65%
2025-09-28 18:55:33,575 - INFO - 鍔犳潈鏌ュ噯鐜?(Weighted Precision): 0.8587
2025-09-28 18:55:33,575 - INFO - 鍔犳潈鏌ュ叏鐜?(Weighted Recall)   : 0.8565
2025-09-28 18:55:33,575 - INFO - 鍔犳潈F1鍒嗘暟 (Weighted F1-score) : 0.8550
2025-09-28 18:55:33,575 - INFO - --- 鍒嗙被鎶ュ憡 (Classification Report) ---
2025-09-28 18:55:33,575 - INFO -               precision    recall  f1-score   support

           0       0.93      0.85      0.89        79
           1       0.88      0.90      0.89        70
           2       0.77      0.90      0.83        49
           3       0.62      0.45      0.53        11

    accuracy                           0.86       209
   macro avg       0.80      0.78      0.78       209
weighted avg       0.86      0.86      0.85       209

2025-09-28 18:55:33,575 - INFO - 
--- 娣锋穯鐭╅樀 (Confusion Matrix) ---
2025-09-28 18:55:36,313 - INFO - New best model saved with F1: 0.8550
2025-09-28 18:58:02,499 - INFO - Epoch 6, Loss: 0.4084303434367529
2025-09-28 18:58:02,499 - INFO - 
--- eval ---
2025-09-28 18:58:04,662 - INFO - 
--- 璇勪及鎸囨爣 ---
2025-09-28 18:58:04,662 - INFO - 鍑嗙‘鐜?(Accuracy)              : 83.25%
2025-09-28 18:58:04,662 - INFO - 鍔犳潈鏌ュ噯鐜?(Weighted Precision): 0.8688
2025-09-28 18:58:04,663 - INFO - 鍔犳潈鏌ュ叏鐜?(Weighted Recall)   : 0.8325
2025-09-28 18:58:04,663 - INFO - 鍔犳潈F1鍒嗘暟 (Weighted F1-score) : 0.8383
2025-09-28 18:58:04,663 - INFO - --- 鍒嗙被鎶ュ憡 (Classification Report) ---
2025-09-28 18:58:04,663 - INFO -               precision    recall  f1-score   support

           0       0.90      0.91      0.91        79
           1       0.98      0.70      0.82        70
           2       0.76      0.90      0.82        49
           3       0.43      0.82      0.56        11

    accuracy                           0.83       209
   macro avg       0.77      0.83      0.78       209
weighted avg       0.87      0.83      0.84       209

2025-09-28 18:58:04,663 - INFO - 
--- 娣锋穯鐭╅樀 (Confusion Matrix) ---
2025-09-28 18:58:07,285 - INFO - New best model saved with F1: 0.8383
2025-09-28 19:00:33,519 - INFO - Epoch 7, Loss: 0.3941746807521745
2025-09-28 19:00:33,519 - INFO - 
--- eval ---
2025-09-28 19:00:35,696 - INFO - 
--- 璇勪及鎸囨爣 ---
2025-09-28 19:00:35,696 - INFO - 鍑嗙‘鐜?(Accuracy)              : 83.25%
2025-09-28 19:00:35,696 - INFO - 鍔犳潈鏌ュ噯鐜?(Weighted Precision): 0.8414
2025-09-28 19:00:35,696 - INFO - 鍔犳潈鏌ュ叏鐜?(Weighted Recall)   : 0.8325
2025-09-28 19:00:35,696 - INFO - 鍔犳潈F1鍒嗘暟 (Weighted F1-score) : 0.8363
2025-09-28 19:00:35,696 - INFO - --- 鍒嗙被鎶ュ憡 (Classification Report) ---
2025-09-28 19:00:35,696 - INFO -               precision    recall  f1-score   support

           0       0.91      0.90      0.90        79
           1       0.88      0.86      0.87        70
           2       0.77      0.76      0.76        49
           3       0.40      0.55      0.46        11

    accuracy                           0.83       209
   macro avg       0.74      0.76      0.75       209
weighted avg       0.84      0.83      0.84       209

2025-09-28 19:00:35,696 - INFO - 
--- 娣锋穯鐭╅樀 (Confusion Matrix) ---
2025-09-28 19:00:38,385 - INFO - New best model saved with F1: 0.8363
2025-09-28 19:03:04,247 - INFO - Epoch 8, Loss: 0.38879521529903954
2025-09-28 19:03:04,247 - INFO - 
--- eval ---
2025-09-28 19:03:06,428 - INFO - 
--- 璇勪及鎸囨爣 ---
2025-09-28 19:03:06,428 - INFO - 鍑嗙‘鐜?(Accuracy)              : 87.56%
2025-09-28 19:03:06,428 - INFO - 鍔犳潈鏌ュ噯鐜?(Weighted Precision): 0.8738
2025-09-28 19:03:06,428 - INFO - 鍔犳潈鏌ュ叏鐜?(Weighted Recall)   : 0.8756
2025-09-28 19:03:06,428 - INFO - 鍔犳潈F1鍒嗘暟 (Weighted F1-score) : 0.8702
2025-09-28 19:03:06,428 - INFO - --- 鍒嗙被鎶ュ憡 (Classification Report) ---
2025-09-28 19:03:06,428 - INFO -               precision    recall  f1-score   support

           0       0.90      0.92      0.91        79
           1       0.89      0.90      0.89        70
           2       0.83      0.88      0.85        49
           3       0.80      0.36      0.50        11

    accuracy                           0.88       209
   macro avg       0.85      0.77      0.79       209
weighted avg       0.87      0.88      0.87       209

2025-09-28 19:03:06,428 - INFO - 
--- 娣锋穯鐭╅樀 (Confusion Matrix) ---
2025-09-28 19:03:09,744 - INFO - New best model saved with F1: 0.8702
2025-09-28 19:05:35,632 - INFO - Epoch 9, Loss: 0.3554346054930124
2025-09-28 19:05:35,633 - INFO - 
--- eval ---
2025-09-28 19:05:37,831 - INFO - 
--- 璇勪及鎸囨爣 ---
2025-09-28 19:05:37,831 - INFO - 鍑嗙‘鐜?(Accuracy)              : 86.60%
2025-09-28 19:05:37,831 - INFO - 鍔犳潈鏌ュ噯鐜?(Weighted Precision): 0.8640
2025-09-28 19:05:37,831 - INFO - 鍔犳潈鏌ュ叏鐜?(Weighted Recall)   : 0.8660
2025-09-28 19:05:37,831 - INFO - 鍔犳潈F1鍒嗘暟 (Weighted F1-score) : 0.8645
2025-09-28 19:05:37,831 - INFO - --- 鍒嗙被鎶ュ憡 (Classification Report) ---
2025-09-28 19:05:37,831 - INFO -               precision    recall  f1-score   support

           0       0.89      0.95      0.92        79
           1       0.90      0.86      0.88        70
           2       0.85      0.84      0.85        49
           3       0.50      0.45      0.48        11

    accuracy                           0.87       209
   macro avg       0.79      0.77      0.78       209
weighted avg       0.86      0.87      0.86       209

2025-09-28 19:05:37,831 - INFO - 
--- 娣锋穯鐭╅樀 (Confusion Matrix) ---
2025-09-28 19:05:40,541 - INFO - New best model saved with F1: 0.8645
2025-09-28 19:08:06,674 - INFO - Epoch 10, Loss: 0.34443027698632717
2025-09-28 19:08:06,674 - INFO - 
--- eval ---
2025-09-28 19:08:08,852 - INFO - 
--- 璇勪及鎸囨爣 ---
2025-09-28 19:08:08,852 - INFO - 鍑嗙‘鐜?(Accuracy)              : 85.65%
2025-09-28 19:08:08,852 - INFO - 鍔犳潈鏌ュ噯鐜?(Weighted Precision): 0.8586
2025-09-28 19:08:08,852 - INFO - 鍔犳潈鏌ュ叏鐜?(Weighted Recall)   : 0.8565
2025-09-28 19:08:08,852 - INFO - 鍔犳潈F1鍒嗘暟 (Weighted F1-score) : 0.8572
2025-09-28 19:08:08,852 - INFO - --- 鍒嗙被鎶ュ憡 (Classification Report) ---
2025-09-28 19:08:08,852 - INFO -               precision    recall  f1-score   support

           0       0.90      0.92      0.91        79
           1       0.89      0.84      0.87        70
           2       0.82      0.84      0.83        49
           3       0.50      0.55      0.52        11

    accuracy                           0.86       209
   macro avg       0.78      0.79      0.78       209
weighted avg       0.86      0.86      0.86       209

2025-09-28 19:08:08,852 - INFO - 
--- 娣锋穯鐭╅樀 (Confusion Matrix) ---
2025-09-28 19:08:11,557 - INFO - New best model saved with F1: 0.8572
2025-09-28 19:08:11,558 - INFO - 
--- testing ---
2025-09-28 19:08:31,186 - INFO - 
--- 璇勪及鎸囨爣 ---
2025-09-28 19:08:31,186 - INFO - 鍑嗙‘鐜?(Accuracy)              : 89.03%
2025-09-28 19:08:31,186 - INFO - 鍔犳潈鏌ュ噯鐜?(Weighted Precision): 0.8885
2025-09-28 19:08:31,186 - INFO - 鍔犳潈鏌ュ叏鐜?(Weighted Recall)   : 0.8903
2025-09-28 19:08:31,186 - INFO - 鍔犳潈F1鍒嗘暟 (Weighted F1-score) : 0.8888
2025-09-28 19:08:31,186 - INFO - --- 鍒嗙被鎶ュ憡 (Classification Report) ---
2025-09-28 19:08:31,186 - INFO -               precision    recall  f1-score   support

           0       0.91      0.92      0.91       682
           1       0.89      0.93      0.91       610
           2       0.89      0.87      0.88       466
           3       0.74      0.61      0.67       129

    accuracy                           0.89      1887
   macro avg       0.86      0.83      0.84      1887
weighted avg       0.89      0.89      0.89      1887

2025-09-28 19:08:31,186 - INFO - 
--- 娣锋穯鐭╅樀 (Confusion Matrix) ---
2025-09-28 19:08:31,188 - INFO - -----------------  2  -----------------
2025-09-28 19:11:01,589 - INFO - Epoch 1, Loss: 0.529843364026568
2025-09-28 19:11:01,590 - INFO - 
--- eval ---
2025-09-28 19:11:03,757 - INFO - 
--- 璇勪及鎸囨爣 ---
2025-09-28 19:11:03,757 - INFO - 鍑嗙‘鐜?(Accuracy)              : 82.30%
2025-09-28 19:11:03,757 - INFO - 鍔犳潈鏌ュ噯鐜?(Weighted Precision): 0.8228
2025-09-28 19:11:03,757 - INFO - 鍔犳潈鏌ュ叏鐜?(Weighted Recall)   : 0.8230
2025-09-28 19:11:03,757 - INFO - 鍔犳潈F1鍒嗘暟 (Weighted F1-score) : 0.8124
2025-09-28 19:11:03,758 - INFO - --- 鍒嗙被鎶ュ憡 (Classification Report) ---
2025-09-28 19:11:03,758 - INFO -               precision    recall  f1-score   support

           0       0.92      0.85      0.88        79
           1       0.78      0.94      0.85        70
           2       0.77      0.76      0.76        49
           3       0.67      0.18      0.29        11

    accuracy                           0.82       209
   macro avg       0.78      0.68      0.70       209
weighted avg       0.82      0.82      0.81       209

2025-09-28 19:11:03,758 - INFO - 
--- 娣锋穯鐭╅樀 (Confusion Matrix) ---
2025-09-28 19:11:07,476 - INFO - New best model saved with F1: 0.8124
2025-09-28 19:13:33,251 - INFO - Epoch 2, Loss: 0.46684636254536194
2025-09-28 19:13:33,251 - INFO - 
--- eval ---
2025-09-28 19:13:35,441 - INFO - 
--- 璇勪及鎸囨爣 ---
2025-09-28 19:13:35,441 - INFO - 鍑嗙‘鐜?(Accuracy)              : 81.82%
2025-09-28 19:13:35,441 - INFO - 鍔犳潈鏌ュ噯鐜?(Weighted Precision): 0.8511
2025-09-28 19:13:35,441 - INFO - 鍔犳潈鏌ュ叏鐜?(Weighted Recall)   : 0.8182
2025-09-28 19:13:35,441 - INFO - 鍔犳潈F1鍒嗘暟 (Weighted F1-score) : 0.8248
2025-09-28 19:13:35,441 - INFO - --- 鍒嗙被鎶ュ憡 (Classification Report) ---
2025-09-28 19:13:35,442 - INFO -               precision    recall  f1-score   support

           0       0.91      0.90      0.90        79
           1       0.96      0.71      0.82        70
           2       0.71      0.90      0.79        49
           3       0.35      0.55      0.43        11

    accuracy                           0.82       209
   macro avg       0.73      0.76      0.74       209
weighted avg       0.85      0.82      0.82       209

2025-09-28 19:13:35,442 - INFO - 
--- 娣锋穯鐭╅樀 (Confusion Matrix) ---
2025-09-28 19:13:38,093 - INFO - New best model saved with F1: 0.8248
2025-09-28 19:16:04,429 - INFO - Epoch 3, Loss: 0.45005262790862594
2025-09-28 19:16:04,429 - INFO - 
--- eval ---
2025-09-28 19:16:06,612 - INFO - 
--- 璇勪及鎸囨爣 ---
2025-09-28 19:16:06,612 - INFO - 鍑嗙‘鐜?(Accuracy)              : 85.17%
2025-09-28 19:16:06,612 - INFO - 鍔犳潈鏌ュ噯鐜?(Weighted Precision): 0.8474
2025-09-28 19:16:06,612 - INFO - 鍔犳潈鏌ュ叏鐜?(Weighted Recall)   : 0.8517
2025-09-28 19:16:06,612 - INFO - 鍔犳潈F1鍒嗘暟 (Weighted F1-score) : 0.8459
2025-09-28 19:16:06,612 - INFO - --- 鍒嗙被鎶ュ憡 (Classification Report) ---
2025-09-28 19:16:06,612 - INFO -               precision    recall  f1-score   support

           0       0.87      0.99      0.92        79
           1       0.92      0.79      0.85        70
           2       0.82      0.86      0.84        49
           3       0.38      0.27      0.32        11

    accuracy                           0.85       209
   macro avg       0.75      0.73      0.73       209
weighted avg       0.85      0.85      0.85       209

2025-09-28 19:16:06,612 - INFO - 
--- 娣锋穯鐭╅樀 (Confusion Matrix) ---
2025-09-28 19:16:09,258 - INFO - New best model saved with F1: 0.8459
2025-09-28 19:18:35,671 - INFO - Epoch 4, Loss: 0.4611752121496239
2025-09-28 19:18:35,671 - INFO - 
--- eval ---
2025-09-28 19:18:37,873 - INFO - 
--- 璇勪及鎸囨爣 ---
2025-09-28 19:18:37,873 - INFO - 鍑嗙‘鐜?(Accuracy)              : 84.21%
2025-09-28 19:18:37,873 - INFO - 鍔犳潈鏌ュ噯鐜?(Weighted Precision): 0.8065
2025-09-28 19:18:37,873 - INFO - 鍔犳潈鏌ュ叏鐜?(Weighted Recall)   : 0.8421
2025-09-28 19:18:37,873 - INFO - 鍔犳潈F1鍒嗘暟 (Weighted F1-score) : 0.8170
2025-09-28 19:18:37,873 - INFO - --- 鍒嗙被鎶ュ憡 (Classification Report) ---
2025-09-28 19:18:37,873 - INFO -               precision    recall  f1-score   support

           0       0.88      0.96      0.92        79
           1       0.77      0.94      0.85        70
           2       0.92      0.69      0.79        49
           3       0.00      0.00      0.00        11

    accuracy                           0.84       209
   macro avg       0.64      0.65      0.64       209
weighted avg       0.81      0.84      0.82       209

2025-09-28 19:18:37,873 - INFO - 
--- 娣锋穯鐭╅樀 (Confusion Matrix) ---
2025-09-28 19:18:40,535 - INFO - New best model saved with F1: 0.8170
2025-09-28 19:21:06,871 - INFO - Epoch 5, Loss: 0.4196256341403533
2025-09-28 19:21:06,871 - INFO - 
--- eval ---
2025-09-28 19:21:09,053 - INFO - 
--- 璇勪及鎸囨爣 ---
2025-09-28 19:21:09,053 - INFO - 鍑嗙‘鐜?(Accuracy)              : 86.12%
2025-09-28 19:21:09,053 - INFO - 鍔犳潈鏌ュ噯鐜?(Weighted Precision): 0.8508
2025-09-28 19:21:09,053 - INFO - 鍔犳潈鏌ュ叏鐜?(Weighted Recall)   : 0.8612
2025-09-28 19:21:09,053 - INFO - 鍔犳潈F1鍒嗘暟 (Weighted F1-score) : 0.8521
2025-09-28 19:21:09,054 - INFO - --- 鍒嗙被鎶ュ憡 (Classification Report) ---
2025-09-28 19:21:09,054 - INFO -               precision    recall  f1-score   support

           0       0.93      0.94      0.93        79
           1       0.83      0.96      0.89        70
           2       0.88      0.76      0.81        49
           3       0.33      0.18      0.24        11

    accuracy                           0.86       209
   macro avg       0.74      0.71      0.72       209
weighted avg       0.85      0.86      0.85       209

2025-09-28 19:21:09,054 - INFO - 
--- 娣锋穯鐭╅樀 (Confusion Matrix) ---
2025-09-28 19:21:11,875 - INFO - New best model saved with F1: 0.8521
2025-09-28 19:23:38,136 - INFO - Epoch 6, Loss: 0.41336175973003647
2025-09-28 19:23:38,136 - INFO - 
--- eval ---
2025-09-28 19:23:40,303 - INFO - 
--- 璇勪及鎸囨爣 ---
2025-09-28 19:23:40,303 - INFO - 鍑嗙‘鐜?(Accuracy)              : 85.65%
2025-09-28 19:23:40,304 - INFO - 鍔犳潈鏌ュ噯鐜?(Weighted Precision): 0.8547
2025-09-28 19:23:40,304 - INFO - 鍔犳潈鏌ュ叏鐜?(Weighted Recall)   : 0.8565
2025-09-28 19:23:40,304 - INFO - 鍔犳潈F1鍒嗘暟 (Weighted F1-score) : 0.8544
2025-09-28 19:23:40,304 - INFO - --- 鍒嗙被鎶ュ憡 (Classification Report) ---
2025-09-28 19:23:40,304 - INFO -               precision    recall  f1-score   support

           0       0.92      0.90      0.91        79
           1       0.86      0.94      0.90        70
           2       0.82      0.76      0.79        49
           3       0.50      0.45      0.48        11

    accuracy                           0.86       209
   macro avg       0.78      0.76      0.77       209
weighted avg       0.85      0.86      0.85       209

2025-09-28 19:23:40,304 - INFO - 
--- 娣锋穯鐭╅樀 (Confusion Matrix) ---
2025-09-28 19:23:43,045 - INFO - New best model saved with F1: 0.8544
2025-09-28 19:26:09,076 - INFO - Epoch 7, Loss: 0.4172759980383311
2025-09-28 19:26:09,076 - INFO - 
--- eval ---
2025-09-28 19:26:11,258 - INFO - 
--- 璇勪及鎸囨爣 ---
2025-09-28 19:26:11,259 - INFO - 鍑嗙‘鐜?(Accuracy)              : 81.34%
2025-09-28 19:26:11,259 - INFO - 鍔犳潈鏌ュ噯鐜?(Weighted Precision): 0.8446
2025-09-28 19:26:11,259 - INFO - 鍔犳潈鏌ュ叏鐜?(Weighted Recall)   : 0.8134
2025-09-28 19:26:11,259 - INFO - 鍔犳潈F1鍒嗘暟 (Weighted F1-score) : 0.8233
2025-09-28 19:26:11,259 - INFO - --- 鍒嗙被鎶ュ憡 (Classification Report) ---
2025-09-28 19:26:11,259 - INFO -               precision    recall  f1-score   support

           0       0.92      0.86      0.89        79
           1       0.90      0.79      0.84        70
           2       0.75      0.78      0.76        49
           3       0.39      0.82      0.53        11

    accuracy                           0.81       209
   macro avg       0.74      0.81      0.75       209
weighted avg       0.84      0.81      0.82       209

2025-09-28 19:26:11,259 - INFO - 
--- 娣锋穯鐭╅樀 (Confusion Matrix) ---
2025-09-28 19:26:14,047 - INFO - New best model saved with F1: 0.8233
2025-09-28 19:28:40,269 - INFO - Epoch 8, Loss: 0.392506827114856
2025-09-28 19:28:40,269 - INFO - 
--- eval ---
2025-09-28 19:28:42,457 - INFO - 
--- 璇勪及鎸囨爣 ---
2025-09-28 19:28:42,457 - INFO - 鍑嗙‘鐜?(Accuracy)              : 86.60%
2025-09-28 19:28:42,458 - INFO - 鍔犳潈鏌ュ噯鐜?(Weighted Precision): 0.8658
2025-09-28 19:28:42,458 - INFO - 鍔犳潈鏌ュ叏鐜?(Weighted Recall)   : 0.8660
2025-09-28 19:28:42,458 - INFO - 鍔犳潈F1鍒嗘暟 (Weighted F1-score) : 0.8646
2025-09-28 19:28:42,458 - INFO - --- 鍒嗙被鎶ュ憡 (Classification Report) ---
2025-09-28 19:28:42,458 - INFO -               precision    recall  f1-score   support

           0       0.92      0.92      0.92        79
           1       0.87      0.94      0.90        70
           2       0.86      0.76      0.80        49
           3       0.45      0.45      0.45        11

    accuracy                           0.87       209
   macro avg       0.78      0.77      0.77       209
weighted avg       0.87      0.87      0.86       209

2025-09-28 19:28:42,458 - INFO - 
--- 娣锋穯鐭╅樀 (Confusion Matrix) ---
2025-09-28 19:28:45,155 - INFO - New best model saved with F1: 0.8646
2025-09-28 19:31:11,048 - INFO - Epoch 9, Loss: 0.37737685157552214
2025-09-28 19:31:11,048 - INFO - 
--- eval ---
2025-09-28 19:31:13,224 - INFO - 
--- 璇勪及鎸囨爣 ---
2025-09-28 19:31:13,224 - INFO - 鍑嗙‘鐜?(Accuracy)              : 85.65%
2025-09-28 19:31:13,224 - INFO - 鍔犳潈鏌ュ噯鐜?(Weighted Precision): 0.8617
2025-09-28 19:31:13,224 - INFO - 鍔犳潈鏌ュ叏鐜?(Weighted Recall)   : 0.8565
2025-09-28 19:31:13,224 - INFO - 鍔犳潈F1鍒嗘暟 (Weighted F1-score) : 0.8581
2025-09-28 19:31:13,224 - INFO - --- 鍒嗙被鎶ュ憡 (Classification Report) ---
2025-09-28 19:31:13,224 - INFO -               precision    recall  f1-score   support

           0       0.91      0.94      0.93        79
           1       0.89      0.89      0.89        70
           2       0.84      0.76      0.80        49
           3       0.43      0.55      0.48        11

    accuracy                           0.86       209
   macro avg       0.77      0.78      0.77       209
weighted avg       0.86      0.86      0.86       209

2025-09-28 19:31:13,224 - INFO - 
--- 娣锋穯鐭╅樀 (Confusion Matrix) ---
2025-09-28 19:31:15,854 - INFO - New best model saved with F1: 0.8581
2025-09-28 19:33:40,982 - INFO - Epoch 10, Loss: 0.3591049970918962
2025-09-28 19:33:40,982 - INFO - 
--- eval ---
2025-09-28 19:33:43,169 - INFO - 
--- 璇勪及鎸囨爣 ---
2025-09-28 19:33:43,170 - INFO - 鍑嗙‘鐜?(Accuracy)              : 86.12%
2025-09-28 19:33:43,170 - INFO - 鍔犳潈鏌ュ噯鐜?(Weighted Precision): 0.8617
2025-09-28 19:33:43,170 - INFO - 鍔犳潈鏌ュ叏鐜?(Weighted Recall)   : 0.8612
2025-09-28 19:33:43,170 - INFO - 鍔犳潈F1鍒嗘暟 (Weighted F1-score) : 0.8614
2025-09-28 19:33:43,170 - INFO - --- 鍒嗙被鎶ュ憡 (Classification Report) ---
2025-09-28 19:33:43,170 - INFO -               precision    recall  f1-score   support

           0       0.92      0.92      0.92        79
           1       0.90      0.89      0.89        70
           2       0.80      0.82      0.81        49
           3       0.45      0.45      0.45        11

    accuracy                           0.86       209
   macro avg       0.77      0.77      0.77       209
weighted avg       0.86      0.86      0.86       209

2025-09-28 19:33:43,170 - INFO - 
--- 娣锋穯鐭╅樀 (Confusion Matrix) ---
2025-09-28 19:33:45,824 - INFO - New best model saved with F1: 0.8614
2025-09-28 19:33:45,825 - INFO - 
--- testing ---
2025-09-28 19:34:05,440 - INFO - 
--- 璇勪及鎸囨爣 ---
2025-09-28 19:34:05,440 - INFO - 鍑嗙‘鐜?(Accuracy)              : 88.82%
2025-09-28 19:34:05,440 - INFO - 鍔犳潈鏌ュ噯鐜?(Weighted Precision): 0.8866
2025-09-28 19:34:05,440 - INFO - 鍔犳潈鏌ュ叏鐜?(Weighted Recall)   : 0.8882
2025-09-28 19:34:05,440 - INFO - 鍔犳潈F1鍒嗘暟 (Weighted F1-score) : 0.8860
2025-09-28 19:34:05,440 - INFO - --- 鍒嗙被鎶ュ憡 (Classification Report) ---
2025-09-28 19:34:05,440 - INFO -               precision    recall  f1-score   support

           0       0.92      0.90      0.91       682
           1       0.87      0.93      0.90       610
           2       0.89      0.89      0.89       466
           3       0.76      0.57      0.65       129

    accuracy                           0.89      1887
   macro avg       0.86      0.82      0.84      1887
weighted avg       0.89      0.89      0.89      1887

2025-09-28 19:34:05,440 - INFO - 
--- 娣锋穯鐭╅樀 (Confusion Matrix) ---
2025-09-28 19:34:05,442 - INFO - -----------------  3  -----------------
2025-09-28 19:36:35,892 - INFO - Epoch 1, Loss: 0.597642769397912
2025-09-28 19:36:35,892 - INFO - 
--- eval ---
2025-09-28 19:36:38,093 - INFO - 
--- 璇勪及鎸囨爣 ---
2025-09-28 19:36:38,093 - INFO - 鍑嗙‘鐜?(Accuracy)              : 75.60%
2025-09-28 19:36:38,093 - INFO - 鍔犳潈鏌ュ噯鐜?(Weighted Precision): 0.8097
2025-09-28 19:36:38,093 - INFO - 鍔犳潈鏌ュ叏鐜?(Weighted Recall)   : 0.7560
2025-09-28 19:36:38,093 - INFO - 鍔犳潈F1鍒嗘暟 (Weighted F1-score) : 0.7704
2025-09-28 19:36:38,093 - INFO - --- 鍒嗙被鎶ュ憡 (Classification Report) ---
2025-09-28 19:36:38,094 - INFO -               precision    recall  f1-score   support

           0       0.91      0.78      0.84        79
           1       0.79      0.89      0.84        70
           2       0.79      0.55      0.65        49
           3       0.24      0.64      0.35        11

    accuracy                           0.76       209
   macro avg       0.69      0.71      0.67       209
weighted avg       0.81      0.76      0.77       209

2025-09-28 19:36:38,094 - INFO - 
--- 娣锋穯鐭╅樀 (Confusion Matrix) ---
2025-09-28 19:36:40,844 - INFO - New best model saved with F1: 0.7704
2025-09-28 19:39:07,128 - INFO - Epoch 2, Loss: 0.4567465993265311
2025-09-28 19:39:07,128 - INFO - 
--- eval ---
2025-09-28 19:39:09,306 - INFO - 
--- 璇勪及鎸囨爣 ---
2025-09-28 19:39:09,306 - INFO - 鍑嗙‘鐜?(Accuracy)              : 81.82%
2025-09-28 19:39:09,306 - INFO - 鍔犳潈鏌ュ噯鐜?(Weighted Precision): 0.8260
2025-09-28 19:39:09,306 - INFO - 鍔犳潈鏌ュ叏鐜?(Weighted Recall)   : 0.8182
2025-09-28 19:39:09,306 - INFO - 鍔犳潈F1鍒嗘暟 (Weighted F1-score) : 0.8037
2025-09-28 19:39:09,306 - INFO - --- 鍒嗙被鎶ュ憡 (Classification Report) ---
2025-09-28 19:39:09,307 - INFO -               precision    recall  f1-score   support

           0       0.77      0.99      0.87        79
           1       0.83      0.84      0.84        70
           2       0.94      0.65      0.77        49
           3       0.67      0.18      0.29        11

    accuracy                           0.82       209
   macro avg       0.80      0.67      0.69       209
weighted avg       0.83      0.82      0.80       209

2025-09-28 19:39:09,307 - INFO - 
--- 娣锋穯鐭╅樀 (Confusion Matrix) ---
2025-09-28 19:39:11,932 - INFO - New best model saved with F1: 0.8037
2025-09-28 19:41:37,853 - INFO - Epoch 3, Loss: 0.48380690372055946
2025-09-28 19:41:37,853 - INFO - 
--- eval ---
2025-09-28 19:41:40,077 - INFO - 
--- 璇勪及鎸囨爣 ---
2025-09-28 19:41:40,077 - INFO - 鍑嗙‘鐜?(Accuracy)              : 81.82%
2025-09-28 19:41:40,077 - INFO - 鍔犳潈鏌ュ噯鐜?(Weighted Precision): 0.8586
2025-09-28 19:41:40,077 - INFO - 鍔犳潈鏌ュ叏鐜?(Weighted Recall)   : 0.8182
2025-09-28 19:41:40,077 - INFO - 鍔犳潈F1鍒嗘暟 (Weighted F1-score) : 0.8325
2025-09-28 19:41:40,077 - INFO - --- 鍒嗙被鎶ュ憡 (Classification Report) ---
2025-09-28 19:41:40,077 - INFO -               precision    recall  f1-score   support

           0       0.93      0.87      0.90        79
           1       0.92      0.80      0.85        70
           2       0.78      0.78      0.78        49
           3       0.32      0.73      0.44        11

    accuracy                           0.82       209
   macro avg       0.74      0.79      0.74       209
weighted avg       0.86      0.82      0.83       209

2025-09-28 19:41:40,077 - INFO - 
--- 娣锋穯鐭╅樀 (Confusion Matrix) ---
2025-09-28 19:41:42,780 - INFO - New best model saved with F1: 0.8325
2025-09-28 19:44:08,854 - INFO - Epoch 4, Loss: 0.45325232294747253
2025-09-28 19:44:08,854 - INFO - 
--- eval ---
2025-09-28 19:44:11,027 - INFO - 
--- 璇勪及鎸囨爣 ---
2025-09-28 19:44:11,027 - INFO - 鍑嗙‘鐜?(Accuracy)              : 83.73%
2025-09-28 19:44:11,027 - INFO - 鍔犳潈鏌ュ噯鐜?(Weighted Precision): 0.8385
2025-09-28 19:44:11,027 - INFO - 鍔犳潈鏌ュ叏鐜?(Weighted Recall)   : 0.8373
2025-09-28 19:44:11,027 - INFO - 鍔犳潈F1鍒嗘暟 (Weighted F1-score) : 0.8366
2025-09-28 19:44:11,027 - INFO - --- 鍒嗙被鎶ュ憡 (Classification Report) ---
2025-09-28 19:44:11,027 - INFO -               precision    recall  f1-score   support

           0       0.91      0.90      0.90        79
           1       0.89      0.84      0.87        70
           2       0.73      0.84      0.78        49
           3       0.44      0.36      0.40        11

    accuracy                           0.84       209
   macro avg       0.75      0.74      0.74       209
weighted avg       0.84      0.84      0.84       209

2025-09-28 19:44:11,027 - INFO - 
--- 娣锋穯鐭╅樀 (Confusion Matrix) ---
2025-09-28 19:44:13,753 - INFO - New best model saved with F1: 0.8366
2025-09-28 19:46:40,732 - INFO - Epoch 5, Loss: 0.4247473427048866
2025-09-28 19:46:40,732 - INFO - 
--- eval ---
2025-09-28 19:46:42,912 - INFO - 
--- 璇勪及鎸囨爣 ---
2025-09-28 19:46:42,912 - INFO - 鍑嗙‘鐜?(Accuracy)              : 80.38%
2025-09-28 19:46:42,912 - INFO - 鍔犳潈鏌ュ噯鐜?(Weighted Precision): 0.8095
2025-09-28 19:46:42,912 - INFO - 鍔犳潈鏌ュ叏鐜?(Weighted Recall)   : 0.8038
2025-09-28 19:46:42,912 - INFO - 鍔犳潈F1鍒嗘暟 (Weighted F1-score) : 0.7998
2025-09-28 19:46:42,912 - INFO - --- 鍒嗙被鎶ュ憡 (Classification Report) ---
2025-09-28 19:46:42,912 - INFO -               precision    recall  f1-score   support

           0       0.91      0.76      0.83        79
           1       0.76      0.96      0.85        70
           2       0.79      0.76      0.77        49
           3       0.50      0.36      0.42        11

    accuracy                           0.80       209
   macro avg       0.74      0.71      0.72       209
weighted avg       0.81      0.80      0.80       209

2025-09-28 19:46:42,913 - INFO - 
--- 娣锋穯鐭╅樀 (Confusion Matrix) ---
2025-09-28 19:46:45,661 - INFO - New best model saved with F1: 0.7998
2025-09-28 19:49:11,809 - INFO - Epoch 6, Loss: 0.41886638656252495
2025-09-28 19:49:11,809 - INFO - 
--- eval ---
2025-09-28 19:49:13,983 - INFO - 
--- 璇勪及鎸囨爣 ---
2025-09-28 19:49:13,983 - INFO - 鍑嗙‘鐜?(Accuracy)              : 85.65%
2025-09-28 19:49:13,983 - INFO - 鍔犳潈鏌ュ噯鐜?(Weighted Precision): 0.8546
2025-09-28 19:49:13,983 - INFO - 鍔犳潈鏌ュ叏鐜?(Weighted Recall)   : 0.8565
2025-09-28 19:49:13,983 - INFO - 鍔犳潈F1鍒嗘暟 (Weighted F1-score) : 0.8419
2025-09-28 19:49:13,983 - INFO - --- 鍒嗙被鎶ュ憡 (Classification Report) ---
2025-09-28 19:49:13,983 - INFO -               precision    recall  f1-score   support

           0       0.89      0.97      0.93        79
           1       0.80      0.94      0.87        70
           2       0.92      0.69      0.79        49
           3       0.67      0.18      0.29        11

    accuracy                           0.86       209
   macro avg       0.82      0.70      0.72       209
weighted avg       0.85      0.86      0.84       209

2025-09-28 19:49:13,983 - INFO - 
--- 娣锋穯鐭╅樀 (Confusion Matrix) ---
2025-09-28 19:49:16,690 - INFO - New best model saved with F1: 0.8419
2025-09-28 19:51:42,995 - INFO - Epoch 7, Loss: 0.4147873397313935
2025-09-28 19:51:42,995 - INFO - 
--- eval ---
2025-09-28 19:51:45,175 - INFO - 
--- 璇勪及鎸囨爣 ---
2025-09-28 19:51:45,175 - INFO - 鍑嗙‘鐜?(Accuracy)              : 82.30%
2025-09-28 19:51:45,175 - INFO - 鍔犳潈鏌ュ噯鐜?(Weighted Precision): 0.8130
2025-09-28 19:51:45,175 - INFO - 鍔犳潈鏌ュ叏鐜?(Weighted Recall)   : 0.8230
2025-09-28 19:51:45,175 - INFO - 鍔犳潈F1鍒嗘暟 (Weighted F1-score) : 0.8088
2025-09-28 19:51:45,175 - INFO - --- 鍒嗙被鎶ュ憡 (Classification Report) ---
2025-09-28 19:51:45,175 - INFO -               precision    recall  f1-score   support

           0       0.78      1.00      0.88        79
           1       0.92      0.79      0.85        70
           2       0.84      0.76      0.80        49
           3       0.25      0.09      0.13        11

    accuracy                           0.82       209
   macro avg       0.70      0.66      0.66       209
weighted avg       0.81      0.82      0.81       209

2025-09-28 19:51:45,175 - INFO - 
--- 娣锋穯鐭╅樀 (Confusion Matrix) ---
2025-09-28 19:51:47,892 - INFO - New best model saved with F1: 0.8088
2025-09-28 19:54:13,175 - INFO - Epoch 8, Loss: 0.39555726113753525
2025-09-28 19:54:13,175 - INFO - 
--- eval ---
2025-09-28 19:54:15,351 - INFO - 
--- 璇勪及鎸囨爣 ---
2025-09-28 19:54:15,351 - INFO - 鍑嗙‘鐜?(Accuracy)              : 85.65%
2025-09-28 19:54:15,351 - INFO - 鍔犳潈鏌ュ噯鐜?(Weighted Precision): 0.8559
2025-09-28 19:54:15,351 - INFO - 鍔犳潈鏌ュ叏鐜?(Weighted Recall)   : 0.8565
2025-09-28 19:54:15,351 - INFO - 鍔犳潈F1鍒嗘暟 (Weighted F1-score) : 0.8560
2025-09-28 19:54:15,351 - INFO - --- 鍒嗙被鎶ュ憡 (Classification Report) ---
2025-09-28 19:54:15,351 - INFO -               precision    recall  f1-score   support

           0       0.92      0.90      0.91        79
           1       0.89      0.90      0.89        70
           2       0.78      0.82      0.80        49
           3       0.50      0.45      0.48        11

    accuracy                           0.86       209
   macro avg       0.77      0.77      0.77       209
weighted avg       0.86      0.86      0.86       209

2025-09-28 19:54:15,351 - INFO - 
--- 娣锋穯鐭╅樀 (Confusion Matrix) ---
2025-09-28 19:54:18,069 - INFO - New best model saved with F1: 0.8560
2025-09-28 19:56:43,092 - INFO - Epoch 9, Loss: 0.38433988475745995
2025-09-28 19:56:43,092 - INFO - 
--- eval ---
2025-09-28 19:56:45,277 - INFO - 
--- 璇勪及鎸囨爣 ---
2025-09-28 19:56:45,277 - INFO - 鍑嗙‘鐜?(Accuracy)              : 85.65%
2025-09-28 19:56:45,277 - INFO - 鍔犳潈鏌ュ噯鐜?(Weighted Precision): 0.8615
2025-09-28 19:56:45,277 - INFO - 鍔犳潈鏌ュ叏鐜?(Weighted Recall)   : 0.8565
2025-09-28 19:56:45,277 - INFO - 鍔犳潈F1鍒嗘暟 (Weighted F1-score) : 0.8577
2025-09-28 19:56:45,278 - INFO - --- 鍒嗙被鎶ュ憡 (Classification Report) ---
2025-09-28 19:56:45,278 - INFO -               precision    recall  f1-score   support

           0       0.91      0.92      0.92        79
           1       0.89      0.91      0.90        70
           2       0.84      0.73      0.78        49
           3       0.43      0.55      0.48        11

    accuracy                           0.86       209
   macro avg       0.77      0.78      0.77       209
weighted avg       0.86      0.86      0.86       209

2025-09-28 19:56:45,278 - INFO - 
--- 娣锋穯鐭╅樀 (Confusion Matrix) ---
2025-09-28 19:56:48,072 - INFO - New best model saved with F1: 0.8577
2025-09-28 19:59:13,117 - INFO - Epoch 10, Loss: 0.3537790693747476
2025-09-28 19:59:13,118 - INFO - 
--- eval ---
2025-09-28 19:59:15,289 - INFO - 
--- 璇勪及鎸囨爣 ---
2025-09-28 19:59:15,289 - INFO - 鍑嗙‘鐜?(Accuracy)              : 85.65%
2025-09-28 19:59:15,289 - INFO - 鍔犳潈鏌ュ噯鐜?(Weighted Precision): 0.8529
2025-09-28 19:59:15,289 - INFO - 鍔犳潈鏌ュ叏鐜?(Weighted Recall)   : 0.8565
2025-09-28 19:59:15,289 - INFO - 鍔犳潈F1鍒嗘暟 (Weighted F1-score) : 0.8544
2025-09-28 19:59:15,289 - INFO - --- 鍒嗙被鎶ュ憡 (Classification Report) ---
2025-09-28 19:59:15,289 - INFO -               precision    recall  f1-score   support

           0       0.92      0.91      0.92        79
           1       0.88      0.90      0.89        70
           2       0.80      0.82      0.81        49
           3       0.44      0.36      0.40        11

    accuracy                           0.86       209
   macro avg       0.76      0.75      0.75       209
weighted avg       0.85      0.86      0.85       209

2025-09-28 19:59:15,289 - INFO - 
--- 娣锋穯鐭╅樀 (Confusion Matrix) ---
2025-09-28 19:59:17,943 - INFO - New best model saved with F1: 0.8544
2025-09-28 19:59:17,944 - INFO - 
--- testing ---
2025-09-28 19:59:37,498 - INFO - 
--- 璇勪及鎸囨爣 ---
2025-09-28 19:59:37,498 - INFO - 鍑嗙‘鐜?(Accuracy)              : 88.08%
2025-09-28 19:59:37,498 - INFO - 鍔犳潈鏌ュ噯鐜?(Weighted Precision): 0.8797
2025-09-28 19:59:37,498 - INFO - 鍔犳潈鏌ュ叏鐜?(Weighted Recall)   : 0.8808
2025-09-28 19:59:37,499 - INFO - 鍔犳潈F1鍒嗘暟 (Weighted F1-score) : 0.8765
2025-09-28 19:59:37,499 - INFO - --- 鍒嗙被鎶ュ憡 (Classification Report) ---
2025-09-28 19:59:37,499 - INFO -               precision    recall  f1-score   support

           0       0.92      0.90      0.91       682
           1       0.85      0.95      0.89       610
           2       0.89      0.88      0.89       466
           3       0.78      0.47      0.58       129

    accuracy                           0.88      1887
   macro avg       0.86      0.80      0.82      1887
weighted avg       0.88      0.88      0.88      1887

2025-09-28 19:59:37,499 - INFO - 
--- 娣锋穯鐭╅樀 (Confusion Matrix) ---
2025-09-28 19:59:37,500 - INFO - -----------------  4  -----------------
2025-09-28 20:02:09,133 - INFO - Epoch 1, Loss: 0.6629959929588378
2025-09-28 20:02:09,134 - INFO - 
--- eval ---
2025-09-28 20:02:11,315 - INFO - 
--- 璇勪及鎸囨爣 ---
2025-09-28 20:02:11,315 - INFO - 鍑嗙‘鐜?(Accuracy)              : 78.47%
2025-09-28 20:02:11,315 - INFO - 鍔犳潈鏌ュ噯鐜?(Weighted Precision): 0.8167
2025-09-28 20:02:11,315 - INFO - 鍔犳潈鏌ュ叏鐜?(Weighted Recall)   : 0.7847
2025-09-28 20:02:11,315 - INFO - 鍔犳潈F1鍒嗘暟 (Weighted F1-score) : 0.7914
2025-09-28 20:02:11,315 - INFO - --- 鍒嗙被鎶ュ憡 (Classification Report) ---
2025-09-28 20:02:11,315 - INFO -               precision    recall  f1-score   support

           0       0.92      0.72      0.81        79
           1       0.89      0.84      0.87        70
           2       0.61      0.84      0.71        49
           3       0.50      0.64      0.56        11

    accuracy                           0.78       209
   macro avg       0.73      0.76      0.74       209
weighted avg       0.82      0.78      0.79       209

2025-09-28 20:02:11,315 - INFO - 
--- 娣锋穯鐭╅樀 (Confusion Matrix) ---
2025-09-28 20:02:14,001 - INFO - New best model saved with F1: 0.7914
2025-09-28 20:04:40,363 - INFO - Epoch 2, Loss: 0.463016055670439
2025-09-28 20:04:40,363 - INFO - 
--- eval ---
2025-09-28 20:04:42,530 - INFO - 
--- 璇勪及鎸囨爣 ---
2025-09-28 20:04:42,531 - INFO - 鍑嗙‘鐜?(Accuracy)              : 78.47%
2025-09-28 20:04:42,531 - INFO - 鍔犳潈鏌ュ噯鐜?(Weighted Precision): 0.8022
2025-09-28 20:04:42,531 - INFO - 鍔犳潈鏌ュ叏鐜?(Weighted Recall)   : 0.7847
2025-09-28 20:04:42,531 - INFO - 鍔犳潈F1鍒嗘暟 (Weighted F1-score) : 0.7876
2025-09-28 20:04:42,531 - INFO - --- 鍒嗙被鎶ュ憡 (Classification Report) ---
2025-09-28 20:04:42,531 - INFO -               precision    recall  f1-score   support

           0       0.92      0.75      0.83        79
           1       0.76      0.90      0.82        70
           2       0.77      0.76      0.76        49
           3       0.36      0.45      0.40        11

    accuracy                           0.78       209
   macro avg       0.70      0.71      0.70       209
weighted avg       0.80      0.78      0.79       209

2025-09-28 20:04:42,531 - INFO - 
--- 娣锋穯鐭╅樀 (Confusion Matrix) ---
2025-09-28 20:04:45,184 - INFO - New best model saved with F1: 0.7876
2025-09-28 20:07:11,189 - INFO - Epoch 3, Loss: 0.44412921213550993
2025-09-28 20:07:11,189 - INFO - 
--- eval ---
2025-09-28 20:07:13,366 - INFO - 
--- 璇勪及鎸囨爣 ---
2025-09-28 20:07:13,366 - INFO - 鍑嗙‘鐜?(Accuracy)              : 81.34%
2025-09-28 20:07:13,366 - INFO - 鍔犳潈鏌ュ噯鐜?(Weighted Precision): 0.8177
2025-09-28 20:07:13,366 - INFO - 鍔犳潈鏌ュ叏鐜?(Weighted Recall)   : 0.8134
2025-09-28 20:07:13,366 - INFO - 鍔犳潈F1鍒嗘暟 (Weighted F1-score) : 0.7966
2025-09-28 20:07:13,366 - INFO - --- 鍒嗙被鎶ュ憡 (Classification Report) ---
2025-09-28 20:07:13,366 - INFO -               precision    recall  f1-score   support

           0       0.74      1.00      0.85        79
           1       0.90      0.80      0.85        70
           2       0.89      0.69      0.78        49
           3       0.50      0.09      0.15        11

    accuracy                           0.81       209
   macro avg       0.76      0.65      0.66       209
weighted avg       0.82      0.81      0.80       209

2025-09-28 20:07:13,366 - INFO - 
--- 娣锋穯鐭╅樀 (Confusion Matrix) ---
2025-09-28 20:07:16,290 - INFO - New best model saved with F1: 0.7966
2025-09-28 20:09:41,975 - INFO - Epoch 4, Loss: 0.44849027082890125
2025-09-28 20:09:41,975 - INFO - 
--- eval ---
2025-09-28 20:09:44,162 - INFO - 
--- 璇勪及鎸囨爣 ---
2025-09-28 20:09:44,162 - INFO - 鍑嗙‘鐜?(Accuracy)              : 83.73%
2025-09-28 20:09:44,162 - INFO - 鍔犳潈鏌ュ噯鐜?(Weighted Precision): 0.8382
2025-09-28 20:09:44,162 - INFO - 鍔犳潈鏌ュ叏鐜?(Weighted Recall)   : 0.8373
2025-09-28 20:09:44,162 - INFO - 鍔犳潈F1鍒嗘暟 (Weighted F1-score) : 0.8304
2025-09-28 20:09:44,162 - INFO - --- 鍒嗙被鎶ュ憡 (Classification Report) ---
2025-09-28 20:09:44,162 - INFO -               precision    recall  f1-score   support

           0       0.82      0.99      0.90        79
           1       0.88      0.87      0.88        70
           2       0.89      0.65      0.75        49
           3       0.44      0.36      0.40        11

    accuracy                           0.84       209
   macro avg       0.76      0.72      0.73       209
weighted avg       0.84      0.84      0.83       209

2025-09-28 20:09:44,162 - INFO - 
--- 娣锋穯鐭╅樀 (Confusion Matrix) ---
2025-09-28 20:09:47,785 - INFO - New best model saved with F1: 0.8304
2025-09-28 20:12:13,632 - INFO - Epoch 5, Loss: 0.42665592693340254
2025-09-28 20:12:13,633 - INFO - 
--- eval ---
2025-09-28 20:12:15,806 - INFO - 
--- 璇勪及鎸囨爣 ---
2025-09-28 20:12:15,806 - INFO - 鍑嗙‘鐜?(Accuracy)              : 82.78%
2025-09-28 20:12:15,806 - INFO - 鍔犳潈鏌ュ噯鐜?(Weighted Precision): 0.8497
2025-09-28 20:12:15,806 - INFO - 鍔犳潈鏌ュ叏鐜?(Weighted Recall)   : 0.8278
2025-09-28 20:12:15,806 - INFO - 鍔犳潈F1鍒嗘暟 (Weighted F1-score) : 0.8352
2025-09-28 20:12:15,806 - INFO - --- 鍒嗙被鎶ュ憡 (Classification Report) ---
2025-09-28 20:12:15,806 - INFO -               precision    recall  f1-score   support

           0       0.93      0.85      0.89        79
           1       0.89      0.83      0.86        70
           2       0.75      0.82      0.78        49
           3       0.42      0.73      0.53        11

    accuracy                           0.83       209
   macro avg       0.75      0.81      0.77       209
weighted avg       0.85      0.83      0.84       209

2025-09-28 20:12:15,806 - INFO - 
--- 娣锋穯鐭╅樀 (Confusion Matrix) ---
2025-09-28 20:12:19,141 - INFO - New best model saved with F1: 0.8352
2025-09-28 20:14:44,961 - INFO - Epoch 6, Loss: 0.4125515579312942
2025-09-28 20:14:44,961 - INFO - 
--- eval ---
2025-09-28 20:14:47,123 - INFO - 
--- 璇勪及鎸囨爣 ---
2025-09-28 20:14:47,123 - INFO - 鍑嗙‘鐜?(Accuracy)              : 84.21%
2025-09-28 20:14:47,123 - INFO - 鍔犳潈鏌ュ噯鐜?(Weighted Precision): 0.8442
2025-09-28 20:14:47,123 - INFO - 鍔犳潈鏌ュ叏鐜?(Weighted Recall)   : 0.8421
2025-09-28 20:14:47,123 - INFO - 鍔犳潈F1鍒嗘暟 (Weighted F1-score) : 0.8416
2025-09-28 20:14:47,123 - INFO - --- 鍒嗙被鎶ュ憡 (Classification Report) ---
2025-09-28 20:14:47,123 - INFO -               precision    recall  f1-score   support

           0       0.93      0.90      0.92        79
           1       0.88      0.84      0.86        70
           2       0.74      0.86      0.79        49
           3       0.44      0.36      0.40        11

    accuracy                           0.84       209
   macro avg       0.75      0.74      0.74       209
weighted avg       0.84      0.84      0.84       209

2025-09-28 20:14:47,123 - INFO - 
--- 娣锋穯鐭╅樀 (Confusion Matrix) ---
2025-09-28 20:14:51,404 - INFO - New best model saved with F1: 0.8416
2025-09-28 20:17:17,329 - INFO - Epoch 7, Loss: 0.3900630479447203
2025-09-28 20:17:17,330 - INFO - 
--- eval ---
2025-09-28 20:17:19,496 - INFO - 
--- 璇勪及鎸囨爣 ---
2025-09-28 20:17:19,496 - INFO - 鍑嗙‘鐜?(Accuracy)              : 85.65%
2025-09-28 20:17:19,496 - INFO - 鍔犳潈鏌ュ噯鐜?(Weighted Precision): 0.8497
2025-09-28 20:17:19,496 - INFO - 鍔犳潈鏌ュ叏鐜?(Weighted Recall)   : 0.8565
2025-09-28 20:17:19,496 - INFO - 鍔犳潈F1鍒嗘暟 (Weighted F1-score) : 0.8484
2025-09-28 20:17:19,496 - INFO - --- 鍒嗙被鎶ュ憡 (Classification Report) ---
2025-09-28 20:17:19,496 - INFO -               precision    recall  f1-score   support

           0       0.86      0.96      0.91        79
           1       0.87      0.93      0.90        70
           2       0.90      0.71      0.80        49
           3       0.43      0.27      0.33        11

    accuracy                           0.86       209
   macro avg       0.76      0.72      0.73       209
weighted avg       0.85      0.86      0.85       209

2025-09-28 20:17:19,496 - INFO - 
--- 娣锋穯鐭╅樀 (Confusion Matrix) ---
2025-09-28 20:17:22,134 - INFO - New best model saved with F1: 0.8484
2025-09-28 20:19:48,179 - INFO - Epoch 8, Loss: 0.38523578200964076
2025-09-28 20:19:48,179 - INFO - 
--- eval ---
2025-09-28 20:19:50,341 - INFO - 
--- 璇勪及鎸囨爣 ---
2025-09-28 20:19:50,342 - INFO - 鍑嗙‘鐜?(Accuracy)              : 80.86%
2025-09-28 20:19:50,342 - INFO - 鍔犳潈鏌ュ噯鐜?(Weighted Precision): 0.8330
2025-09-28 20:19:50,342 - INFO - 鍔犳潈鏌ュ叏鐜?(Weighted Recall)   : 0.8086
2025-09-28 20:19:50,342 - INFO - 鍔犳潈F1鍒嗘暟 (Weighted F1-score) : 0.8182
2025-09-28 20:19:50,342 - INFO - --- 鍒嗙被鎶ュ憡 (Classification Report) ---
2025-09-28 20:19:50,342 - INFO -               precision    recall  f1-score   support

           0       0.92      0.86      0.89        79
           1       0.84      0.84      0.84        70
           2       0.80      0.73      0.77        49
           3       0.30      0.55      0.39        11

    accuracy                           0.81       209
   macro avg       0.72      0.75      0.72       209
weighted avg       0.83      0.81      0.82       209

2025-09-28 20:19:50,342 - INFO - 
--- 娣锋穯鐭╅樀 (Confusion Matrix) ---
2025-09-28 20:19:53,574 - INFO - New best model saved with F1: 0.8182
2025-09-28 20:22:18,911 - INFO - Epoch 9, Loss: 0.3668998865428947
2025-09-28 20:22:18,912 - INFO - 
--- eval ---
2025-09-28 20:22:21,083 - INFO - 
--- 璇勪及鎸囨爣 ---
2025-09-28 20:22:21,083 - INFO - 鍑嗙‘鐜?(Accuracy)              : 85.65%
2025-09-28 20:22:21,083 - INFO - 鍔犳潈鏌ュ噯鐜?(Weighted Precision): 0.8513
2025-09-28 20:22:21,083 - INFO - 鍔犳潈鏌ュ叏鐜?(Weighted Recall)   : 0.8565
2025-09-28 20:22:21,083 - INFO - 鍔犳潈F1鍒嗘暟 (Weighted F1-score) : 0.8530
2025-09-28 20:22:21,083 - INFO - --- 鍒嗙被鎶ュ憡 (Classification Report) ---
2025-09-28 20:22:21,083 - INFO -               precision    recall  f1-score   support

           0       0.91      0.92      0.92        79
           1       0.87      0.93      0.90        70
           2       0.82      0.76      0.79        49
           3       0.44      0.36      0.40        11

    accuracy                           0.86       209
   macro avg       0.76      0.74      0.75       209
weighted avg       0.85      0.86      0.85       209

2025-09-28 20:22:21,083 - INFO - 
--- 娣锋穯鐭╅樀 (Confusion Matrix) ---
2025-09-28 20:22:23,809 - INFO - New best model saved with F1: 0.8530
2025-09-28 20:24:49,271 - INFO - Epoch 10, Loss: 0.3606291502460022
2025-09-28 20:24:49,272 - INFO - 
--- eval ---
2025-09-28 20:24:51,435 - INFO - 
--- 璇勪及鎸囨爣 ---
2025-09-28 20:24:51,435 - INFO - 鍑嗙‘鐜?(Accuracy)              : 86.60%
2025-09-28 20:24:51,435 - INFO - 鍔犳潈鏌ュ噯鐜?(Weighted Precision): 0.8642
2025-09-28 20:24:51,435 - INFO - 鍔犳潈鏌ュ叏鐜?(Weighted Recall)   : 0.8660
2025-09-28 20:24:51,435 - INFO - 鍔犳潈F1鍒嗘暟 (Weighted F1-score) : 0.8650
2025-09-28 20:24:51,435 - INFO - --- 鍒嗙被鎶ュ憡 (Classification Report) ---
2025-09-28 20:24:51,435 - INFO -               precision    recall  f1-score   support

           0       0.92      0.92      0.92        79
           1       0.89      0.90      0.89        70
           2       0.82      0.82      0.82        49
           3       0.50      0.45      0.48        11

    accuracy                           0.87       209
   macro avg       0.78      0.77      0.78       209
weighted avg       0.86      0.87      0.87       209

2025-09-28 20:24:51,435 - INFO - 
--- 娣锋穯鐭╅樀 (Confusion Matrix) ---
2025-09-28 20:24:54,187 - INFO - New best model saved with F1: 0.8650
2025-09-28 20:24:54,188 - INFO - 
--- testing ---
2025-09-28 20:25:13,688 - INFO - 
--- 璇勪及鎸囨爣 ---
2025-09-28 20:25:13,689 - INFO - 鍑嗙‘鐜?(Accuracy)              : 88.50%
2025-09-28 20:25:13,689 - INFO - 鍔犳潈鏌ュ噯鐜?(Weighted Precision): 0.8824
2025-09-28 20:25:13,689 - INFO - 鍔犳潈鏌ュ叏鐜?(Weighted Recall)   : 0.8850
2025-09-28 20:25:13,689 - INFO - 鍔犳潈F1鍒嗘暟 (Weighted F1-score) : 0.8818
2025-09-28 20:25:13,689 - INFO - --- 鍒嗙被鎶ュ憡 (Classification Report) ---
2025-09-28 20:25:13,689 - INFO -               precision    recall  f1-score   support

           0       0.92      0.91      0.92       682
           1       0.87      0.94      0.90       610
           2       0.89      0.88      0.89       466
           3       0.73      0.50      0.60       129

    accuracy                           0.89      1887
   macro avg       0.85      0.81      0.82      1887
weighted avg       0.88      0.89      0.88      1887

2025-09-28 20:25:13,689 - INFO - 
--- 娣锋穯鐭╅樀 (Confusion Matrix) ---
2025-09-28 20:25:13,692 - INFO - 

==================== 瀹為獙鏈€缁堢粨鏋?(5娆¤繍琛? ====================

2025-09-28 20:25:13,692 - INFO - 妯″瀷瀹為檯鎬ц兘 (Mean 卤 Std Dev):
2025-09-28 20:25:13,692 - INFO - ----------------------------------------------------------------------
2025-09-28 20:25:13,692 - INFO -   - Accuracy             : 0.8891 卤 0.0069
2025-09-28 20:25:13,692 - INFO -   - Weighted Precision   : 0.8874 卤 0.0069
2025-09-28 20:25:13,692 - INFO -   - Weighted Recall      : 0.8891 卤 0.0069
2025-09-28 20:25:13,692 - INFO -   - Weighted F1-score    : 0.8866 卤 0.0078
2025-09-28 20:25:13,692 - INFO - ----------------------------------------------------------------------
2025-09-28 20:25:13,692 - INFO - 
============================================================

